#
# There is insufficient memory for the Java Runtime Environment to continue.
# Native memory allocation (mmap) failed to map 63963136 bytes for committing reserved memory.
# Possible reasons:
#   The system is out of physical RAM or swap space
#   In 32 bit mode, the process size limit was hit
# Possible solutions:
#   Reduce memory load on the system
#   Increase physical memory or swap space
#   Check if swap backing store is full
#   Use 64 bit Java on a 64 bit OS
#   Decrease Java heap size (-Xmx/-Xms)
#   Decrease number of Java threads
#   Decrease Java thread stack sizes (-Xss)
#   Set larger code cache with -XX:ReservedCodeCacheSize=
# This output file may be truncated or incomplete.
#
#  Out of Memory Error (os_linux.cpp:2627), pid=3988, tid=139793416578816
#
# JRE version: OpenJDK Runtime Environment (8.0_65-b17) (build 1.8.0_65-b17)
# Java VM: OpenJDK 64-Bit Server VM (25.65-b01 mixed mode linux-amd64 compressed oops)
# Failed to write core dump. Core dumps have been disabled. To enable core dumping, try "ulimit -c unlimited" before starting Java again
#

---------------  T H R E A D  ---------------

Current thread (0x00007f2440076000):  VMThread [stack: 0x00007f2430dfe000,0x00007f2430eff000] [id=4003]

Stack: [0x00007f2430dfe000,0x00007f2430eff000],  sp=0x00007f2430efd4d0,  free space=1021k
Native frames: (J=compiled Java code, j=interpreted, Vv=VM code, C=native code)
V  [libjvm.so+0xa57658]
V  [libjvm.so+0x4c252c]
V  [libjvm.so+0x8a8d80]
V  [libjvm.so+0x8a32ae]
V  [libjvm.so+0x91c98b]
V  [libjvm.so+0x90c04a]
V  [libjvm.so+0x90c253]
V  [libjvm.so+0x90cbb8]
V  [libjvm.so+0x912e7e]
V  [libjvm.so+0x91a80d]
V  [libjvm.so+0xa591f5]
V  [libjvm.so+0xa5e267]
V  [libjvm.so+0xa5baac]
V  [libjvm.so+0xa5ce8f]
V  [libjvm.so+0xa5d381]
V  [libjvm.so+0x8a6292]

VM_Operation (0x00007f242961a3a0): ParallelGCSystemGC, mode: safepoint, requested by thread 0x00007f2440239800


---------------  P R O C E S S  ---------------

Java Threads: ( => current thread )
  0x00007f244023b800 JavaThread "qtp2129789493-18" [_thread_blocked, id=4022, stack(0x00007f242941a000,0x00007f242951b000)]
  0x00007f2440239800 JavaThread "qtp2129789493-17" [_thread_blocked, id=4021, stack(0x00007f242951b000,0x00007f242961c000)]
  0x00007f2440238000 JavaThread "qtp2129789493-16" [_thread_blocked, id=4020, stack(0x00007f242961c000,0x00007f242971d000)]
  0x00007f2440236000 JavaThread "qtp2129789493-15" [_thread_blocked, id=4019, stack(0x00007f242971d000,0x00007f242981e000)]
  0x00007f2440234800 JavaThread "qtp2129789493-14" [_thread_blocked, id=4018, stack(0x00007f242981e000,0x00007f242991f000)]
  0x00007f2440233000 JavaThread "qtp2129789493-13" [_thread_blocked, id=4017, stack(0x00007f242991f000,0x00007f2429a20000)]
  0x00007f2440231000 JavaThread "qtp2129789493-12" [_thread_blocked, id=4016, stack(0x00007f243005d000,0x00007f243015e000)]
  0x00007f2440226800 JavaThread "qtp2129789493-11" [_thread_blocked, id=4015, stack(0x00007f243015e000,0x00007f243025f000)]
  0x00007f24400be800 JavaThread "Service Thread" daemon [_thread_blocked, id=4010, stack(0x00007f2430569000,0x00007f243066a000)]
  0x00007f24400b9000 JavaThread "C1 CompilerThread2" daemon [_thread_blocked, id=4009, stack(0x00007f243066a000,0x00007f243076b000)]
  0x00007f24400b7800 JavaThread "C2 CompilerThread1" daemon [_thread_blocked, id=4008, stack(0x00007f243076b000,0x00007f243086c000)]
  0x00007f24400b4800 JavaThread "C2 CompilerThread0" daemon [_thread_blocked, id=4007, stack(0x00007f243086c000,0x00007f243096d000)]
  0x00007f24400b3000 JavaThread "Signal Dispatcher" daemon [_thread_blocked, id=4006, stack(0x00007f243096d000,0x00007f2430a6e000)]
  0x00007f244007d000 JavaThread "Finalizer" daemon [_thread_blocked, id=4005, stack(0x00007f2430bfc000,0x00007f2430cfd000)]
  0x00007f244007b000 JavaThread "Reference Handler" daemon [_thread_blocked, id=4004, stack(0x00007f2430cfd000,0x00007f2430dfe000)]
  0x00007f2440008800 JavaThread "main" [_thread_blocked, id=3992, stack(0x00007f2449149000,0x00007f244924a000)]

Other Threads:
=>0x00007f2440076000 VMThread [stack: 0x00007f2430dfe000,0x00007f2430eff000] [id=4003]
  0x00007f24400c1000 WatcherThread [stack: 0x00007f2430468000,0x00007f2430569000] [id=4011]

VM state:at safepoint (normal execution)

VM Mutex/Monitor currently owned by a thread:  ([mutex/lock_event])
[0x00007f2440005e90] ExpandHeap_lock - owner thread: 0x00007f2440076000
[0x00007f2440006510] Threads_lock - owner thread: 0x00007f2440076000
[0x00007f2440006a10] Heap_lock - owner thread: 0x00007f2440239800

Heap:
 PSYoungGen      total 303616K, used 0K [0x00000000e6c00000, 0x0000000100000000, 0x0000000100000000)
  eden space 240640K, 0% used [0x00000000e6c00000,0x00000000e6c00000,0x00000000f5700000)
  from space 62976K, 0% used [0x00000000f5700000,0x00000000f5700000,0x00000000f9480000)
  to   space 93184K, 0% used [0x00000000fa500000,0x00000000fa500000,0x0000000100000000)
 ParOldGen       total 182784K, used 144074K [0x00000000b4400000, 0x00000000bf680000, 0x00000000e6c00000)
  object space 182784K, 78% used [0x00000000b4400000,0x00000000bd0b2aa0,0x00000000bf680000)
 Metaspace       used 8268K, capacity 8324K, committed 8576K, reserved 1056768K
  class space    used 873K, capacity 880K, committed 896K, reserved 1048576K

Card table byte_map: [0x00007f24461c8000,0x00007f2446427000] byte_map_base: 0x00007f2445c26000

Marking Bits: (ParMarkBitMap*) 0x00007f24484647e0
 Begin Bits: [0x00007f2429a20000, 0x00007f242ad10000)
 End Bits:   [0x00007f242ad10000, 0x00007f242c000000)

Polling page: 0x00007f2449286000

CodeCache: size=245760Kb used=5196Kb max_used=5217Kb free=240563Kb
 bounds [0x00007f2431000000, 0x00007f2431530000, 0x00007f2440000000]
 total_blobs=1301 nmethods=993 adapters=223
 compilation: enabled

Compilation events (10 events):
Event: 7.813 Thread 0x00007f24400b4800 1021       4       org.eclipse.jetty.annotations.AnnotationParser::parseJarEntry (181 bytes)
Event: 7.912 Thread 0x00007f24400b7800 1022   !   4       java.util.concurrent.ConcurrentHashMap::putVal (362 bytes)
Event: 7.915 Thread 0x00007f24400b4800 nmethod 1021 0x00007f2431513b50 code [0x00007f2431514020, 0x00007f2431517300]
Event: 7.929 Thread 0x00007f24400b7800 nmethod 1022 0x00007f2431511f50 code [0x00007f2431512140, 0x00007f24315130e0]
Event: 7.983 Thread 0x00007f24400b4800 1023       4       org.objectweb.asm.ClassReader::a (75 bytes)
Event: 8.003 Thread 0x00007f24400b4800 nmethod 1023 0x00007f2431507c10 code [0x00007f2431507de0, 0x00007f2431508a38]
Event: 8.446 Thread 0x00007f24400b9000 1024       3       org.objectweb.asm.ClassReader::a (662 bytes)
Event: 8.454 Thread 0x00007f24400b9000 nmethod 1024 0x00007f243151a8d0 code [0x00007f243151ad60, 0x00007f243151d808]
Event: 8.502 Thread 0x00007f24400b7800 1025       4       org.eclipse.jetty.annotations.AnnotationParser$MyClassVisitor::visitAnnotation (55 bytes)
Event: 8.525 Thread 0x00007f24400b7800 nmethod 1025 0x00007f243151f790 code [0x00007f243151f940, 0x00007f243151ff68]

GC Heap History (10 events):
Event: 5.120 GC heap after
Heap after GC invocations=9 (full 1):
 PSYoungGen      total 245248K, used 35828K [0x00000000e6c00000, 0x00000000fcc00000, 0x0000000100000000)
  eden space 209408K, 0% used [0x00000000e6c00000,0x00000000e6c00000,0x00000000f3880000)
  from space 35840K, 99% used [0x00000000fa900000,0x00000000fcbfd328,0x00000000fcc00000)
  to   space 49152K, 0% used [0x00000000f6c00000,0x00000000f6c00000,0x00000000f9c00000)
 ParOldGen       total 105984K, used 64735K [0x00000000b4400000, 0x00000000bab80000, 0x00000000e6c00000)
  object space 105984K, 61% used [0x00000000b4400000,0x00000000b8337f60,0x00000000bab80000)
 Metaspace       used 8261K, capacity 8324K, committed 8576K, reserved 1056768K
  class space    used 873K, capacity 880K, committed 896K, reserved 1048576K
}
Event: 6.205 GC heap before
{Heap before GC invocations=10 (full 1):
 PSYoungGen      total 245248K, used 245236K [0x00000000e6c00000, 0x00000000fcc00000, 0x0000000100000000)
  eden space 209408K, 100% used [0x00000000e6c00000,0x00000000f3880000,0x00000000f3880000)
  from space 35840K, 99% used [0x00000000fa900000,0x00000000fcbfd328,0x00000000fcc00000)
  to   space 49152K, 0% used [0x00000000f6c00000,0x00000000f6c00000,0x00000000f9c00000)
 ParOldGen       total 105984K, used 64742K [0x00000000b4400000, 0x00000000bab80000, 0x00000000e6c00000)
  object space 105984K, 61% used [0x00000000b4400000,0x00000000b8339968,0x00000000bab80000)
 Metaspace       used 8264K, capacity 8324K, committed 8576K, reserved 1056768K
  class space    used 873K, capacity 880K, committed 896K, reserved 1048576K
Event: 6.293 GC heap after
Heap after GC invocations=10 (full 1):
 PSYoungGen      total 311296K, used 49132K [0x00000000e6c00000, 0x0000000100000000, 0x0000000100000000)
  eden space 262144K, 0% used [0x00000000e6c00000,0x00000000e6c00000,0x00000000f6c00000)
  from space 49152K, 99% used [0x00000000f6c00000,0x00000000f9bfb0a8,0x00000000f9c00000)
  to   space 73216K, 0% used [0x00000000fb880000,0x00000000fb880000,0x0000000100000000)
 ParOldGen       total 105984K, used 100455K [0x00000000b4400000, 0x00000000bab80000, 0x00000000e6c00000)
  object space 105984K, 94% used [0x00000000b4400000,0x00000000ba619c30,0x00000000bab80000)
 Metaspace       used 8264K, capacity 8324K, committed 8576K, reserved 1056768K
  class space    used 873K, capacity 880K, committed 896K, reserved 1048576K
}
Event: 6.293 GC heap before
{Heap before GC invocations=11 (full 2):
 PSYoungGen      total 311296K, used 49132K [0x00000000e6c00000, 0x0000000100000000, 0x0000000100000000)
  eden space 262144K, 0% used [0x00000000e6c00000,0x00000000e6c00000,0x00000000f6c00000)
  from space 49152K, 99% used [0x00000000f6c00000,0x00000000f9bfb0a8,0x00000000f9c00000)
  to   space 73216K, 0% used [0x00000000fb880000,0x00000000fb880000,0x0000000100000000)
 ParOldGen       total 105984K, used 100455K [0x00000000b4400000, 0x00000000bab80000, 0x00000000e6c00000)
  object space 105984K, 94% used [0x00000000b4400000,0x00000000ba619c30,0x00000000bab80000)
 Metaspace       used 8264K, capacity 8324K, committed 8576K, reserved 1056768K
  class space    used 873K, capacity 880K, committed 896K, reserved 1048576K
Event: 6.403 GC heap after
Heap after GC invocations=11 (full 2):
 PSYoungGen      total 311296K, used 0K [0x00000000e6c00000, 0x0000000100000000, 0x0000000100000000)
  eden space 262144K, 0% used [0x00000000e6c00000,0x00000000e6c00000,0x00000000f6c00000)
  from space 49152K, 0% used [0x00000000f6c00000,0x00000000f6c00000,0x00000000f9c00000)
  to   space 73216K, 0% used [0x00000000fb880000,0x00000000fb880000,0x0000000100000000)
 ParOldGen       total 182784K, used 103226K [0x00000000b4400000, 0x00000000bf680000, 0x00000000e6c00000)
  object space 182784K, 56% used [0x00000000b4400000,0x00000000ba8ce8d8,0x00000000bf680000)
 Metaspace       used 8264K, capacity 8324K, committed 8576K, reserved 1056768K
  class space    used 873K, capacity 880K, committed 896K, reserved 1048576K
}
Event: 7.383 GC heap before
{Heap before GC invocations=12 (full 2):
 PSYoungGen      total 311296K, used 262144K [0x00000000e6c00000, 0x0000000100000000, 0x0000000100000000)
  eden space 262144K, 100% used [0x00000000e6c00000,0x00000000f6c00000,0x00000000f6c00000)
  from space 49152K, 0% used [0x00000000f6c00000,0x00000000f6c00000,0x00000000f9c00000)
  to   space 73216K, 0% used [0x00000000fb880000,0x00000000fb880000,0x0000000100000000)
 ParOldGen       total 182784K, used 103232K [0x00000000b4400000, 0x00000000bf680000, 0x00000000e6c00000)
  object space 182784K, 56% used [0x00000000b4400000,0x00000000ba8d0180,0x00000000bf680000)
 Metaspace       used 8265K, capacity 8324K, committed 8576K, reserved 1056768K
  class space    used 873K, capacity 880K, committed 896K, reserved 1048576K
Event: 7.499 GC heap after
Heap after GC invocations=12 (full 2):
 PSYoungGen      total 313856K, used 72595K [0x00000000e6c00000, 0x0000000100000000, 0x0000000100000000)
  eden space 240640K, 0% used [0x00000000e6c00000,0x00000000e6c00000,0x00000000f5700000)
  from space 73216K, 99% used [0x00000000fb880000,0x00000000fff64d80,0x0000000100000000)
  to   space 86528K, 0% used [0x00000000f5700000,0x00000000f5700000,0x00000000fab80000)
 ParOldGen       total 182784K, used 103232K [0x00000000b4400000, 0x00000000bf680000, 0x00000000e6c00000)
  object space 182784K, 56% used [0x00000000b4400000,0x00000000ba8d0180,0x00000000bf680000)
 Metaspace       used 8265K, capacity 8324K, committed 8576K, reserved 1056768K
  class space    used 873K, capacity 880K, committed 896K, reserved 1048576K
}
Event: 8.536 GC heap before
{Heap before GC invocations=13 (full 2):
 PSYoungGen      total 313856K, used 313235K [0x00000000e6c00000, 0x0000000100000000, 0x0000000100000000)
  eden space 240640K, 100% used [0x00000000e6c00000,0x00000000f5700000,0x00000000f5700000)
  from space 73216K, 99% used [0x00000000fb880000,0x00000000fff64d80,0x0000000100000000)
  to   space 86528K, 0% used [0x00000000f5700000,0x00000000f5700000,0x00000000fab80000)
 ParOldGen       total 182784K, used 103232K [0x00000000b4400000, 0x00000000bf680000, 0x00000000e6c00000)
  object space 182784K, 56% used [0x00000000b4400000,0x00000000ba8d0218,0x00000000bf680000)
 Metaspace       used 8268K, capacity 8324K, committed 8576K, reserved 1056768K
  class space    used 873K, capacity 880K, committed 896K, reserved 1048576K
Event: 8.646 GC heap after
Heap after GC invocations=13 (full 2):
 PSYoungGen      total 303616K, used 62955K [0x00000000e6c00000, 0x0000000100000000, 0x0000000100000000)
  eden space 240640K, 0% used [0x00000000e6c00000,0x00000000e6c00000,0x00000000f5700000)
  from space 62976K, 99% used [0x00000000f5700000,0x00000000f947ae78,0x00000000f9480000)
  to   space 93184K, 0% used [0x00000000fa500000,0x00000000fa500000,0x0000000100000000)
 ParOldGen       total 182784K, used 143266K [0x00000000b4400000, 0x00000000bf680000, 0x00000000e6c00000)
  object space 182784K, 78% used [0x00000000b4400000,0x00000000bcfe8b38,0x00000000bf680000)
 Metaspace       used 8268K, capacity 8324K, committed 8576K, reserved 1056768K
  class space    used 873K, capacity 880K, committed 896K, reserved 1048576K
}
Event: 8.647 GC heap before
{Heap before GC invocations=14 (full 3):
 PSYoungGen      total 303616K, used 62955K [0x00000000e6c00000, 0x0000000100000000, 0x0000000100000000)
  eden space 240640K, 0% used [0x00000000e6c00000,0x00000000e6c00000,0x00000000f5700000)
  from space 62976K, 99% used [0x00000000f5700000,0x00000000f947ae78,0x00000000f9480000)
  to   space 93184K, 0% used [0x00000000fa500000,0x00000000fa500000,0x0000000100000000)
 ParOldGen       total 182784K, used 143266K [0x00000000b4400000, 0x00000000bf680000, 0x00000000e6c00000)
  object space 182784K, 78% used [0x00000000b4400000,0x00000000bcfe8b38,0x00000000bf680000)
 Metaspace       used 8268K, capacity 8324K, committed 8576K, reserved 1056768K
  class space    used 873K, capacity 880K, committed 896K, reserved 1048576K

Deoptimization events (10 events):
Event: 3.141 Thread 0x00007f2440239800 Uncommon trap: reason=unstable_if action=reinterpret pc=0x00007f24313aa2fc method=org.objectweb.asm.ClassReader.a(II[C)Ljava/lang/String; @ 77
Event: 3.229 Thread 0x00007f2440239800 Uncommon trap: reason=unstable_if action=reinterpret pc=0x00007f2431340c50 method=org.objectweb.asm.ClassReader.a(II[C)Ljava/lang/String; @ 77
Event: 4.123 Thread 0x00007f2440226800 Uncommon trap: reason=unstable_if action=reinterpret pc=0x00007f24313b3e94 method=java.util.WeakHashMap.expungeStaleEntries()V @ 53
Event: 4.464 Thread 0x00007f2440233000 Uncommon trap: reason=unstable_if action=reinterpret pc=0x00007f243145f810 method=org.objectweb.asm.ClassReader.b(Lorg/objectweb/asm/ClassVisitor;Lorg/objectweb/asm/Context;I)I @ 1038
Event: 5.233 Thread 0x00007f244023b800 Uncommon trap: reason=unstable_if action=reinterpret pc=0x00007f2431411cdc method=org.eclipse.jetty.annotations.AnnotationParser.isValidClassFileName(Ljava/lang/String;)Z @ 77
Event: 6.179 Thread 0x00007f2440233000 Uncommon trap: reason=unstable_if action=reinterpret pc=0x00007f243144633c method=java.util.zip.ZipInputStream.readLOC()Ljava/util/zip/ZipEntry; @ 65
Event: 7.148 Thread 0x00007f2440231000 Uncommon trap: reason=unstable_if action=reinterpret pc=0x00007f24314b93bc method=java.util.concurrent.ConcurrentHashMap.get(Ljava/lang/Object;)Ljava/lang/Object; @ 152
Event: 7.148 Thread 0x00007f2440231000 Uncommon trap: reason=unstable_if action=reinterpret pc=0x00007f2431442d90 method=java.util.concurrent.ConcurrentHashMap.putVal(Ljava/lang/Object;Ljava/lang/Object;Z)Ljava/lang/Object; @ 195
Event: 7.510 Thread 0x00007f244007b000 Uncommon trap: reason=unstable_if action=reinterpret pc=0x00007f24314ac640 method=java.lang.ref.Reference$ReferenceHandler.run()V @ 9
Event: 8.439 Thread 0x00007f244023b800 Uncommon trap: reason=unloaded action=reinterpret pc=0x00007f24314a1954 method=org.objectweb.asm.ClassReader.readConst(I[C)Ljava/lang/Object; @ 126

Internal exceptions (10 events):
Event: 0.208 Thread 0x00007f2440008800 Exception <a 'java/security/PrivilegedActionException'> (0x00000000e6dd7f98) thrown at [/build/java8-openjdk/src/jdk8u-jdk8u65-b17/hotspot/src/share/vm/prims/jvm.cpp, line 1386]
Event: 0.208 Thread 0x00007f2440008800 Exception <a 'java/security/PrivilegedActionException'> (0x00000000e6dd81a8) thrown at [/build/java8-openjdk/src/jdk8u-jdk8u65-b17/hotspot/src/share/vm/prims/jvm.cpp, line 1386]
Event: 0.208 Thread 0x00007f2440008800 Exception <a 'java/security/PrivilegedActionException'> (0x00000000e6dda028) thrown at [/build/java8-openjdk/src/jdk8u-jdk8u65-b17/hotspot/src/share/vm/prims/jvm.cpp, line 1386]
Event: 0.208 Thread 0x00007f2440008800 Exception <a 'java/security/PrivilegedActionException'> (0x00000000e6dda238) thrown at [/build/java8-openjdk/src/jdk8u-jdk8u65-b17/hotspot/src/share/vm/prims/jvm.cpp, line 1386]
Event: 0.208 Thread 0x00007f2440008800 Exception <a 'java/security/PrivilegedActionException'> (0x00000000e6ddac90) thrown at [/build/java8-openjdk/src/jdk8u-jdk8u65-b17/hotspot/src/share/vm/prims/jvm.cpp, line 1386]
Event: 0.208 Thread 0x00007f2440008800 Exception <a 'java/security/PrivilegedActionException'> (0x00000000e6ddaea0) thrown at [/build/java8-openjdk/src/jdk8u-jdk8u65-b17/hotspot/src/share/vm/prims/jvm.cpp, line 1386]
Event: 0.228 Thread 0x00007f2440008800 Exception <a 'java/lang/NoClassDefFoundError': org/slf4j/Logger> (0x00000000e6e00b78) thrown at [/build/java8-openjdk/src/jdk8u-jdk8u65-b17/hotspot/src/share/vm/classfile/systemDictionary.cpp, line 199]
Event: 1.100 Thread 0x00007f2440008800 Exception <a 'java/io/FileNotFoundException'> (0x00000000ea3deff0) thrown at [/build/java8-openjdk/src/jdk8u-jdk8u65-b17/hotspot/src/share/vm/prims/jni.cpp, line 709]
Event: 1.491 Thread 0x00007f2440231000 Implicit null exception at 0x00007f243136bd5e to 0x00007f243136d061
Event: 7.510 Thread 0x00007f244007b000 Implicit null exception at 0x00007f24314abf6c to 0x00007f24314ac631

Events (10 events):
Event: 8.439 Thread 0x00007f244023b800 DEOPT PACKING pc=0x00007f24314a1954 sp=0x00007f2429519340
Event: 8.440 Thread 0x00007f244023b800 DEOPT UNPACKING pc=0x00007f2431004f69 sp=0x00007f24295192e0 mode 2
Event: 8.454 Thread 0x00007f24400b9000 flushing nmethod 0x00007f243110ef10
Event: 8.478 Thread 0x00007f24400b9000 flushing nmethod 0x00007f2431114450
Event: 8.478 Thread 0x00007f24400b9000 flushing nmethod 0x00007f24311190d0
Event: 8.525 Thread 0x00007f24400b7800 flushing nmethod 0x00007f2431125f10
Event: 8.525 Thread 0x00007f24400b7800 flushing nmethod 0x00007f24311268d0
Event: 8.535 Executing VM operation: ParallelGCFailedAllocation
Event: 8.536 Executing VM operation: ParallelGCFailedAllocation done
Event: 8.536 Executing VM operation: ParallelGCSystemGC


Dynamic libraries:
00400000-00401000 r-xp 00000000 08:03 1049889                            /usr/lib/jvm/java-8-openjdk/jre/bin/java
00600000-00601000 rw-p 00000000 08:03 1049889                            /usr/lib/jvm/java-8-openjdk/jre/bin/java
02128000-02149000 rw-p 00000000 00:00 0                                  [heap]
b4400000-bf680000 rw-p 00000000 00:00 0 
c3380000-e6c00000 ---p 00000000 00:00 0 
e6c00000-100000000 rw-p 00000000 00:00 0 
100000000-1000e0000 rw-p 00000000 00:00 0 
1000e0000-140000000 ---p 00000000 00:00 0 
7f2394000000-7f2397ffc000 rw-p 00000000 00:00 0 
7f2397ffc000-7f2398000000 ---p 00000000 00:00 0 
7f2398000000-7f23989db000 rw-p 00000000 00:00 0 
7f23989db000-7f239c000000 ---p 00000000 00:00 0 
7f239c000000-7f239fffd000 rw-p 00000000 00:00 0 
7f239fffd000-7f23a0000000 ---p 00000000 00:00 0 
7f23a0000000-7f23a3ffe000 rw-p 00000000 00:00 0 
7f23a3ffe000-7f23a4000000 ---p 00000000 00:00 0 
7f23a4000000-7f23a7ffd000 rw-p 00000000 00:00 0 
7f23a7ffd000-7f23a8000000 ---p 00000000 00:00 0 
7f23a8000000-7f23aaace000 rw-p 00000000 00:00 0 
7f23aaace000-7f23ac000000 ---p 00000000 00:00 0 
7f23ac000000-7f23afffd000 rw-p 00000000 00:00 0 
7f23afffd000-7f23b0000000 ---p 00000000 00:00 0 
7f23b0000000-7f23b3ffd000 rw-p 00000000 00:00 0 
7f23b3ffd000-7f23b4000000 ---p 00000000 00:00 0 
7f23b4000000-7f23b4110000 rw-p 00000000 00:00 0 
7f23b4110000-7f23b8000000 ---p 00000000 00:00 0 
7f23b8000000-7f23bbfff000 rw-p 00000000 00:00 0 
7f23bbfff000-7f23bc000000 ---p 00000000 00:00 0 
7f23bc000000-7f23beec9000 rw-p 00000000 00:00 0 
7f23beec9000-7f23c0000000 ---p 00000000 00:00 0 
7f23c0000000-7f23c3b84000 rw-p 00000000 00:00 0 
7f23c3b84000-7f23c4000000 ---p 00000000 00:00 0 
7f23c4000000-7f23c7ffd000 rw-p 00000000 00:00 0 
7f23c7ffd000-7f23c8000000 ---p 00000000 00:00 0 
7f23c8000000-7f23cade8000 rw-p 00000000 00:00 0 
7f23cade8000-7f23cc000000 ---p 00000000 00:00 0 
7f23cc000000-7f23cfffc000 rw-p 00000000 00:00 0 
7f23cfffc000-7f23d0000000 ---p 00000000 00:00 0 
7f23d0000000-7f23d4000000 rw-p 00000000 00:00 0 
7f23d4000000-7f23d7d64000 rw-p 00000000 00:00 0 
7f23d7d64000-7f23d8000000 ---p 00000000 00:00 0 
7f23d8000000-7f23dbffc000 rw-p 00000000 00:00 0 
7f23dbffc000-7f23dc000000 ---p 00000000 00:00 0 
7f23dc000000-7f23dfffa000 rw-p 00000000 00:00 0 
7f23dfffa000-7f23e0000000 ---p 00000000 00:00 0 
7f23e0000000-7f23e3ffb000 rw-p 00000000 00:00 0 
7f23e3ffb000-7f23e4000000 ---p 00000000 00:00 0 
7f23e4000000-7f23e7fff000 rw-p 00000000 00:00 0 
7f23e7fff000-7f23e8000000 ---p 00000000 00:00 0 
7f23e8000000-7f23ebfff000 rw-p 00000000 00:00 0 
7f23ebfff000-7f23ec000000 ---p 00000000 00:00 0 
7f23ec000000-7f23f0000000 rw-p 00000000 00:00 0 
7f23f0000000-7f23f3ffe000 rw-p 00000000 00:00 0 
7f23f3ffe000-7f23f4000000 ---p 00000000 00:00 0 
7f23f4000000-7f23f4021000 rw-p 00000000 00:00 0 
7f23f4021000-7f23f8000000 ---p 00000000 00:00 0 
7f23f8000000-7f23fab2b000 rw-p 00000000 00:00 0 
7f23fab2b000-7f23fc000000 ---p 00000000 00:00 0 
7f23fc000000-7f23fc554000 rw-p 00000000 00:00 0 
7f23fc554000-7f2400000000 ---p 00000000 00:00 0 
7f2400000000-7f2400021000 rw-p 00000000 00:00 0 
7f2400021000-7f2404000000 ---p 00000000 00:00 0 
7f2404000000-7f2405b9e000 rw-p 00000000 00:00 0 
7f2405b9e000-7f2408000000 ---p 00000000 00:00 0 
7f2408000000-7f2409541000 rw-p 00000000 00:00 0 
7f2409541000-7f240c000000 ---p 00000000 00:00 0 
7f240c000000-7f240c021000 rw-p 00000000 00:00 0 
7f240c021000-7f2410000000 ---p 00000000 00:00 0 
7f2410000000-7f2410021000 rw-p 00000000 00:00 0 
7f2410021000-7f2414000000 ---p 00000000 00:00 0 
7f2414000000-7f241404f000 rw-p 00000000 00:00 0 
7f241404f000-7f2418000000 ---p 00000000 00:00 0 
7f2418000000-7f2418021000 rw-p 00000000 00:00 0 
7f2418021000-7f241c000000 ---p 00000000 00:00 0 
7f241c000000-7f241c021000 rw-p 00000000 00:00 0 
7f241c021000-7f2420000000 ---p 00000000 00:00 0 
7f2420000000-7f2420021000 rw-p 00000000 00:00 0 
7f2420021000-7f2424000000 ---p 00000000 00:00 0 
7f2424000000-7f2424021000 rw-p 00000000 00:00 0 
7f2424021000-7f2428000000 ---p 00000000 00:00 0 
7f2428fee000-7f2428fef000 rw-p 00000000 00:00 0 
7f2428fef000-7f2428ff3000 r--s 0003c000 08:03 807145                     /home/aoi/Code/GroupProject-4102-ScalaAPI/target/webapp/WEB-INF/lib/jackson-core-2.6.3.jar
7f2428ff3000-7f24290e3000 r--s 00c16000 08:03 807166                     /home/aoi/Code/GroupProject-4102-ScalaAPI/target/webapp/WEB-INF/lib/scala-compiler-2.11.0.jar
7f24290e3000-7f24291d6000 r--s 00c0b000 08:03 808300                     /home/aoi/Code/GroupProject-4102-ScalaAPI/target/webapp/WEB-INF/lib/scala-compiler-2.11.4.jar
7f24291d6000-7f2429207000 r--s 001c8000 08:03 808294                     /home/aoi/Code/GroupProject-4102-ScalaAPI/target/webapp/WEB-INF/lib/argonaut_2.11-6.0.4.jar
7f2429207000-7f2429214000 r--s 00071000 08:03 807150                     /home/aoi/Code/GroupProject-4102-ScalaAPI/target/webapp/WEB-INF/lib/jackson-module-scala_2.11-2.6.3.jar
7f2429214000-7f2429215000 r--s 00001000 08:03 807143                     /home/aoi/Code/GroupProject-4102-ScalaAPI/target/webapp/WEB-INF/lib/grizzled-slf4j_2.11-1.0.2.jar
7f2429215000-7f2429216000 r--s 00007000 08:03 807177                     /home/aoi/Code/GroupProject-4102-ScalaAPI/target/webapp/WEB-INF/lib/slf4j-api-1.7.12.jar
7f2429216000-7f2429220000 r--s 0009a000 08:03 807171                     /home/aoi/Code/GroupProject-4102-ScalaAPI/target/webapp/WEB-INF/lib/scala-xml_2.11-1.0.5.jar
7f2429220000-7f2429226000 r--s 0003d000 08:03 807160                     /home/aoi/Code/GroupProject-4102-ScalaAPI/target/webapp/WEB-INF/lib/logback-classic-1.1.2.jar
7f2429226000-7f242922e000 r--s 00043000 08:03 807173                     /home/aoi/Code/GroupProject-4102-ScalaAPI/target/webapp/WEB-INF/lib/scalate-util_2.11-1.7.1.jar
7f242922e000-7f2429230000 r--s 00009000 08:03 807156                     /home/aoi/Code/GroupProject-4102-ScalaAPI/target/webapp/WEB-INF/lib/json4s-jackson_2.11-3.3.0.jar
7f2429230000-7f2429232000 r--s 00009000 08:03 807149                     /home/aoi/Code/GroupProject-4102-ScalaAPI/target/webapp/WEB-INF/lib/jackson-module-paranamer-2.6.3.jar
7f2429232000-7f242927d000 r--s 003ed000 08:03 807169                     /home/aoi/Code/GroupProject-4102-ScalaAPI/target/webapp/WEB-INF/lib/scala-reflect-2.11.0.jar
7f242927d000-7f2429280000 r--s 00010000 08:03 807142                     /home/aoi/Code/GroupProject-4102-ScalaAPI/target/webapp/WEB-INF/lib/cardapi_2.11-0.1.0-SNAPSHOT.jar
7f2429280000-7f24292d8000 r--s 00523000 08:03 807167                     /home/aoi/Code/GroupProject-4102-ScalaAPI/target/webapp/WEB-INF/lib/scala-library-2.11.7.jar
7f24292d8000-7f24292db000 r--s 00010000 08:03 807157                     /home/aoi/Code/GroupProject-4102-ScalaAPI/target/webapp/WEB-INF/lib/json4s-native_2.11-3.3.0.jar
7f24292db000-7f24292de000 r--s 00013000 08:03 807154                     /home/aoi/Code/GroupProject-4102-ScalaAPI/target/webapp/WEB-INF/lib/json4s-ast_2.11-3.3.0.jar
7f24292de000-7f242930a000 r--s 001b5000 08:03 807172                     /home/aoi/Code/GroupProject-4102-ScalaAPI/target/webapp/WEB-INF/lib/scalate-core_2.11-1.7.1.jar
7f242930a000-7f2429317000 r--s 00088000 08:03 807158                     /home/aoi/Code/GroupProject-4102-ScalaAPI/target/webapp/WEB-INF/lib/json4s-scalap_2.11-3.3.0.jar
7f2429317000-7f24293ce000 r--s 007d5000 08:03 808304                     /home/aoi/Code/GroupProject-4102-ScalaAPI/target/webapp/WEB-INF/lib/scalaz-core_2.11-7.0.6.jar
7f24293ce000-7f242941a000 r--s 00412000 08:03 807170                     /home/aoi/Code/GroupProject-4102-ScalaAPI/target/webapp/WEB-INF/lib/scala-reflect-2.11.7.jar
7f242941a000-7f242941d000 ---p 00000000 00:00 0 
7f242941d000-7f242951b000 rw-p 00000000 00:00 0                          [stack:4022]
7f242951b000-7f242951e000 ---p 00000000 00:00 0 
7f242951e000-7f242961c000 rw-p 00000000 00:00 0                          [stack:4021]
7f242961c000-7f242961f000 ---p 00000000 00:00 0 
7f242961f000-7f242971d000 rw-p 00000000 00:00 0                          [stack:4020]
7f242971d000-7f2429720000 ---p 00000000 00:00 0 
7f2429720000-7f242981e000 rw-p 00000000 00:00 0                          [stack:4019]
7f242981e000-7f2429821000 ---p 00000000 00:00 0 
7f2429821000-7f242991f000 rw-p 00000000 00:00 0                          [stack:4018]
7f242991f000-7f2429922000 ---p 00000000 00:00 0 
7f2429922000-7f242c000000 rw-p 00000000 00:00 0                          [stack:4017]
7f242c000000-7f242c021000 rw-p 00000000 00:00 0 
7f242c021000-7f2430000000 ---p 00000000 00:00 0 
7f2430000000-7f2430001000 r--s 00005000 08:03 807174                     /home/aoi/Code/GroupProject-4102-ScalaAPI/target/webapp/WEB-INF/lib/scalatra-common_2.11-2.4.0.RC3.jar
7f2430001000-7f2430003000 r--s 0000c000 08:03 807175                     /home/aoi/Code/GroupProject-4102-ScalaAPI/target/webapp/WEB-INF/lib/scalatra-scalate_2.11-2.4.0.RC3.jar
7f2430003000-7f2430007000 r--s 00042000 08:03 806898                     /home/aoi/Code/GroupProject-4102-ScalaAPI/target/webapp/WEB-INF/lib/spray-json_2.11-1.3.2.jar
7f2430007000-7f2430009000 r--s 0001c000 08:03 807162                     /home/aoi/Code/GroupProject-4102-ScalaAPI/target/webapp/WEB-INF/lib/mime-util-2.1.3.jar
7f2430009000-7f2430014000 r--s 0005d000 08:03 807168                     /home/aoi/Code/GroupProject-4102-ScalaAPI/target/webapp/WEB-INF/lib/scala-parser-combinators_2.11-1.0.4.jar
7f2430014000-7f243001e000 r--s 0006e000 08:03 808297                     /home/aoi/Code/GroupProject-4102-ScalaAPI/target/webapp/WEB-INF/lib/lift-json_2.11-3.0-M6.jar
7f243001e000-7f2430021000 r--s 00009000 08:03 807144                     /home/aoi/Code/GroupProject-4102-ScalaAPI/target/webapp/WEB-INF/lib/jackson-annotations-2.6.3.jar
7f2430021000-7f2430032000 r--s 0010d000 08:03 807147                     /home/aoi/Code/GroupProject-4102-ScalaAPI/target/webapp/WEB-INF/lib/jackson-databind-2.6.3.jar
7f2430032000-7f2430043000 r--s 000a8000 08:03 808303                     /home/aoi/Code/GroupProject-4102-ScalaAPI/target/webapp/WEB-INF/lib/scalap-2.11.4.jar
7f2430043000-7f243004d000 r--s 0005f000 08:03 807161                     /home/aoi/Code/GroupProject-4102-ScalaAPI/target/webapp/WEB-INF/lib/logback-core-1.1.2.jar
7f243004d000-7f243005d000 r--s 00088000 08:03 807153                     /home/aoi/Code/GroupProject-4102-ScalaAPI/target/webapp/WEB-INF/lib/joda-time-2.8.2.jar
7f243005d000-7f2430060000 ---p 00000000 00:00 0 
7f2430060000-7f243015e000 rw-p 00000000 00:00 0                          [stack:4016]
7f243015e000-7f2430161000 ---p 00000000 00:00 0 
7f2430161000-7f243025f000 rw-p 00000000 00:00 0                          [stack:4015]
7f243025f000-7f2430267000 r-xp 00000000 08:03 1049861                    /usr/lib/jvm/java-8-openjdk/jre/lib/amd64/libmanagement.so
7f2430267000-7f2430467000 ---p 00008000 08:03 1049861                    /usr/lib/jvm/java-8-openjdk/jre/lib/amd64/libmanagement.so
7f2430467000-7f2430468000 rw-p 00008000 08:03 1049861                    /usr/lib/jvm/java-8-openjdk/jre/lib/amd64/libmanagement.so
7f2430468000-7f2430469000 ---p 00000000 00:00 0 
7f2430469000-7f2430569000 rw-p 00000000 00:00 0                          [stack:4011]
7f2430569000-7f243056c000 ---p 00000000 00:00 0 
7f243056c000-7f243066a000 rw-p 00000000 00:00 0                          [stack:4010]
7f243066a000-7f243066d000 ---p 00000000 00:00 0 
7f243066d000-7f243076b000 rw-p 00000000 00:00 0                          [stack:4009]
7f243076b000-7f243076e000 ---p 00000000 00:00 0 
7f243076e000-7f243086c000 rw-p 00000000 00:00 0                          [stack:4008]
7f243086c000-7f243086f000 ---p 00000000 00:00 0 
7f243086f000-7f243096d000 rw-p 00000000 00:00 0                          [stack:4007]
7f243096d000-7f2430970000 ---p 00000000 00:00 0 
7f2430970000-7f2430a6e000 rw-p 00000000 00:00 0                          [stack:4006]
7f2430a6e000-7f2430bfc000 r--p 00000000 08:03 549977                     /usr/lib/locale/locale-archive
7f2430bfc000-7f2430bff000 ---p 00000000 00:00 0 
7f2430bff000-7f2430cfd000 rw-p 00000000 00:00 0                          [stack:4005]
7f2430cfd000-7f2430d00000 ---p 00000000 00:00 0 
7f2430d00000-7f2430dfe000 rw-p 00000000 00:00 0                          [stack:4004]
7f2430dfe000-7f2430dff000 ---p 00000000 00:00 0 
7f2430dff000-7f2431000000 rw-p 00000000 00:00 0                          [stack:4003]
7f2431000000-7f2431530000 rwxp 00000000 00:00 0 
7f2431530000-7f2440000000 ---p 00000000 00:00 0 
7f2440000000-7f24404fa000 rw-p 00000000 00:00 0 
7f24404fa000-7f2444000000 ---p 00000000 00:00 0 
7f2444000000-7f2444002000 r--s 00006000 08:03 808299                     /home/aoi/Code/GroupProject-4102-ScalaAPI/target/webapp/WEB-INF/lib/paranamer-2.4.1.jar
7f2444002000-7f2444006000 r--s 00018000 08:03 807151                     /home/aoi/Code/GroupProject-4102-ScalaAPI/target/webapp/WEB-INF/lib/joda-convert-1.8.1.jar
7f2444006000-7f2444009000 r--s 00033000 08:03 807159                     /home/aoi/Code/GroupProject-4102-ScalaAPI/target/webapp/WEB-INF/lib/juniversalchardet-1.0.3.jar
7f2444009000-7f2444022000 r--s 00124000 08:03 807176                     /home/aoi/Code/GroupProject-4102-ScalaAPI/target/webapp/WEB-INF/lib/scalatra_2.11-2.4.0.RC3.jar
7f2444022000-7f244406e000 r--s 003e4000 08:03 808302                     /home/aoi/Code/GroupProject-4102-ScalaAPI/target/webapp/WEB-INF/lib/scala-reflect-2.11.4.jar
7f244406e000-7f24440b0000 r--s 004bc000 08:03 439018                     /home/aoi/.ivy2/cache/org.eclipse.jetty/jetty-runner/jars/jetty-runner-9.2.1.v20140609.jar
7f24440b0000-7f2444f8f000 rw-p 00000000 00:00 0 
7f2444f8f000-7f244515c000 r--s 03be8000 08:03 1049518                    /usr/lib/jvm/java-8-openjdk/jre/lib/rt.jar
7f244515c000-7f2445952000 rw-p 00000000 00:00 0 
7f2445952000-7f24459d2000 ---p 00000000 00:00 0 
7f24459d2000-7f2445c30000 rw-p 00000000 00:00 0 
7f2445c30000-7f2445c31000 ---p 00000000 00:00 0 
7f2445c31000-7f2445d31000 rw-p 00000000 00:00 0                          [stack:3996]
7f2445d31000-7f2445d32000 ---p 00000000 00:00 0 
7f2445d32000-7f2445e32000 rw-p 00000000 00:00 0                          [stack:3995]
7f2445e32000-7f2445e33000 ---p 00000000 00:00 0 
7f2445e33000-7f2445f33000 rw-p 00000000 00:00 0                          [stack:3994]
7f2445f33000-7f2445f34000 ---p 00000000 00:00 0 
7f2445f34000-7f244608e000 rw-p 00000000 00:00 0                          [stack:3993]
7f244608e000-7f24461c8000 ---p 00000000 00:00 0 
7f24461c8000-7f2446222000 rw-p 00000000 00:00 0 
7f2446222000-7f244635c000 ---p 00000000 00:00 0 
7f244635c000-7f2446426000 rw-p 00000000 00:00 0 
7f2446426000-7f244643c000 rw-p 00000000 00:00 0 
7f244643c000-7f24467e7000 ---p 00000000 00:00 0 
7f24467e7000-7f24467ef000 r-xp 00000000 08:03 1049852                    /usr/lib/jvm/java-8-openjdk/jre/lib/amd64/libzip.so
7f24467ef000-7f24469ee000 ---p 00008000 08:03 1049852                    /usr/lib/jvm/java-8-openjdk/jre/lib/amd64/libzip.so
7f24469ee000-7f24469ef000 rw-p 00007000 08:03 1049852                    /usr/lib/jvm/java-8-openjdk/jre/lib/amd64/libzip.so
7f24469ef000-7f24469fa000 r-xp 00000000 08:03 530896                     /usr/lib/libnss_files-2.22.so
7f24469fa000-7f2446bf9000 ---p 0000b000 08:03 530896                     /usr/lib/libnss_files-2.22.so
7f2446bf9000-7f2446bfa000 r--p 0000a000 08:03 530896                     /usr/lib/libnss_files-2.22.so
7f2446bfa000-7f2446bfb000 rw-p 0000b000 08:03 530896                     /usr/lib/libnss_files-2.22.so
7f2446bfb000-7f2446c01000 rw-p 00000000 00:00 0 
7f2446c01000-7f2446c2d000 r-xp 00000000 08:03 1049850                    /usr/lib/jvm/java-8-openjdk/jre/lib/amd64/libjava.so
7f2446c2d000-7f2446e2d000 ---p 0002c000 08:03 1049850                    /usr/lib/jvm/java-8-openjdk/jre/lib/amd64/libjava.so
7f2446e2d000-7f2446e2f000 rw-p 0002c000 08:03 1049850                    /usr/lib/jvm/java-8-openjdk/jre/lib/amd64/libjava.so
7f2446e2f000-7f2446e3c000 r-xp 00000000 08:03 1049841                    /usr/lib/jvm/java-8-openjdk/jre/lib/amd64/libverify.so
7f2446e3c000-7f244703b000 ---p 0000d000 08:03 1049841                    /usr/lib/jvm/java-8-openjdk/jre/lib/amd64/libverify.so
7f244703b000-7f244703d000 rw-p 0000c000 08:03 1049841                    /usr/lib/jvm/java-8-openjdk/jre/lib/amd64/libverify.so
7f244703d000-7f2447044000 r-xp 00000000 08:03 531022                     /usr/lib/librt-2.22.so
7f2447044000-7f2447243000 ---p 00007000 08:03 531022                     /usr/lib/librt-2.22.so
7f2447243000-7f2447244000 r--p 00006000 08:03 531022                     /usr/lib/librt-2.22.so
7f2447244000-7f2447245000 rw-p 00007000 08:03 531022                     /usr/lib/librt-2.22.so
7f2447245000-7f2447342000 r-xp 00000000 08:03 531019                     /usr/lib/libm-2.22.so
7f2447342000-7f2447541000 ---p 000fd000 08:03 531019                     /usr/lib/libm-2.22.so
7f2447541000-7f2447542000 r--p 000fc000 08:03 531019                     /usr/lib/libm-2.22.so
7f2447542000-7f2447543000 rw-p 000fd000 08:03 531019                     /usr/lib/libm-2.22.so
7f2447543000-7f2448196000 r-xp 00000000 08:03 1049880                    /usr/lib/jvm/java-8-openjdk/jre/lib/amd64/server/libjvm.so
7f2448196000-7f2448395000 ---p 00c53000 08:03 1049880                    /usr/lib/jvm/java-8-openjdk/jre/lib/amd64/server/libjvm.so
7f2448395000-7f2448451000 rw-p 00c52000 08:03 1049880                    /usr/lib/jvm/java-8-openjdk/jre/lib/amd64/server/libjvm.so
7f2448451000-7f244847f000 rw-p 00000000 00:00 0 
7f244847f000-7f244861a000 r-xp 00000000 08:03 529047                     /usr/lib/libc-2.22.so
7f244861a000-7f2448819000 ---p 0019b000 08:03 529047                     /usr/lib/libc-2.22.so
7f2448819000-7f244881d000 r--p 0019a000 08:03 529047                     /usr/lib/libc-2.22.so
7f244881d000-7f244881f000 rw-p 0019e000 08:03 529047                     /usr/lib/libc-2.22.so
7f244881f000-7f2448823000 rw-p 00000000 00:00 0 
7f2448823000-7f2448826000 r-xp 00000000 08:03 531018                     /usr/lib/libdl-2.22.so
7f2448826000-7f2448a25000 ---p 00003000 08:03 531018                     /usr/lib/libdl-2.22.so
7f2448a25000-7f2448a26000 r--p 00002000 08:03 531018                     /usr/lib/libdl-2.22.so
7f2448a26000-7f2448a27000 rw-p 00003000 08:03 531018                     /usr/lib/libdl-2.22.so
7f2448a27000-7f2448a34000 r-xp 00000000 08:03 1049877                    /usr/lib/jvm/java-8-openjdk/jre/lib/amd64/jli/libjli.so
7f2448a34000-7f2448c33000 ---p 0000d000 08:03 1049877                    /usr/lib/jvm/java-8-openjdk/jre/lib/amd64/jli/libjli.so
7f2448c33000-7f2448c34000 rw-p 0000c000 08:03 1049877                    /usr/lib/jvm/java-8-openjdk/jre/lib/amd64/jli/libjli.so
7f2448c34000-7f2448c49000 r-xp 00000000 08:03 529617                     /usr/lib/libz.so.1.2.8
7f2448c49000-7f2448e48000 ---p 00015000 08:03 529617                     /usr/lib/libz.so.1.2.8
7f2448e48000-7f2448e49000 r--p 00014000 08:03 529617                     /usr/lib/libz.so.1.2.8
7f2448e49000-7f2448e4a000 rw-p 00015000 08:03 529617                     /usr/lib/libz.so.1.2.8
7f2448e4a000-7f2448e62000 r-xp 00000000 08:03 529028                     /usr/lib/libpthread-2.22.so
7f2448e62000-7f2449061000 ---p 00018000 08:03 529028                     /usr/lib/libpthread-2.22.so
7f2449061000-7f2449062000 r--p 00017000 08:03 529028                     /usr/lib/libpthread-2.22.so
7f2449062000-7f2449063000 rw-p 00018000 08:03 529028                     /usr/lib/libpthread-2.22.so
7f2449063000-7f2449067000 rw-p 00000000 00:00 0 
7f2449067000-7f2449089000 r-xp 00000000 08:03 529046                     /usr/lib/ld-2.22.so
7f2449089000-7f244908b000 r--s 00007000 08:03 807163                     /home/aoi/Code/GroupProject-4102-ScalaAPI/target/webapp/WEB-INF/lib/paranamer-2.8.jar
7f244908b000-7f244908f000 r--s 00034000 08:03 807165                     /home/aoi/Code/GroupProject-4102-ScalaAPI/target/webapp/WEB-INF/lib/rl_2.11-0.4.10.jar
7f244908f000-7f244909a000 r--s 0008c000 08:03 807155                     /home/aoi/Code/GroupProject-4102-ScalaAPI/target/webapp/WEB-INF/lib/json4s-core_2.11-3.3.0.jar
7f244909a000-7f244909f000 r--s 00096000 08:03 1049479                    /usr/lib/jvm/java-8-openjdk/jre/lib/jsse.jar
7f244909f000-7f24490a2000 r--s 00018000 08:03 439026                     /home/aoi/.ivy2/cache/org.eclipse.jetty/jetty-io/jars/jetty-io-9.2.10.v20150310.jar
7f24490a2000-7f24490a5000 r--s 00015000 08:03 438986                     /home/aoi/.ivy2/cache/javax.servlet/javax.servlet-api/jars/javax.servlet-api-3.1.0.jar
7f24490a5000-7f2449149000 rw-p 00000000 00:00 0 
7f2449149000-7f244914c000 ---p 00000000 00:00 0 
7f244914c000-7f244924e000 rw-p 00000000 00:00 0                          [stack:3992]
7f244924e000-7f2449250000 r--s 00018000 08:03 439025                     /home/aoi/.ivy2/cache/org.eclipse.jetty/jetty-http/jars/jetty-http-9.2.10.v20150310.jar
7f2449250000-7f2449256000 r--s 00061000 08:03 439024                     /home/aoi/.ivy2/cache/org.eclipse.jetty/jetty-server/jars/jetty-server-9.2.10.v20150310.jar
7f2449256000-7f2449259000 r--s 00015000 08:03 439023                     /home/aoi/.ivy2/cache/org.eclipse.jetty/jetty-security/jars/jetty-security-9.2.10.v20150310.jar
7f2449259000-7f244925c000 r--s 0001a000 08:03 439021                     /home/aoi/.ivy2/cache/org.eclipse.jetty/jetty-servlet/jars/jetty-servlet-9.2.10.v20150310.jar
7f244925c000-7f2449262000 r--s 00051000 08:03 439022                     /home/aoi/.ivy2/cache/org.eclipse.jetty/jetty-util/jars/jetty-util-9.2.10.v20150310.jar
7f2449262000-7f2449263000 r--s 0000a000 08:03 439020                     /home/aoi/.ivy2/cache/org.eclipse.jetty/jetty-xml/jars/jetty-xml-9.2.10.v20150310.jar
7f2449263000-7f2449265000 r--s 00019000 08:03 439019                     /home/aoi/.ivy2/cache/org.eclipse.jetty/jetty-webapp/jars/jetty-webapp-9.2.10.v20150310.jar
7f2449265000-7f244927d000 rw-p 00000000 00:00 0 
7f244927d000-7f2449285000 rw-s 00000000 00:20 25                         /tmp/hsperfdata_aoi/3988
7f2449285000-7f2449286000 rw-p 00000000 00:00 0 
7f2449286000-7f2449287000 ---p 00000000 00:00 0 
7f2449287000-7f2449288000 rw-p 00000000 00:00 0 
7f2449288000-7f2449289000 r--p 00021000 08:03 529046                     /usr/lib/ld-2.22.so
7f2449289000-7f244928a000 rw-p 00022000 08:03 529046                     /usr/lib/ld-2.22.so
7f244928a000-7f244928b000 rw-p 00000000 00:00 0 
7ffc2df6c000-7ffc2df8d000 rw-p 00000000 00:00 0                          [stack]
7ffc2df96000-7ffc2df98000 r--p 00000000 00:00 0                          [vvar]
7ffc2df98000-7ffc2df9a000 r-xp 00000000 00:00 0                          [vdso]
ffffffffff600000-ffffffffff601000 r-xp 00000000 00:00 0                  [vsyscall]

VM Arguments:
java_command: org.eclipse.jetty.runner.Runner /home/aoi/Code/GroupProject-4102-ScalaAPI/target/webapp
java_class_path (initial): /home/aoi/.ivy2/cache/org.eclipse.jetty/jetty-runner/jars/jetty-runner-9.2.1.v20140609.jar:/home/aoi/.ivy2/cache/org.eclipse.jetty/jetty-webapp/jars/jetty-webapp-9.2.10.v20150310.jar:/home/aoi/.ivy2/cache/org.eclipse.jetty/jetty-xml/jars/jetty-xml-9.2.10.v20150310.jar:/home/aoi/.ivy2/cache/org.eclipse.jetty/jetty-util/jars/jetty-util-9.2.10.v20150310.jar:/home/aoi/.ivy2/cache/org.eclipse.jetty/jetty-servlet/jars/jetty-servlet-9.2.10.v20150310.jar:/home/aoi/.ivy2/cache/org.eclipse.jetty/jetty-security/jars/jetty-security-9.2.10.v20150310.jar:/home/aoi/.ivy2/cache/org.eclipse.jetty/jetty-server/jars/jetty-server-9.2.10.v20150310.jar:/home/aoi/.ivy2/cache/javax.servlet/javax.servlet-api/jars/javax.servlet-api-3.1.0.jar:/home/aoi/.ivy2/cache/org.eclipse.jetty/jetty-http/jars/jetty-http-9.2.10.v20150310.jar:/home/aoi/.ivy2/cache/org.eclipse.jetty/jetty-io/jars/jetty-io-9.2.10.v20150310.jar
Launcher Type: SUN_STANDARD

Environment Variables:
PATH=/usr/local/sbin:/usr/local/bin:/usr/bin:/opt/android-sdk/platform-tools:/usr/lib/jvm/default/bin:/usr/bin/site_perl:/usr/bin/vendor_perl:/usr/bin/core_perl
SHELL=/bin/bash
DISPLAY=:0.0

Signal Handlers:
SIGSEGV: [libjvm.so+0xa581a0], sa_mask[0]=11111111011111111101111111111110, sa_flags=SA_RESTART|SA_SIGINFO
SIGBUS: [libjvm.so+0xa581a0], sa_mask[0]=11111111011111111101111111111110, sa_flags=SA_RESTART|SA_SIGINFO
SIGFPE: [libjvm.so+0x8a4420], sa_mask[0]=11111111011111111101111111111110, sa_flags=SA_RESTART|SA_SIGINFO
SIGPIPE: [libjvm.so+0x8a4420], sa_mask[0]=11111111011111111101111111111110, sa_flags=SA_RESTART|SA_SIGINFO
SIGXFSZ: [libjvm.so+0x8a4420], sa_mask[0]=11111111011111111101111111111110, sa_flags=SA_RESTART|SA_SIGINFO
SIGILL: [libjvm.so+0x8a4420], sa_mask[0]=11111111011111111101111111111110, sa_flags=SA_RESTART|SA_SIGINFO
SIGUSR1: SIG_DFL, sa_mask[0]=00000000000000000000000000000000, sa_flags=none
SIGUSR2: [libjvm.so+0x8a42d0], sa_mask[0]=00100000000000000000000000000000, sa_flags=SA_RESTART|SA_SIGINFO
SIGHUP: [libjvm.so+0x8a47a0], sa_mask[0]=11111111011111111101111111111110, sa_flags=SA_RESTART|SA_SIGINFO
SIGINT: [libjvm.so+0x8a47a0], sa_mask[0]=11111111011111111101111111111110, sa_flags=SA_RESTART|SA_SIGINFO
SIGTERM: [libjvm.so+0x8a47a0], sa_mask[0]=11111111011111111101111111111110, sa_flags=SA_RESTART|SA_SIGINFO
SIGQUIT: [libjvm.so+0x8a47a0], sa_mask[0]=11111111011111111101111111111110, sa_flags=SA_RESTART|SA_SIGINFO


---------------  S Y S T E M  ---------------

OS:DISTRIB_ID=ManjaroLinux
DISTRIB_RELEASE=15.09
DISTRIB_CODENAME=Bellatrix
DISTRIB_DESCRIPTION="Manjaro Linux"

uname:Linux 3.18.24-1-MANJARO #1 SMP PREEMPT Tue Nov 3 21:34:29 UTC 2015 x86_64
libc:glibc 2.22 NPTL 2.22 
rlimit: STACK 8192k, CORE 0k, NPROC 19362, NOFILE 4096, AS infinity
load average:1.96 0.94 0.70

/proc/meminfo:
MemTotal:        4964160 kB
MemFree:          118348 kB
MemAvailable:      64284 kB
Buffers:             612 kB
Cached:           284312 kB
SwapCached:            0 kB
Active:          4493408 kB
Inactive:         181368 kB
Active(anon):    4487200 kB
Inactive(anon):   152924 kB
Active(file):       6208 kB
Inactive(file):    28444 kB
Unevictable:          32 kB
Mlocked:              32 kB
SwapTotal:             0 kB
SwapFree:              0 kB
Dirty:               364 kB
Writeback:             0 kB
AnonPages:       4390856 kB
Mapped:           166316 kB
Shmem:            249300 kB
Slab:              53012 kB
SReclaimable:      26160 kB
SUnreclaim:        26852 kB
KernelStack:        6736 kB
PageTables:        29520 kB
NFS_Unstable:          0 kB
Bounce:                0 kB
WritebackTmp:          0 kB
CommitLimit:     2482080 kB
Committed_AS:    7245460 kB
VmallocTotal:   34359738367 kB
VmallocUsed:      375000 kB
VmallocChunk:   34359356380 kB
HardwareCorrupted:     0 kB
AnonHugePages:   1208320 kB
HugePages_Total:       0
HugePages_Free:        0
HugePages_Rsvd:        0
HugePages_Surp:        0
Hugepagesize:       2048 kB
DirectMap4k:       85632 kB
DirectMap2M:     5038080 kB


CPU:total 4 (2 cores per cpu, 2 threads per core) family 6 model 42 stepping 7, cmov, cx8, fxsr, mmx, sse, sse2, sse3, ssse3, sse4.1, sse4.2, popcnt, avx, aes, clmul, ht, tsc, tscinvbit

/proc/cpuinfo:
processor	: 0
vendor_id	: GenuineIntel
cpu family	: 6
model		: 42
model name	: Intel(R) Core(TM) i5-2520M CPU @ 2.50GHz
stepping	: 7
microcode	: 0x29
cpu MHz		: 959.570
cache size	: 3072 KB
physical id	: 0
siblings	: 4
core id		: 0
cpu cores	: 2
apicid		: 0
initial apicid	: 0
fpu		: yes
fpu_exception	: yes
cpuid level	: 13
wp		: yes
flags		: fpu vme de pse tsc msr pae mce cx8 apic sep mtrr pge mca cmov pat pse36 clflush dts acpi mmx fxsr sse sse2 ss ht tm pbe syscall nx rdtscp lm constant_tsc arch_perfmon pebs bts nopl xtopology nonstop_tsc aperfmperf eagerfpu pni pclmulqdq dtes64 monitor ds_cpl vmx smx est tm2 ssse3 cx16 xtpr pdcm pcid sse4_1 sse4_2 x2apic popcnt tsc_deadline_timer aes xsave avx lahf_lm ida arat epb pln pts dtherm tpr_shadow vnmi flexpriority ept vpid xsaveopt
bugs		:
bogomips	: 4985.03
clflush size	: 64
cache_alignment	: 64
address sizes	: 36 bits physical, 48 bits virtual
power management:

processor	: 1
vendor_id	: GenuineIntel
cpu family	: 6
model		: 42
model name	: Intel(R) Core(TM) i5-2520M CPU @ 2.50GHz
stepping	: 7
microcode	: 0x29
cpu MHz		: 847.949
cache size	: 3072 KB
physical id	: 0
siblings	: 4
core id		: 0
cpu cores	: 2
apicid		: 1
initial apicid	: 1
fpu		: yes
fpu_exception	: yes
cpuid level	: 13
wp		: yes
flags		: fpu vme de pse tsc msr pae mce cx8 apic sep mtrr pge mca cmov pat pse36 clflush dts acpi mmx fxsr sse sse2 ss ht tm pbe syscall nx rdtscp lm constant_tsc arch_perfmon pebs bts nopl xtopology nonstop_tsc aperfmperf eagerfpu pni pclmulqdq dtes64 monitor ds_cpl vmx smx est tm2 ssse3 cx16 xtpr pdcm pcid sse4_1 sse4_2 x2apic popcnt tsc_deadline_timer aes xsave avx lahf_lm ida arat epb pln pts dtherm tpr_shadow vnmi flexpriority ept vpid xsaveopt
bugs		:
bogomips	: 4985.03
clflush size	: 64
cache_alignment	: 64
address sizes	: 36 bits physical, 48 bits virtual
power management:

processor	: 2
vendor_id	: GenuineIntel
cpu family	: 6
model		: 42
model name	: Intel(R) Core(TM) i5-2520M CPU @ 2.50GHz
stepping	: 7
microcode	: 0x29
cpu MHz		: 892.773
cache size	: 3072 KB
physical id	: 0
siblings	: 4
core id		: 1
cpu cores	: 2
apicid		: 2
initial apicid	: 2
fpu		: yes
fpu_exception	: yes
cpuid level	: 13
wp		: yes
flags		: fpu vme de pse tsc msr pae mce cx8 apic sep mtrr pge mca cmov pat pse36 clflush dts acpi mmx fxsr sse sse2 ss ht tm pbe syscall nx rdtscp lm constant_tsc arch_perfmon pebs bts nopl xtopology nonstop_tsc aperfmperf eagerfpu pni pclmulqdq dtes64 monitor ds_cpl vmx smx est tm2 ssse3 cx16 xtpr pdcm pcid sse4_1 sse4_2 x2apic popcnt tsc_deadline_timer aes xsave avx lahf_lm ida arat epb pln pts dtherm tpr_shadow vnmi flexpriority ept vpid xsaveopt
bugs		:
bogomips	: 4985.03
clflush size	: 64
cache_alignment	: 64
address sizes	: 36 bits physical, 48 bits virtual
power management:

processor	: 3
vendor_id	: GenuineIntel
cpu family	: 6
model		: 42
model name	: Intel(R) Core(TM) i5-2520M CPU @ 2.50GHz
stepping	: 7
microcode	: 0x29
cpu MHz		: 829.003
cache size	: 3072 KB
physical id	: 0
siblings	: 4
core id		: 1
cpu cores	: 2
apicid		: 3
initial apicid	: 3
fpu		: yes
fpu_exception	: yes
cpuid level	: 13
wp		: yes
flags		: fpu vme de pse tsc msr pae mce cx8 apic sep mtrr pge mca cmov pat pse36 clflush dts acpi mmx fxsr sse sse2 ss ht tm pbe syscall nx rdtscp lm constant_tsc arch_perfmon pebs bts nopl xtopology nonstop_tsc aperfmperf eagerfpu pni pclmulqdq dtes64 monitor ds_cpl vmx smx est tm2 ssse3 cx16 xtpr pdcm pcid sse4_1 sse4_2 x2apic popcnt tsc_deadline_timer aes xsave avx lahf_lm ida arat epb pln pts dtherm tpr_shadow vnmi flexpriority ept vpid xsaveopt
bugs		:
bogomips	: 4985.03
clflush size	: 64
cache_alignment	: 64
address sizes	: 36 bits physical, 48 bits virtual
power management:



Memory: 4k page, physical 4964160k(118348k free), swap 0k(0k free)

vm_info: OpenJDK 64-Bit Server VM (25.65-b01) for linux-amd64 JRE (1.8.0_65-b17), built on Oct 21 2015 14:15:11 by "builduser" with gcc 5.2.0

time: Fri Nov 27 11:08:55 2015
elapsed time: 9 seconds (0d 0h 0m 9s)

