#
# A fatal error has been detected by the Java Runtime Environment:
#
#  SIGBUS (0x7) at pc=0x00007f4ee4758cbd, pid=8184, tid=139975659026176
#
# JRE version: OpenJDK Runtime Environment (8.0_65-b17) (build 1.8.0_65-b17)
# Java VM: OpenJDK 64-Bit Server VM (25.65-b01 mixed mode linux-amd64 compressed oops)
# Problematic frame:
# C  [libzip.so+0x4cbd]
#
# Failed to write core dump. Core dumps have been disabled. To enable core dumping, try "ulimit -c unlimited" before starting Java again
#
# If you would like to submit a bug report, please visit:
#   http://bugreport.java.com/bugreport/crash.jsp
# The crash happened outside the Java Virtual Machine in native code.
# See problematic frame for where to report the bug.
#

---------------  T H R E A D  ---------------

Current thread (0x00007f4ee0262000):  JavaThread "qtp2129789493-16" [_thread_in_native, id=8211, stack(0x00007f4e9f5ef000,0x00007f4e9f6f0000)]

siginfo: si_signo: 7 (SIGBUS), si_code: 2 (BUS_ADRERR), si_addr: 0x00007f4e9f1bf6be

Registers:
RAX=0x00007f4e784f1620, RBX=0x00007f4ee03053d0, RCX=0x00007f4e9f1bf69e, RDX=0x00007f4e784f1620
RSP=0x00007f4e9f6ede80, RBP=0x00007f4e9f6edef0, RSI=0x0000000000000003, RDI=0x00007f4e78000038
R8 =0x00000000b33c3dd6, R9 =0x0000000000000050, R10=0x00007f4ed117b218, R11=0x000000000000008a
R12=0x00007f4ee03099d8, R13=0x00007f4e9f6edf8d, R14=0x00007f4e780176d0, R15=0x00007f4e784f1620
RIP=0x00007f4ee4758cbd, EFLAGS=0x0000000000010202, CSGSFS=0x9313000000000033, ERR=0x0000000000000004
  TRAPNO=0x000000000000000e

Top of Stack: (sp=0x00007f4e9f6ede80)
0x00007f4e9f6ede80:   3b876eaf0000000d 00007f4ed1046960
0x00007f4e9f6ede90:   00007f4ee0262a88 00007f4e9f6ee100
0x00007f4e9f6edea0:   0000000000000009 00007f4ee0262a30
0x00007f4e9f6edeb0:   000000009f6edf30 00007f4ee5d19290
0x00007f4e9f6edec0:   000000000000002e 00007f4ee03099d0
0x00007f4e9f6eded0:   00000000b33c3dd6 00007f4e9f6edf8d
0x00007f4e9f6edee0:   00007f4e780176d0 00007f4ee03053d0
0x00007f4e9f6edef0:   00007f4e9f6edf40 00007f4ee4759a04
0x00007f4e9f6edf00:   00007f4e9f6edf60 0000002e01cd6600
0x00007f4e9f6edf10:   00007f4e0000000a 000000000000002e
0x00007f4e9f6edf20:   00007f4ee02621e0 00000000b5c537a0
0x00007f4e9f6edf30:   00007f4e9f6ee3b8 00007f4ee03053d0
0x00007f4e9f6edf40:   00007f4e9f6ee3a0 00007f4ee47579fc
0x00007f4e9f6edf50:   00007f4e9f6edf60 000000019f6ee100
0x00007f4e9f6edf60:   65722f616c616373 6e692f7463656c66
0x00007f4e9f6edf70:   532f6c616e726574 6353247365706f63
0x00007f4e9f6edf80:   7972746e4565706f 00007373616c632e
0x00007f4e9f6edf90:   00007f4ee0262000 00007f4ee0262a30
0x00007f4e9f6edfa0:   00007f4ee0262a70 00007f4ee0262a90
0x00007f4e9f6edfb0:   00007f4ee0262b58 00000000000000d8
0x00007f4e9f6edfc0:   00007f4e9f6eeb60 00007f4ee0262000
0x00007f4e9f6edfd0:   00007f4ee0262000 00007f4e78000a30
0x00007f4e9f6edfe0:   00007f4ed0135568 0000000000000000
0x00007f4e9f6edff0:   00007f4e9f6ee190 0000000000000000
0x00007f4e9f6ee000:   00007f4e9f6ee360 00007f4e9f6ee070
0x00007f4e9f6ee010:   00000000d8b74e69 0ed0d899a1cd6600
0x00007f4e9f6ee020:   0000000000000000 00007f4ee0262000
0x00007f4e9f6ee030:   00007f4e9f6ee090 00007f4e9f6ee0a0
0x00007f4e9f6ee040:   00007f4ee0262a88 00007f4e9f6ee080
0x00007f4e9f6ee050:   00007f4e9f6ee150 00007f4ee5acc660
0x00007f4e9f6ee060:   8f6d2fa5b331564e 019982ab6c3cce06
0x00007f4e9f6ee070:   7ebd42af0000000e c0aa02419f6edea0 

Instructions: (pc=0x00007f4ee4758cbd)
0x00007f4ee4758c9d:   40 30 00 00 00 00 48 c7 40 28 00 00 00 00 0f 84
0x00007f4ee4758cad:   bf 01 00 00 49 8b 0c 24 48 2b 4b 28 48 03 4b 18
0x00007f4ee4758cbd:   0f b7 41 20 44 0f b7 69 1c 49 89 ce 44 0f b7 61
0x00007f4ee4758ccd:   1e 89 45 c0 41 8b 46 0c 48 c7 45 c8 00 00 00 00 

Register to memory mapping:

RAX=0x00007f4e784f1620 is an unknown value
RBX=0x00007f4ee03053d0 is an unknown value
RCX=0x00007f4e9f1bf69e is an unknown value
RDX=0x00007f4e784f1620 is an unknown value
RSP=0x00007f4e9f6ede80 is pointing into the stack for thread: 0x00007f4ee0262000
RBP=0x00007f4e9f6edef0 is pointing into the stack for thread: 0x00007f4ee0262000
RSI=0x0000000000000003 is an unknown value
RDI=0x00007f4e78000038 is an unknown value
R8 =0x00000000b33c3dd6 is an unknown value
R9 =0x0000000000000050 is an unknown value
R10=0x00007f4ed117b218 is at entry_point+88 in (nmethod*)0x00007f4ed117b050
R11=0x000000000000008a is an unknown value
R12=0x00007f4ee03099d8 is an unknown value
R13=0x00007f4e9f6edf8d is pointing into the stack for thread: 0x00007f4ee0262000
R14=0x00007f4e780176d0 is an unknown value
R15=0x00007f4e784f1620 is an unknown value


Stack: [0x00007f4e9f5ef000,0x00007f4e9f6f0000],  sp=0x00007f4e9f6ede80,  free space=1019k
Native frames: (J=compiled Java code, j=interpreted, Vv=VM code, C=native code)
C  [libzip.so+0x4cbd]
C  [libzip.so+0x5a04]
C  [libzip.so+0x39fc]  Java_java_util_zip_ZipFile_getEntry+0xec
J 200  java.util.zip.ZipFile.getEntry(J[BZ)J (0 bytes) @ 0x00007f4ed117b28e [0x00007f4ed117b1c0+0xce]
J 808 C2 org.eclipse.jetty.util.resource.JarResource.checkConnection()Z (51 bytes) @ 0x00007f4ed140278c [0x00007f4ed1400400+0x238c]
J 844 C2 org.eclipse.jetty.util.resource.JarFileResource.checkConnection()Z (78 bytes) @ 0x00007f4ed13fdc98 [0x00007f4ed13fdc20+0x78]
J 708 C1 org.eclipse.jetty.util.resource.JarResource.getInputStream()Ljava/io/InputStream; (62 bytes) @ 0x00007f4ed1343694 [0x00007f4ed1343580+0x114]
J 722 C1 org.eclipse.jetty.annotations.AnnotationParser.parseJarEntry(Ljava/util/Set;Lorg/eclipse/jetty/util/resource/Resource;Ljava/util/jar/JarEntry;Lorg/eclipse/jetty/annotations/ClassNameResolver;)V (181 bytes) @ 0x00007f4ed13416fc [0x00007f4ed133ff20+0x17dc]
j  org.eclipse.jetty.annotations.AnnotationParser.parseJar(Ljava/util/Set;Lorg/eclipse/jetty/util/resource/Resource;Lorg/eclipse/jetty/annotations/ClassNameResolver;)V+96
j  org.eclipse.jetty.annotations.AnnotationParser.parse(Ljava/util/Set;Lorg/eclipse/jetty/util/resource/Resource;Lorg/eclipse/jetty/annotations/ClassNameResolver;)V+47
j  org.eclipse.jetty.annotations.AnnotationConfiguration$ParserTask.call()Ljava/lang/Void;+37
j  org.eclipse.jetty.annotations.AnnotationConfiguration$1.run()V+4
j  org.eclipse.jetty.util.thread.QueuedThreadPool.runJob(Ljava/lang/Runnable;)V+1
j  org.eclipse.jetty.util.thread.QueuedThreadPool$3.run()V+73
j  java.lang.Thread.run()V+11
v  ~StubRoutines::call_stub
V  [libjvm.so+0x65e81b]
V  [libjvm.so+0x65bde4]
V  [libjvm.so+0x65c3c7]
V  [libjvm.so+0x69acd4]
V  [libjvm.so+0x9fc377]
V  [libjvm.so+0x9fc775]
V  [libjvm.so+0x8a6292]
C  [libpthread.so.0+0x74a4]  start_thread+0xc4

Java frames: (J=compiled Java code, j=interpreted, Vv=VM code)
J 200  java.util.zip.ZipFile.getEntry(J[BZ)J (0 bytes) @ 0x00007f4ed117b218 [0x00007f4ed117b1c0+0x58]
J 808 C2 org.eclipse.jetty.util.resource.JarResource.checkConnection()Z (51 bytes) @ 0x00007f4ed140278c [0x00007f4ed1400400+0x238c]
J 844 C2 org.eclipse.jetty.util.resource.JarFileResource.checkConnection()Z (78 bytes) @ 0x00007f4ed13fdc98 [0x00007f4ed13fdc20+0x78]
J 708 C1 org.eclipse.jetty.util.resource.JarResource.getInputStream()Ljava/io/InputStream; (62 bytes) @ 0x00007f4ed1343694 [0x00007f4ed1343580+0x114]
J 722 C1 org.eclipse.jetty.annotations.AnnotationParser.parseJarEntry(Ljava/util/Set;Lorg/eclipse/jetty/util/resource/Resource;Ljava/util/jar/JarEntry;Lorg/eclipse/jetty/annotations/ClassNameResolver;)V (181 bytes) @ 0x00007f4ed13416fc [0x00007f4ed133ff20+0x17dc]
j  org.eclipse.jetty.annotations.AnnotationParser.parseJar(Ljava/util/Set;Lorg/eclipse/jetty/util/resource/Resource;Lorg/eclipse/jetty/annotations/ClassNameResolver;)V+96
j  org.eclipse.jetty.annotations.AnnotationParser.parse(Ljava/util/Set;Lorg/eclipse/jetty/util/resource/Resource;Lorg/eclipse/jetty/annotations/ClassNameResolver;)V+47
j  org.eclipse.jetty.annotations.AnnotationConfiguration$ParserTask.call()Ljava/lang/Void;+37
j  org.eclipse.jetty.annotations.AnnotationConfiguration$1.run()V+4
j  org.eclipse.jetty.util.thread.QueuedThreadPool.runJob(Ljava/lang/Runnable;)V+1
j  org.eclipse.jetty.util.thread.QueuedThreadPool$3.run()V+73
j  java.lang.Thread.run()V+11
v  ~StubRoutines::call_stub

---------------  P R O C E S S  ---------------

Java Threads: ( => current thread )
  0x00007f4ee0265800 JavaThread "qtp2129789493-18" [_thread_blocked, id=8213, stack(0x00007f4e9f3ed000,0x00007f4e9f4ee000)]
  0x00007f4ee0264000 JavaThread "qtp2129789493-17" [_thread_blocked, id=8212, stack(0x00007f4e9f4ee000,0x00007f4e9f5ef000)]
=>0x00007f4ee0262000 JavaThread "qtp2129789493-16" [_thread_in_native, id=8211, stack(0x00007f4e9f5ef000,0x00007f4e9f6f0000)]
  0x00007f4ee0260800 JavaThread "qtp2129789493-15" [_thread_blocked, id=8210, stack(0x00007f4e9f6f0000,0x00007f4e9f7f1000)]
  0x00007f4ee025e800 JavaThread "qtp2129789493-14" [_thread_blocked, id=8209, stack(0x00007f4e9f7f1000,0x00007f4e9f8f2000)]
  0x00007f4ee025d000 JavaThread "qtp2129789493-13" [_thread_blocked, id=8208, stack(0x00007f4e9f8f2000,0x00007f4e9f9f3000)]
  0x00007f4ee025b800 JavaThread "qtp2129789493-12" [_thread_blocked, id=8207, stack(0x00007f4e9f9f3000,0x00007f4e9faf4000)]
  0x00007f4ee025a000 JavaThread "qtp2129789493-11" [_thread_blocked, id=8206, stack(0x00007f4e9faf4000,0x00007f4e9fbf5000)]
  0x00007f4ee00c0800 JavaThread "Service Thread" daemon [_thread_blocked, id=8204, stack(0x00007f4e9feff000,0x00007f4ea0000000)]
  0x00007f4ee00bb800 JavaThread "C1 CompilerThread2" daemon [_thread_blocked, id=8203, stack(0x00007f4ec008e000,0x00007f4ec018f000)]
  0x00007f4ee00b9800 JavaThread "C2 CompilerThread1" daemon [_thread_in_native, id=8202, stack(0x00007f4ec018f000,0x00007f4ec0290000)]
  0x00007f4ee00b6800 JavaThread "C2 CompilerThread0" daemon [_thread_in_native, id=8201, stack(0x00007f4ec0290000,0x00007f4ec0391000)]
  0x00007f4ee00b5000 JavaThread "Signal Dispatcher" daemon [_thread_blocked, id=8200, stack(0x00007f4ec0391000,0x00007f4ec0492000)]
  0x00007f4ee007d000 JavaThread "Finalizer" daemon [_thread_blocked, id=8199, stack(0x00007f4ec0620000,0x00007f4ec0721000)]
  0x00007f4ee007b000 JavaThread "Reference Handler" daemon [_thread_in_Java, id=8198, stack(0x00007f4ec0721000,0x00007f4ec0822000)]
  0x00007f4ee0008800 JavaThread "main" [_thread_blocked, id=8192, stack(0x00007f4ee70b6000,0x00007f4ee71b7000)]

Other Threads:
  0x00007f4ee0076000 VMThread [stack: 0x00007f4ec0822000,0x00007f4ec0923000] [id=8197]
  0x00007f4ee00c3000 WatcherThread [stack: 0x00007f4e9fdfe000,0x00007f4e9feff000] [id=8205]

VM state:synchronizing (normal execution)

VM Mutex/Monitor currently owned by a thread:  ([mutex/lock_event])
[0x00007f4ee0006490] Safepoint_lock - owner thread: 0x00007f4ee0076000
[0x00007f4ee0006510] Threads_lock - owner thread: 0x00007f4ee0076000

Heap:
 PSYoungGen      total 300544K, used 5844K [0x00000000e6c00000, 0x0000000100000000, 0x0000000100000000)
  eden space 268288K, 2% used [0x00000000e6c00000,0x00000000e71b5240,0x00000000f7200000)
  from space 32256K, 0% used [0x00000000f7200000,0x00000000f7200000,0x00000000f9180000)
  to   space 55296K, 0% used [0x00000000fca00000,0x00000000fca00000,0x0000000100000000)
 ParOldGen       total 169984K, used 94839K [0x00000000b4400000, 0x00000000bea00000, 0x00000000e6c00000)
  object space 169984K, 55% used [0x00000000b4400000,0x00000000ba09dfc0,0x00000000bea00000)
 Metaspace       used 8259K, capacity 8324K, committed 8576K, reserved 1056768K
  class space    used 874K, capacity 880K, committed 896K, reserved 1048576K

Card table byte_map: [0x00007f4ee4135000,0x00007f4ee4394000] byte_map_base: 0x00007f4ee3b93000

Marking Bits: (ParMarkBitMap*) 0x00007f4ee63d17e0
 Begin Bits: [0x00007f4ec1a20000, 0x00007f4ec2d10000)
 End Bits:   [0x00007f4ec2d10000, 0x00007f4ec4000000)

Polling page: 0x00007f4ee71f3000

CodeCache: size=245760Kb used=4696Kb max_used=4709Kb free=241063Kb
 bounds [0x00007f4ed1000000, 0x00007f4ed14b0000, 0x00007f4ee0000000]
 total_blobs=1221 nmethods=913 adapters=223
 compilation: enabled

Compilation events (10 events):
Event: 5.794 Thread 0x00007f4ee00b9800 nmethod 926 0x00007f4ed147b950 code [0x00007f4ed147baa0, 0x00007f4ed147bc78]
Event: 5.794 Thread 0x00007f4ee00b9800  927       4       java.lang.CharacterDataLatin1::isJavaIdentifierStart (23 bytes)
Event: 5.795 Thread 0x00007f4ee00b9800 nmethod 927 0x00007f4ed143a4d0 code [0x00007f4ed143a620, 0x00007f4ed143a6d8]
Event: 5.795 Thread 0x00007f4ee00b9800  928       4       java.io.File::getName (42 bytes)
Event: 5.811 Thread 0x00007f4ee00bb800  938       2       java.util.concurrent.locks.AbstractQueuedSynchronizer::compareAndSetState (13 bytes)
Event: 5.811 Thread 0x00007f4ee00bb800 nmethod 938 0x00007f4ed1455e50 code [0x00007f4ed1455fa0, 0x00007f4ed1456110]
Event: 5.812 Thread 0x00007f4ee00b9800 nmethod 928 0x00007f4ed1455410 code [0x00007f4ed14555a0, 0x00007f4ed1455a98]
Event: 5.812 Thread 0x00007f4ee00b9800  930       4       java.io.UnixFileSystem::getBooleanAttributes (49 bytes)
Event: 5.825 Thread 0x00007f4ee00b9800 nmethod 930 0x00007f4ed14773d0 code [0x00007f4ed1477580, 0x00007f4ed1477b68]
Event: 5.825 Thread 0x00007f4ee00b9800  940       4       java.net.URI$Parser::parseHierarchical (180 bytes)

GC Heap History (10 events):
Event: 3.609 GC heap before
{Heap before GC invocations=7 (full 0):
 PSYoungGen      total 150016K, used 150014K [0x00000000e6c00000, 0x00000000f2500000, 0x0000000100000000)
  eden space 144384K, 100% used [0x00000000e6c00000,0x00000000ef900000,0x00000000ef900000)
  from space 5632K, 99% used [0x00000000f0980000,0x00000000f0effa90,0x00000000f0f00000)
  to   space 16896K, 0% used [0x00000000ef900000,0x00000000ef900000,0x00000000f0980000)
 ParOldGen       total 52224K, used 20989K [0x00000000b4400000, 0x00000000b7700000, 0x00000000e6c00000)
  object space 52224K, 40% used [0x00000000b4400000,0x00000000b587f7a8,0x00000000b7700000)
 Metaspace       used 8240K, capacity 8324K, committed 8576K, reserved 1056768K
  class space    used 872K, capacity 880K, committed 896K, reserved 1048576K
Event: 3.658 GC heap after
Heap after GC invocations=7 (full 0):
 PSYoungGen      total 161280K, used 16886K [0x00000000e6c00000, 0x00000000fca00000, 0x0000000100000000)
  eden space 144384K, 0% used [0x00000000e6c00000,0x00000000e6c00000,0x00000000ef900000)
  from space 16896K, 99% used [0x00000000ef900000,0x00000000f097da58,0x00000000f0980000)
  to   space 34816K, 0% used [0x00000000fa800000,0x00000000fa800000,0x00000000fca00000)
 ParOldGen       total 52224K, used 48672K [0x00000000b4400000, 0x00000000b7700000, 0x00000000e6c00000)
  object space 52224K, 93% used [0x00000000b4400000,0x00000000b73883c0,0x00000000b7700000)
 Metaspace       used 8240K, capacity 8324K, committed 8576K, reserved 1056768K
  class space    used 872K, capacity 880K, committed 896K, reserved 1048576K
}
Event: 3.658 GC heap before
{Heap before GC invocations=8 (full 1):
 PSYoungGen      total 161280K, used 16886K [0x00000000e6c00000, 0x00000000fca00000, 0x0000000100000000)
  eden space 144384K, 0% used [0x00000000e6c00000,0x00000000e6c00000,0x00000000ef900000)
  from space 16896K, 99% used [0x00000000ef900000,0x00000000f097da58,0x00000000f0980000)
  to   space 34816K, 0% used [0x00000000fa800000,0x00000000fa800000,0x00000000fca00000)
 ParOldGen       total 52224K, used 48672K [0x00000000b4400000, 0x00000000b7700000, 0x00000000e6c00000)
  object space 52224K, 93% used [0x00000000b4400000,0x00000000b73883c0,0x00000000b7700000)
 Metaspace       used 8240K, capacity 8324K, committed 8576K, reserved 1056768K
  class space    used 872K, capacity 880K, committed 896K, reserved 1048576K
Event: 3.779 GC heap after
Heap after GC invocations=8 (full 1):
 PSYoungGen      total 161280K, used 8610K [0x00000000e6c00000, 0x00000000fca00000, 0x0000000100000000)
  eden space 144384K, 0% used [0x00000000e6c00000,0x00000000e6c00000,0x00000000ef900000)
  from space 16896K, 50% used [0x00000000ef900000,0x00000000f01688e0,0x00000000f0980000)
  to   space 34816K, 0% used [0x00000000fa800000,0x00000000fa800000,0x00000000fca00000)
 ParOldGen       total 101888K, used 51864K [0x00000000b4400000, 0x00000000ba780000, 0x00000000e6c00000)
  object space 101888K, 50% used [0x00000000b4400000,0x00000000b76a6108,0x00000000ba780000)
 Metaspace       used 8240K, capacity 8324K, committed 8576K, reserved 1056768K
  class space    used 872K, capacity 880K, committed 896K, reserved 1048576K
}
Event: 3.779 GC heap before
{Heap before GC invocations=9 (full 1):
 PSYoungGen      total 161280K, used 9309K [0x00000000e6c00000, 0x00000000fca00000, 0x0000000100000000)
  eden space 144384K, 0% used [0x00000000e6c00000,0x00000000e6caedf8,0x00000000ef900000)
  from space 16896K, 50% used [0x00000000ef900000,0x00000000f01688e0,0x00000000f0980000)
  to   space 34816K, 0% used [0x00000000fa800000,0x00000000fa800000,0x00000000fca00000)
 ParOldGen       total 101888K, used 51864K [0x00000000b4400000, 0x00000000ba780000, 0x00000000e6c00000)
  object space 101888K, 50% used [0x00000000b4400000,0x00000000b76a6108,0x00000000ba780000)
 Metaspace       used 8240K, capacity 8324K, committed 8576K, reserved 1056768K
  class space    used 872K, capacity 880K, committed 896K, reserved 1048576K
Event: 3.793 GC heap after
Heap after GC invocations=9 (full 1):
 PSYoungGen      total 250368K, used 9142K [0x00000000e6c00000, 0x00000000fb100000, 0x0000000100000000)
  eden space 241152K, 0% used [0x00000000e6c00000,0x00000000e6c00000,0x00000000f5780000)
  from space 9216K, 99% used [0x00000000fa800000,0x00000000fb0edb40,0x00000000fb100000)
  to   space 32256K, 0% used [0x00000000f7200000,0x00000000f7200000,0x00000000f9180000)
 ParOldGen       total 101888K, used 51888K [0x00000000b4400000, 0x00000000ba780000, 0x00000000e6c00000)
  object space 101888K, 50% used [0x00000000b4400000,0x00000000b76ac108,0x00000000ba780000)
 Metaspace       used 8240K, capacity 8324K, committed 8576K, reserved 1056768K
  class space    used 872K, capacity 880K, committed 896K, reserved 1048576K
}
Event: 5.832 GC heap before
{Heap before GC invocations=10 (full 1):
 PSYoungGen      total 250368K, used 250294K [0x00000000e6c00000, 0x00000000fb100000, 0x0000000100000000)
  eden space 241152K, 100% used [0x00000000e6c00000,0x00000000f5780000,0x00000000f5780000)
  from space 9216K, 99% used [0x00000000fa800000,0x00000000fb0edb40,0x00000000fb100000)
  to   space 32256K, 0% used [0x00000000f7200000,0x00000000f7200000,0x00000000f9180000)
 ParOldGen       total 101888K, used 51888K [0x00000000b4400000, 0x00000000ba780000, 0x00000000e6c00000)
  object space 101888K, 50% used [0x00000000b4400000,0x00000000b76ac108,0x00000000ba780000)
 Metaspace       used 8257K, capacity 8324K, committed 8576K, reserved 1056768K
  class space    used 874K, capacity 880K, committed 896K, reserved 1048576K
Event: 5.943 GC heap after
Heap after GC invocations=10 (full 1):
 PSYoungGen      total 300544K, used 32246K [0x00000000e6c00000, 0x0000000100000000, 0x0000000100000000)
  eden space 268288K, 0% used [0x00000000e6c00000,0x00000000e6c00000,0x00000000f7200000)
  from space 32256K, 99% used [0x00000000f7200000,0x00000000f917dad8,0x00000000f9180000)
  to   space 55296K, 0% used [0x00000000fca00000,0x00000000fca00000,0x0000000100000000)
 ParOldGen       total 101888K, used 93613K [0x00000000b4400000, 0x00000000ba780000, 0x00000000e6c00000)
  object space 101888K, 91% used [0x00000000b4400000,0x00000000b9f6b6f0,0x00000000ba780000)
 Metaspace       used 8257K, capacity 8324K, committed 8576K, reserved 1056768K
  class space    used 874K, capacity 880K, committed 896K, reserved 1048576K
}
Event: 5.943 GC heap before
{Heap before GC invocations=11 (full 2):
 PSYoungGen      total 300544K, used 32246K [0x00000000e6c00000, 0x0000000100000000, 0x0000000100000000)
  eden space 268288K, 0% used [0x00000000e6c00000,0x00000000e6c00000,0x00000000f7200000)
  from space 32256K, 99% used [0x00000000f7200000,0x00000000f917dad8,0x00000000f9180000)
  to   space 55296K, 0% used [0x00000000fca00000,0x00000000fca00000,0x0000000100000000)
 ParOldGen       total 101888K, used 93613K [0x00000000b4400000, 0x00000000ba780000, 0x00000000e6c00000)
  object space 101888K, 91% used [0x00000000b4400000,0x00000000b9f6b6f0,0x00000000ba780000)
 Metaspace       used 8257K, capacity 8324K, committed 8576K, reserved 1056768K
  class space    used 874K, capacity 880K, committed 896K, reserved 1048576K
Event: 6.107 GC heap after
Heap after GC invocations=11 (full 2):
 PSYoungGen      total 300544K, used 0K [0x00000000e6c00000, 0x0000000100000000, 0x0000000100000000)
  eden space 268288K, 0% used [0x00000000e6c00000,0x00000000e6c00000,0x00000000f7200000)
  from space 32256K, 0% used [0x00000000f7200000,0x00000000f7200000,0x00000000f9180000)
  to   space 55296K, 0% used [0x00000000fca00000,0x00000000fca00000,0x0000000100000000)
 ParOldGen       total 169984K, used 94839K [0x00000000b4400000, 0x00000000bea00000, 0x00000000e6c00000)
  object space 169984K, 55% used [0x00000000b4400000,0x00000000ba09dfc0,0x00000000bea00000)
 Metaspace       used 8257K, capacity 8324K, committed 8576K, reserved 1056768K
  class space    used 874K, capacity 880K, committed 896K, reserved 1048576K
}

Deoptimization events (10 events):
Event: 1.266 Thread 0x00007f4ee0264000 Uncommon trap: reason=unstable_if action=reinterpret pc=0x00007f4ed1345638 method=java.util.zip.ZipInputStream.read([BII)I @ 38
Event: 1.267 Thread 0x00007f4ee0264000 Uncommon trap: reason=unstable_if action=reinterpret pc=0x00007f4ed134b650 method=java.util.zip.ZipInputStream.read([BII)I @ 38
Event: 2.179 Thread 0x00007f4ee025d000 Uncommon trap: reason=unstable_if action=reinterpret pc=0x00007f4ed1399e6c method=org.objectweb.asm.ClassReader.b(Lorg/objectweb/asm/ClassVisitor;Lorg/objectweb/asm/Context;I)I @ 742
Event: 2.290 Thread 0x00007f4ee025d000 Uncommon trap: reason=unstable_if action=reinterpret pc=0x00007f4ed13b6160 method=org.objectweb.asm.ClassReader.a(Lorg/objectweb/asm/ClassVisitor;Lorg/objectweb/asm/Context;I)I @ 133
Event: 3.312 Thread 0x00007f4ee025b800 Uncommon trap: reason=unstable_if action=reinterpret pc=0x00007f4ed131e050 method=org.objectweb.asm.ClassReader.a(II[C)Ljava/lang/String; @ 77
Event: 3.419 Thread 0x00007f4ee025b800 Uncommon trap: reason=unstable_if action=reinterpret pc=0x00007f4ed132a068 method=org.objectweb.asm.ClassReader.a(II[C)Ljava/lang/String; @ 77
Event: 3.876 Thread 0x00007f4ee025e800 Uncommon trap: reason=unstable_if action=reinterpret pc=0x00007f4ed13cfebc method=java.util.WeakHashMap.expungeStaleEntries()V @ 53
Event: 3.947 Thread 0x00007f4ee025d000 Uncommon trap: reason=unstable_if action=reinterpret pc=0x00007f4ed141ae0c method=org.objectweb.asm.ClassReader.b(Lorg/objectweb/asm/ClassVisitor;Lorg/objectweb/asm/Context;I)I @ 303
Event: 5.775 Thread 0x00007f4ee025a000 Uncommon trap: reason=unstable_if action=reinterpret pc=0x00007f4ed132eee4 method=java.io.PushbackInputStream.read([BII)I @ 122
Event: 5.775 Thread 0x00007f4ee025a000 Uncommon trap: reason=unstable_if action=reinterpret pc=0x00007f4ed136db0c method=java.io.PushbackInputStream.read([BII)I @ 122

Internal exceptions (10 events):
Event: 0.164 Thread 0x00007f4ee0008800 Exception <a 'java/security/PrivilegedActionException'> (0x00000000e6dd81a8) thrown at [/build/java8-openjdk/src/jdk8u-jdk8u65-b17/hotspot/src/share/vm/prims/jvm.cpp, line 1386]
Event: 0.165 Thread 0x00007f4ee0008800 Exception <a 'java/security/PrivilegedActionException'> (0x00000000e6dda028) thrown at [/build/java8-openjdk/src/jdk8u-jdk8u65-b17/hotspot/src/share/vm/prims/jvm.cpp, line 1386]
Event: 0.165 Thread 0x00007f4ee0008800 Exception <a 'java/security/PrivilegedActionException'> (0x00000000e6dda238) thrown at [/build/java8-openjdk/src/jdk8u-jdk8u65-b17/hotspot/src/share/vm/prims/jvm.cpp, line 1386]
Event: 0.165 Thread 0x00007f4ee0008800 Exception <a 'java/security/PrivilegedActionException'> (0x00000000e6ddac90) thrown at [/build/java8-openjdk/src/jdk8u-jdk8u65-b17/hotspot/src/share/vm/prims/jvm.cpp, line 1386]
Event: 0.165 Thread 0x00007f4ee0008800 Exception <a 'java/security/PrivilegedActionException'> (0x00000000e6ddaea0) thrown at [/build/java8-openjdk/src/jdk8u-jdk8u65-b17/hotspot/src/share/vm/prims/jvm.cpp, line 1386]
Event: 0.181 Thread 0x00007f4ee0008800 Exception <a 'java/lang/NoClassDefFoundError': org/slf4j/Logger> (0x00000000e6e00b78) thrown at [/build/java8-openjdk/src/jdk8u-jdk8u65-b17/hotspot/src/share/vm/classfile/systemDictionary.cpp, line 199]
Event: 0.906 Thread 0x00007f4ee0008800 Exception <a 'java/io/FileNotFoundException'> (0x00000000ea6fb208) thrown at [/build/java8-openjdk/src/jdk8u-jdk8u65-b17/hotspot/src/share/vm/prims/jni.cpp, line 709]
Event: 1.266 Thread 0x00007f4ee0264000 Implicit null exception at 0x00007f4ed13452cc to 0x00007f4ed134562d
Event: 1.267 Thread 0x00007f4ee0264000 Implicit null exception at 0x00007f4ed134b37e to 0x00007f4ed134b641
Event: 6.107 Thread 0x00007f4ee0265800 Exception <a 'java/util/zip/ZipException'> (0x00000000e6e8b0b8) thrown at [/build/java8-openjdk/src/jdk8u-jdk8u65-b17/hotspot/src/share/vm/prims/jni.cpp, line 709]

Events (10 events):
Event: 5.775 Thread 0x00007f4ee025a000 Uncommon trap: trap_request=0xffffff65 fr.pc=0x00007f4ed136db0c
Event: 5.775 Thread 0x00007f4ee025a000 DEOPT PACKING pc=0x00007f4ed136db0c sp=0x00007f4e9fbf3530
Event: 5.775 Thread 0x00007f4ee025a000 DEOPT UNPACKING pc=0x00007f4ed1004f69 sp=0x00007f4e9fbf34d8 mode 2
Event: 5.775 loading class java/util/zip/DataFormatException
Event: 5.810 loading class java/util/zip/ZipException
Event: 5.811 loading class java/util/zip/DataFormatException done
Event: 5.832 Executing VM operation: ParallelGCFailedAllocation
Event: 6.107 Executing VM operation: ParallelGCFailedAllocation done
Event: 6.107 loading class java/util/zip/ZipException done
Event: 6.113 Executing VM operation: RevokeBias


Dynamic libraries:
00400000-00401000 r-xp 00000000 08:03 1049889                            /usr/lib/jvm/java-8-openjdk/jre/bin/java
00600000-00601000 rw-p 00000000 08:03 1049889                            /usr/lib/jvm/java-8-openjdk/jre/bin/java
00a48000-00a69000 rw-p 00000000 00:00 0                                  [heap]
b4400000-bea00000 rw-p 00000000 00:00 0 
bea00000-e6c00000 ---p 00000000 00:00 0 
e6c00000-100000000 rw-p 00000000 00:00 0 
100000000-1000e0000 rw-p 00000000 00:00 0 
1000e0000-140000000 ---p 00000000 00:00 0 
7f4e50000000-7f4e50352000 rw-p 00000000 00:00 0 
7f4e50352000-7f4e54000000 ---p 00000000 00:00 0 
7f4e58000000-7f4e592f6000 rw-p 00000000 00:00 0 
7f4e592f6000-7f4e5c000000 ---p 00000000 00:00 0 
7f4e5c000000-7f4e5d733000 rw-p 00000000 00:00 0 
7f4e5d733000-7f4e60000000 ---p 00000000 00:00 0 
7f4e60000000-7f4e610ed000 rw-p 00000000 00:00 0 
7f4e610ed000-7f4e64000000 ---p 00000000 00:00 0 
7f4e64000000-7f4e660ce000 rw-p 00000000 00:00 0 
7f4e660ce000-7f4e68000000 ---p 00000000 00:00 0 
7f4e68000000-7f4e6bfff000 rw-p 00000000 00:00 0 
7f4e6bfff000-7f4e6c000000 ---p 00000000 00:00 0 
7f4e6c000000-7f4e6fffe000 rw-p 00000000 00:00 0 
7f4e6fffe000-7f4e70000000 ---p 00000000 00:00 0 
7f4e70000000-7f4e74000000 rw-p 00000000 00:00 0 
7f4e74000000-7f4e77ffd000 rw-p 00000000 00:00 0 
7f4e77ffd000-7f4e78000000 ---p 00000000 00:00 0 
7f4e78000000-7f4e7bfff000 rw-p 00000000 00:00 0 
7f4e7bfff000-7f4e7c000000 ---p 00000000 00:00 0 
7f4e7c000000-7f4e7effd000 rw-p 00000000 00:00 0 
7f4e7effd000-7f4e80000000 ---p 00000000 00:00 0 
7f4e80000000-7f4e81ec4000 rw-p 00000000 00:00 0 
7f4e81ec4000-7f4e84000000 ---p 00000000 00:00 0 
7f4e84000000-7f4e87ffd000 rw-p 00000000 00:00 0 
7f4e87ffd000-7f4e88000000 ---p 00000000 00:00 0 
7f4e88000000-7f4e8bfff000 rw-p 00000000 00:00 0 
7f4e8bfff000-7f4e8c000000 ---p 00000000 00:00 0 
7f4e8c000000-7f4e8ec35000 rw-p 00000000 00:00 0 
7f4e8ec35000-7f4e90000000 ---p 00000000 00:00 0 
7f4e90000000-7f4e90021000 rw-p 00000000 00:00 0 
7f4e90021000-7f4e94000000 ---p 00000000 00:00 0 
7f4e94000000-7f4e98000000 rw-p 00000000 00:00 0 
7f4e98000000-7f4e98021000 rw-p 00000000 00:00 0 
7f4e98021000-7f4e9c000000 ---p 00000000 00:00 0 
7f4e9ef5a000-7f4e9ef5d000 rw-p 00000000 00:00 0 
7f4e9ef5d000-7f4e9ef61000 r--s 0003c000 08:03 807145                     /home/aoi/Code/GroupProject-4102-ScalaAPI/target/webapp/WEB-INF/lib/jackson-core-2.6.3.jar
7f4e9ef61000-7f4e9f051000 r--s 00c16000 08:03 807166                     /home/aoi/Code/GroupProject-4102-ScalaAPI/target/webapp/WEB-INF/lib/scala-compiler-2.11.0.jar
7f4e9f051000-7f4e9f144000 r--s 00c0b000 08:03 808300                     /home/aoi/Code/GroupProject-4102-ScalaAPI/target/webapp/WEB-INF/lib/scala-compiler-2.11.4.jar
7f4e9f144000-7f4e9f175000 r--s 001c8000 08:03 808294                     /home/aoi/Code/GroupProject-4102-ScalaAPI/target/webapp/WEB-INF/lib/argonaut_2.11-6.0.4.jar
7f4e9f175000-7f4e9f182000 r--s 00071000 08:03 807150                     /home/aoi/Code/GroupProject-4102-ScalaAPI/target/webapp/WEB-INF/lib/jackson-module-scala_2.11-2.6.3.jar
7f4e9f182000-7f4e9f183000 r--s 00001000 08:03 807143                     /home/aoi/Code/GroupProject-4102-ScalaAPI/target/webapp/WEB-INF/lib/grizzled-slf4j_2.11-1.0.2.jar
7f4e9f183000-7f4e9f184000 r--s 00007000 08:03 807177                     /home/aoi/Code/GroupProject-4102-ScalaAPI/target/webapp/WEB-INF/lib/slf4j-api-1.7.12.jar
7f4e9f184000-7f4e9f18e000 r--s 0009a000 08:03 807171                     /home/aoi/Code/GroupProject-4102-ScalaAPI/target/webapp/WEB-INF/lib/scala-xml_2.11-1.0.5.jar
7f4e9f18e000-7f4e9f18f000 r--s 00005000 08:03 807174                     /home/aoi/Code/GroupProject-4102-ScalaAPI/target/webapp/WEB-INF/lib/scalatra-common_2.11-2.4.0.RC3.jar
7f4e9f18f000-7f4e9f195000 r--s 0003d000 08:03 807160                     /home/aoi/Code/GroupProject-4102-ScalaAPI/target/webapp/WEB-INF/lib/logback-classic-1.1.2.jar
7f4e9f195000-7f4e9f19d000 r--s 00043000 08:03 807173                     /home/aoi/Code/GroupProject-4102-ScalaAPI/target/webapp/WEB-INF/lib/scalate-util_2.11-1.7.1.jar
7f4e9f19d000-7f4e9f19f000 r--s 00009000 08:03 807156                     /home/aoi/Code/GroupProject-4102-ScalaAPI/target/webapp/WEB-INF/lib/json4s-jackson_2.11-3.3.0.jar
7f4e9f19f000-7f4e9f1a1000 r--s 00009000 08:03 807149                     /home/aoi/Code/GroupProject-4102-ScalaAPI/target/webapp/WEB-INF/lib/jackson-module-paranamer-2.6.3.jar
7f4e9f1a1000-7f4e9f1ec000 r--s 003ed000 08:03 807169                     /home/aoi/Code/GroupProject-4102-ScalaAPI/target/webapp/WEB-INF/lib/scala-reflect-2.11.0.jar
7f4e9f1ec000-7f4e9f1ee000 r--s 00010000 08:03 807142                     /home/aoi/Code/GroupProject-4102-ScalaAPI/target/webapp/WEB-INF/lib/cardapi_2.11-0.1.0-SNAPSHOT.jar
7f4e9f1ee000-7f4e9f246000 r--s 00523000 08:03 807167                     /home/aoi/Code/GroupProject-4102-ScalaAPI/target/webapp/WEB-INF/lib/scala-library-2.11.7.jar
7f4e9f246000-7f4e9f249000 r--s 00010000 08:03 807157                     /home/aoi/Code/GroupProject-4102-ScalaAPI/target/webapp/WEB-INF/lib/json4s-native_2.11-3.3.0.jar
7f4e9f249000-7f4e9f24c000 r--s 00013000 08:03 807154                     /home/aoi/Code/GroupProject-4102-ScalaAPI/target/webapp/WEB-INF/lib/json4s-ast_2.11-3.3.0.jar
7f4e9f24c000-7f4e9f24e000 r--s 0000c000 08:03 807175                     /home/aoi/Code/GroupProject-4102-ScalaAPI/target/webapp/WEB-INF/lib/scalatra-scalate_2.11-2.4.0.RC3.jar
7f4e9f24e000-7f4e9f27a000 r--s 001b5000 08:03 807172                     /home/aoi/Code/GroupProject-4102-ScalaAPI/target/webapp/WEB-INF/lib/scalate-core_2.11-1.7.1.jar
7f4e9f27a000-7f4e9f27e000 r--s 00042000 08:03 806898                     /home/aoi/Code/GroupProject-4102-ScalaAPI/target/webapp/WEB-INF/lib/spray-json_2.11-1.3.2.jar
7f4e9f27e000-7f4e9f28b000 r--s 00088000 08:03 807158                     /home/aoi/Code/GroupProject-4102-ScalaAPI/target/webapp/WEB-INF/lib/json4s-scalap_2.11-3.3.0.jar
7f4e9f28b000-7f4e9f28d000 r--s 0001c000 08:03 807162                     /home/aoi/Code/GroupProject-4102-ScalaAPI/target/webapp/WEB-INF/lib/mime-util-2.1.3.jar
7f4e9f28d000-7f4e9f298000 r--s 0005d000 08:03 807168                     /home/aoi/Code/GroupProject-4102-ScalaAPI/target/webapp/WEB-INF/lib/scala-parser-combinators_2.11-1.0.4.jar
7f4e9f298000-7f4e9f34f000 r--s 007d5000 08:03 808304                     /home/aoi/Code/GroupProject-4102-ScalaAPI/target/webapp/WEB-INF/lib/scalaz-core_2.11-7.0.6.jar
7f4e9f34f000-7f4e9f359000 r--s 0006e000 08:03 808297                     /home/aoi/Code/GroupProject-4102-ScalaAPI/target/webapp/WEB-INF/lib/lift-json_2.11-3.0-M6.jar
7f4e9f359000-7f4e9f35c000 r--s 00009000 08:03 807144                     /home/aoi/Code/GroupProject-4102-ScalaAPI/target/webapp/WEB-INF/lib/jackson-annotations-2.6.3.jar
7f4e9f35c000-7f4e9f36d000 r--s 0010d000 08:03 807147                     /home/aoi/Code/GroupProject-4102-ScalaAPI/target/webapp/WEB-INF/lib/jackson-databind-2.6.3.jar
7f4e9f36d000-7f4e9f3b9000 r--s 00412000 08:03 807170                     /home/aoi/Code/GroupProject-4102-ScalaAPI/target/webapp/WEB-INF/lib/scala-reflect-2.11.7.jar
7f4e9f3b9000-7f4e9f3ca000 r--s 000a8000 08:03 808303                     /home/aoi/Code/GroupProject-4102-ScalaAPI/target/webapp/WEB-INF/lib/scalap-2.11.4.jar
7f4e9f3ca000-7f4e9f3d4000 r--s 0005f000 08:03 807161                     /home/aoi/Code/GroupProject-4102-ScalaAPI/target/webapp/WEB-INF/lib/logback-core-1.1.2.jar
7f4e9f3d4000-7f4e9f3ed000 r--s 00124000 08:03 807176                     /home/aoi/Code/GroupProject-4102-ScalaAPI/target/webapp/WEB-INF/lib/scalatra_2.11-2.4.0.RC3.jar
7f4e9f3ed000-7f4e9f3f0000 ---p 00000000 00:00 0 
7f4e9f3f0000-7f4e9f4ee000 rw-p 00000000 00:00 0                          [stack:8213]
7f4e9f4ee000-7f4e9f4f1000 ---p 00000000 00:00 0 
7f4e9f4f1000-7f4e9f5ef000 rw-p 00000000 00:00 0                          [stack:8212]
7f4e9f5ef000-7f4e9f5f2000 ---p 00000000 00:00 0 
7f4e9f5f2000-7f4e9f6f0000 rw-p 00000000 00:00 0                          [stack:8211]
7f4e9f6f0000-7f4e9f6f3000 ---p 00000000 00:00 0 
7f4e9f6f3000-7f4e9f7f1000 rw-p 00000000 00:00 0                          [stack:8210]
7f4e9f7f1000-7f4e9f7f4000 ---p 00000000 00:00 0 
7f4e9f7f4000-7f4e9f8f2000 rw-p 00000000 00:00 0                          [stack:8209]
7f4e9f8f2000-7f4e9f8f5000 ---p 00000000 00:00 0 
7f4e9f8f5000-7f4e9f9f3000 rw-p 00000000 00:00 0                          [stack:8208]
7f4e9f9f3000-7f4e9f9f6000 ---p 00000000 00:00 0 
7f4e9f9f6000-7f4e9faf4000 rw-p 00000000 00:00 0                          [stack:8207]
7f4e9faf4000-7f4e9faf7000 ---p 00000000 00:00 0 
7f4e9faf7000-7f4e9fbf5000 rw-p 00000000 00:00 0                          [stack:8206]
7f4e9fbf5000-7f4e9fbfd000 r-xp 00000000 08:03 1049861                    /usr/lib/jvm/java-8-openjdk/jre/lib/amd64/libmanagement.so
7f4e9fbfd000-7f4e9fdfd000 ---p 00008000 08:03 1049861                    /usr/lib/jvm/java-8-openjdk/jre/lib/amd64/libmanagement.so
7f4e9fdfd000-7f4e9fdfe000 rw-p 00008000 08:03 1049861                    /usr/lib/jvm/java-8-openjdk/jre/lib/amd64/libmanagement.so
7f4e9fdfe000-7f4e9fdff000 ---p 00000000 00:00 0 
7f4e9fdff000-7f4e9feff000 rw-p 00000000 00:00 0                          [stack:8205]
7f4e9feff000-7f4e9ff02000 ---p 00000000 00:00 0 
7f4e9ff02000-7f4ea0000000 rw-p 00000000 00:00 0                          [stack:8204]
7f4ea0000000-7f4ea1d9d000 rw-p 00000000 00:00 0 
7f4ea1d9d000-7f4ea4000000 ---p 00000000 00:00 0 
7f4ea4000000-7f4ea473e000 rw-p 00000000 00:00 0 
7f4ea473e000-7f4ea8000000 ---p 00000000 00:00 0 
7f4ea8000000-7f4ea8021000 rw-p 00000000 00:00 0 
7f4ea8021000-7f4eac000000 ---p 00000000 00:00 0 
7f4eac000000-7f4ead7f3000 rw-p 00000000 00:00 0 
7f4ead7f3000-7f4eb0000000 ---p 00000000 00:00 0 
7f4eb0000000-7f4eb0021000 rw-p 00000000 00:00 0 
7f4eb0021000-7f4eb4000000 ---p 00000000 00:00 0 
7f4eb4000000-7f4eb4021000 rw-p 00000000 00:00 0 
7f4eb4021000-7f4eb8000000 ---p 00000000 00:00 0 
7f4eb8000000-7f4eb8021000 rw-p 00000000 00:00 0 
7f4eb8021000-7f4ebc000000 ---p 00000000 00:00 0 
7f4ebc000000-7f4ebc021000 rw-p 00000000 00:00 0 
7f4ebc021000-7f4ec0000000 ---p 00000000 00:00 0 
7f4ec0000000-7f4ec004c000 r--s 003e4000 08:03 808302                     /home/aoi/Code/GroupProject-4102-ScalaAPI/target/webapp/WEB-INF/lib/scala-reflect-2.11.4.jar
7f4ec004c000-7f4ec008e000 r--s 004bc000 08:03 439018                     /home/aoi/.ivy2/cache/org.eclipse.jetty/jetty-runner/jars/jetty-runner-9.2.1.v20140609.jar
7f4ec008e000-7f4ec0091000 ---p 00000000 00:00 0 
7f4ec0091000-7f4ec018f000 rw-p 00000000 00:00 0                          [stack:8203]
7f4ec018f000-7f4ec0192000 ---p 00000000 00:00 0 
7f4ec0192000-7f4ec0290000 rw-p 00000000 00:00 0                          [stack:8202]
7f4ec0290000-7f4ec0293000 ---p 00000000 00:00 0 
7f4ec0293000-7f4ec0391000 rw-p 00000000 00:00 0                          [stack:8201]
7f4ec0391000-7f4ec0394000 ---p 00000000 00:00 0 
7f4ec0394000-7f4ec0492000 rw-p 00000000 00:00 0                          [stack:8200]
7f4ec0492000-7f4ec0620000 r--p 00000000 08:03 549977                     /usr/lib/locale/locale-archive
7f4ec0620000-7f4ec0623000 ---p 00000000 00:00 0 
7f4ec0623000-7f4ec0721000 rw-p 00000000 00:00 0                          [stack:8199]
7f4ec0721000-7f4ec0724000 ---p 00000000 00:00 0 
7f4ec0724000-7f4ec0822000 rw-p 00000000 00:00 0                          [stack:8198]
7f4ec0822000-7f4ec0823000 ---p 00000000 00:00 0 
7f4ec0823000-7f4ec1853000 rw-p 00000000 00:00 0                          [stack:8197]
7f4ec1853000-7f4ec1a20000 r--s 03be8000 08:03 1049518                    /usr/lib/jvm/java-8-openjdk/jre/lib/rt.jar
7f4ec1a20000-7f4ec4000000 rw-p 00000000 00:00 0 
7f4ec4000000-7f4ec4021000 rw-p 00000000 00:00 0 
7f4ec4021000-7f4ec8000000 ---p 00000000 00:00 0 
7f4ec8000000-7f4ec8021000 rw-p 00000000 00:00 0 
7f4ec8021000-7f4ecc000000 ---p 00000000 00:00 0 
7f4ecc000000-7f4ecc021000 rw-p 00000000 00:00 0 
7f4ecc021000-7f4ed0000000 ---p 00000000 00:00 0 
7f4ed0000000-7f4ed0002000 r--s 00006000 08:03 808299                     /home/aoi/Code/GroupProject-4102-ScalaAPI/target/webapp/WEB-INF/lib/paranamer-2.4.1.jar
7f4ed0002000-7f4ed0006000 r--s 00018000 08:03 807151                     /home/aoi/Code/GroupProject-4102-ScalaAPI/target/webapp/WEB-INF/lib/joda-convert-1.8.1.jar
7f4ed0006000-7f4ed088b000 rw-p 00000000 00:00 0 
7f4ed088b000-7f4ed090b000 ---p 00000000 00:00 0 
7f4ed090b000-7f4ed0b69000 rw-p 00000000 00:00 0 
7f4ed0b69000-7f4ed0b6a000 ---p 00000000 00:00 0 
7f4ed0b6a000-7f4ed0c6a000 rw-p 00000000 00:00 0                          [stack:8196]
7f4ed0c6a000-7f4ed0c6b000 ---p 00000000 00:00 0 
7f4ed0c6b000-7f4ed0d6b000 rw-p 00000000 00:00 0                          [stack:8195]
7f4ed0d6b000-7f4ed0d6c000 ---p 00000000 00:00 0 
7f4ed0d6c000-7f4ed0ebf000 rw-p 00000000 00:00 0                          [stack:8194]
7f4ed0ebf000-7f4ed1000000 ---p 00000000 00:00 0 
7f4ed1000000-7f4ed14b0000 rwxp 00000000 00:00 0 
7f4ed14b0000-7f4ee0000000 ---p 00000000 00:00 0 
7f4ee0000000-7f4ee052c000 rw-p 00000000 00:00 0 
7f4ee052c000-7f4ee4000000 ---p 00000000 00:00 0 
7f4ee4000000-7f4ee4003000 r--s 00033000 08:03 807159                     /home/aoi/Code/GroupProject-4102-ScalaAPI/target/webapp/WEB-INF/lib/juniversalchardet-1.0.3.jar
7f4ee4003000-7f4ee4013000 r--s 00088000 08:03 807153                     /home/aoi/Code/GroupProject-4102-ScalaAPI/target/webapp/WEB-INF/lib/joda-time-2.8.2.jar
7f4ee4013000-7f4ee4034000 rw-p 00000000 00:00 0 
7f4ee4034000-7f4ee4035000 ---p 00000000 00:00 0 
7f4ee4035000-7f4ee4188000 rw-p 00000000 00:00 0                          [stack:8193]
7f4ee4188000-7f4ee42c9000 ---p 00000000 00:00 0 
7f4ee42c9000-7f4ee4393000 rw-p 00000000 00:00 0 
7f4ee4393000-7f4ee43a7000 rw-p 00000000 00:00 0 
7f4ee43a7000-7f4ee4754000 ---p 00000000 00:00 0 
7f4ee4754000-7f4ee475c000 r-xp 00000000 08:03 1049852                    /usr/lib/jvm/java-8-openjdk/jre/lib/amd64/libzip.so
7f4ee475c000-7f4ee495b000 ---p 00008000 08:03 1049852                    /usr/lib/jvm/java-8-openjdk/jre/lib/amd64/libzip.so
7f4ee495b000-7f4ee495c000 rw-p 00007000 08:03 1049852                    /usr/lib/jvm/java-8-openjdk/jre/lib/amd64/libzip.so
7f4ee495c000-7f4ee4967000 r-xp 00000000 08:03 530896                     /usr/lib/libnss_files-2.22.so
7f4ee4967000-7f4ee4b66000 ---p 0000b000 08:03 530896                     /usr/lib/libnss_files-2.22.so
7f4ee4b66000-7f4ee4b67000 r--p 0000a000 08:03 530896                     /usr/lib/libnss_files-2.22.so
7f4ee4b67000-7f4ee4b68000 rw-p 0000b000 08:03 530896                     /usr/lib/libnss_files-2.22.so
7f4ee4b68000-7f4ee4b6e000 rw-p 00000000 00:00 0 
7f4ee4b6e000-7f4ee4b9a000 r-xp 00000000 08:03 1049850                    /usr/lib/jvm/java-8-openjdk/jre/lib/amd64/libjava.so
7f4ee4b9a000-7f4ee4d9a000 ---p 0002c000 08:03 1049850                    /usr/lib/jvm/java-8-openjdk/jre/lib/amd64/libjava.so
7f4ee4d9a000-7f4ee4d9c000 rw-p 0002c000 08:03 1049850                    /usr/lib/jvm/java-8-openjdk/jre/lib/amd64/libjava.so
7f4ee4d9c000-7f4ee4da9000 r-xp 00000000 08:03 1049841                    /usr/lib/jvm/java-8-openjdk/jre/lib/amd64/libverify.so
7f4ee4da9000-7f4ee4fa8000 ---p 0000d000 08:03 1049841                    /usr/lib/jvm/java-8-openjdk/jre/lib/amd64/libverify.so
7f4ee4fa8000-7f4ee4faa000 rw-p 0000c000 08:03 1049841                    /usr/lib/jvm/java-8-openjdk/jre/lib/amd64/libverify.so
7f4ee4faa000-7f4ee4fb1000 r-xp 00000000 08:03 531022                     /usr/lib/librt-2.22.so
7f4ee4fb1000-7f4ee51b0000 ---p 00007000 08:03 531022                     /usr/lib/librt-2.22.so
7f4ee51b0000-7f4ee51b1000 r--p 00006000 08:03 531022                     /usr/lib/librt-2.22.so
7f4ee51b1000-7f4ee51b2000 rw-p 00007000 08:03 531022                     /usr/lib/librt-2.22.so
7f4ee51b2000-7f4ee52af000 r-xp 00000000 08:03 531019                     /usr/lib/libm-2.22.so
7f4ee52af000-7f4ee54ae000 ---p 000fd000 08:03 531019                     /usr/lib/libm-2.22.so
7f4ee54ae000-7f4ee54af000 r--p 000fc000 08:03 531019                     /usr/lib/libm-2.22.so
7f4ee54af000-7f4ee54b0000 rw-p 000fd000 08:03 531019                     /usr/lib/libm-2.22.so
7f4ee54b0000-7f4ee6103000 r-xp 00000000 08:03 1049880                    /usr/lib/jvm/java-8-openjdk/jre/lib/amd64/server/libjvm.so
7f4ee6103000-7f4ee6302000 ---p 00c53000 08:03 1049880                    /usr/lib/jvm/java-8-openjdk/jre/lib/amd64/server/libjvm.so
7f4ee6302000-7f4ee63be000 rw-p 00c52000 08:03 1049880                    /usr/lib/jvm/java-8-openjdk/jre/lib/amd64/server/libjvm.so
7f4ee63be000-7f4ee63ec000 rw-p 00000000 00:00 0 
7f4ee63ec000-7f4ee6587000 r-xp 00000000 08:03 529047                     /usr/lib/libc-2.22.so
7f4ee6587000-7f4ee6786000 ---p 0019b000 08:03 529047                     /usr/lib/libc-2.22.so
7f4ee6786000-7f4ee678a000 r--p 0019a000 08:03 529047                     /usr/lib/libc-2.22.so
7f4ee678a000-7f4ee678c000 rw-p 0019e000 08:03 529047                     /usr/lib/libc-2.22.so
7f4ee678c000-7f4ee6790000 rw-p 00000000 00:00 0 
7f4ee6790000-7f4ee6793000 r-xp 00000000 08:03 531018                     /usr/lib/libdl-2.22.so
7f4ee6793000-7f4ee6992000 ---p 00003000 08:03 531018                     /usr/lib/libdl-2.22.so
7f4ee6992000-7f4ee6993000 r--p 00002000 08:03 531018                     /usr/lib/libdl-2.22.so
7f4ee6993000-7f4ee6994000 rw-p 00003000 08:03 531018                     /usr/lib/libdl-2.22.so
7f4ee6994000-7f4ee69a1000 r-xp 00000000 08:03 1049877                    /usr/lib/jvm/java-8-openjdk/jre/lib/amd64/jli/libjli.so
7f4ee69a1000-7f4ee6ba0000 ---p 0000d000 08:03 1049877                    /usr/lib/jvm/java-8-openjdk/jre/lib/amd64/jli/libjli.so
7f4ee6ba0000-7f4ee6ba1000 rw-p 0000c000 08:03 1049877                    /usr/lib/jvm/java-8-openjdk/jre/lib/amd64/jli/libjli.so
7f4ee6ba1000-7f4ee6bb6000 r-xp 00000000 08:03 529617                     /usr/lib/libz.so.1.2.8
7f4ee6bb6000-7f4ee6db5000 ---p 00015000 08:03 529617                     /usr/lib/libz.so.1.2.8
7f4ee6db5000-7f4ee6db6000 r--p 00014000 08:03 529617                     /usr/lib/libz.so.1.2.8
7f4ee6db6000-7f4ee6db7000 rw-p 00015000 08:03 529617                     /usr/lib/libz.so.1.2.8
7f4ee6db7000-7f4ee6dcf000 r-xp 00000000 08:03 529028                     /usr/lib/libpthread-2.22.so
7f4ee6dcf000-7f4ee6fce000 ---p 00018000 08:03 529028                     /usr/lib/libpthread-2.22.so
7f4ee6fce000-7f4ee6fcf000 r--p 00017000 08:03 529028                     /usr/lib/libpthread-2.22.so
7f4ee6fcf000-7f4ee6fd0000 rw-p 00018000 08:03 529028                     /usr/lib/libpthread-2.22.so
7f4ee6fd0000-7f4ee6fd4000 rw-p 00000000 00:00 0 
7f4ee6fd4000-7f4ee6ff6000 r-xp 00000000 08:03 529046                     /usr/lib/ld-2.22.so
7f4ee6ff6000-7f4ee6ff8000 r--s 00007000 08:03 807163                     /home/aoi/Code/GroupProject-4102-ScalaAPI/target/webapp/WEB-INF/lib/paranamer-2.8.jar
7f4ee6ff8000-7f4ee6ffc000 r--s 00034000 08:03 807165                     /home/aoi/Code/GroupProject-4102-ScalaAPI/target/webapp/WEB-INF/lib/rl_2.11-0.4.10.jar
7f4ee6ffc000-7f4ee7007000 r--s 0008c000 08:03 807155                     /home/aoi/Code/GroupProject-4102-ScalaAPI/target/webapp/WEB-INF/lib/json4s-core_2.11-3.3.0.jar
7f4ee7007000-7f4ee700c000 r--s 00096000 08:03 1049479                    /usr/lib/jvm/java-8-openjdk/jre/lib/jsse.jar
7f4ee700c000-7f4ee700f000 r--s 00018000 08:03 439026                     /home/aoi/.ivy2/cache/org.eclipse.jetty/jetty-io/jars/jetty-io-9.2.10.v20150310.jar
7f4ee700f000-7f4ee7012000 r--s 00015000 08:03 438986                     /home/aoi/.ivy2/cache/javax.servlet/javax.servlet-api/jars/javax.servlet-api-3.1.0.jar
7f4ee7012000-7f4ee70b6000 rw-p 00000000 00:00 0 
7f4ee70b6000-7f4ee70b9000 ---p 00000000 00:00 0 
7f4ee70b9000-7f4ee71bb000 rw-p 00000000 00:00 0                          [stack:8192]
7f4ee71bb000-7f4ee71bd000 r--s 00018000 08:03 439025                     /home/aoi/.ivy2/cache/org.eclipse.jetty/jetty-http/jars/jetty-http-9.2.10.v20150310.jar
7f4ee71bd000-7f4ee71c3000 r--s 00061000 08:03 439024                     /home/aoi/.ivy2/cache/org.eclipse.jetty/jetty-server/jars/jetty-server-9.2.10.v20150310.jar
7f4ee71c3000-7f4ee71c6000 r--s 00015000 08:03 439023                     /home/aoi/.ivy2/cache/org.eclipse.jetty/jetty-security/jars/jetty-security-9.2.10.v20150310.jar
7f4ee71c6000-7f4ee71c9000 r--s 0001a000 08:03 439021                     /home/aoi/.ivy2/cache/org.eclipse.jetty/jetty-servlet/jars/jetty-servlet-9.2.10.v20150310.jar
7f4ee71c9000-7f4ee71cf000 r--s 00051000 08:03 439022                     /home/aoi/.ivy2/cache/org.eclipse.jetty/jetty-util/jars/jetty-util-9.2.10.v20150310.jar
7f4ee71cf000-7f4ee71d0000 r--s 0000a000 08:03 439020                     /home/aoi/.ivy2/cache/org.eclipse.jetty/jetty-xml/jars/jetty-xml-9.2.10.v20150310.jar
7f4ee71d0000-7f4ee71d2000 r--s 00019000 08:03 439019                     /home/aoi/.ivy2/cache/org.eclipse.jetty/jetty-webapp/jars/jetty-webapp-9.2.10.v20150310.jar
7f4ee71d2000-7f4ee71ea000 rw-p 00000000 00:00 0 
7f4ee71ea000-7f4ee71f2000 rw-s 00000000 00:20 287                        /tmp/hsperfdata_aoi/8184
7f4ee71f2000-7f4ee71f3000 rw-p 00000000 00:00 0 
7f4ee71f3000-7f4ee71f4000 ---p 00000000 00:00 0 
7f4ee71f4000-7f4ee71f5000 rw-p 00000000 00:00 0 
7f4ee71f5000-7f4ee71f6000 r--p 00021000 08:03 529046                     /usr/lib/ld-2.22.so
7f4ee71f6000-7f4ee71f7000 rw-p 00022000 08:03 529046                     /usr/lib/ld-2.22.so
7f4ee71f7000-7f4ee71f8000 rw-p 00000000 00:00 0 
7ffee7018000-7ffee7039000 rw-p 00000000 00:00 0                          [stack]
7ffee7158000-7ffee715a000 r--p 00000000 00:00 0                          [vvar]
7ffee715a000-7ffee715c000 r-xp 00000000 00:00 0                          [vdso]
ffffffffff600000-ffffffffff601000 r-xp 00000000 00:00 0                  [vsyscall]

VM Arguments:
java_command: org.eclipse.jetty.runner.Runner /home/aoi/Code/GroupProject-4102-ScalaAPI/target/webapp
java_class_path (initial): /home/aoi/.ivy2/cache/org.eclipse.jetty/jetty-runner/jars/jetty-runner-9.2.1.v20140609.jar:/home/aoi/.ivy2/cache/org.eclipse.jetty/jetty-webapp/jars/jetty-webapp-9.2.10.v20150310.jar:/home/aoi/.ivy2/cache/org.eclipse.jetty/jetty-xml/jars/jetty-xml-9.2.10.v20150310.jar:/home/aoi/.ivy2/cache/org.eclipse.jetty/jetty-util/jars/jetty-util-9.2.10.v20150310.jar:/home/aoi/.ivy2/cache/org.eclipse.jetty/jetty-servlet/jars/jetty-servlet-9.2.10.v20150310.jar:/home/aoi/.ivy2/cache/org.eclipse.jetty/jetty-security/jars/jetty-security-9.2.10.v20150310.jar:/home/aoi/.ivy2/cache/org.eclipse.jetty/jetty-server/jars/jetty-server-9.2.10.v20150310.jar:/home/aoi/.ivy2/cache/javax.servlet/javax.servlet-api/jars/javax.servlet-api-3.1.0.jar:/home/aoi/.ivy2/cache/org.eclipse.jetty/jetty-http/jars/jetty-http-9.2.10.v20150310.jar:/home/aoi/.ivy2/cache/org.eclipse.jetty/jetty-io/jars/jetty-io-9.2.10.v20150310.jar
Launcher Type: SUN_STANDARD

Environment Variables:
PATH=/usr/local/sbin:/usr/local/bin:/usr/bin:/opt/android-sdk/platform-tools:/usr/lib/jvm/default/bin:/usr/bin/site_perl:/usr/bin/vendor_perl:/usr/bin/core_perl
SHELL=/bin/bash
DISPLAY=:0.0

Signal Handlers:
SIGSEGV: [libjvm.so+0xa581a0], sa_mask[0]=11111111011111111101111111111110, sa_flags=SA_RESTART|SA_SIGINFO
SIGBUS: [libjvm.so+0xa581a0], sa_mask[0]=11111111011111111101111111111110, sa_flags=SA_RESTART|SA_SIGINFO
SIGFPE: [libjvm.so+0x8a4420], sa_mask[0]=11111111011111111101111111111110, sa_flags=SA_RESTART|SA_SIGINFO
SIGPIPE: [libjvm.so+0x8a4420], sa_mask[0]=11111111011111111101111111111110, sa_flags=SA_RESTART|SA_SIGINFO
SIGXFSZ: [libjvm.so+0x8a4420], sa_mask[0]=11111111011111111101111111111110, sa_flags=SA_RESTART|SA_SIGINFO
SIGILL: [libjvm.so+0x8a4420], sa_mask[0]=11111111011111111101111111111110, sa_flags=SA_RESTART|SA_SIGINFO
SIGUSR1: SIG_DFL, sa_mask[0]=00000000000000000000000000000000, sa_flags=none
SIGUSR2: [libjvm.so+0x8a42d0], sa_mask[0]=00100000000000000000000000000000, sa_flags=SA_RESTART|SA_SIGINFO
SIGHUP: [libjvm.so+0x8a47a0], sa_mask[0]=11111111011111111101111111111110, sa_flags=SA_RESTART|SA_SIGINFO
SIGINT: [libjvm.so+0x8a47a0], sa_mask[0]=11111111011111111101111111111110, sa_flags=SA_RESTART|SA_SIGINFO
SIGTERM: [libjvm.so+0x8a47a0], sa_mask[0]=11111111011111111101111111111110, sa_flags=SA_RESTART|SA_SIGINFO
SIGQUIT: [libjvm.so+0x8a47a0], sa_mask[0]=11111111011111111101111111111110, sa_flags=SA_RESTART|SA_SIGINFO


---------------  S Y S T E M  ---------------

OS:DISTRIB_ID=ManjaroLinux
DISTRIB_RELEASE=15.09
DISTRIB_CODENAME=Bellatrix
DISTRIB_DESCRIPTION="Manjaro Linux"

uname:Linux 3.18.24-1-MANJARO #1 SMP PREEMPT Tue Nov 3 21:34:29 UTC 2015 x86_64
libc:glibc 2.22 NPTL 2.22 
rlimit: STACK 8192k, CORE 0k, NPROC 19362, NOFILE 4096, AS infinity
load average:1.79 1.05 0.86

/proc/meminfo:
MemTotal:        4964160 kB
MemFree:          592108 kB
MemAvailable:     635172 kB
Buffers:            2680 kB
Cached:           400688 kB
SwapCached:            0 kB
Active:          3958220 kB
Inactive:         242576 kB
Active(anon):    3860844 kB
Inactive(anon):   140996 kB
Active(file):      97376 kB
Inactive(file):   101580 kB
Unevictable:          32 kB
Mlocked:              32 kB
SwapTotal:             0 kB
SwapFree:              0 kB
Dirty:              2900 kB
Writeback:             8 kB
AnonPages:       3797612 kB
Mapped:           186148 kB
Shmem:            204260 kB
Slab:              51952 kB
SReclaimable:      26100 kB
SUnreclaim:        25852 kB
KernelStack:        6864 kB
PageTables:        27696 kB
NFS_Unstable:          0 kB
Bounce:                0 kB
WritebackTmp:          0 kB
CommitLimit:     2482080 kB
Committed_AS:    6044604 kB
VmallocTotal:   34359738367 kB
VmallocUsed:      375072 kB
VmallocChunk:   34359356380 kB
HardwareCorrupted:     0 kB
AnonHugePages:   1148928 kB
HugePages_Total:       0
HugePages_Free:        0
HugePages_Rsvd:        0
HugePages_Surp:        0
Hugepagesize:       2048 kB
DirectMap4k:       83584 kB
DirectMap2M:     5040128 kB


CPU:total 4 (2 cores per cpu, 2 threads per core) family 6 model 42 stepping 7, cmov, cx8, fxsr, mmx, sse, sse2, sse3, ssse3, sse4.1, sse4.2, popcnt, avx, aes, clmul, ht, tsc, tscinvbit

/proc/cpuinfo:
processor	: 0
vendor_id	: GenuineIntel
cpu family	: 6
model		: 42
model name	: Intel(R) Core(TM) i5-2520M CPU @ 2.50GHz
stepping	: 7
microcode	: 0x29
cpu MHz		: 2999.902
cache size	: 3072 KB
physical id	: 0
siblings	: 4
core id		: 0
cpu cores	: 2
apicid		: 0
initial apicid	: 0
fpu		: yes
fpu_exception	: yes
cpuid level	: 13
wp		: yes
flags		: fpu vme de pse tsc msr pae mce cx8 apic sep mtrr pge mca cmov pat pse36 clflush dts acpi mmx fxsr sse sse2 ss ht tm pbe syscall nx rdtscp lm constant_tsc arch_perfmon pebs bts nopl xtopology nonstop_tsc aperfmperf eagerfpu pni pclmulqdq dtes64 monitor ds_cpl vmx smx est tm2 ssse3 cx16 xtpr pdcm pcid sse4_1 sse4_2 x2apic popcnt tsc_deadline_timer aes xsave avx lahf_lm ida arat epb pln pts dtherm tpr_shadow vnmi flexpriority ept vpid xsaveopt
bugs		:
bogomips	: 4985.03
clflush size	: 64
cache_alignment	: 64
address sizes	: 36 bits physical, 48 bits virtual
power management:

processor	: 1
vendor_id	: GenuineIntel
cpu family	: 6
model		: 42
model name	: Intel(R) Core(TM) i5-2520M CPU @ 2.50GHz
stepping	: 7
microcode	: 0x29
cpu MHz		: 3000.000
cache size	: 3072 KB
physical id	: 0
siblings	: 4
core id		: 0
cpu cores	: 2
apicid		: 1
initial apicid	: 1
fpu		: yes
fpu_exception	: yes
cpuid level	: 13
wp		: yes
flags		: fpu vme de pse tsc msr pae mce cx8 apic sep mtrr pge mca cmov pat pse36 clflush dts acpi mmx fxsr sse sse2 ss ht tm pbe syscall nx rdtscp lm constant_tsc arch_perfmon pebs bts nopl xtopology nonstop_tsc aperfmperf eagerfpu pni pclmulqdq dtes64 monitor ds_cpl vmx smx est tm2 ssse3 cx16 xtpr pdcm pcid sse4_1 sse4_2 x2apic popcnt tsc_deadline_timer aes xsave avx lahf_lm ida arat epb pln pts dtherm tpr_shadow vnmi flexpriority ept vpid xsaveopt
bugs		:
bogomips	: 4985.03
clflush size	: 64
cache_alignment	: 64
address sizes	: 36 bits physical, 48 bits virtual
power management:

processor	: 2
vendor_id	: GenuineIntel
cpu family	: 6
model		: 42
model name	: Intel(R) Core(TM) i5-2520M CPU @ 2.50GHz
stepping	: 7
microcode	: 0x29
cpu MHz		: 3000.000
cache size	: 3072 KB
physical id	: 0
siblings	: 4
core id		: 1
cpu cores	: 2
apicid		: 2
initial apicid	: 2
fpu		: yes
fpu_exception	: yes
cpuid level	: 13
wp		: yes
flags		: fpu vme de pse tsc msr pae mce cx8 apic sep mtrr pge mca cmov pat pse36 clflush dts acpi mmx fxsr sse sse2 ss ht tm pbe syscall nx rdtscp lm constant_tsc arch_perfmon pebs bts nopl xtopology nonstop_tsc aperfmperf eagerfpu pni pclmulqdq dtes64 monitor ds_cpl vmx smx est tm2 ssse3 cx16 xtpr pdcm pcid sse4_1 sse4_2 x2apic popcnt tsc_deadline_timer aes xsave avx lahf_lm ida arat epb pln pts dtherm tpr_shadow vnmi flexpriority ept vpid xsaveopt
bugs		:
bogomips	: 4985.03
clflush size	: 64
cache_alignment	: 64
address sizes	: 36 bits physical, 48 bits virtual
power management:

processor	: 3
vendor_id	: GenuineIntel
cpu family	: 6
model		: 42
model name	: Intel(R) Core(TM) i5-2520M CPU @ 2.50GHz
stepping	: 7
microcode	: 0x29
cpu MHz		: 2999.902
cache size	: 3072 KB
physical id	: 0
siblings	: 4
core id		: 1
cpu cores	: 2
apicid		: 3
initial apicid	: 3
fpu		: yes
fpu_exception	: yes
cpuid level	: 13
wp		: yes
flags		: fpu vme de pse tsc msr pae mce cx8 apic sep mtrr pge mca cmov pat pse36 clflush dts acpi mmx fxsr sse sse2 ss ht tm pbe syscall nx rdtscp lm constant_tsc arch_perfmon pebs bts nopl xtopology nonstop_tsc aperfmperf eagerfpu pni pclmulqdq dtes64 monitor ds_cpl vmx smx est tm2 ssse3 cx16 xtpr pdcm pcid sse4_1 sse4_2 x2apic popcnt tsc_deadline_timer aes xsave avx lahf_lm ida arat epb pln pts dtherm tpr_shadow vnmi flexpriority ept vpid xsaveopt
bugs		:
bogomips	: 4985.03
clflush size	: 64
cache_alignment	: 64
address sizes	: 36 bits physical, 48 bits virtual
power management:



Memory: 4k page, physical 4964160k(592108k free), swap 0k(0k free)

vm_info: OpenJDK 64-Bit Server VM (25.65-b01) for linux-amd64 JRE (1.8.0_65-b17), built on Oct 21 2015 14:15:11 by "builduser" with gcc 5.2.0

time: Fri Nov 27 01:41:14 2015
elapsed time: 6 seconds (0d 0h 0m 6s)

