#
# There is insufficient memory for the Java Runtime Environment to continue.
# Native memory allocation (mmap) failed to map 536870912 bytes for committing reserved memory.
# Possible reasons:
#   The system is out of physical RAM or swap space
#   In 32 bit mode, the process size limit was hit
# Possible solutions:
#   Reduce memory load on the system
#   Increase physical memory or swap space
#   Check if swap backing store is full
#   Use 64 bit Java on a 64 bit OS
#   Decrease Java heap size (-Xmx/-Xms)
#   Decrease number of Java threads
#   Decrease Java thread stack sizes (-Xss)
#   Set larger code cache with -XX:ReservedCodeCacheSize=
# This output file may be truncated or incomplete.
#
#  Out of Memory Error (os_linux.cpp:2627), pid=11679, tid=140235188659968
#
# JRE version:  (8.0_65-b17) (build )
# Java VM: OpenJDK 64-Bit Server VM (25.65-b01 mixed mode linux-amd64 compressed oops)
# Failed to write core dump. Core dumps have been disabled. To enable core dumping, try "ulimit -c unlimited" before starting Java again
#

---------------  T H R E A D  ---------------

Current thread (0x00007f8b04008800):  JavaThread "Unknown thread" [_thread_in_vm, id=11716, stack(0x00007f8b0c8ae000,0x00007f8b0c9af000)]

Stack: [0x00007f8b0c8ae000,0x00007f8b0c9af000],  sp=0x00007f8b0c9ad660,  free space=1021k
Native frames: (J=compiled Java code, j=interpreted, Vv=VM code, C=native code)
V  [libjvm.so+0xa57658]
V  [libjvm.so+0x4c252c]
V  [libjvm.so+0x8a8d80]
V  [libjvm.so+0x8a32ae]
V  [libjvm.so+0x91c98b]
V  [libjvm.so+0x91e9bd]
V  [libjvm.so+0x2ae797]
V  [libjvm.so+0x8cdd39]
V  [libjvm.so+0xa1ac69]
V  [libjvm.so+0xa1afd2]
V  [libjvm.so+0x60be3f]
V  [libjvm.so+0xa0073a]
V  [libjvm.so+0x680b2f]  JNI_CreateJavaVM+0x5f
C  [libjli.so+0x2d5f]
C  [libpthread.so.0+0x74a4]  start_thread+0xc4


---------------  P R O C E S S  ---------------

Java Threads: ( => current thread )

Other Threads:

=>0x00007f8b04008800 (exited) JavaThread "Unknown thread" [_thread_in_vm, id=11716, stack(0x00007f8b0c8ae000,0x00007f8b0c9af000)]

VM state:not at safepoint (not fully initialized)

VM Mutex/Monitor currently owned by a thread: None

GC Heap History (0 events):
No events

Deoptimization events (0 events):
No events

Internal exceptions (0 events):
No events

Events (0 events):
No events


Dynamic libraries:
00400000-00401000 r-xp 00000000 08:03 1049889                            /usr/lib/jvm/java-8-openjdk/jre/bin/java
00600000-00601000 rw-p 00000000 08:03 1049889                            /usr/lib/jvm/java-8-openjdk/jre/bin/java
01a3f000-01a60000 rw-p 00000000 00:00 0                                  [heap]
a0000000-e0000000 ---p 00000000 00:00 0 
7f8af8000000-7f8af8270000 rwxp 00000000 00:00 0 
7f8af8270000-7f8b04000000 ---p 00000000 00:00 0 
7f8b04000000-7f8b0402f000 rw-p 00000000 00:00 0 
7f8b0402f000-7f8b08000000 ---p 00000000 00:00 0 
7f8b0994b000-7f8b09c4b000 ---p 00000000 00:00 0 
7f8b09c4b000-7f8b09c56000 rw-p 00000000 00:00 0 
7f8b09c56000-7f8b09f4c000 ---p 00000000 00:00 0 
7f8b09f4c000-7f8b09f54000 r-xp 00000000 08:03 1049852                    /usr/lib/jvm/java-8-openjdk/jre/lib/amd64/libzip.so
7f8b09f54000-7f8b0a153000 ---p 00008000 08:03 1049852                    /usr/lib/jvm/java-8-openjdk/jre/lib/amd64/libzip.so
7f8b0a153000-7f8b0a154000 rw-p 00007000 08:03 1049852                    /usr/lib/jvm/java-8-openjdk/jre/lib/amd64/libzip.so
7f8b0a154000-7f8b0a15f000 r-xp 00000000 08:03 530896                     /usr/lib/libnss_files-2.22.so
7f8b0a15f000-7f8b0a35e000 ---p 0000b000 08:03 530896                     /usr/lib/libnss_files-2.22.so
7f8b0a35e000-7f8b0a35f000 r--p 0000a000 08:03 530896                     /usr/lib/libnss_files-2.22.so
7f8b0a35f000-7f8b0a360000 rw-p 0000b000 08:03 530896                     /usr/lib/libnss_files-2.22.so
7f8b0a360000-7f8b0a366000 rw-p 00000000 00:00 0 
7f8b0a366000-7f8b0a392000 r-xp 00000000 08:03 1049850                    /usr/lib/jvm/java-8-openjdk/jre/lib/amd64/libjava.so
7f8b0a392000-7f8b0a592000 ---p 0002c000 08:03 1049850                    /usr/lib/jvm/java-8-openjdk/jre/lib/amd64/libjava.so
7f8b0a592000-7f8b0a594000 rw-p 0002c000 08:03 1049850                    /usr/lib/jvm/java-8-openjdk/jre/lib/amd64/libjava.so
7f8b0a594000-7f8b0a5a1000 r-xp 00000000 08:03 1049841                    /usr/lib/jvm/java-8-openjdk/jre/lib/amd64/libverify.so
7f8b0a5a1000-7f8b0a7a0000 ---p 0000d000 08:03 1049841                    /usr/lib/jvm/java-8-openjdk/jre/lib/amd64/libverify.so
7f8b0a7a0000-7f8b0a7a2000 rw-p 0000c000 08:03 1049841                    /usr/lib/jvm/java-8-openjdk/jre/lib/amd64/libverify.so
7f8b0a7a2000-7f8b0a7a9000 r-xp 00000000 08:03 531022                     /usr/lib/librt-2.22.so
7f8b0a7a9000-7f8b0a9a8000 ---p 00007000 08:03 531022                     /usr/lib/librt-2.22.so
7f8b0a9a8000-7f8b0a9a9000 r--p 00006000 08:03 531022                     /usr/lib/librt-2.22.so
7f8b0a9a9000-7f8b0a9aa000 rw-p 00007000 08:03 531022                     /usr/lib/librt-2.22.so
7f8b0a9aa000-7f8b0aaa7000 r-xp 00000000 08:03 531019                     /usr/lib/libm-2.22.so
7f8b0aaa7000-7f8b0aca6000 ---p 000fd000 08:03 531019                     /usr/lib/libm-2.22.so
7f8b0aca6000-7f8b0aca7000 r--p 000fc000 08:03 531019                     /usr/lib/libm-2.22.so
7f8b0aca7000-7f8b0aca8000 rw-p 000fd000 08:03 531019                     /usr/lib/libm-2.22.so
7f8b0aca8000-7f8b0b8fb000 r-xp 00000000 08:03 1049880                    /usr/lib/jvm/java-8-openjdk/jre/lib/amd64/server/libjvm.so
7f8b0b8fb000-7f8b0bafa000 ---p 00c53000 08:03 1049880                    /usr/lib/jvm/java-8-openjdk/jre/lib/amd64/server/libjvm.so
7f8b0bafa000-7f8b0bbb6000 rw-p 00c52000 08:03 1049880                    /usr/lib/jvm/java-8-openjdk/jre/lib/amd64/server/libjvm.so
7f8b0bbb6000-7f8b0bbe4000 rw-p 00000000 00:00 0 
7f8b0bbe4000-7f8b0bd7f000 r-xp 00000000 08:03 529047                     /usr/lib/libc-2.22.so
7f8b0bd7f000-7f8b0bf7e000 ---p 0019b000 08:03 529047                     /usr/lib/libc-2.22.so
7f8b0bf7e000-7f8b0bf82000 r--p 0019a000 08:03 529047                     /usr/lib/libc-2.22.so
7f8b0bf82000-7f8b0bf84000 rw-p 0019e000 08:03 529047                     /usr/lib/libc-2.22.so
7f8b0bf84000-7f8b0bf88000 rw-p 00000000 00:00 0 
7f8b0bf88000-7f8b0bf8b000 r-xp 00000000 08:03 531018                     /usr/lib/libdl-2.22.so
7f8b0bf8b000-7f8b0c18a000 ---p 00003000 08:03 531018                     /usr/lib/libdl-2.22.so
7f8b0c18a000-7f8b0c18b000 r--p 00002000 08:03 531018                     /usr/lib/libdl-2.22.so
7f8b0c18b000-7f8b0c18c000 rw-p 00003000 08:03 531018                     /usr/lib/libdl-2.22.so
7f8b0c18c000-7f8b0c199000 r-xp 00000000 08:03 1049877                    /usr/lib/jvm/java-8-openjdk/jre/lib/amd64/jli/libjli.so
7f8b0c199000-7f8b0c398000 ---p 0000d000 08:03 1049877                    /usr/lib/jvm/java-8-openjdk/jre/lib/amd64/jli/libjli.so
7f8b0c398000-7f8b0c399000 rw-p 0000c000 08:03 1049877                    /usr/lib/jvm/java-8-openjdk/jre/lib/amd64/jli/libjli.so
7f8b0c399000-7f8b0c3ae000 r-xp 00000000 08:03 529617                     /usr/lib/libz.so.1.2.8
7f8b0c3ae000-7f8b0c5ad000 ---p 00015000 08:03 529617                     /usr/lib/libz.so.1.2.8
7f8b0c5ad000-7f8b0c5ae000 r--p 00014000 08:03 529617                     /usr/lib/libz.so.1.2.8
7f8b0c5ae000-7f8b0c5af000 rw-p 00015000 08:03 529617                     /usr/lib/libz.so.1.2.8
7f8b0c5af000-7f8b0c5c7000 r-xp 00000000 08:03 529028                     /usr/lib/libpthread-2.22.so
7f8b0c5c7000-7f8b0c7c6000 ---p 00018000 08:03 529028                     /usr/lib/libpthread-2.22.so
7f8b0c7c6000-7f8b0c7c7000 r--p 00017000 08:03 529028                     /usr/lib/libpthread-2.22.so
7f8b0c7c7000-7f8b0c7c8000 rw-p 00018000 08:03 529028                     /usr/lib/libpthread-2.22.so
7f8b0c7c8000-7f8b0c7cc000 rw-p 00000000 00:00 0 
7f8b0c7cc000-7f8b0c7ee000 r-xp 00000000 08:03 529046                     /usr/lib/ld-2.22.so
7f8b0c8ae000-7f8b0c8b1000 ---p 00000000 00:00 0 
7f8b0c8b1000-7f8b0c9b3000 rw-p 00000000 00:00 0                          [stack:11716]
7f8b0c9df000-7f8b0c9e2000 rw-p 00000000 00:00 0 
7f8b0c9e2000-7f8b0c9ea000 rw-s 00000000 00:20 872                        /tmp/hsperfdata_aoi/11679
7f8b0c9ea000-7f8b0c9eb000 rw-p 00000000 00:00 0 
7f8b0c9eb000-7f8b0c9ec000 r--p 00000000 00:00 0 
7f8b0c9ec000-7f8b0c9ed000 rw-p 00000000 00:00 0 
7f8b0c9ed000-7f8b0c9ee000 r--p 00021000 08:03 529046                     /usr/lib/ld-2.22.so
7f8b0c9ee000-7f8b0c9ef000 rw-p 00022000 08:03 529046                     /usr/lib/ld-2.22.so
7f8b0c9ef000-7f8b0c9f0000 rw-p 00000000 00:00 0 
7fffcfeb8000-7fffcfed9000 rw-p 00000000 00:00 0                          [stack]
7fffcff23000-7fffcff25000 r--p 00000000 00:00 0                          [vvar]
7fffcff25000-7fffcff27000 r-xp 00000000 00:00 0                          [vdso]
ffffffffff600000-ffffffffff601000 r-xp 00000000 00:00 0                  [vsyscall]

VM Arguments:
jvm_args: -Xms1536m -Xmx1536m -XX:MaxPermSize=384m -XX:ReservedCodeCacheSize=192m -Dfile.encoding=UTF8 -XX:+CMSClassUnloadingEnabled -Dsbt.global.base=/home/aoi/.sbt/0.13.8 
java_command: ./.lib/0.13.8/sbt-launch.jar shell
java_class_path (initial): ./.lib/0.13.8/sbt-launch.jar
Launcher Type: SUN_STANDARD

Environment Variables:
PATH=/usr/local/sbin:/usr/local/bin:/usr/bin:/opt/android-sdk/platform-tools:/usr/lib/jvm/default/bin:/usr/bin/site_perl:/usr/bin/vendor_perl:/usr/bin/core_perl
SHELL=/bin/bash
DISPLAY=:0.0

Signal Handlers:
SIGSEGV: [libjvm.so+0xa581a0], sa_mask[0]=11111111011111111101111111111110, sa_flags=SA_RESTART|SA_SIGINFO
SIGBUS: [libjvm.so+0xa581a0], sa_mask[0]=11111111011111111101111111111110, sa_flags=SA_RESTART|SA_SIGINFO
SIGFPE: [libjvm.so+0x8a4420], sa_mask[0]=11111111011111111101111111111110, sa_flags=SA_RESTART|SA_SIGINFO
SIGPIPE: [libjvm.so+0x8a4420], sa_mask[0]=11111111011111111101111111111110, sa_flags=SA_RESTART|SA_SIGINFO
SIGXFSZ: [libjvm.so+0x8a4420], sa_mask[0]=11111111011111111101111111111110, sa_flags=SA_RESTART|SA_SIGINFO
SIGILL: [libjvm.so+0x8a4420], sa_mask[0]=11111111011111111101111111111110, sa_flags=SA_RESTART|SA_SIGINFO
SIGUSR1: SIG_DFL, sa_mask[0]=00000000000000000000000000000000, sa_flags=none
SIGUSR2: [libjvm.so+0x8a42d0], sa_mask[0]=00000000000000000000000000000000, sa_flags=SA_RESTART|SA_SIGINFO
SIGHUP: SIG_DFL, sa_mask[0]=00000000000000000000000000000000, sa_flags=none
SIGINT: SIG_DFL, sa_mask[0]=00000000000000000000000000000000, sa_flags=none
SIGTERM: SIG_DFL, sa_mask[0]=00000000000000000000000000000000, sa_flags=none
SIGQUIT: SIG_DFL, sa_mask[0]=00000000000000000000000000000000, sa_flags=none


---------------  S Y S T E M  ---------------

OS:DISTRIB_ID=ManjaroLinux
DISTRIB_RELEASE=15.09
DISTRIB_CODENAME=Bellatrix
DISTRIB_DESCRIPTION="Manjaro Linux"

uname:Linux 3.18.24-1-MANJARO #1 SMP PREEMPT Tue Nov 3 21:34:29 UTC 2015 x86_64
libc:glibc 2.22 NPTL 2.22 
rlimit: STACK 8192k, CORE 0k, NPROC 19362, NOFILE 4096, AS infinity
load average:0.49 0.54 0.61

/proc/meminfo:
MemTotal:        4964160 kB
MemFree:          139652 kB
MemAvailable:     284328 kB
Buffers:           10656 kB
Cached:           590724 kB
SwapCached:            0 kB
Active:          4401920 kB
Inactive:         249068 kB
Active(anon):    4192084 kB
Inactive(anon):   160620 kB
Active(file):     209836 kB
Inactive(file):    88448 kB
Unevictable:          32 kB
Mlocked:              32 kB
SwapTotal:             0 kB
SwapFree:              0 kB
Dirty:               604 kB
Writeback:             0 kB
AnonPages:       4049684 kB
Mapped:           340512 kB
Shmem:            303096 kB
Slab:              56180 kB
SReclaimable:      30668 kB
SUnreclaim:        25512 kB
KernelStack:        6400 kB
PageTables:        26912 kB
NFS_Unstable:          0 kB
Bounce:                0 kB
WritebackTmp:          0 kB
CommitLimit:     2482080 kB
Committed_AS:    6396472 kB
VmallocTotal:   34359738367 kB
VmallocUsed:      374968 kB
VmallocChunk:   34359356380 kB
HardwareCorrupted:     0 kB
AnonHugePages:   2009088 kB
HugePages_Total:       0
HugePages_Free:        0
HugePages_Rsvd:        0
HugePages_Surp:        0
Hugepagesize:       2048 kB
DirectMap4k:       99968 kB
DirectMap2M:     5023744 kB


CPU:total 4 (2 cores per cpu, 2 threads per core) family 6 model 42 stepping 7, cmov, cx8, fxsr, mmx, sse, sse2, sse3, ssse3, sse4.1, sse4.2, popcnt, avx, aes, clmul, ht, tsc, tscinvbit

/proc/cpuinfo:
processor	: 0
vendor_id	: GenuineIntel
cpu family	: 6
model		: 42
model name	: Intel(R) Core(TM) i5-2520M CPU @ 2.50GHz
stepping	: 7
microcode	: 0x29
cpu MHz		: 1597.753
cache size	: 3072 KB
physical id	: 0
siblings	: 4
core id		: 0
cpu cores	: 2
apicid		: 0
initial apicid	: 0
fpu		: yes
fpu_exception	: yes
cpuid level	: 13
wp		: yes
flags		: fpu vme de pse tsc msr pae mce cx8 apic sep mtrr pge mca cmov pat pse36 clflush dts acpi mmx fxsr sse sse2 ss ht tm pbe syscall nx rdtscp lm constant_tsc arch_perfmon pebs bts nopl xtopology nonstop_tsc aperfmperf eagerfpu pni pclmulqdq dtes64 monitor ds_cpl vmx smx est tm2 ssse3 cx16 xtpr pdcm pcid sse4_1 sse4_2 x2apic popcnt tsc_deadline_timer aes xsave avx lahf_lm ida arat epb pln pts dtherm tpr_shadow vnmi flexpriority ept vpid xsaveopt
bugs		:
bogomips	: 4985.53
clflush size	: 64
cache_alignment	: 64
address sizes	: 36 bits physical, 48 bits virtual
power management:

processor	: 1
vendor_id	: GenuineIntel
cpu family	: 6
model		: 42
model name	: Intel(R) Core(TM) i5-2520M CPU @ 2.50GHz
stepping	: 7
microcode	: 0x29
cpu MHz		: 1465.039
cache size	: 3072 KB
physical id	: 0
siblings	: 4
core id		: 0
cpu cores	: 2
apicid		: 1
initial apicid	: 1
fpu		: yes
fpu_exception	: yes
cpuid level	: 13
wp		: yes
flags		: fpu vme de pse tsc msr pae mce cx8 apic sep mtrr pge mca cmov pat pse36 clflush dts acpi mmx fxsr sse sse2 ss ht tm pbe syscall nx rdtscp lm constant_tsc arch_perfmon pebs bts nopl xtopology nonstop_tsc aperfmperf eagerfpu pni pclmulqdq dtes64 monitor ds_cpl vmx smx est tm2 ssse3 cx16 xtpr pdcm pcid sse4_1 sse4_2 x2apic popcnt tsc_deadline_timer aes xsave avx lahf_lm ida arat epb pln pts dtherm tpr_shadow vnmi flexpriority ept vpid xsaveopt
bugs		:
bogomips	: 4985.53
clflush size	: 64
cache_alignment	: 64
address sizes	: 36 bits physical, 48 bits virtual
power management:

processor	: 2
vendor_id	: GenuineIntel
cpu family	: 6
model		: 42
model name	: Intel(R) Core(TM) i5-2520M CPU @ 2.50GHz
stepping	: 7
microcode	: 0x29
cpu MHz		: 1611.035
cache size	: 3072 KB
physical id	: 0
siblings	: 4
core id		: 1
cpu cores	: 2
apicid		: 2
initial apicid	: 2
fpu		: yes
fpu_exception	: yes
cpuid level	: 13
wp		: yes
flags		: fpu vme de pse tsc msr pae mce cx8 apic sep mtrr pge mca cmov pat pse36 clflush dts acpi mmx fxsr sse sse2 ss ht tm pbe syscall nx rdtscp lm constant_tsc arch_perfmon pebs bts nopl xtopology nonstop_tsc aperfmperf eagerfpu pni pclmulqdq dtes64 monitor ds_cpl vmx smx est tm2 ssse3 cx16 xtpr pdcm pcid sse4_1 sse4_2 x2apic popcnt tsc_deadline_timer aes xsave avx lahf_lm ida arat epb pln pts dtherm tpr_shadow vnmi flexpriority ept vpid xsaveopt
bugs		:
bogomips	: 4985.53
clflush size	: 64
cache_alignment	: 64
address sizes	: 36 bits physical, 48 bits virtual
power management:

processor	: 3
vendor_id	: GenuineIntel
cpu family	: 6
model		: 42
model name	: Intel(R) Core(TM) i5-2520M CPU @ 2.50GHz
stepping	: 7
microcode	: 0x29
cpu MHz		: 1599.609
cache size	: 3072 KB
physical id	: 0
siblings	: 4
core id		: 1
cpu cores	: 2
apicid		: 3
initial apicid	: 3
fpu		: yes
fpu_exception	: yes
cpuid level	: 13
wp		: yes
flags		: fpu vme de pse tsc msr pae mce cx8 apic sep mtrr pge mca cmov pat pse36 clflush dts acpi mmx fxsr sse sse2 ss ht tm pbe syscall nx rdtscp lm constant_tsc arch_perfmon pebs bts nopl xtopology nonstop_tsc aperfmperf eagerfpu pni pclmulqdq dtes64 monitor ds_cpl vmx smx est tm2 ssse3 cx16 xtpr pdcm pcid sse4_1 sse4_2 x2apic popcnt tsc_deadline_timer aes xsave avx lahf_lm ida arat epb pln pts dtherm tpr_shadow vnmi flexpriority ept vpid xsaveopt
bugs		:
bogomips	: 4985.53
clflush size	: 64
cache_alignment	: 64
address sizes	: 36 bits physical, 48 bits virtual
power management:



Memory: 4k page, physical 4964160k(139652k free), swap 0k(0k free)

vm_info: OpenJDK 64-Bit Server VM (25.65-b01) for linux-amd64 JRE (1.8.0_65-b17), built on Oct 21 2015 14:15:11 by "builduser" with gcc 5.2.0

time: Thu Nov 26 15:51:24 2015
elapsed time: 0 seconds (0d 0h 0m 0s)

