#
# A fatal error has been detected by the Java Runtime Environment:
#
#  SIGBUS (0x7) at pc=0x00007f9bdc40ecbd, pid=20025, tid=140306839947008
#
# JRE version: OpenJDK Runtime Environment (8.0_65-b17) (build 1.8.0_65-b17)
# Java VM: OpenJDK 64-Bit Server VM (25.65-b01 mixed mode linux-amd64 compressed oops)
# Problematic frame:
# C  [libzip.so+0x4cbd]
#
# Failed to write core dump. Core dumps have been disabled. To enable core dumping, try "ulimit -c unlimited" before starting Java again
#
# If you would like to submit a bug report, please visit:
#   http://bugreport.java.com/bugreport/crash.jsp
# The crash happened outside the Java Virtual Machine in native code.
# See problematic frame for where to report the bug.
#

---------------  T H R E A D  ---------------

Current thread (0x00007f9bd82af800):  JavaThread "qtp2129789493-14" [_thread_in_native, id=20050, stack(0x00007f9bbb4ac000,0x00007f9bbb5ad000)]

siginfo: si_signo: 7 (SIGBUS), si_code: 2 (BUS_ADRERR), si_addr: 0x00007f9bc003142f

Registers:
RAX=0x00007f9b80240ae0, RBX=0x00007f9bd82b9010, RCX=0x00007f9bc003140f, RDX=0x00007f9b80240ae0
RSP=0x00007f9bbb5aac10, RBP=0x00007f9bbb5aac80, RSI=0x00000000000001cc, RDI=0x0000000000000000
R8 =0x0000000000000060, R9 =0x00007f9b80240ad0, R10=0x00007f9bc917e998, R11=0x000000000000003d
R12=0x00007f9bd830ee68, R13=0x00007f9bbb5aad2c, R14=0x00007f9b8001d560, R15=0x00007f9b80240ae0
RIP=0x00007f9bdc40ecbd, EFLAGS=0x0000000000010206, CSGSFS=0x0000000000000033, ERR=0x0000000000000004
  TRAPNO=0x000000000000000e

Top of Stack: (sp=0x00007f9bbb5aac10)
0x00007f9bbb5aac10:   00000000b44006f0 d601138ff130e700
0x00007f9bbb5aac20:   00007f9bbb5aae30 00007f9bd82b0318
0x00007f9bbb5aac30:   00007f9bd82af800 00007f9bd82af800
0x00007f9bbb5aac40:   00000000bb5aafc8 00007f9bdd9cf290
0x00007f9bbb5aac50:   000000000000003d 00007f9bd830ee60
0x00007f9bbb5aac60:   000000005c941bfa 00007f9bbb5aad2c
0x00007f9bbb5aac70:   00007f9b8001d560 00007f9bd82b9010
0x00007f9bbb5aac80:   00007f9bbb5aacd0 00007f9bdc40fa04
0x00007f9bbb5aac90:   00007f9bbb5aacf0 0000003d0130e700
0x00007f9bbb5aaca0:   00007f9bd82af800 000000000000003d
0x00007f9bbb5aacb0:   00007f9bd82af9e0 00000000eba16de0
0x00007f9bbb5aacc0:   00007f9bbb5ab148 00007f9bd82b9010
0x00007f9bbb5aacd0:   00007f9bbb5ab130 00007f9bdc40d9fc
0x00007f9bbb5aace0:   00007f9bbb5aacf0 0000000100000000
0x00007f9bbb5aacf0:   6c6163732f67726f 6974752f61727461
0x00007f9bbb5aad00:   7265766e6f632f6c 7079542f6e6f6973
0x00007f9bbb5aad10:   747265766e6f4365 726f707075537265
0x00007f9bbb5aad20:   2e7373616c632474 0000007373616c63
0x00007f9bbb5aad30:   0000000000000000 0000000000000000
0x00007f9bbb5aad40:   00007f9bd82b0318 00007f9bbb5ab0a0
0x00007f9bbb5aad50:   00007f9bbb5aaec8 d601138ff130e700
0x00007f9bbb5aad60:   0000000000000001 00007f9b80006020
0x00007f9bbb5aad70:   00007f9bd82af800 00007f9bd82af800
0x00007f9bbb5aad80:   00007f9bbb5ab010 0000000000000066
0x00007f9bbb5aad90:   0000000000000066 00007f9bbb5aadd0
0x00007f9bbb5aada0:   00007f9bbb5ab010 00007f9bbb5aadd0
0x00007f9bbb5aadb0:   00007f9bbb5ab010 0000000000000066
0x00007f9bbb5aadc0:   00007f9bbb5aae00 00007f9bdd50c4be
0x00007f9bbb5aadd0:   00007f9bd82b0318 00007f9bbb5ab010
0x00007f9bbb5aade0:   00007f9bd82af800 d601138ff130e700
0x00007f9bbb5aadf0:   00000000eb8ab000 0000000000000000
0x00007f9bbb5aae00:   00007f9bbb5aafe0 00007f9bc90fc0de 

Instructions: (pc=0x00007f9bdc40ecbd)
0x00007f9bdc40ec9d:   40 30 00 00 00 00 48 c7 40 28 00 00 00 00 0f 84
0x00007f9bdc40ecad:   bf 01 00 00 49 8b 0c 24 48 2b 4b 28 48 03 4b 18
0x00007f9bdc40ecbd:   0f b7 41 20 44 0f b7 69 1c 49 89 ce 44 0f b7 61
0x00007f9bdc40eccd:   1e 89 45 c0 41 8b 46 0c 48 c7 45 c8 00 00 00 00 

Register to memory mapping:

RAX=0x00007f9b80240ae0 is an unknown value
RBX=0x00007f9bd82b9010 is an unknown value
RCX=0x00007f9bc003140f is an unknown value
RDX=0x00007f9b80240ae0 is an unknown value
RSP=0x00007f9bbb5aac10 is pointing into the stack for thread: 0x00007f9bd82af800
RBP=0x00007f9bbb5aac80 is pointing into the stack for thread: 0x00007f9bd82af800
RSI=0x00000000000001cc is an unknown value
RDI=0x0000000000000000 is an unknown value
R8 =0x0000000000000060 is an unknown value
R9 =0x00007f9b80240ad0 is an unknown value
R10=0x00007f9bc917e998 is at entry_point+88 in (nmethod*)0x00007f9bc917e7d0
R11=0x000000000000003d is an unknown value
R12=0x00007f9bd830ee68 is an unknown value
R13=0x00007f9bbb5aad2c is pointing into the stack for thread: 0x00007f9bd82af800
R14=0x00007f9b8001d560 is an unknown value
R15=0x00007f9b80240ae0 is an unknown value


Stack: [0x00007f9bbb4ac000,0x00007f9bbb5ad000],  sp=0x00007f9bbb5aac10,  free space=1019k
Native frames: (J=compiled Java code, j=interpreted, Vv=VM code, C=native code)
C  [libzip.so+0x4cbd]
C  [libzip.so+0x5a04]
C  [libzip.so+0x39fc]  Java_java_util_zip_ZipFile_getEntry+0xec
J 202  java.util.zip.ZipFile.getEntry(J[BZ)J (0 bytes) @ 0x00007f9bc917ea0e [0x00007f9bc917e940+0xce]
J 404 C1 java.util.zip.ZipFile.getEntry(Ljava/lang/String;)Ljava/util/zip/ZipEntry; (86 bytes) @ 0x00007f9bc9202b0c [0x00007f9bc92028a0+0x26c]
J 506 C1 sun.net.www.protocol.jar.URLJarFile.getEntry(Ljava/lang/String;)Ljava/util/zip/ZipEntry; (69 bytes) @ 0x00007f9bc927e834 [0x00007f9bc927e760+0xd4]
J 515 C1 sun.net.www.protocol.jar.JarURLConnection.connect()V (147 bytes) @ 0x00007f9bc92883ec [0x00007f9bc9287ec0+0x52c]
J 632 C1 sun.net.www.protocol.jar.JarURLConnection.getJarFile()Ljava/util/jar/JarFile; (9 bytes) @ 0x00007f9bc92eab04 [0x00007f9bc92eaa80+0x84]
J 504 C1 org.eclipse.jetty.util.resource.JarFileResource.newConnection()V (108 bytes) @ 0x00007f9bc927db64 [0x00007f9bc927d340+0x824]
J 502 C1 org.eclipse.jetty.util.resource.JarResource.checkConnection()Z (51 bytes) @ 0x00007f9bc926b39c [0x00007f9bc926b160+0x23c]
J 673 C1 org.eclipse.jetty.util.resource.JarFileResource.checkConnection()Z (78 bytes) @ 0x00007f9bc92fa3cc [0x00007f9bc92fa280+0x14c]
J 743 C1 org.eclipse.jetty.util.resource.JarResource.getInputStream()Ljava/io/InputStream; (62 bytes) @ 0x00007f9bc9371814 [0x00007f9bc9371700+0x114]
J 680 C1 org.eclipse.jetty.annotations.AnnotationParser.parseJarEntry(Ljava/util/Set;Lorg/eclipse/jetty/util/resource/Resource;Ljava/util/jar/JarEntry;Lorg/eclipse/jetty/annotations/ClassNameResolver;)V (181 bytes) @ 0x00007f9bc93152bc [0x00007f9bc9313ae0+0x17dc]
j  org.eclipse.jetty.annotations.AnnotationParser.parseJar(Ljava/util/Set;Lorg/eclipse/jetty/util/resource/Resource;Lorg/eclipse/jetty/annotations/ClassNameResolver;)V+96
j  org.eclipse.jetty.annotations.AnnotationParser.parse(Ljava/util/Set;Lorg/eclipse/jetty/util/resource/Resource;Lorg/eclipse/jetty/annotations/ClassNameResolver;)V+47
j  org.eclipse.jetty.annotations.AnnotationConfiguration$ParserTask.call()Ljava/lang/Void;+37
j  org.eclipse.jetty.annotations.AnnotationConfiguration$1.run()V+4
j  org.eclipse.jetty.util.thread.QueuedThreadPool.runJob(Ljava/lang/Runnable;)V+1
j  org.eclipse.jetty.util.thread.QueuedThreadPool$3.run()V+73
j  java.lang.Thread.run()V+11
v  ~StubRoutines::call_stub
V  [libjvm.so+0x65e81b]
V  [libjvm.so+0x65bde4]
V  [libjvm.so+0x65c3c7]
V  [libjvm.so+0x69acd4]
V  [libjvm.so+0x9fc377]
V  [libjvm.so+0x9fc775]
V  [libjvm.so+0x8a6292]
C  [libpthread.so.0+0x74a4]  start_thread+0xc4

Java frames: (J=compiled Java code, j=interpreted, Vv=VM code)
J 202  java.util.zip.ZipFile.getEntry(J[BZ)J (0 bytes) @ 0x00007f9bc917e998 [0x00007f9bc917e940+0x58]
J 404 C1 java.util.zip.ZipFile.getEntry(Ljava/lang/String;)Ljava/util/zip/ZipEntry; (86 bytes) @ 0x00007f9bc9202b0c [0x00007f9bc92028a0+0x26c]
J 506 C1 sun.net.www.protocol.jar.URLJarFile.getEntry(Ljava/lang/String;)Ljava/util/zip/ZipEntry; (69 bytes) @ 0x00007f9bc927e834 [0x00007f9bc927e760+0xd4]
J 515 C1 sun.net.www.protocol.jar.JarURLConnection.connect()V (147 bytes) @ 0x00007f9bc92883ec [0x00007f9bc9287ec0+0x52c]
J 632 C1 sun.net.www.protocol.jar.JarURLConnection.getJarFile()Ljava/util/jar/JarFile; (9 bytes) @ 0x00007f9bc92eab04 [0x00007f9bc92eaa80+0x84]
J 504 C1 org.eclipse.jetty.util.resource.JarFileResource.newConnection()V (108 bytes) @ 0x00007f9bc927db64 [0x00007f9bc927d340+0x824]
J 502 C1 org.eclipse.jetty.util.resource.JarResource.checkConnection()Z (51 bytes) @ 0x00007f9bc926b39c [0x00007f9bc926b160+0x23c]
J 673 C1 org.eclipse.jetty.util.resource.JarFileResource.checkConnection()Z (78 bytes) @ 0x00007f9bc92fa3cc [0x00007f9bc92fa280+0x14c]
J 743 C1 org.eclipse.jetty.util.resource.JarResource.getInputStream()Ljava/io/InputStream; (62 bytes) @ 0x00007f9bc9371814 [0x00007f9bc9371700+0x114]
J 680 C1 org.eclipse.jetty.annotations.AnnotationParser.parseJarEntry(Ljava/util/Set;Lorg/eclipse/jetty/util/resource/Resource;Ljava/util/jar/JarEntry;Lorg/eclipse/jetty/annotations/ClassNameResolver;)V (181 bytes) @ 0x00007f9bc93152bc [0x00007f9bc9313ae0+0x17dc]
j  org.eclipse.jetty.annotations.AnnotationParser.parseJar(Ljava/util/Set;Lorg/eclipse/jetty/util/resource/Resource;Lorg/eclipse/jetty/annotations/ClassNameResolver;)V+96
j  org.eclipse.jetty.annotations.AnnotationParser.parse(Ljava/util/Set;Lorg/eclipse/jetty/util/resource/Resource;Lorg/eclipse/jetty/annotations/ClassNameResolver;)V+47
j  org.eclipse.jetty.annotations.AnnotationConfiguration$ParserTask.call()Ljava/lang/Void;+37
j  org.eclipse.jetty.annotations.AnnotationConfiguration$1.run()V+4
j  org.eclipse.jetty.util.thread.QueuedThreadPool.runJob(Ljava/lang/Runnable;)V+1
j  org.eclipse.jetty.util.thread.QueuedThreadPool$3.run()V+73
j  java.lang.Thread.run()V+11
v  ~StubRoutines::call_stub

---------------  P R O C E S S  ---------------

Java Threads: ( => current thread )
  0x00007f9bd82b6800 JavaThread "qtp2129789493-18" [_thread_blocked, id=20054, stack(0x00007f9bbb0a8000,0x00007f9bbb1a9000)]
  0x00007f9bd82b5000 JavaThread "qtp2129789493-17" [_thread_in_native, id=20053, stack(0x00007f9bbb1a9000,0x00007f9bbb2aa000)]
  0x00007f9bd82b3000 JavaThread "qtp2129789493-16" [_thread_blocked, id=20052, stack(0x00007f9bbb2aa000,0x00007f9bbb3ab000)]
  0x00007f9bd82b1800 JavaThread "qtp2129789493-15" [_thread_in_native, id=20051, stack(0x00007f9bbb3ab000,0x00007f9bbb4ac000)]
=>0x00007f9bd82af800 JavaThread "qtp2129789493-14" [_thread_in_native, id=20050, stack(0x00007f9bbb4ac000,0x00007f9bbb5ad000)]
  0x00007f9bd82ae000 JavaThread "qtp2129789493-13" [_thread_blocked, id=20049, stack(0x00007f9bbb5ad000,0x00007f9bbb6ae000)]
  0x00007f9bd82ac800 JavaThread "qtp2129789493-12" [_thread_in_native, id=20048, stack(0x00007f9bbb6ae000,0x00007f9bbb7af000)]
  0x00007f9bd82aa800 JavaThread "qtp2129789493-11" [_thread_blocked, id=20047, stack(0x00007f9bbb7af000,0x00007f9bbb8b0000)]
  0x00007f9bd80c8800 JavaThread "Service Thread" daemon [_thread_blocked, id=20045, stack(0x00007f9bbbbfc000,0x00007f9bbbcfd000)]
  0x00007f9bd80bb800 JavaThread "C1 CompilerThread2" daemon [_thread_blocked, id=20044, stack(0x00007f9bbbcfd000,0x00007f9bbbdfe000)]
  0x00007f9bd80b9800 JavaThread "C2 CompilerThread1" daemon [_thread_in_vm, id=20043, stack(0x00007f9bbbdfe000,0x00007f9bbbeff000)]
  0x00007f9bd80b6800 JavaThread "C2 CompilerThread0" daemon [_thread_in_native, id=20042, stack(0x00007f9bbbeff000,0x00007f9bbc000000)]
  0x00007f9bd80b5000 JavaThread "Signal Dispatcher" daemon [_thread_blocked, id=20041, stack(0x00007f9bc0040000,0x00007f9bc0141000)]
  0x00007f9bd807d000 JavaThread "Finalizer" daemon [_thread_blocked, id=20036, stack(0x00007f9bc02cf000,0x00007f9bc03d0000)]
  0x00007f9bd807b000 JavaThread "Reference Handler" daemon [_thread_blocked, id=20035, stack(0x00007f9bc03d0000,0x00007f9bc04d1000)]
  0x00007f9bd8008800 JavaThread "main" [_thread_blocked, id=20029, stack(0x00007f9bded6c000,0x00007f9bdee6d000)]

Other Threads:
  0x00007f9bd8076000 VMThread [stack: 0x00007f9bc04d1000,0x00007f9bc05d2000] [id=20034]
  0x00007f9bd80cb000 WatcherThread [stack: 0x00007f9bbbafb000,0x00007f9bbbbfc000] [id=20046]

VM state:not at safepoint (normal execution)

VM Mutex/Monitor currently owned by a thread: None

Heap:
 PSYoungGen      total 80896K, used 20473K [0x00000000e6c00000, 0x00000000f1000000, 0x0000000100000000)
  eden space 77824K, 22% used [0x00000000e6c00000,0x00000000e7cff110,0x00000000eb800000)
  from space 3072K, 99% used [0x00000000eb800000,0x00000000ebaff3d8,0x00000000ebb00000)
  to   space 6144K, 0% used [0x00000000f0a00000,0x00000000f0a00000,0x00000000f1000000)
 ParOldGen       total 52224K, used 3614K [0x00000000b4400000, 0x00000000b7700000, 0x00000000e6c00000)
  object space 52224K, 6% used [0x00000000b4400000,0x00000000b47879d8,0x00000000b7700000)
 Metaspace       used 8236K, capacity 8324K, committed 8576K, reserved 1056768K
  class space    used 872K, capacity 880K, committed 896K, reserved 1048576K

Card table byte_map: [0x00007f9bc8da1000,0x00007f9bc9000000] byte_map_base: 0x00007f9bc87ff000

Marking Bits: (ParMarkBitMap*) 0x00007f9bde0877e0
 Begin Bits: [0x00007f9bc1a20000, 0x00007f9bc2d10000)
 End Bits:   [0x00007f9bc2d10000, 0x00007f9bc4000000)

Polling page: 0x00007f9bdeea9000

CodeCache: size=245760Kb used=3558Kb max_used=3570Kb free=242201Kb
 bounds [0x00007f9bc9000000, 0x00007f9bc9380000, 0x00007f9bd8000000]
 total_blobs=1084 nmethods=776 adapters=223
 compilation: enabled

Compilation events (10 events):
Event: 1.325 Thread 0x00007f9bd80bb800  773       3       java.util.zip.ZipCoder::toStringUTF8 (45 bytes)
Event: 1.325 Thread 0x00007f9bd80bb800 nmethod 773 0x00007f9bc9373390 code [0x00007f9bc9373540, 0x00007f9bc9373be8]
Event: 1.329 Thread 0x00007f9bd80b6800 nmethod 770 0x00007f9bc9379110 code [0x00007f9bc9379340, 0x00007f9bc9379798]
Event: 1.329 Thread 0x00007f9bd80b6800  771       4       org.eclipse.jetty.annotations.AnnotationParser$MyClassVisitor::visitMethod (27 bytes)
Event: 1.335 Thread 0x00007f9bd80b9800 nmethod 769 0x00007f9bc9379c50 code [0x00007f9bc9379dc0, 0x00007f9bc937a3d8]
Event: 1.336 Thread 0x00007f9bd80b9800  775       4       java.lang.String::regionMatches (149 bytes)
Event: 1.344 Thread 0x00007f9bd80b6800 nmethod 771 0x00007f9bc9372d90 code [0x00007f9bc9372f00, 0x00007f9bc9373178]
Event: 1.344 Thread 0x00007f9bd80b6800  776   !   4       java.net.URL::<init> (543 bytes)
Event: 1.350 Thread 0x00007f9bd80b9800 nmethod 775 0x00007f9bc937b7d0 code [0x00007f9bc937b980, 0x00007f9bc937c198]
Event: 1.350 Thread 0x00007f9bd80b9800  774       4       java.util.HashMap::get (23 bytes)

GC Heap History (10 events):
Event: 0.340 GC heap before
{Heap before GC invocations=1 (full 0):
 PSYoungGen      total 22528K, used 19456K [0x00000000e6c00000, 0x00000000e8500000, 0x0000000100000000)
  eden space 19456K, 100% used [0x00000000e6c00000,0x00000000e7f00000,0x00000000e7f00000)
  from space 3072K, 0% used [0x00000000e8200000,0x00000000e8200000,0x00000000e8500000)
  to   space 3072K, 0% used [0x00000000e7f00000,0x00000000e7f00000,0x00000000e8200000)
 ParOldGen       total 52224K, used 0K [0x00000000b4400000, 0x00000000b7700000, 0x00000000e6c00000)
  object space 52224K, 0% used [0x00000000b4400000,0x00000000b4400000,0x00000000b7700000)
 Metaspace       used 7090K, capacity 7236K, committed 7552K, reserved 1056768K
  class space    used 778K, capacity 816K, committed 896K, reserved 1048576K
Event: 0.345 GC heap after
Heap after GC invocations=1 (full 0):
 PSYoungGen      total 22528K, used 2845K [0x00000000e6c00000, 0x00000000e9800000, 0x0000000100000000)
  eden space 19456K, 0% used [0x00000000e6c00000,0x00000000e6c00000,0x00000000e7f00000)
  from space 3072K, 92% used [0x00000000e7f00000,0x00000000e81c76b8,0x00000000e8200000)
  to   space 3072K, 0% used [0x00000000e9500000,0x00000000e9500000,0x00000000e9800000)
 ParOldGen       total 52224K, used 72K [0x00000000b4400000, 0x00000000b7700000, 0x00000000e6c00000)
  object space 52224K, 0% used [0x00000000b4400000,0x00000000b4412010,0x00000000b7700000)
 Metaspace       used 7090K, capacity 7236K, committed 7552K, reserved 1056768K
  class space    used 778K, capacity 816K, committed 896K, reserved 1048576K
}
Event: 0.384 GC heap before
{Heap before GC invocations=2 (full 0):
 PSYoungGen      total 22528K, used 22301K [0x00000000e6c00000, 0x00000000e9800000, 0x0000000100000000)
  eden space 19456K, 100% used [0x00000000e6c00000,0x00000000e7f00000,0x00000000e7f00000)
  from space 3072K, 92% used [0x00000000e7f00000,0x00000000e81c76b8,0x00000000e8200000)
  to   space 3072K, 0% used [0x00000000e9500000,0x00000000e9500000,0x00000000e9800000)
 ParOldGen       total 52224K, used 72K [0x00000000b4400000, 0x00000000b7700000, 0x00000000e6c00000)
  object space 52224K, 0% used [0x00000000b4400000,0x00000000b4412010,0x00000000b7700000)
 Metaspace       used 7118K, capacity 7236K, committed 7552K, reserved 1056768K
  class space    used 778K, capacity 816K, committed 896K, reserved 1048576K
Event: 0.387 GC heap after
Heap after GC invocations=2 (full 0):
 PSYoungGen      total 41984K, used 1526K [0x00000000e6c00000, 0x00000000e9800000, 0x0000000100000000)
  eden space 38912K, 0% used [0x00000000e6c00000,0x00000000e6c00000,0x00000000e9200000)
  from space 3072K, 49% used [0x00000000e9500000,0x00000000e967db28,0x00000000e9800000)
  to   space 3072K, 0% used [0x00000000e9200000,0x00000000e9200000,0x00000000e9500000)
 ParOldGen       total 52224K, used 80K [0x00000000b4400000, 0x00000000b7700000, 0x00000000e6c00000)
  object space 52224K, 0% used [0x00000000b4400000,0x00000000b4414010,0x00000000b7700000)
 Metaspace       used 7118K, capacity 7236K, committed 7552K, reserved 1056768K
  class space    used 778K, capacity 816K, committed 896K, reserved 1048576K
}
Event: 0.460 GC heap before
{Heap before GC invocations=3 (full 0):
 PSYoungGen      total 41984K, used 40438K [0x00000000e6c00000, 0x00000000e9800000, 0x0000000100000000)
  eden space 38912K, 100% used [0x00000000e6c00000,0x00000000e9200000,0x00000000e9200000)
  from space 3072K, 49% used [0x00000000e9500000,0x00000000e967db28,0x00000000e9800000)
  to   space 3072K, 0% used [0x00000000e9200000,0x00000000e9200000,0x00000000e9500000)
 ParOldGen       total 52224K, used 80K [0x00000000b4400000, 0x00000000b7700000, 0x00000000e6c00000)
  object space 52224K, 0% used [0x00000000b4400000,0x00000000b4414010,0x00000000b7700000)
 Metaspace       used 7152K, capacity 7236K, committed 7552K, reserved 1056768K
  class space    used 778K, capacity 816K, committed 896K, reserved 1048576K
Event: 0.464 GC heap after
Heap after GC invocations=3 (full 0):
 PSYoungGen      total 41984K, used 1654K [0x00000000e6c00000, 0x00000000ebe00000, 0x0000000100000000)
  eden space 38912K, 0% used [0x00000000e6c00000,0x00000000e6c00000,0x00000000e9200000)
  from space 3072K, 53% used [0x00000000e9200000,0x00000000e939db28,0x00000000e9500000)
  to   space 3072K, 0% used [0x00000000ebb00000,0x00000000ebb00000,0x00000000ebe00000)
 ParOldGen       total 52224K, used 88K [0x00000000b4400000, 0x00000000b7700000, 0x00000000e6c00000)
  object space 52224K, 0% used [0x00000000b4400000,0x00000000b4416010,0x00000000b7700000)
 Metaspace       used 7152K, capacity 7236K, committed 7552K, reserved 1056768K
  class space    used 778K, capacity 816K, committed 896K, reserved 1048576K
}
Event: 0.596 GC heap before
{Heap before GC invocations=4 (full 0):
 PSYoungGen      total 41984K, used 40566K [0x00000000e6c00000, 0x00000000ebe00000, 0x0000000100000000)
  eden space 38912K, 100% used [0x00000000e6c00000,0x00000000e9200000,0x00000000e9200000)
  from space 3072K, 53% used [0x00000000e9200000,0x00000000e939db28,0x00000000e9500000)
  to   space 3072K, 0% used [0x00000000ebb00000,0x00000000ebb00000,0x00000000ebe00000)
 ParOldGen       total 52224K, used 88K [0x00000000b4400000, 0x00000000b7700000, 0x00000000e6c00000)
  object space 52224K, 0% used [0x00000000b4400000,0x00000000b4416010,0x00000000b7700000)
 Metaspace       used 7190K, capacity 7300K, committed 7552K, reserved 1056768K
  class space    used 778K, capacity 816K, committed 896K, reserved 1048576K
Event: 0.600 GC heap after
Heap after GC invocations=4 (full 0):
 PSYoungGen      total 80896K, used 1718K [0x00000000e6c00000, 0x00000000ebe00000, 0x0000000100000000)
  eden space 77824K, 0% used [0x00000000e6c00000,0x00000000e6c00000,0x00000000eb800000)
  from space 3072K, 55% used [0x00000000ebb00000,0x00000000ebcadb28,0x00000000ebe00000)
  to   space 3072K, 0% used [0x00000000eb800000,0x00000000eb800000,0x00000000ebb00000)
 ParOldGen       total 52224K, used 96K [0x00000000b4400000, 0x00000000b7700000, 0x00000000e6c00000)
  object space 52224K, 0% used [0x00000000b4400000,0x00000000b4418010,0x00000000b7700000)
 Metaspace       used 7190K, capacity 7300K, committed 7552K, reserved 1056768K
  class space    used 778K, capacity 816K, committed 896K, reserved 1048576K
}
Event: 1.157 GC heap before
{Heap before GC invocations=5 (full 0):
 PSYoungGen      total 80896K, used 79542K [0x00000000e6c00000, 0x00000000ebe00000, 0x0000000100000000)
  eden space 77824K, 100% used [0x00000000e6c00000,0x00000000eb800000,0x00000000eb800000)
  from space 3072K, 55% used [0x00000000ebb00000,0x00000000ebcadb28,0x00000000ebe00000)
  to   space 3072K, 0% used [0x00000000eb800000,0x00000000eb800000,0x00000000ebb00000)
 ParOldGen       total 52224K, used 198K [0x00000000b4400000, 0x00000000b7700000, 0x00000000e6c00000)
  object space 52224K, 0% used [0x00000000b4400000,0x00000000b4431be0,0x00000000b7700000)
 Metaspace       used 8208K, capacity 8260K, committed 8320K, reserved 1056768K
  class space    used 871K, capacity 880K, committed 896K, reserved 1048576K
Event: 1.168 GC heap after
Heap after GC invocations=5 (full 0):
 PSYoungGen      total 80896K, used 3068K [0x00000000e6c00000, 0x00000000f1000000, 0x0000000100000000)
  eden space 77824K, 0% used [0x00000000e6c00000,0x00000000e6c00000,0x00000000eb800000)
  from space 3072K, 99% used [0x00000000eb800000,0x00000000ebaff3d8,0x00000000ebb00000)
  to   space 6144K, 0% used [0x00000000f0a00000,0x00000000f0a00000,0x00000000f1000000)
 ParOldGen       total 52224K, used 3614K [0x00000000b4400000, 0x00000000b7700000, 0x00000000e6c00000)
  object space 52224K, 6% used [0x00000000b4400000,0x00000000b47879d8,0x00000000b7700000)
 Metaspace       used 8208K, capacity 8260K, committed 8320K, reserved 1056768K
  class space    used 871K, capacity 880K, committed 896K, reserved 1048576K
}

Deoptimization events (7 events):
Event: 0.454 Thread 0x00007f9bd8008800 Uncommon trap: reason=unstable_if action=reinterpret pc=0x00007f9bc91fd848 method=java.util.zip.ZipCoder.decoder()Ljava/nio/charset/CharsetDecoder; @ 4
Event: 0.454 Thread 0x00007f9bd8008800 Uncommon trap: reason=unstable_if action=reinterpret pc=0x00007f9bc91c47f8 method=java.util.zip.ZipEntry.setExtra0([BZ)V @ 1
Event: 0.456 Thread 0x00007f9bd8008800 Uncommon trap: reason=unstable_if action=reinterpret pc=0x00007f9bc9205e58 method=java.util.zip.ZipCoder.decoder()Ljava/nio/charset/CharsetDecoder; @ 4
Event: 0.471 Thread 0x00007f9bd8008800 Uncommon trap: reason=unstable_if action=reinterpret pc=0x00007f9bc9203dd8 method=java.util.zip.ZipCoder.decoder()Ljava/nio/charset/CharsetDecoder; @ 4
Event: 0.477 Thread 0x00007f9bd8008800 Uncommon trap: reason=unstable_if action=reinterpret pc=0x00007f9bc91f0ce4 method=java.util.zip.ZipCoder.decoder()Ljava/nio/charset/CharsetDecoder; @ 4
Event: 0.487 Thread 0x00007f9bd8008800 Uncommon trap: reason=unstable_if action=reinterpret pc=0x00007f9bc91f23b0 method=java.util.zip.ZipCoder.decoder()Ljava/nio/charset/CharsetDecoder; @ 4
Event: 0.527 Thread 0x00007f9bd8008800 Uncommon trap: reason=unstable_if action=reinterpret pc=0x00007f9bc91eaa90 method=sun.nio.cs.UTF_8$Decoder.decode([BII[C)I @ 30

Internal exceptions (10 events):
Event: 0.027 Thread 0x00007f9bd8008800 Exception <a 'java/lang/NoSuchMethodError': Method sun.misc.Unsafe.defineClass(Ljava/lang/String;[BII)Ljava/lang/Class; name or signature does not match> (0x00000000e6c12b78) thrown at [/build/java8-openjdk/src/jdk8u-jdk8u65-b17/hotspot/src/share/vm/prims
Event: 0.027 Thread 0x00007f9bd8008800 Exception <a 'java/lang/NoSuchMethodError': Method sun.misc.Unsafe.prefetchRead(Ljava/lang/Object;J)V name or signature does not match> (0x00000000e6c12e60) thrown at [/build/java8-openjdk/src/jdk8u-jdk8u65-b17/hotspot/src/share/vm/prims/jni.cpp, line 398
Event: 0.082 Thread 0x00007f9bd8008800 Exception <a 'java/security/PrivilegedActionException'> (0x00000000e6dd7f98) thrown at [/build/java8-openjdk/src/jdk8u-jdk8u65-b17/hotspot/src/share/vm/prims/jvm.cpp, line 1386]
Event: 0.082 Thread 0x00007f9bd8008800 Exception <a 'java/security/PrivilegedActionException'> (0x00000000e6dd81a8) thrown at [/build/java8-openjdk/src/jdk8u-jdk8u65-b17/hotspot/src/share/vm/prims/jvm.cpp, line 1386]
Event: 0.082 Thread 0x00007f9bd8008800 Exception <a 'java/security/PrivilegedActionException'> (0x00000000e6dda028) thrown at [/build/java8-openjdk/src/jdk8u-jdk8u65-b17/hotspot/src/share/vm/prims/jvm.cpp, line 1386]
Event: 0.082 Thread 0x00007f9bd8008800 Exception <a 'java/security/PrivilegedActionException'> (0x00000000e6dda238) thrown at [/build/java8-openjdk/src/jdk8u-jdk8u65-b17/hotspot/src/share/vm/prims/jvm.cpp, line 1386]
Event: 0.082 Thread 0x00007f9bd8008800 Exception <a 'java/security/PrivilegedActionException'> (0x00000000e6ddac90) thrown at [/build/java8-openjdk/src/jdk8u-jdk8u65-b17/hotspot/src/share/vm/prims/jvm.cpp, line 1386]
Event: 0.082 Thread 0x00007f9bd8008800 Exception <a 'java/security/PrivilegedActionException'> (0x00000000e6ddaea0) thrown at [/build/java8-openjdk/src/jdk8u-jdk8u65-b17/hotspot/src/share/vm/prims/jvm.cpp, line 1386]
Event: 0.090 Thread 0x00007f9bd8008800 Exception <a 'java/lang/NoClassDefFoundError': org/slf4j/Logger> (0x00000000e6e00b78) thrown at [/build/java8-openjdk/src/jdk8u-jdk8u65-b17/hotspot/src/share/vm/classfile/systemDictionary.cpp, line 199]
Event: 0.759 Thread 0x00007f9bd8008800 Exception <a 'java/io/FileNotFoundException'> (0x00000000ea5229a8) thrown at [/build/java8-openjdk/src/jdk8u-jdk8u65-b17/hotspot/src/share/vm/prims/jni.cpp, line 709]

Events (10 events):
Event: 1.157 Executing VM operation: ParallelGCSystemGC
Event: 1.168 Executing VM operation: ParallelGCSystemGC done
Event: 1.251 Thread 0x00007f9bd82af800 DEOPT PACKING pc=0x00007f9bc924c534 sp=0x00007f9bbb5ab190
Event: 1.251 Thread 0x00007f9bd82af800 DEOPT UNPACKING pc=0x00007f9bc9047373 sp=0x00007f9bbb5aaf98 mode 0
Event: 1.274 Thread 0x00007f9bd82af800 DEOPT PACKING pc=0x00007f9bc924c534 sp=0x00007f9bbb5ab0d0
Event: 1.274 Thread 0x00007f9bd82af800 DEOPT UNPACKING pc=0x00007f9bc9047373 sp=0x00007f9bbb5aaeb0 mode 0
Event: 1.295 loading class java/util/concurrent/ThreadLocalRandom
Event: 1.295 loading class java/util/concurrent/ThreadLocalRandom done
Event: 1.315 Thread 0x00007f9bd82b1800 DEOPT PACKING pc=0x00007f9bc9317807 sp=0x00007f9bbb4aa590
Event: 1.315 Thread 0x00007f9bd82b1800 DEOPT UNPACKING pc=0x00007f9bc9047373 sp=0x00007f9bbb4aa2c8 mode 0


Dynamic libraries:
00400000-00401000 r-xp 00000000 08:03 1049889                            /usr/lib/jvm/java-8-openjdk/jre/bin/java
00600000-00601000 rw-p 00000000 08:03 1049889                            /usr/lib/jvm/java-8-openjdk/jre/bin/java
00a13000-00a34000 rw-p 00000000 00:00 0                                  [heap]
b4400000-b7700000 rw-p 00000000 00:00 0 
b7700000-e6c00000 ---p 00000000 00:00 0 
e6c00000-f1000000 rw-p 00000000 00:00 0 
f1000000-100000000 ---p 00000000 00:00 0 
100000000-1000e0000 rw-p 00000000 00:00 0 
1000e0000-140000000 ---p 00000000 00:00 0 
7f9b6c000000-7f9b6ce51000 rw-p 00000000 00:00 0 
7f9b6ce51000-7f9b70000000 ---p 00000000 00:00 0 
7f9b70000000-7f9b70021000 rw-p 00000000 00:00 0 
7f9b70021000-7f9b74000000 ---p 00000000 00:00 0 
7f9b74000000-7f9b75108000 rw-p 00000000 00:00 0 
7f9b75108000-7f9b78000000 ---p 00000000 00:00 0 
7f9b78000000-7f9b78021000 rw-p 00000000 00:00 0 
7f9b78021000-7f9b7c000000 ---p 00000000 00:00 0 
7f9b7c000000-7f9b7c021000 rw-p 00000000 00:00 0 
7f9b7c021000-7f9b80000000 ---p 00000000 00:00 0 
7f9b80000000-7f9b80ed5000 rw-p 00000000 00:00 0 
7f9b80ed5000-7f9b84000000 ---p 00000000 00:00 0 
7f9b84000000-7f9b84021000 rw-p 00000000 00:00 0 
7f9b84021000-7f9b88000000 ---p 00000000 00:00 0 
7f9b88000000-7f9b8839d000 rw-p 00000000 00:00 0 
7f9b8839d000-7f9b8c000000 ---p 00000000 00:00 0 
7f9b8c000000-7f9b8c021000 rw-p 00000000 00:00 0 
7f9b8c021000-7f9b90000000 ---p 00000000 00:00 0 
7f9b90000000-7f9b90021000 rw-p 00000000 00:00 0 
7f9b90021000-7f9b94000000 ---p 00000000 00:00 0 
7f9b94000000-7f9b94337000 rw-p 00000000 00:00 0 
7f9b94337000-7f9b98000000 ---p 00000000 00:00 0 
7f9b98000000-7f9b9840c000 rw-p 00000000 00:00 0 
7f9b9840c000-7f9b9c000000 ---p 00000000 00:00 0 
7f9b9c000000-7f9b9c021000 rw-p 00000000 00:00 0 
7f9b9c021000-7f9ba0000000 ---p 00000000 00:00 0 
7f9ba0000000-7f9ba04ce000 rw-p 00000000 00:00 0 
7f9ba04ce000-7f9ba4000000 ---p 00000000 00:00 0 
7f9ba4000000-7f9ba4021000 rw-p 00000000 00:00 0 
7f9ba4021000-7f9ba8000000 ---p 00000000 00:00 0 
7f9ba8000000-7f9ba8021000 rw-p 00000000 00:00 0 
7f9ba8021000-7f9bac000000 ---p 00000000 00:00 0 
7f9bac000000-7f9bac021000 rw-p 00000000 00:00 0 
7f9bac021000-7f9bb0000000 ---p 00000000 00:00 0 
7f9bb0000000-7f9bb0021000 rw-p 00000000 00:00 0 
7f9bb0021000-7f9bb4000000 ---p 00000000 00:00 0 
7f9bb4000000-7f9bb4021000 rw-p 00000000 00:00 0 
7f9bb4021000-7f9bb8000000 ---p 00000000 00:00 0 
7f9bbab67000-7f9bbac13000 rw-p 00000000 00:00 0 
7f9bbac13000-7f9bbac17000 r--s 0003c000 08:03 807145                     /home/aoi/Code/GroupProject-4102-ScalaAPI/target/webapp/WEB-INF/lib/jackson-core-2.6.3.jar
7f9bbac17000-7f9bbad07000 r--s 00c16000 08:03 807166                     /home/aoi/Code/GroupProject-4102-ScalaAPI/target/webapp/WEB-INF/lib/scala-compiler-2.11.0.jar
7f9bbad07000-7f9bbadfa000 r--s 00c0b000 08:03 808300                     /home/aoi/Code/GroupProject-4102-ScalaAPI/target/webapp/WEB-INF/lib/scala-compiler-2.11.4.jar
7f9bbadfa000-7f9bbae2b000 r--s 001c8000 08:03 808294                     /home/aoi/Code/GroupProject-4102-ScalaAPI/target/webapp/WEB-INF/lib/argonaut_2.11-6.0.4.jar
7f9bbae2b000-7f9bbae38000 r--s 00071000 08:03 807150                     /home/aoi/Code/GroupProject-4102-ScalaAPI/target/webapp/WEB-INF/lib/jackson-module-scala_2.11-2.6.3.jar
7f9bbae38000-7f9bbae39000 r--s 00001000 08:03 807143                     /home/aoi/Code/GroupProject-4102-ScalaAPI/target/webapp/WEB-INF/lib/grizzled-slf4j_2.11-1.0.2.jar
7f9bbae39000-7f9bbae43000 r--s 0009a000 08:03 807171                     /home/aoi/Code/GroupProject-4102-ScalaAPI/target/webapp/WEB-INF/lib/scala-xml_2.11-1.0.5.jar
7f9bbae43000-7f9bbae49000 r--s 0003d000 08:03 807160                     /home/aoi/Code/GroupProject-4102-ScalaAPI/target/webapp/WEB-INF/lib/logback-classic-1.1.2.jar
7f9bbae49000-7f9bbae51000 r--s 00043000 08:03 807173                     /home/aoi/Code/GroupProject-4102-ScalaAPI/target/webapp/WEB-INF/lib/scalate-util_2.11-1.7.1.jar
7f9bbae51000-7f9bbae9c000 r--s 003ed000 08:03 807169                     /home/aoi/Code/GroupProject-4102-ScalaAPI/target/webapp/WEB-INF/lib/scala-reflect-2.11.0.jar
7f9bbae9c000-7f9bbae9f000 r--s 00010000 08:03 807157                     /home/aoi/Code/GroupProject-4102-ScalaAPI/target/webapp/WEB-INF/lib/json4s-native_2.11-3.3.0.jar
7f9bbae9f000-7f9bbaea1000 r--s 00009000 08:03 807156                     /home/aoi/Code/GroupProject-4102-ScalaAPI/target/webapp/WEB-INF/lib/json4s-jackson_2.11-3.3.0.jar
7f9bbaea1000-7f9bbaea3000 r--s 00009000 08:03 807149                     /home/aoi/Code/GroupProject-4102-ScalaAPI/target/webapp/WEB-INF/lib/jackson-module-paranamer-2.6.3.jar
7f9bbaea3000-7f9bbaea5000 r--s 0000e000 08:03 807142                     /home/aoi/Code/GroupProject-4102-ScalaAPI/target/webapp/WEB-INF/lib/cardapi_2.11-0.1.0-SNAPSHOT.jar
7f9bbaea5000-7f9bbaefd000 r--s 00523000 08:03 807167                     /home/aoi/Code/GroupProject-4102-ScalaAPI/target/webapp/WEB-INF/lib/scala-library-2.11.7.jar
7f9bbaefd000-7f9bbaf00000 r--s 00013000 08:03 807154                     /home/aoi/Code/GroupProject-4102-ScalaAPI/target/webapp/WEB-INF/lib/json4s-ast_2.11-3.3.0.jar
7f9bbaf00000-7f9bbaf2c000 r--s 001b5000 08:03 807172                     /home/aoi/Code/GroupProject-4102-ScalaAPI/target/webapp/WEB-INF/lib/scalate-core_2.11-1.7.1.jar
7f9bbaf2c000-7f9bbaf30000 r--s 00042000 08:03 806898                     /home/aoi/Code/GroupProject-4102-ScalaAPI/target/webapp/WEB-INF/lib/spray-json_2.11-1.3.2.jar
7f9bbaf30000-7f9bbaf3d000 r--s 00088000 08:03 807158                     /home/aoi/Code/GroupProject-4102-ScalaAPI/target/webapp/WEB-INF/lib/json4s-scalap_2.11-3.3.0.jar
7f9bbaf3d000-7f9bbaf48000 r--s 0005d000 08:03 807168                     /home/aoi/Code/GroupProject-4102-ScalaAPI/target/webapp/WEB-INF/lib/scala-parser-combinators_2.11-1.0.4.jar
7f9bbaf48000-7f9bbafff000 r--s 007d5000 08:03 808304                     /home/aoi/Code/GroupProject-4102-ScalaAPI/target/webapp/WEB-INF/lib/scalaz-core_2.11-7.0.6.jar
7f9bbafff000-7f9bbb010000 r--s 0010d000 08:03 807147                     /home/aoi/Code/GroupProject-4102-ScalaAPI/target/webapp/WEB-INF/lib/jackson-databind-2.6.3.jar
7f9bbb010000-7f9bbb05c000 r--s 00412000 08:03 807170                     /home/aoi/Code/GroupProject-4102-ScalaAPI/target/webapp/WEB-INF/lib/scala-reflect-2.11.7.jar
7f9bbb05c000-7f9bbb0a8000 r--s 003e4000 08:03 808302                     /home/aoi/Code/GroupProject-4102-ScalaAPI/target/webapp/WEB-INF/lib/scala-reflect-2.11.4.jar
7f9bbb0a8000-7f9bbb0ab000 ---p 00000000 00:00 0 
7f9bbb0ab000-7f9bbb1a9000 rw-p 00000000 00:00 0                          [stack:20054]
7f9bbb1a9000-7f9bbb1ac000 ---p 00000000 00:00 0 
7f9bbb1ac000-7f9bbb2aa000 rw-p 00000000 00:00 0                          [stack:20053]
7f9bbb2aa000-7f9bbb2ad000 ---p 00000000 00:00 0 
7f9bbb2ad000-7f9bbb3ab000 rw-p 00000000 00:00 0                          [stack:20052]
7f9bbb3ab000-7f9bbb3ae000 ---p 00000000 00:00 0 
7f9bbb3ae000-7f9bbb4ac000 rw-p 00000000 00:00 0                          [stack:20051]
7f9bbb4ac000-7f9bbb4af000 ---p 00000000 00:00 0 
7f9bbb4af000-7f9bbb5ad000 rw-p 00000000 00:00 0                          [stack:20050]
7f9bbb5ad000-7f9bbb5b0000 ---p 00000000 00:00 0 
7f9bbb5b0000-7f9bbb6ae000 rw-p 00000000 00:00 0                          [stack:20049]
7f9bbb6ae000-7f9bbb6b1000 ---p 00000000 00:00 0 
7f9bbb6b1000-7f9bbb7af000 rw-p 00000000 00:00 0                          [stack:20048]
7f9bbb7af000-7f9bbb7b2000 ---p 00000000 00:00 0 
7f9bbb7b2000-7f9bbb8b0000 rw-p 00000000 00:00 0                          [stack:20047]
7f9bbb8b0000-7f9bbb8b8000 r-xp 00000000 08:03 1049861                    /usr/lib/jvm/java-8-openjdk/jre/lib/amd64/libmanagement.so
7f9bbb8b8000-7f9bbbab8000 ---p 00008000 08:03 1049861                    /usr/lib/jvm/java-8-openjdk/jre/lib/amd64/libmanagement.so
7f9bbbab8000-7f9bbbab9000 rw-p 00008000 08:03 1049861                    /usr/lib/jvm/java-8-openjdk/jre/lib/amd64/libmanagement.so
7f9bbbab9000-7f9bbbafb000 r--s 004bc000 08:03 439018                     /home/aoi/.ivy2/cache/org.eclipse.jetty/jetty-runner/jars/jetty-runner-9.2.1.v20140609.jar
7f9bbbafb000-7f9bbbafc000 ---p 00000000 00:00 0 
7f9bbbafc000-7f9bbbbfc000 rw-p 00000000 00:00 0                          [stack:20046]
7f9bbbbfc000-7f9bbbbff000 ---p 00000000 00:00 0 
7f9bbbbff000-7f9bbbcfd000 rw-p 00000000 00:00 0                          [stack:20045]
7f9bbbcfd000-7f9bbbd00000 ---p 00000000 00:00 0 
7f9bbbd00000-7f9bbbdfe000 rw-p 00000000 00:00 0                          [stack:20044]
7f9bbbdfe000-7f9bbbe01000 ---p 00000000 00:00 0 
7f9bbbe01000-7f9bbbeff000 rw-p 00000000 00:00 0                          [stack:20043]
7f9bbbeff000-7f9bbbf02000 ---p 00000000 00:00 0 
7f9bbbf02000-7f9bbc000000 rw-p 00000000 00:00 0                          [stack:20042]
7f9bbc000000-7f9bbc021000 rw-p 00000000 00:00 0 
7f9bbc021000-7f9bc0000000 ---p 00000000 00:00 0 
7f9bc0000000-7f9bc0002000 r--s 0000c000 08:03 807175                     /home/aoi/Code/GroupProject-4102-ScalaAPI/target/webapp/WEB-INF/lib/scalatra-scalate_2.11-2.4.0.RC3.jar
7f9bc0002000-7f9bc000c000 r--s 0006e000 08:03 808297                     /home/aoi/Code/GroupProject-4102-ScalaAPI/target/webapp/WEB-INF/lib/lift-json_2.11-3.0-M6.jar
7f9bc000c000-7f9bc001d000 r--s 000a8000 08:03 808303                     /home/aoi/Code/GroupProject-4102-ScalaAPI/target/webapp/WEB-INF/lib/scalap-2.11.4.jar
7f9bc001d000-7f9bc0027000 r--s 0005f000 08:03 807161                     /home/aoi/Code/GroupProject-4102-ScalaAPI/target/webapp/WEB-INF/lib/logback-core-1.1.2.jar
7f9bc0027000-7f9bc0040000 r--s 00124000 08:03 807176                     /home/aoi/Code/GroupProject-4102-ScalaAPI/target/webapp/WEB-INF/lib/scalatra_2.11-2.4.0.RC3.jar
7f9bc0040000-7f9bc0043000 ---p 00000000 00:00 0 
7f9bc0043000-7f9bc0141000 rw-p 00000000 00:00 0                          [stack:20041]
7f9bc0141000-7f9bc02cf000 r--p 00000000 08:03 549977                     /usr/lib/locale/locale-archive
7f9bc02cf000-7f9bc02d2000 ---p 00000000 00:00 0 
7f9bc02d2000-7f9bc03d0000 rw-p 00000000 00:00 0                          [stack:20036]
7f9bc03d0000-7f9bc03d3000 ---p 00000000 00:00 0 
7f9bc03d3000-7f9bc04d1000 rw-p 00000000 00:00 0                          [stack:20035]
7f9bc04d1000-7f9bc04d2000 ---p 00000000 00:00 0 
7f9bc04d2000-7f9bc19a0000 rw-p 00000000 00:00 0                          [stack:20034]
7f9bc19a0000-7f9bc1a20000 ---p 00000000 00:00 0 
7f9bc1a20000-7f9bc4000000 rw-p 00000000 00:00 0 
7f9bc4000000-7f9bc4021000 rw-p 00000000 00:00 0 
7f9bc4021000-7f9bc8000000 ---p 00000000 00:00 0 
7f9bc8000000-7f9bc8001000 r--s 00007000 08:03 807177                     /home/aoi/Code/GroupProject-4102-ScalaAPI/target/webapp/WEB-INF/lib/slf4j-api-1.7.12.jar
7f9bc8001000-7f9bc8003000 r--s 0001c000 08:03 807162                     /home/aoi/Code/GroupProject-4102-ScalaAPI/target/webapp/WEB-INF/lib/mime-util-2.1.3.jar
7f9bc8003000-7f9bc8006000 r--s 00009000 08:03 807144                     /home/aoi/Code/GroupProject-4102-ScalaAPI/target/webapp/WEB-INF/lib/jackson-annotations-2.6.3.jar
7f9bc8006000-7f9bc8008000 r--s 00006000 08:03 808299                     /home/aoi/Code/GroupProject-4102-ScalaAPI/target/webapp/WEB-INF/lib/paranamer-2.4.1.jar
7f9bc8008000-7f9bc8018000 r--s 00088000 08:03 807153                     /home/aoi/Code/GroupProject-4102-ScalaAPI/target/webapp/WEB-INF/lib/joda-time-2.8.2.jar
7f9bc8018000-7f9bc8368000 rw-p 00000000 00:00 0 
7f9bc8368000-7f9bc8535000 r--s 03be8000 08:03 1049518                    /usr/lib/jvm/java-8-openjdk/jre/lib/rt.jar
7f9bc8535000-7f9bc8809000 rw-p 00000000 00:00 0 
7f9bc8809000-7f9bc880a000 ---p 00000000 00:00 0 
7f9bc880a000-7f9bc890a000 rw-p 00000000 00:00 0                          [stack:20033]
7f9bc890a000-7f9bc890b000 ---p 00000000 00:00 0 
7f9bc890b000-7f9bc8a0b000 rw-p 00000000 00:00 0                          [stack:20032]
7f9bc8a0b000-7f9bc8a0c000 ---p 00000000 00:00 0 
7f9bc8a0c000-7f9bc8b0c000 rw-p 00000000 00:00 0                          [stack:20031]
7f9bc8b0c000-7f9bc8b0d000 ---p 00000000 00:00 0 
7f9bc8b0d000-7f9bc8c27000 rw-p 00000000 00:00 0                          [stack:20030]
7f9bc8c27000-7f9bc8da1000 ---p 00000000 00:00 0 
7f9bc8da1000-7f9bc8dbb000 rw-p 00000000 00:00 0 
7f9bc8dbb000-7f9bc8f35000 ---p 00000000 00:00 0 
7f9bc8f35000-7f9bc8f87000 rw-p 00000000 00:00 0 
7f9bc8f87000-7f9bc8fff000 ---p 00000000 00:00 0 
7f9bc8fff000-7f9bc9000000 rw-p 00000000 00:00 0 
7f9bc9000000-7f9bc9380000 rwxp 00000000 00:00 0 
7f9bc9380000-7f9bd8000000 ---p 00000000 00:00 0 
7f9bd8000000-7f9bd858d000 rw-p 00000000 00:00 0 
7f9bd858d000-7f9bdc000000 ---p 00000000 00:00 0 
7f9bdc000000-7f9bdc001000 r--s 00005000 08:03 807174                     /home/aoi/Code/GroupProject-4102-ScalaAPI/target/webapp/WEB-INF/lib/scalatra-common_2.11-2.4.0.RC3.jar
7f9bdc001000-7f9bdc005000 r--s 00018000 08:03 807151                     /home/aoi/Code/GroupProject-4102-ScalaAPI/target/webapp/WEB-INF/lib/joda-convert-1.8.1.jar
7f9bdc005000-7f9bdc008000 r--s 00033000 08:03 807159                     /home/aoi/Code/GroupProject-4102-ScalaAPI/target/webapp/WEB-INF/lib/juniversalchardet-1.0.3.jar
7f9bdc008000-7f9bdc058000 rw-p 00000000 00:00 0 
7f9bdc058000-7f9bdc40a000 ---p 00000000 00:00 0 
7f9bdc40a000-7f9bdc412000 r-xp 00000000 08:03 1049852                    /usr/lib/jvm/java-8-openjdk/jre/lib/amd64/libzip.so
7f9bdc412000-7f9bdc611000 ---p 00008000 08:03 1049852                    /usr/lib/jvm/java-8-openjdk/jre/lib/amd64/libzip.so
7f9bdc611000-7f9bdc612000 rw-p 00007000 08:03 1049852                    /usr/lib/jvm/java-8-openjdk/jre/lib/amd64/libzip.so
7f9bdc612000-7f9bdc61d000 r-xp 00000000 08:03 530896                     /usr/lib/libnss_files-2.22.so
7f9bdc61d000-7f9bdc81c000 ---p 0000b000 08:03 530896                     /usr/lib/libnss_files-2.22.so
7f9bdc81c000-7f9bdc81d000 r--p 0000a000 08:03 530896                     /usr/lib/libnss_files-2.22.so
7f9bdc81d000-7f9bdc81e000 rw-p 0000b000 08:03 530896                     /usr/lib/libnss_files-2.22.so
7f9bdc81e000-7f9bdc824000 rw-p 00000000 00:00 0 
7f9bdc824000-7f9bdc850000 r-xp 00000000 08:03 1049850                    /usr/lib/jvm/java-8-openjdk/jre/lib/amd64/libjava.so
7f9bdc850000-7f9bdca50000 ---p 0002c000 08:03 1049850                    /usr/lib/jvm/java-8-openjdk/jre/lib/amd64/libjava.so
7f9bdca50000-7f9bdca52000 rw-p 0002c000 08:03 1049850                    /usr/lib/jvm/java-8-openjdk/jre/lib/amd64/libjava.so
7f9bdca52000-7f9bdca5f000 r-xp 00000000 08:03 1049841                    /usr/lib/jvm/java-8-openjdk/jre/lib/amd64/libverify.so
7f9bdca5f000-7f9bdcc5e000 ---p 0000d000 08:03 1049841                    /usr/lib/jvm/java-8-openjdk/jre/lib/amd64/libverify.so
7f9bdcc5e000-7f9bdcc60000 rw-p 0000c000 08:03 1049841                    /usr/lib/jvm/java-8-openjdk/jre/lib/amd64/libverify.so
7f9bdcc60000-7f9bdcc67000 r-xp 00000000 08:03 531022                     /usr/lib/librt-2.22.so
7f9bdcc67000-7f9bdce66000 ---p 00007000 08:03 531022                     /usr/lib/librt-2.22.so
7f9bdce66000-7f9bdce67000 r--p 00006000 08:03 531022                     /usr/lib/librt-2.22.so
7f9bdce67000-7f9bdce68000 rw-p 00007000 08:03 531022                     /usr/lib/librt-2.22.so
7f9bdce68000-7f9bdcf65000 r-xp 00000000 08:03 531019                     /usr/lib/libm-2.22.so
7f9bdcf65000-7f9bdd164000 ---p 000fd000 08:03 531019                     /usr/lib/libm-2.22.so
7f9bdd164000-7f9bdd165000 r--p 000fc000 08:03 531019                     /usr/lib/libm-2.22.so
7f9bdd165000-7f9bdd166000 rw-p 000fd000 08:03 531019                     /usr/lib/libm-2.22.so
7f9bdd166000-7f9bdddb9000 r-xp 00000000 08:03 1049880                    /usr/lib/jvm/java-8-openjdk/jre/lib/amd64/server/libjvm.so
7f9bdddb9000-7f9bddfb8000 ---p 00c53000 08:03 1049880                    /usr/lib/jvm/java-8-openjdk/jre/lib/amd64/server/libjvm.so
7f9bddfb8000-7f9bde074000 rw-p 00c52000 08:03 1049880                    /usr/lib/jvm/java-8-openjdk/jre/lib/amd64/server/libjvm.so
7f9bde074000-7f9bde0a2000 rw-p 00000000 00:00 0 
7f9bde0a2000-7f9bde23d000 r-xp 00000000 08:03 529047                     /usr/lib/libc-2.22.so
7f9bde23d000-7f9bde43c000 ---p 0019b000 08:03 529047                     /usr/lib/libc-2.22.so
7f9bde43c000-7f9bde440000 r--p 0019a000 08:03 529047                     /usr/lib/libc-2.22.so
7f9bde440000-7f9bde442000 rw-p 0019e000 08:03 529047                     /usr/lib/libc-2.22.so
7f9bde442000-7f9bde446000 rw-p 00000000 00:00 0 
7f9bde446000-7f9bde449000 r-xp 00000000 08:03 531018                     /usr/lib/libdl-2.22.so
7f9bde449000-7f9bde648000 ---p 00003000 08:03 531018                     /usr/lib/libdl-2.22.so
7f9bde648000-7f9bde649000 r--p 00002000 08:03 531018                     /usr/lib/libdl-2.22.so
7f9bde649000-7f9bde64a000 rw-p 00003000 08:03 531018                     /usr/lib/libdl-2.22.so
7f9bde64a000-7f9bde657000 r-xp 00000000 08:03 1049877                    /usr/lib/jvm/java-8-openjdk/jre/lib/amd64/jli/libjli.so
7f9bde657000-7f9bde856000 ---p 0000d000 08:03 1049877                    /usr/lib/jvm/java-8-openjdk/jre/lib/amd64/jli/libjli.so
7f9bde856000-7f9bde857000 rw-p 0000c000 08:03 1049877                    /usr/lib/jvm/java-8-openjdk/jre/lib/amd64/jli/libjli.so
7f9bde857000-7f9bde86c000 r-xp 00000000 08:03 529617                     /usr/lib/libz.so.1.2.8
7f9bde86c000-7f9bdea6b000 ---p 00015000 08:03 529617                     /usr/lib/libz.so.1.2.8
7f9bdea6b000-7f9bdea6c000 r--p 00014000 08:03 529617                     /usr/lib/libz.so.1.2.8
7f9bdea6c000-7f9bdea6d000 rw-p 00015000 08:03 529617                     /usr/lib/libz.so.1.2.8
7f9bdea6d000-7f9bdea85000 r-xp 00000000 08:03 529028                     /usr/lib/libpthread-2.22.so
7f9bdea85000-7f9bdec84000 ---p 00018000 08:03 529028                     /usr/lib/libpthread-2.22.so
7f9bdec84000-7f9bdec85000 r--p 00017000 08:03 529028                     /usr/lib/libpthread-2.22.so
7f9bdec85000-7f9bdec86000 rw-p 00018000 08:03 529028                     /usr/lib/libpthread-2.22.so
7f9bdec86000-7f9bdec8a000 rw-p 00000000 00:00 0 
7f9bdec8a000-7f9bdecac000 r-xp 00000000 08:03 529046                     /usr/lib/ld-2.22.so
7f9bdecac000-7f9bdecae000 r--s 00007000 08:03 807163                     /home/aoi/Code/GroupProject-4102-ScalaAPI/target/webapp/WEB-INF/lib/paranamer-2.8.jar
7f9bdecae000-7f9bdecb2000 r--s 00034000 08:03 807165                     /home/aoi/Code/GroupProject-4102-ScalaAPI/target/webapp/WEB-INF/lib/rl_2.11-0.4.10.jar
7f9bdecb2000-7f9bdecbd000 r--s 0008c000 08:03 807155                     /home/aoi/Code/GroupProject-4102-ScalaAPI/target/webapp/WEB-INF/lib/json4s-core_2.11-3.3.0.jar
7f9bdecbd000-7f9bdecc2000 r--s 00096000 08:03 1049479                    /usr/lib/jvm/java-8-openjdk/jre/lib/jsse.jar
7f9bdecc2000-7f9bdecc5000 r--s 00018000 08:03 439026                     /home/aoi/.ivy2/cache/org.eclipse.jetty/jetty-io/jars/jetty-io-9.2.10.v20150310.jar
7f9bdecc5000-7f9bdecc8000 r--s 00015000 08:03 438986                     /home/aoi/.ivy2/cache/javax.servlet/javax.servlet-api/jars/javax.servlet-api-3.1.0.jar
7f9bdecc8000-7f9bded6c000 rw-p 00000000 00:00 0 
7f9bded6c000-7f9bded6f000 ---p 00000000 00:00 0 
7f9bded6f000-7f9bdee71000 rw-p 00000000 00:00 0                          [stack:20029]
7f9bdee71000-7f9bdee73000 r--s 00018000 08:03 439025                     /home/aoi/.ivy2/cache/org.eclipse.jetty/jetty-http/jars/jetty-http-9.2.10.v20150310.jar
7f9bdee73000-7f9bdee79000 r--s 00061000 08:03 439024                     /home/aoi/.ivy2/cache/org.eclipse.jetty/jetty-server/jars/jetty-server-9.2.10.v20150310.jar
7f9bdee79000-7f9bdee7c000 r--s 00015000 08:03 439023                     /home/aoi/.ivy2/cache/org.eclipse.jetty/jetty-security/jars/jetty-security-9.2.10.v20150310.jar
7f9bdee7c000-7f9bdee7f000 r--s 0001a000 08:03 439021                     /home/aoi/.ivy2/cache/org.eclipse.jetty/jetty-servlet/jars/jetty-servlet-9.2.10.v20150310.jar
7f9bdee7f000-7f9bdee85000 r--s 00051000 08:03 439022                     /home/aoi/.ivy2/cache/org.eclipse.jetty/jetty-util/jars/jetty-util-9.2.10.v20150310.jar
7f9bdee85000-7f9bdee86000 r--s 0000a000 08:03 439020                     /home/aoi/.ivy2/cache/org.eclipse.jetty/jetty-xml/jars/jetty-xml-9.2.10.v20150310.jar
7f9bdee86000-7f9bdee88000 r--s 00019000 08:03 439019                     /home/aoi/.ivy2/cache/org.eclipse.jetty/jetty-webapp/jars/jetty-webapp-9.2.10.v20150310.jar
7f9bdee88000-7f9bdeea0000 rw-p 00000000 00:00 0 
7f9bdeea0000-7f9bdeea8000 rw-s 00000000 00:20 88                         /tmp/hsperfdata_aoi/20025
7f9bdeea8000-7f9bdeea9000 rw-p 00000000 00:00 0 
7f9bdeea9000-7f9bdeeaa000 r--p 00000000 00:00 0 
7f9bdeeaa000-7f9bdeeab000 rw-p 00000000 00:00 0 
7f9bdeeab000-7f9bdeeac000 r--p 00021000 08:03 529046                     /usr/lib/ld-2.22.so
7f9bdeeac000-7f9bdeead000 rw-p 00022000 08:03 529046                     /usr/lib/ld-2.22.so
7f9bdeead000-7f9bdeeae000 rw-p 00000000 00:00 0 
7ffddac5f000-7ffddac80000 rw-p 00000000 00:00 0                          [stack]
7ffddacc5000-7ffddacc7000 r--p 00000000 00:00 0                          [vvar]
7ffddacc7000-7ffddacc9000 r-xp 00000000 00:00 0                          [vdso]
ffffffffff600000-ffffffffff601000 r-xp 00000000 00:00 0                  [vsyscall]

VM Arguments:
java_command: org.eclipse.jetty.runner.Runner /home/aoi/Code/GroupProject-4102-ScalaAPI/target/webapp
java_class_path (initial): /home/aoi/.ivy2/cache/org.eclipse.jetty/jetty-runner/jars/jetty-runner-9.2.1.v20140609.jar:/home/aoi/.ivy2/cache/org.eclipse.jetty/jetty-webapp/jars/jetty-webapp-9.2.10.v20150310.jar:/home/aoi/.ivy2/cache/org.eclipse.jetty/jetty-xml/jars/jetty-xml-9.2.10.v20150310.jar:/home/aoi/.ivy2/cache/org.eclipse.jetty/jetty-util/jars/jetty-util-9.2.10.v20150310.jar:/home/aoi/.ivy2/cache/org.eclipse.jetty/jetty-servlet/jars/jetty-servlet-9.2.10.v20150310.jar:/home/aoi/.ivy2/cache/org.eclipse.jetty/jetty-security/jars/jetty-security-9.2.10.v20150310.jar:/home/aoi/.ivy2/cache/org.eclipse.jetty/jetty-server/jars/jetty-server-9.2.10.v20150310.jar:/home/aoi/.ivy2/cache/javax.servlet/javax.servlet-api/jars/javax.servlet-api-3.1.0.jar:/home/aoi/.ivy2/cache/org.eclipse.jetty/jetty-http/jars/jetty-http-9.2.10.v20150310.jar:/home/aoi/.ivy2/cache/org.eclipse.jetty/jetty-io/jars/jetty-io-9.2.10.v20150310.jar
Launcher Type: SUN_STANDARD

Environment Variables:
PATH=/usr/local/sbin:/usr/local/bin:/usr/bin:/opt/android-sdk/platform-tools:/usr/lib/jvm/default/bin:/usr/bin/site_perl:/usr/bin/vendor_perl:/usr/bin/core_perl
SHELL=/bin/bash
DISPLAY=:0.0

Signal Handlers:
SIGSEGV: [libjvm.so+0xa581a0], sa_mask[0]=11111111011111111101111111111110, sa_flags=SA_RESTART|SA_SIGINFO
SIGBUS: [libjvm.so+0xa581a0], sa_mask[0]=11111111011111111101111111111110, sa_flags=SA_RESTART|SA_SIGINFO
SIGFPE: [libjvm.so+0x8a4420], sa_mask[0]=11111111011111111101111111111110, sa_flags=SA_RESTART|SA_SIGINFO
SIGPIPE: [libjvm.so+0x8a4420], sa_mask[0]=11111111011111111101111111111110, sa_flags=SA_RESTART|SA_SIGINFO
SIGXFSZ: [libjvm.so+0x8a4420], sa_mask[0]=11111111011111111101111111111110, sa_flags=SA_RESTART|SA_SIGINFO
SIGILL: [libjvm.so+0x8a4420], sa_mask[0]=11111111011111111101111111111110, sa_flags=SA_RESTART|SA_SIGINFO
SIGUSR1: SIG_DFL, sa_mask[0]=00000000000000000000000000000000, sa_flags=none
SIGUSR2: [libjvm.so+0x8a42d0], sa_mask[0]=00100000000000000000000000000000, sa_flags=SA_RESTART|SA_SIGINFO
SIGHUP: [libjvm.so+0x8a47a0], sa_mask[0]=11111111011111111101111111111110, sa_flags=SA_RESTART|SA_SIGINFO
SIGINT: [libjvm.so+0x8a47a0], sa_mask[0]=11111111011111111101111111111110, sa_flags=SA_RESTART|SA_SIGINFO
SIGTERM: [libjvm.so+0x8a47a0], sa_mask[0]=11111111011111111101111111111110, sa_flags=SA_RESTART|SA_SIGINFO
SIGQUIT: [libjvm.so+0x8a47a0], sa_mask[0]=11111111011111111101111111111110, sa_flags=SA_RESTART|SA_SIGINFO


---------------  S Y S T E M  ---------------

OS:DISTRIB_ID=ManjaroLinux
DISTRIB_RELEASE=15.09
DISTRIB_CODENAME=Bellatrix
DISTRIB_DESCRIPTION="Manjaro Linux"

uname:Linux 3.18.24-1-MANJARO #1 SMP PREEMPT Tue Nov 3 21:34:29 UTC 2015 x86_64
libc:glibc 2.22 NPTL 2.22 
rlimit: STACK 8192k, CORE 0k, NPROC 19362, NOFILE 4096, AS infinity
load average:1.79 1.07 0.83

/proc/meminfo:
MemTotal:        4964160 kB
MemFree:         1265420 kB
MemAvailable:    1453148 kB
Buffers:            9416 kB
Cached:           515352 kB
SwapCached:            0 kB
Active:          3281648 kB
Inactive:         239796 kB
Active(anon):    3059500 kB
Inactive(anon):   123976 kB
Active(file):     222148 kB
Inactive(file):   115820 kB
Unevictable:          32 kB
Mlocked:              32 kB
SwapTotal:             0 kB
SwapFree:              0 kB
Dirty:              5448 kB
Writeback:         10280 kB
AnonPages:       2997188 kB
Mapped:           223824 kB
Shmem:            186368 kB
Slab:              62008 kB
SReclaimable:      37408 kB
SUnreclaim:        24600 kB
KernelStack:        6464 kB
PageTables:        23348 kB
NFS_Unstable:          0 kB
Bounce:                0 kB
WritebackTmp:          0 kB
CommitLimit:     2482080 kB
Committed_AS:    5864456 kB
VmallocTotal:   34359738367 kB
VmallocUsed:      375000 kB
VmallocChunk:   34359356380 kB
HardwareCorrupted:     0 kB
AnonHugePages:   1521664 kB
HugePages_Total:       0
HugePages_Free:        0
HugePages_Rsvd:        0
HugePages_Surp:        0
Hugepagesize:       2048 kB
DirectMap4k:       99968 kB
DirectMap2M:     5023744 kB


CPU:total 4 (2 cores per cpu, 2 threads per core) family 6 model 42 stepping 7, cmov, cx8, fxsr, mmx, sse, sse2, sse3, ssse3, sse4.1, sse4.2, popcnt, avx, aes, clmul, ht, tsc, tscinvbit

/proc/cpuinfo:
processor	: 0
vendor_id	: GenuineIntel
cpu family	: 6
model		: 42
model name	: Intel(R) Core(TM) i5-2520M CPU @ 2.50GHz
stepping	: 7
microcode	: 0x29
cpu MHz		: 2999.902
cache size	: 3072 KB
physical id	: 0
siblings	: 4
core id		: 0
cpu cores	: 2
apicid		: 0
initial apicid	: 0
fpu		: yes
fpu_exception	: yes
cpuid level	: 13
wp		: yes
flags		: fpu vme de pse tsc msr pae mce cx8 apic sep mtrr pge mca cmov pat pse36 clflush dts acpi mmx fxsr sse sse2 ss ht tm pbe syscall nx rdtscp lm constant_tsc arch_perfmon pebs bts nopl xtopology nonstop_tsc aperfmperf eagerfpu pni pclmulqdq dtes64 monitor ds_cpl vmx smx est tm2 ssse3 cx16 xtpr pdcm pcid sse4_1 sse4_2 x2apic popcnt tsc_deadline_timer aes xsave avx lahf_lm ida arat epb pln pts dtherm tpr_shadow vnmi flexpriority ept vpid xsaveopt
bugs		:
bogomips	: 4985.53
clflush size	: 64
cache_alignment	: 64
address sizes	: 36 bits physical, 48 bits virtual
power management:

processor	: 1
vendor_id	: GenuineIntel
cpu family	: 6
model		: 42
model name	: Intel(R) Core(TM) i5-2520M CPU @ 2.50GHz
stepping	: 7
microcode	: 0x29
cpu MHz		: 2999.902
cache size	: 3072 KB
physical id	: 0
siblings	: 4
core id		: 0
cpu cores	: 2
apicid		: 1
initial apicid	: 1
fpu		: yes
fpu_exception	: yes
cpuid level	: 13
wp		: yes
flags		: fpu vme de pse tsc msr pae mce cx8 apic sep mtrr pge mca cmov pat pse36 clflush dts acpi mmx fxsr sse sse2 ss ht tm pbe syscall nx rdtscp lm constant_tsc arch_perfmon pebs bts nopl xtopology nonstop_tsc aperfmperf eagerfpu pni pclmulqdq dtes64 monitor ds_cpl vmx smx est tm2 ssse3 cx16 xtpr pdcm pcid sse4_1 sse4_2 x2apic popcnt tsc_deadline_timer aes xsave avx lahf_lm ida arat epb pln pts dtherm tpr_shadow vnmi flexpriority ept vpid xsaveopt
bugs		:
bogomips	: 4985.53
clflush size	: 64
cache_alignment	: 64
address sizes	: 36 bits physical, 48 bits virtual
power management:

processor	: 2
vendor_id	: GenuineIntel
cpu family	: 6
model		: 42
model name	: Intel(R) Core(TM) i5-2520M CPU @ 2.50GHz
stepping	: 7
microcode	: 0x29
cpu MHz		: 3000.000
cache size	: 3072 KB
physical id	: 0
siblings	: 4
core id		: 1
cpu cores	: 2
apicid		: 2
initial apicid	: 2
fpu		: yes
fpu_exception	: yes
cpuid level	: 13
wp		: yes
flags		: fpu vme de pse tsc msr pae mce cx8 apic sep mtrr pge mca cmov pat pse36 clflush dts acpi mmx fxsr sse sse2 ss ht tm pbe syscall nx rdtscp lm constant_tsc arch_perfmon pebs bts nopl xtopology nonstop_tsc aperfmperf eagerfpu pni pclmulqdq dtes64 monitor ds_cpl vmx smx est tm2 ssse3 cx16 xtpr pdcm pcid sse4_1 sse4_2 x2apic popcnt tsc_deadline_timer aes xsave avx lahf_lm ida arat epb pln pts dtherm tpr_shadow vnmi flexpriority ept vpid xsaveopt
bugs		:
bogomips	: 4985.53
clflush size	: 64
cache_alignment	: 64
address sizes	: 36 bits physical, 48 bits virtual
power management:

processor	: 3
vendor_id	: GenuineIntel
cpu family	: 6
model		: 42
model name	: Intel(R) Core(TM) i5-2520M CPU @ 2.50GHz
stepping	: 7
microcode	: 0x29
cpu MHz		: 2999.902
cache size	: 3072 KB
physical id	: 0
siblings	: 4
core id		: 1
cpu cores	: 2
apicid		: 3
initial apicid	: 3
fpu		: yes
fpu_exception	: yes
cpuid level	: 13
wp		: yes
flags		: fpu vme de pse tsc msr pae mce cx8 apic sep mtrr pge mca cmov pat pse36 clflush dts acpi mmx fxsr sse sse2 ss ht tm pbe syscall nx rdtscp lm constant_tsc arch_perfmon pebs bts nopl xtopology nonstop_tsc aperfmperf eagerfpu pni pclmulqdq dtes64 monitor ds_cpl vmx smx est tm2 ssse3 cx16 xtpr pdcm pcid sse4_1 sse4_2 x2apic popcnt tsc_deadline_timer aes xsave avx lahf_lm ida arat epb pln pts dtherm tpr_shadow vnmi flexpriority ept vpid xsaveopt
bugs		:
bogomips	: 4985.53
clflush size	: 64
cache_alignment	: 64
address sizes	: 36 bits physical, 48 bits virtual
power management:



Memory: 4k page, physical 4964160k(1265420k free), swap 0k(0k free)

vm_info: OpenJDK 64-Bit Server VM (25.65-b01) for linux-amd64 JRE (1.8.0_65-b17), built on Oct 21 2015 14:15:11 by "builduser" with gcc 5.2.0

time: Thu Nov 26 14:13:33 2015
elapsed time: 1 seconds (0d 0h 0m 1s)

