#
# A fatal error has been detected by the Java Runtime Environment:
#
#  SIGBUS (0x7) at pc=0x00007f6388a4ecbd, pid=4401, tid=140064182986496
#
# JRE version: OpenJDK Runtime Environment (8.0_65-b17) (build 1.8.0_65-b17)
# Java VM: OpenJDK 64-Bit Server VM (25.65-b01 mixed mode linux-amd64 compressed oops)
# Problematic frame:
# C  [libzip.so+0x4cbd]
#
# Failed to write core dump. Core dumps have been disabled. To enable core dumping, try "ulimit -c unlimited" before starting Java again
#
# If you would like to submit a bug report, please visit:
#   http://bugreport.java.com/bugreport/crash.jsp
# The crash happened outside the Java Virtual Machine in native code.
# See problematic frame for where to report the bug.
#

---------------  T H R E A D  ---------------

Current thread (0x00007f63842a3800):  JavaThread "qtp2129789493-12" [_thread_in_native, id=4426, stack(0x00007f633bcf6000,0x00007f633bdf7000)]

siginfo: si_signo: 7 (SIGBUS), si_code: 2 (BUS_ADRERR), si_addr: 0x00007f636402a09a

Registers:
RAX=0x00007f632c1625f0, RBX=0x00007f63842b02a0, RCX=0x00007f636402a07a, RDX=0x00007f632c1625f0
RSP=0x00007f633bdf4c10, RBP=0x00007f633bdf4c80, RSI=0x0000000000000003, RDI=0x00007f632c000038
R8 =0x00000000161bd1d8, R9 =0x0000000000000050, R10=0x00007f637517acd8, R11=0x000000000000003d
R12=0x00007f63842e1578, R13=0x00007f633bdf4d2c, R14=0x00007f632c1f5270, R15=0x00007f632c1625f0
RIP=0x00007f6388a4ecbd, EFLAGS=0x0000000000010202, CSGSFS=0x0000000000000033, ERR=0x0000000000000004
  TRAPNO=0x000000000000000e

Top of Stack: (sp=0x00007f633bdf4c10)
0x00007f633bdf4c10:   00000000b4400848 7171a172556b7e00
0x00007f633bdf4c20:   00007f633bdf4e30 00007f63842a4178
0x00007f633bdf4c30:   00007f63842a3800 00007f63842a3800
0x00007f633bdf4c40:   000000003bdf4fc8 00007f638a00f290
0x00007f633bdf4c50:   000000000000003d 00007f63842e1570
0x00007f633bdf4c60:   00000000161bd1d8 00007f633bdf4d2c
0x00007f633bdf4c70:   00007f632c1f5270 00007f63842b02a0
0x00007f633bdf4c80:   00007f633bdf4cd0 00007f6388a4fa04
0x00007f633bdf4c90:   00007f633bdf4cf0 0000003d016b7e00
0x00007f633bdf4ca0:   00007f63842a3800 000000000000003d
0x00007f633bdf4cb0:   00007f63842a39e0 00000000eb80c630
0x00007f633bdf4cc0:   00007f633bdf5148 00007f63842b02a0
0x00007f633bdf4cd0:   00007f633bdf5130 00007f6388a4d9fc
0x00007f633bdf4ce0:   00007f633bdf4cf0 0000000100000000
0x00007f633bdf4cf0:   61646f6a2f67726f 68632f656d69742f
0x00007f633bdf4d00:   6e6f5a2f6f6e6f72 6f6e6f7268436465
0x00007f633bdf4d10:   6e6f5a2479676f6c 6974617275446465
0x00007f633bdf4d20:   2e646c6569466e6f 0000007373616c63
0x00007f633bdf4d30:   0000000000000000 0000000000000000
0x00007f633bdf4d40:   00007f63842a4178 0000000000000000
0x00007f633bdf4d50:   00007f638b0b8121 7171a172556b7e00
0x00007f633bdf4d60:   0000000000000001 00007f6324005cb0
0x00007f633bdf4d70:   00007f63842a3800 00007f63842a3800
0x00007f633bdf4d80:   00007f633bdf5010 000000000000005e
0x00007f633bdf4d90:   0000000000000066 00007f633bdf4dd0
0x00007f633bdf4da0:   00007f633bdf5010 00007f633bdf4dd0
0x00007f633bdf4db0:   00007f633bdf5010 000000000000005e
0x00007f633bdf4dc0:   00007f633bdf4e00 00007f6389b4c4be
0x00007f633bdf4dd0:   00007f63842a4178 00007f633bdf5010
0x00007f633bdf4de0:   00007f63842a3800 7171a172556b7e00
0x00007f633bdf4df0:   00000000eb82a3b0 0000000000000000
0x00007f633bdf4e00:   00007f633bdf4fe0 00007f63750fcdde 

Instructions: (pc=0x00007f6388a4ecbd)
0x00007f6388a4ec9d:   40 30 00 00 00 00 48 c7 40 28 00 00 00 00 0f 84
0x00007f6388a4ecad:   bf 01 00 00 49 8b 0c 24 48 2b 4b 28 48 03 4b 18
0x00007f6388a4ecbd:   0f b7 41 20 44 0f b7 69 1c 49 89 ce 44 0f b7 61
0x00007f6388a4eccd:   1e 89 45 c0 41 8b 46 0c 48 c7 45 c8 00 00 00 00 

Register to memory mapping:

RAX=0x00007f632c1625f0 is an unknown value
RBX=0x00007f63842b02a0 is an unknown value
RCX=0x00007f636402a07a is an unknown value
RDX=0x00007f632c1625f0 is an unknown value
RSP=0x00007f633bdf4c10 is pointing into the stack for thread: 0x00007f63842a3800
RBP=0x00007f633bdf4c80 is pointing into the stack for thread: 0x00007f63842a3800
RSI=0x0000000000000003 is an unknown value
RDI=0x00007f632c000038 is an unknown value
R8 =0x00000000161bd1d8 is an unknown value
R9 =0x0000000000000050 is an unknown value
R10=0x00007f637517acd8 is at entry_point+88 in (nmethod*)0x00007f637517ab10
R11=0x000000000000003d is an unknown value
R12=0x00007f63842e1578 is an unknown value
R13=0x00007f633bdf4d2c is pointing into the stack for thread: 0x00007f63842a3800
R14=0x00007f632c1f5270 is an unknown value
R15=0x00007f632c1625f0 is an unknown value


Stack: [0x00007f633bcf6000,0x00007f633bdf7000],  sp=0x00007f633bdf4c10,  free space=1019k
Native frames: (J=compiled Java code, j=interpreted, Vv=VM code, C=native code)
C  [libzip.so+0x4cbd]
C  [libzip.so+0x5a04]
C  [libzip.so+0x39fc]  Java_java_util_zip_ZipFile_getEntry+0xec
J 200  java.util.zip.ZipFile.getEntry(J[BZ)J (0 bytes) @ 0x00007f637517ad4e [0x00007f637517ac80+0xce]
J 407 C1 java.util.zip.ZipFile.getEntry(Ljava/lang/String;)Ljava/util/zip/ZipEntry; (86 bytes) @ 0x00007f63751f450c [0x00007f63751f42a0+0x26c]
J 513 C1 sun.net.www.protocol.jar.URLJarFile.getEntry(Ljava/lang/String;)Ljava/util/zip/ZipEntry; (69 bytes) @ 0x00007f6375282034 [0x00007f6375281f60+0xd4]
J 525 C1 sun.net.www.protocol.jar.JarURLConnection.connect()V (147 bytes) @ 0x00007f637528b76c [0x00007f637528b240+0x52c]
J 653 C1 sun.net.www.protocol.jar.JarURLConnection.getJarFile()Ljava/util/jar/JarFile; (9 bytes) @ 0x00007f6375304804 [0x00007f6375304780+0x84]
J 511 C1 org.eclipse.jetty.util.resource.JarFileResource.newConnection()V (108 bytes) @ 0x00007f6375281364 [0x00007f6375280b40+0x824]
J 509 C1 org.eclipse.jetty.util.resource.JarResource.checkConnection()Z (51 bytes) @ 0x00007f637527a0dc [0x00007f6375279ea0+0x23c]
J 532 C1 org.eclipse.jetty.util.resource.JarFileResource.checkConnection()Z (78 bytes) @ 0x00007f637529cc4c [0x00007f637529cb00+0x14c]
J 741 C1 org.eclipse.jetty.util.resource.JarResource.getInputStream()Ljava/io/InputStream; (62 bytes) @ 0x00007f6375374e14 [0x00007f6375374d00+0x114]
J 686 C1 org.eclipse.jetty.annotations.AnnotationParser.parseJarEntry(Ljava/util/Set;Lorg/eclipse/jetty/util/resource/Resource;Ljava/util/jar/JarEntry;Lorg/eclipse/jetty/annotations/ClassNameResolver;)V (181 bytes) @ 0x00007f637532b37c [0x00007f6375329ba0+0x17dc]
j  org.eclipse.jetty.annotations.AnnotationParser.parseJar(Ljava/util/Set;Lorg/eclipse/jetty/util/resource/Resource;Lorg/eclipse/jetty/annotations/ClassNameResolver;)V+96
j  org.eclipse.jetty.annotations.AnnotationParser.parse(Ljava/util/Set;Lorg/eclipse/jetty/util/resource/Resource;Lorg/eclipse/jetty/annotations/ClassNameResolver;)V+47
j  org.eclipse.jetty.annotations.AnnotationConfiguration$ParserTask.call()Ljava/lang/Void;+37
j  org.eclipse.jetty.annotations.AnnotationConfiguration$1.run()V+4
j  org.eclipse.jetty.util.thread.QueuedThreadPool.runJob(Ljava/lang/Runnable;)V+1
j  org.eclipse.jetty.util.thread.QueuedThreadPool$3.run()V+73
j  java.lang.Thread.run()V+11
v  ~StubRoutines::call_stub
V  [libjvm.so+0x65e81b]
V  [libjvm.so+0x65bde4]
V  [libjvm.so+0x65c3c7]
V  [libjvm.so+0x69acd4]
V  [libjvm.so+0x9fc377]
V  [libjvm.so+0x9fc775]
V  [libjvm.so+0x8a6292]
C  [libpthread.so.0+0x74a4]  start_thread+0xc4

Java frames: (J=compiled Java code, j=interpreted, Vv=VM code)
J 200  java.util.zip.ZipFile.getEntry(J[BZ)J (0 bytes) @ 0x00007f637517acd8 [0x00007f637517ac80+0x58]
J 407 C1 java.util.zip.ZipFile.getEntry(Ljava/lang/String;)Ljava/util/zip/ZipEntry; (86 bytes) @ 0x00007f63751f450c [0x00007f63751f42a0+0x26c]
J 513 C1 sun.net.www.protocol.jar.URLJarFile.getEntry(Ljava/lang/String;)Ljava/util/zip/ZipEntry; (69 bytes) @ 0x00007f6375282034 [0x00007f6375281f60+0xd4]
J 525 C1 sun.net.www.protocol.jar.JarURLConnection.connect()V (147 bytes) @ 0x00007f637528b76c [0x00007f637528b240+0x52c]
J 653 C1 sun.net.www.protocol.jar.JarURLConnection.getJarFile()Ljava/util/jar/JarFile; (9 bytes) @ 0x00007f6375304804 [0x00007f6375304780+0x84]
J 511 C1 org.eclipse.jetty.util.resource.JarFileResource.newConnection()V (108 bytes) @ 0x00007f6375281364 [0x00007f6375280b40+0x824]
J 509 C1 org.eclipse.jetty.util.resource.JarResource.checkConnection()Z (51 bytes) @ 0x00007f637527a0dc [0x00007f6375279ea0+0x23c]
J 532 C1 org.eclipse.jetty.util.resource.JarFileResource.checkConnection()Z (78 bytes) @ 0x00007f637529cc4c [0x00007f637529cb00+0x14c]
J 741 C1 org.eclipse.jetty.util.resource.JarResource.getInputStream()Ljava/io/InputStream; (62 bytes) @ 0x00007f6375374e14 [0x00007f6375374d00+0x114]
J 686 C1 org.eclipse.jetty.annotations.AnnotationParser.parseJarEntry(Ljava/util/Set;Lorg/eclipse/jetty/util/resource/Resource;Ljava/util/jar/JarEntry;Lorg/eclipse/jetty/annotations/ClassNameResolver;)V (181 bytes) @ 0x00007f637532b37c [0x00007f6375329ba0+0x17dc]
j  org.eclipse.jetty.annotations.AnnotationParser.parseJar(Ljava/util/Set;Lorg/eclipse/jetty/util/resource/Resource;Lorg/eclipse/jetty/annotations/ClassNameResolver;)V+96
j  org.eclipse.jetty.annotations.AnnotationParser.parse(Ljava/util/Set;Lorg/eclipse/jetty/util/resource/Resource;Lorg/eclipse/jetty/annotations/ClassNameResolver;)V+47
j  org.eclipse.jetty.annotations.AnnotationConfiguration$ParserTask.call()Ljava/lang/Void;+37
j  org.eclipse.jetty.annotations.AnnotationConfiguration$1.run()V+4
j  org.eclipse.jetty.util.thread.QueuedThreadPool.runJob(Ljava/lang/Runnable;)V+1
j  org.eclipse.jetty.util.thread.QueuedThreadPool$3.run()V+73
j  java.lang.Thread.run()V+11
v  ~StubRoutines::call_stub

---------------  P R O C E S S  ---------------

Java Threads: ( => current thread )
  0x00007f63842ae000 JavaThread "qtp2129789493-18" [_thread_blocked, id=4432, stack(0x00007f633b6f0000,0x00007f633b7f1000)]
  0x00007f63842ac000 JavaThread "qtp2129789493-17" [_thread_in_native, id=4431, stack(0x00007f633b7f1000,0x00007f633b8f2000)]
  0x00007f63842aa800 JavaThread "qtp2129789493-16" [_thread_blocked, id=4430, stack(0x00007f633b8f2000,0x00007f633b9f3000)]
  0x00007f63842a8800 JavaThread "qtp2129789493-15" [_thread_blocked, id=4429, stack(0x00007f633b9f3000,0x00007f633baf4000)]
  0x00007f63842a7000 JavaThread "qtp2129789493-14" [_thread_blocked, id=4428, stack(0x00007f633baf4000,0x00007f633bbf5000)]
  0x00007f63842a5800 JavaThread "qtp2129789493-13" [_thread_in_Java, id=4427, stack(0x00007f633bbf5000,0x00007f633bcf6000)]
=>0x00007f63842a3800 JavaThread "qtp2129789493-12" [_thread_in_native, id=4426, stack(0x00007f633bcf6000,0x00007f633bdf7000)]
  0x00007f63842a2000 JavaThread "qtp2129789493-11" [_thread_in_Java, id=4425, stack(0x00007f6364038000,0x00007f6364139000)]
  0x00007f63840d8800 JavaThread "Service Thread" daemon [_thread_blocked, id=4423, stack(0x00007f636427c000,0x00007f636437d000)]
  0x00007f63840bb800 JavaThread "C1 CompilerThread2" daemon [_thread_blocked, id=4422, stack(0x00007f636437d000,0x00007f636447e000)]
  0x00007f63840b9800 JavaThread "C2 CompilerThread1" daemon [_thread_in_native, id=4421, stack(0x00007f636447e000,0x00007f636457f000)]
  0x00007f63840b6800 JavaThread "C2 CompilerThread0" daemon [_thread_in_native, id=4420, stack(0x00007f636457f000,0x00007f6364680000)]
  0x00007f63840b5800 JavaThread "Signal Dispatcher" daemon [_thread_blocked, id=4419, stack(0x00007f6364680000,0x00007f6364781000)]
  0x00007f638407d000 JavaThread "Finalizer" daemon [_thread_blocked, id=4412, stack(0x00007f636490f000,0x00007f6364a10000)]
  0x00007f638407b000 JavaThread "Reference Handler" daemon [_thread_blocked, id=4411, stack(0x00007f6364a10000,0x00007f6364b11000)]
  0x00007f6384008800 JavaThread "main" [_thread_blocked, id=4403, stack(0x00007f638b3ac000,0x00007f638b4ad000)]

Other Threads:
  0x00007f6384076000 VMThread [stack: 0x00007f6364b11000,0x00007f6364c12000] [id=4410]
  0x00007f63840e3000 WatcherThread [stack: 0x00007f636417b000,0x00007f636427c000] [id=4424]

VM state:not at safepoint (normal execution)

VM Mutex/Monitor currently owned by a thread: None

Heap:
 PSYoungGen      total 80896K, used 32218K [0x00000000e6c00000, 0x00000000f0f00000, 0x0000000100000000)
  eden space 77824K, 37% used [0x00000000e6c00000,0x00000000e887c290,0x00000000eb800000)
  from space 3072K, 99% used [0x00000000eb800000,0x00000000ebafa6b0,0x00000000ebb00000)
  to   space 5632K, 0% used [0x00000000f0980000,0x00000000f0980000,0x00000000f0f00000)
 ParOldGen       total 52224K, used 2946K [0x00000000b4400000, 0x00000000b7700000, 0x00000000e6c00000)
  object space 52224K, 5% used [0x00000000b4400000,0x00000000b46e08a0,0x00000000b7700000)
 Metaspace       used 8226K, capacity 8324K, committed 8576K, reserved 1056768K
  class space    used 871K, capacity 880K, committed 896K, reserved 1048576K

Card table byte_map: [0x00007f638842b000,0x00007f638868a000] byte_map_base: 0x00007f6387e89000

Marking Bits: (ParMarkBitMap*) 0x00007f638a6c77e0
 Begin Bits: [0x00007f6365a20000, 0x00007f6366d10000)
 End Bits:   [0x00007f6366d10000, 0x00007f6368000000)

Polling page: 0x00007f638b4e9000

CodeCache: size=245760Kb used=3606Kb max_used=3606Kb free=242153Kb
 bounds [0x00007f6375000000, 0x00007f6375390000, 0x00007f6384000000]
 total_blobs=1099 nmethods=791 adapters=223
 compilation: enabled

Compilation events (10 events):
Event: 1.456 Thread 0x00007f63840bb800 nmethod 788 0x00007f6375381850 code [0x00007f63753819c0, 0x00007f6375381bf8]
Event: 1.467 Thread 0x00007f63840b6800  789   !   4       java.net.URL::<init> (543 bytes)
Event: 1.498 Thread 0x00007f63840bb800  792       3       org.objectweb.asm.ClassReader::readConst (252 bytes)
Event: 1.509 Thread 0x00007f63840bb800 nmethod 792 0x00007f63753866d0 code [0x00007f6375386a00, 0x00007f6375387b88]
Event: 1.567 Thread 0x00007f63840bb800  793       3       java.util.LinkedHashMap$LinkedKeyIterator::next (8 bytes)
Event: 1.568 Thread 0x00007f63840bb800 nmethod 793 0x00007f6375381390 code [0x00007f6375381500, 0x00007f63753817a8]
Event: 1.669 Thread 0x00007f63840bb800  795       3       java.util.jar.JarInputStream::read (48 bytes)
Event: 1.670 Thread 0x00007f63840bb800 nmethod 795 0x00007f6375380e50 code [0x00007f6375380fe0, 0x00007f6375381298]
Event: 1.672 Thread 0x00007f63840bb800  796       3       java.util.zip.ZipInputStream::read (304 bytes)
Event: 1.675 Thread 0x00007f63840bb800 nmethod 796 0x00007f6375388a90 code [0x00007f6375388de0, 0x00007f637538a5d8]

GC Heap History (10 events):
Event: 0.419 GC heap before
{Heap before GC invocations=1 (full 0):
 PSYoungGen      total 22528K, used 19456K [0x00000000e6c00000, 0x00000000e8500000, 0x0000000100000000)
  eden space 19456K, 100% used [0x00000000e6c00000,0x00000000e7f00000,0x00000000e7f00000)
  from space 3072K, 0% used [0x00000000e8200000,0x00000000e8200000,0x00000000e8500000)
  to   space 3072K, 0% used [0x00000000e7f00000,0x00000000e7f00000,0x00000000e8200000)
 ParOldGen       total 52224K, used 0K [0x00000000b4400000, 0x00000000b7700000, 0x00000000e6c00000)
  object space 52224K, 0% used [0x00000000b4400000,0x00000000b4400000,0x00000000b7700000)
 Metaspace       used 7089K, capacity 7236K, committed 7552K, reserved 1056768K
  class space    used 777K, capacity 816K, committed 896K, reserved 1048576K
Event: 0.425 GC heap after
Heap after GC invocations=1 (full 0):
 PSYoungGen      total 22528K, used 2829K [0x00000000e6c00000, 0x00000000e9800000, 0x0000000100000000)
  eden space 19456K, 0% used [0x00000000e6c00000,0x00000000e6c00000,0x00000000e7f00000)
  from space 3072K, 92% used [0x00000000e7f00000,0x00000000e81c37e0,0x00000000e8200000)
  to   space 3072K, 0% used [0x00000000e9500000,0x00000000e9500000,0x00000000e9800000)
 ParOldGen       total 52224K, used 72K [0x00000000b4400000, 0x00000000b7700000, 0x00000000e6c00000)
  object space 52224K, 0% used [0x00000000b4400000,0x00000000b4412010,0x00000000b7700000)
 Metaspace       used 7089K, capacity 7236K, committed 7552K, reserved 1056768K
  class space    used 777K, capacity 816K, committed 896K, reserved 1048576K
}
Event: 0.466 GC heap before
{Heap before GC invocations=2 (full 0):
 PSYoungGen      total 22528K, used 22285K [0x00000000e6c00000, 0x00000000e9800000, 0x0000000100000000)
  eden space 19456K, 100% used [0x00000000e6c00000,0x00000000e7f00000,0x00000000e7f00000)
  from space 3072K, 92% used [0x00000000e7f00000,0x00000000e81c37e0,0x00000000e8200000)
  to   space 3072K, 0% used [0x00000000e9500000,0x00000000e9500000,0x00000000e9800000)
 ParOldGen       total 52224K, used 72K [0x00000000b4400000, 0x00000000b7700000, 0x00000000e6c00000)
  object space 52224K, 0% used [0x00000000b4400000,0x00000000b4412010,0x00000000b7700000)
 Metaspace       used 7116K, capacity 7236K, committed 7552K, reserved 1056768K
  class space    used 777K, capacity 816K, committed 896K, reserved 1048576K
Event: 0.484 GC heap after
Heap after GC invocations=2 (full 0):
 PSYoungGen      total 41984K, used 1488K [0x00000000e6c00000, 0x00000000e9800000, 0x0000000100000000)
  eden space 38912K, 0% used [0x00000000e6c00000,0x00000000e6c00000,0x00000000e9200000)
  from space 3072K, 48% used [0x00000000e9500000,0x00000000e9674020,0x00000000e9800000)
  to   space 3072K, 0% used [0x00000000e9200000,0x00000000e9200000,0x00000000e9500000)
 ParOldGen       total 52224K, used 80K [0x00000000b4400000, 0x00000000b7700000, 0x00000000e6c00000)
  object space 52224K, 0% used [0x00000000b4400000,0x00000000b4414010,0x00000000b7700000)
 Metaspace       used 7116K, capacity 7236K, committed 7552K, reserved 1056768K
  class space    used 777K, capacity 816K, committed 896K, reserved 1048576K
}
Event: 0.558 GC heap before
{Heap before GC invocations=3 (full 0):
 PSYoungGen      total 41984K, used 40400K [0x00000000e6c00000, 0x00000000e9800000, 0x0000000100000000)
  eden space 38912K, 100% used [0x00000000e6c00000,0x00000000e9200000,0x00000000e9200000)
  from space 3072K, 48% used [0x00000000e9500000,0x00000000e9674020,0x00000000e9800000)
  to   space 3072K, 0% used [0x00000000e9200000,0x00000000e9200000,0x00000000e9500000)
 ParOldGen       total 52224K, used 80K [0x00000000b4400000, 0x00000000b7700000, 0x00000000e6c00000)
  object space 52224K, 0% used [0x00000000b4400000,0x00000000b4414010,0x00000000b7700000)
 Metaspace       used 7142K, capacity 7236K, committed 7552K, reserved 1056768K
  class space    used 777K, capacity 816K, committed 896K, reserved 1048576K
Event: 0.562 GC heap after
Heap after GC invocations=3 (full 0):
 PSYoungGen      total 41984K, used 1632K [0x00000000e6c00000, 0x00000000ebe00000, 0x0000000100000000)
  eden space 38912K, 0% used [0x00000000e6c00000,0x00000000e6c00000,0x00000000e9200000)
  from space 3072K, 53% used [0x00000000e9200000,0x00000000e9398050,0x00000000e9500000)
  to   space 3072K, 0% used [0x00000000ebb00000,0x00000000ebb00000,0x00000000ebe00000)
 ParOldGen       total 52224K, used 88K [0x00000000b4400000, 0x00000000b7700000, 0x00000000e6c00000)
  object space 52224K, 0% used [0x00000000b4400000,0x00000000b4416010,0x00000000b7700000)
 Metaspace       used 7142K, capacity 7236K, committed 7552K, reserved 1056768K
  class space    used 777K, capacity 816K, committed 896K, reserved 1048576K
}
Event: 0.760 GC heap before
{Heap before GC invocations=4 (full 0):
 PSYoungGen      total 41984K, used 40544K [0x00000000e6c00000, 0x00000000ebe00000, 0x0000000100000000)
  eden space 38912K, 100% used [0x00000000e6c00000,0x00000000e9200000,0x00000000e9200000)
  from space 3072K, 53% used [0x00000000e9200000,0x00000000e9398050,0x00000000e9500000)
  to   space 3072K, 0% used [0x00000000ebb00000,0x00000000ebb00000,0x00000000ebe00000)
 ParOldGen       total 52224K, used 88K [0x00000000b4400000, 0x00000000b7700000, 0x00000000e6c00000)
  object space 52224K, 0% used [0x00000000b4400000,0x00000000b4416010,0x00000000b7700000)
 Metaspace       used 7190K, capacity 7300K, committed 7552K, reserved 1056768K
  class space    used 777K, capacity 816K, committed 896K, reserved 1048576K
Event: 0.773 GC heap after
Heap after GC invocations=4 (full 0):
 PSYoungGen      total 80896K, used 1728K [0x00000000e6c00000, 0x00000000ebe00000, 0x0000000100000000)
  eden space 77824K, 0% used [0x00000000e6c00000,0x00000000e6c00000,0x00000000eb800000)
  from space 3072K, 56% used [0x00000000ebb00000,0x00000000ebcb0030,0x00000000ebe00000)
  to   space 3072K, 0% used [0x00000000eb800000,0x00000000eb800000,0x00000000ebb00000)
 ParOldGen       total 52224K, used 96K [0x00000000b4400000, 0x00000000b7700000, 0x00000000e6c00000)
  object space 52224K, 0% used [0x00000000b4400000,0x00000000b4418010,0x00000000b7700000)
 Metaspace       used 7190K, capacity 7300K, committed 7552K, reserved 1056768K
  class space    used 777K, capacity 816K, committed 896K, reserved 1048576K
}
Event: 1.359 GC heap before
{Heap before GC invocations=5 (full 0):
 PSYoungGen      total 80896K, used 79552K [0x00000000e6c00000, 0x00000000ebe00000, 0x0000000100000000)
  eden space 77824K, 100% used [0x00000000e6c00000,0x00000000eb800000,0x00000000eb800000)
  from space 3072K, 56% used [0x00000000ebb00000,0x00000000ebcb0030,0x00000000ebe00000)
  to   space 3072K, 0% used [0x00000000eb800000,0x00000000eb800000,0x00000000ebb00000)
 ParOldGen       total 52224K, used 96K [0x00000000b4400000, 0x00000000b7700000, 0x00000000e6c00000)
  object space 52224K, 0% used [0x00000000b4400000,0x00000000b4418010,0x00000000b7700000)
 Metaspace       used 8216K, capacity 8324K, committed 8576K, reserved 1056768K
  class space    used 871K, capacity 880K, committed 896K, reserved 1048576K
Event: 1.369 GC heap after
Heap after GC invocations=5 (full 0):
 PSYoungGen      total 80896K, used 3049K [0x00000000e6c00000, 0x00000000f0f00000, 0x0000000100000000)
  eden space 77824K, 0% used [0x00000000e6c00000,0x00000000e6c00000,0x00000000eb800000)
  from space 3072K, 99% used [0x00000000eb800000,0x00000000ebafa6b0,0x00000000ebb00000)
  to   space 5632K, 0% used [0x00000000f0980000,0x00000000f0980000,0x00000000f0f00000)
 ParOldGen       total 52224K, used 2946K [0x00000000b4400000, 0x00000000b7700000, 0x00000000e6c00000)
  object space 52224K, 5% used [0x00000000b4400000,0x00000000b46e08a0,0x00000000b7700000)
 Metaspace       used 8216K, capacity 8324K, committed 8576K, reserved 1056768K
  class space    used 871K, capacity 880K, committed 896K, reserved 1048576K
}

Deoptimization events (10 events):
Event: 0.404 Thread 0x00007f6384008800 Uncommon trap: reason=unstable_if action=reinterpret pc=0x00007f63751f227c method=java.util.zip.ZipFile.getZipEntry(Ljava/lang/String;J)Ljava/util/zip/ZipEntry; @ 19
Event: 0.552 Thread 0x00007f6384008800 Uncommon trap: reason=unstable_if action=reinterpret pc=0x00007f6375202388 method=java.util.zip.ZipCoder.decoder()Ljava/nio/charset/CharsetDecoder; @ 4
Event: 0.552 Thread 0x00007f6384008800 Uncommon trap: reason=unstable_if action=reinterpret pc=0x00007f63751ef838 method=java.util.zip.ZipEntry.setExtra0([BZ)V @ 1
Event: 0.555 Thread 0x00007f6384008800 Uncommon trap: reason=unstable_if action=reinterpret pc=0x00007f63751fc898 method=java.util.zip.ZipCoder.decoder()Ljava/nio/charset/CharsetDecoder; @ 4
Event: 0.569 Thread 0x00007f6384008800 Uncommon trap: reason=unstable_if action=reinterpret pc=0x00007f6375209c18 method=java.util.zip.ZipCoder.decoder()Ljava/nio/charset/CharsetDecoder; @ 4
Event: 0.574 Thread 0x00007f6384008800 Uncommon trap: reason=unstable_if action=reinterpret pc=0x00007f6375204ba4 method=java.util.zip.ZipCoder.decoder()Ljava/nio/charset/CharsetDecoder; @ 4
Event: 0.587 Thread 0x00007f6384008800 Uncommon trap: reason=unstable_if action=reinterpret pc=0x00007f63751e89b0 method=java.util.zip.ZipCoder.decoder()Ljava/nio/charset/CharsetDecoder; @ 4
Event: 0.677 Thread 0x00007f6384008800 Uncommon trap: reason=unstable_if action=reinterpret pc=0x00007f63751e80d0 method=sun.nio.cs.UTF_8$Decoder.decode([BII[C)I @ 30
Event: 1.668 Thread 0x00007f63842a3800 Uncommon trap: reason=unstable_if action=reinterpret pc=0x00007f637535776c method=java.util.zip.ZipInputStream.read([BII)I @ 38
Event: 1.668 Thread 0x00007f63842a3800 Uncommon trap: reason=unstable_if action=reinterpret pc=0x00007f6375326d90 method=java.util.zip.ZipInputStream.read([BII)I @ 38

Internal exceptions (10 events):
Event: 0.148 Thread 0x00007f6384008800 Exception <a 'java/security/PrivilegedActionException'> (0x00000000e6d76a70) thrown at [/build/java8-openjdk/src/jdk8u-jdk8u65-b17/hotspot/src/share/vm/prims/jvm.cpp, line 1386]
Event: 0.148 Thread 0x00007f6384008800 Exception <a 'java/security/PrivilegedActionException'> (0x00000000e6d76c80) thrown at [/build/java8-openjdk/src/jdk8u-jdk8u65-b17/hotspot/src/share/vm/prims/jvm.cpp, line 1386]
Event: 0.149 Thread 0x00007f6384008800 Exception <a 'java/security/PrivilegedActionException'> (0x00000000e6d78b00) thrown at [/build/java8-openjdk/src/jdk8u-jdk8u65-b17/hotspot/src/share/vm/prims/jvm.cpp, line 1386]
Event: 0.149 Thread 0x00007f6384008800 Exception <a 'java/security/PrivilegedActionException'> (0x00000000e6d78d10) thrown at [/build/java8-openjdk/src/jdk8u-jdk8u65-b17/hotspot/src/share/vm/prims/jvm.cpp, line 1386]
Event: 0.149 Thread 0x00007f6384008800 Exception <a 'java/security/PrivilegedActionException'> (0x00000000e6d79768) thrown at [/build/java8-openjdk/src/jdk8u-jdk8u65-b17/hotspot/src/share/vm/prims/jvm.cpp, line 1386]
Event: 0.149 Thread 0x00007f6384008800 Exception <a 'java/security/PrivilegedActionException'> (0x00000000e6d79978) thrown at [/build/java8-openjdk/src/jdk8u-jdk8u65-b17/hotspot/src/share/vm/prims/jvm.cpp, line 1386]
Event: 0.157 Thread 0x00007f6384008800 Exception <a 'java/lang/NoClassDefFoundError': org/slf4j/Logger> (0x00000000e6d9f650) thrown at [/build/java8-openjdk/src/jdk8u-jdk8u65-b17/hotspot/src/share/vm/classfile/systemDictionary.cpp, line 199]
Event: 1.051 Thread 0x00007f6384008800 Exception <a 'java/io/FileNotFoundException'> (0x00000000ea6ff6f8) thrown at [/build/java8-openjdk/src/jdk8u-jdk8u65-b17/hotspot/src/share/vm/prims/jni.cpp, line 709]
Event: 1.668 Thread 0x00007f63842a3800 Implicit null exception at 0x00007f63753562ee to 0x00007f637535773d
Event: 1.668 Thread 0x00007f63842a3800 Implicit null exception at 0x00007f6375326abe to 0x00007f6375326d81

Events (10 events):
Event: 1.357 Executing VM operation: ParallelGCFailedAllocation
Event: 1.369 Executing VM operation: ParallelGCFailedAllocation done
Event: 1.418 Thread 0x00007f63842a5800 DEOPT PACKING pc=0x00007f637531ee07 sp=0x00007f633bcf4590
Event: 1.423 Thread 0x00007f63842a5800 DEOPT UNPACKING pc=0x00007f6375047373 sp=0x00007f633bcf42c8 mode 0
Event: 1.668 Thread 0x00007f63842a3800 Uncommon trap: trap_request=0xffffff65 fr.pc=0x00007f637535776c
Event: 1.668 Thread 0x00007f63842a3800 DEOPT PACKING pc=0x00007f637535776c sp=0x00007f633bdf5380
Event: 1.668 Thread 0x00007f63842a3800 DEOPT UNPACKING pc=0x00007f6375004f69 sp=0x00007f633bdf5330 mode 2
Event: 1.668 Thread 0x00007f63842a3800 Uncommon trap: trap_request=0xffffff65 fr.pc=0x00007f6375326d90
Event: 1.668 Thread 0x00007f63842a3800 DEOPT PACKING pc=0x00007f6375326d90 sp=0x00007f633bdf54f0
Event: 1.669 Thread 0x00007f63842a3800 DEOPT UNPACKING pc=0x00007f6375004f69 sp=0x00007f633bdf54c8 mode 2


Dynamic libraries:
00400000-00401000 r-xp 00000000 08:03 1049889                            /usr/lib/jvm/java-8-openjdk/jre/bin/java
00600000-00601000 rw-p 00000000 08:03 1049889                            /usr/lib/jvm/java-8-openjdk/jre/bin/java
01902000-01923000 rw-p 00000000 00:00 0                                  [heap]
b4400000-b7700000 rw-p 00000000 00:00 0 
b7700000-e6c00000 ---p 00000000 00:00 0 
e6c00000-f0f00000 rw-p 00000000 00:00 0 
f0f00000-100000000 ---p 00000000 00:00 0 
100000000-1000e0000 rw-p 00000000 00:00 0 
1000e0000-140000000 ---p 00000000 00:00 0 
7f6314000000-7f6314021000 rw-p 00000000 00:00 0 
7f6314021000-7f6318000000 ---p 00000000 00:00 0 
7f631c000000-7f631c021000 rw-p 00000000 00:00 0 
7f631c021000-7f6320000000 ---p 00000000 00:00 0 
7f6320000000-7f632114a000 rw-p 00000000 00:00 0 
7f632114a000-7f6324000000 ---p 00000000 00:00 0 
7f6324000000-7f6324021000 rw-p 00000000 00:00 0 
7f6324021000-7f6328000000 ---p 00000000 00:00 0 
7f6328000000-7f6328ffc000 rw-p 00000000 00:00 0 
7f6328ffc000-7f632c000000 ---p 00000000 00:00 0 
7f632c000000-7f632c246000 rw-p 00000000 00:00 0 
7f632c246000-7f6330000000 ---p 00000000 00:00 0 
7f6330000000-7f6331325000 rw-p 00000000 00:00 0 
7f6331325000-7f6334000000 ---p 00000000 00:00 0 
7f6334000000-7f6334907000 rw-p 00000000 00:00 0 
7f6334907000-7f6338000000 ---p 00000000 00:00 0 
7f633b1c5000-7f633b1c9000 r--s 0003c000 08:03 807145                     /home/aoi/Code/GroupProject-4102-ScalaAPI/target/webapp/WEB-INF/lib/jackson-core-2.6.3.jar
7f633b254000-7f633b256000 rw-p 00000000 00:00 0 
7f633b256000-7f633b346000 r--s 00c16000 08:03 807166                     /home/aoi/Code/GroupProject-4102-ScalaAPI/target/webapp/WEB-INF/lib/scala-compiler-2.11.0.jar
7f633b346000-7f633b439000 r--s 00c0b000 08:03 808300                     /home/aoi/Code/GroupProject-4102-ScalaAPI/target/webapp/WEB-INF/lib/scala-compiler-2.11.4.jar
7f633b439000-7f633b46a000 r--s 001c8000 08:03 808294                     /home/aoi/Code/GroupProject-4102-ScalaAPI/target/webapp/WEB-INF/lib/argonaut_2.11-6.0.4.jar
7f633b46a000-7f633b477000 r--s 00071000 08:03 807150                     /home/aoi/Code/GroupProject-4102-ScalaAPI/target/webapp/WEB-INF/lib/jackson-module-scala_2.11-2.6.3.jar
7f633b477000-7f633b481000 r--s 0009a000 08:03 807171                     /home/aoi/Code/GroupProject-4102-ScalaAPI/target/webapp/WEB-INF/lib/scala-xml_2.11-1.0.5.jar
7f633b481000-7f633b487000 r--s 0003d000 08:03 807160                     /home/aoi/Code/GroupProject-4102-ScalaAPI/target/webapp/WEB-INF/lib/logback-classic-1.1.2.jar
7f633b487000-7f633b4df000 r--s 00523000 08:03 807167                     /home/aoi/Code/GroupProject-4102-ScalaAPI/target/webapp/WEB-INF/lib/scala-library-2.11.7.jar
7f633b4df000-7f633b4e2000 r--s 00010000 08:03 807157                     /home/aoi/Code/GroupProject-4102-ScalaAPI/target/webapp/WEB-INF/lib/json4s-native_2.11-3.3.0.jar
7f633b4e2000-7f633b4e5000 r--s 00013000 08:03 807154                     /home/aoi/Code/GroupProject-4102-ScalaAPI/target/webapp/WEB-INF/lib/json4s-ast_2.11-3.3.0.jar
7f633b4e5000-7f633b4e7000 r--s 0000c000 08:03 807175                     /home/aoi/Code/GroupProject-4102-ScalaAPI/target/webapp/WEB-INF/lib/scalatra-scalate_2.11-2.4.0.RC3.jar
7f633b4e7000-7f633b4e8000 rw-p 00000000 00:00 0 
7f633b4e8000-7f633b4e9000 r--s 00001000 08:03 807143                     /home/aoi/Code/GroupProject-4102-ScalaAPI/target/webapp/WEB-INF/lib/grizzled-slf4j_2.11-1.0.2.jar
7f633b4e9000-7f633b4f1000 r--s 00043000 08:03 807173                     /home/aoi/Code/GroupProject-4102-ScalaAPI/target/webapp/WEB-INF/lib/scalate-util_2.11-1.7.1.jar
7f633b4f1000-7f633b4f3000 r--s 00009000 08:03 807156                     /home/aoi/Code/GroupProject-4102-ScalaAPI/target/webapp/WEB-INF/lib/json4s-jackson_2.11-3.3.0.jar
7f633b4f3000-7f633b4f5000 r--s 00009000 08:03 807149                     /home/aoi/Code/GroupProject-4102-ScalaAPI/target/webapp/WEB-INF/lib/jackson-module-paranamer-2.6.3.jar
7f633b4f5000-7f633b540000 r--s 003ed000 08:03 807169                     /home/aoi/Code/GroupProject-4102-ScalaAPI/target/webapp/WEB-INF/lib/scala-reflect-2.11.0.jar
7f633b540000-7f633b542000 r--s 0000e000 08:03 807142                     /home/aoi/Code/GroupProject-4102-ScalaAPI/target/webapp/WEB-INF/lib/cardapi_2.11-0.1.0-SNAPSHOT.jar
7f633b542000-7f633b56e000 r--s 001b5000 08:03 807172                     /home/aoi/Code/GroupProject-4102-ScalaAPI/target/webapp/WEB-INF/lib/scalate-core_2.11-1.7.1.jar
7f633b56e000-7f633b57b000 r--s 00088000 08:03 807158                     /home/aoi/Code/GroupProject-4102-ScalaAPI/target/webapp/WEB-INF/lib/json4s-scalap_2.11-3.3.0.jar
7f633b57b000-7f633b586000 r--s 0005d000 08:03 807168                     /home/aoi/Code/GroupProject-4102-ScalaAPI/target/webapp/WEB-INF/lib/scala-parser-combinators_2.11-1.0.4.jar
7f633b586000-7f633b63d000 r--s 007d5000 08:03 808304                     /home/aoi/Code/GroupProject-4102-ScalaAPI/target/webapp/WEB-INF/lib/scalaz-core_2.11-7.0.6.jar
7f633b63d000-7f633b647000 r--s 0006e000 08:03 808297                     /home/aoi/Code/GroupProject-4102-ScalaAPI/target/webapp/WEB-INF/lib/lift-json_2.11-3.0-M6.jar
7f633b647000-7f633b658000 r--s 0010d000 08:03 807147                     /home/aoi/Code/GroupProject-4102-ScalaAPI/target/webapp/WEB-INF/lib/jackson-databind-2.6.3.jar
7f633b658000-7f633b6a4000 r--s 00412000 08:03 807170                     /home/aoi/Code/GroupProject-4102-ScalaAPI/target/webapp/WEB-INF/lib/scala-reflect-2.11.7.jar
7f633b6a4000-7f633b6f0000 r--s 003e4000 08:03 808302                     /home/aoi/Code/GroupProject-4102-ScalaAPI/target/webapp/WEB-INF/lib/scala-reflect-2.11.4.jar
7f633b6f0000-7f633b6f3000 ---p 00000000 00:00 0 
7f633b6f3000-7f633b7f1000 rw-p 00000000 00:00 0                          [stack:4432]
7f633b7f1000-7f633b7f4000 ---p 00000000 00:00 0 
7f633b7f4000-7f633b8f2000 rw-p 00000000 00:00 0                          [stack:4431]
7f633b8f2000-7f633b8f5000 ---p 00000000 00:00 0 
7f633b8f5000-7f633b9f3000 rw-p 00000000 00:00 0                          [stack:4430]
7f633b9f3000-7f633b9f6000 ---p 00000000 00:00 0 
7f633b9f6000-7f633baf4000 rw-p 00000000 00:00 0                          [stack:4429]
7f633baf4000-7f633baf7000 ---p 00000000 00:00 0 
7f633baf7000-7f633bbf5000 rw-p 00000000 00:00 0                          [stack:4428]
7f633bbf5000-7f633bbf8000 ---p 00000000 00:00 0 
7f633bbf8000-7f633bcf6000 rw-p 00000000 00:00 0                          [stack:4427]
7f633bcf6000-7f633bcf9000 ---p 00000000 00:00 0 
7f633bcf9000-7f633bdf7000 rw-p 00000000 00:00 0                          [stack:4426]
7f633bdf7000-7f633bdff000 r-xp 00000000 08:03 1049861                    /usr/lib/jvm/java-8-openjdk/jre/lib/amd64/libmanagement.so
7f633bdff000-7f633bfff000 ---p 00008000 08:03 1049861                    /usr/lib/jvm/java-8-openjdk/jre/lib/amd64/libmanagement.so
7f633bfff000-7f633c000000 rw-p 00008000 08:03 1049861                    /usr/lib/jvm/java-8-openjdk/jre/lib/amd64/libmanagement.so
7f633c000000-7f633c021000 rw-p 00000000 00:00 0 
7f633c021000-7f6340000000 ---p 00000000 00:00 0 
7f6340000000-7f6340021000 rw-p 00000000 00:00 0 
7f6340021000-7f6344000000 ---p 00000000 00:00 0 
7f6344000000-7f6344622000 rw-p 00000000 00:00 0 
7f6344622000-7f6348000000 ---p 00000000 00:00 0 
7f6348000000-7f6348373000 rw-p 00000000 00:00 0 
7f6348373000-7f634c000000 ---p 00000000 00:00 0 
7f634c000000-7f634c021000 rw-p 00000000 00:00 0 
7f634c021000-7f6350000000 ---p 00000000 00:00 0 
7f6350000000-7f63506d8000 rw-p 00000000 00:00 0 
7f63506d8000-7f6354000000 ---p 00000000 00:00 0 
7f6354000000-7f6354021000 rw-p 00000000 00:00 0 
7f6354021000-7f6358000000 ---p 00000000 00:00 0 
7f6358000000-7f6358021000 rw-p 00000000 00:00 0 
7f6358021000-7f635c000000 ---p 00000000 00:00 0 
7f635c000000-7f635c021000 rw-p 00000000 00:00 0 
7f635c021000-7f6360000000 ---p 00000000 00:00 0 
7f6360000000-7f6360021000 rw-p 00000000 00:00 0 
7f6360021000-7f6364000000 ---p 00000000 00:00 0 
7f6364000000-7f6364004000 r--s 00042000 08:03 806898                     /home/aoi/Code/GroupProject-4102-ScalaAPI/target/webapp/WEB-INF/lib/spray-json_2.11-1.3.2.jar
7f6364004000-7f6364006000 r--s 0001c000 08:03 807162                     /home/aoi/Code/GroupProject-4102-ScalaAPI/target/webapp/WEB-INF/lib/mime-util-2.1.3.jar
7f6364006000-7f6364009000 r--s 00009000 08:03 807144                     /home/aoi/Code/GroupProject-4102-ScalaAPI/target/webapp/WEB-INF/lib/jackson-annotations-2.6.3.jar
7f6364009000-7f636401a000 r--s 000a8000 08:03 808303                     /home/aoi/Code/GroupProject-4102-ScalaAPI/target/webapp/WEB-INF/lib/scalap-2.11.4.jar
7f636401a000-7f636401e000 r--s 00018000 08:03 807151                     /home/aoi/Code/GroupProject-4102-ScalaAPI/target/webapp/WEB-INF/lib/joda-convert-1.8.1.jar
7f636401e000-7f6364028000 r--s 0005f000 08:03 807161                     /home/aoi/Code/GroupProject-4102-ScalaAPI/target/webapp/WEB-INF/lib/logback-core-1.1.2.jar
7f6364028000-7f6364038000 r--s 00088000 08:03 807153                     /home/aoi/Code/GroupProject-4102-ScalaAPI/target/webapp/WEB-INF/lib/joda-time-2.8.2.jar
7f6364038000-7f636403b000 ---p 00000000 00:00 0 
7f636403b000-7f6364139000 rw-p 00000000 00:00 0                          [stack:4425]
7f6364139000-7f636417b000 r--s 004bc000 08:03 439018                     /home/aoi/.ivy2/cache/org.eclipse.jetty/jetty-runner/jars/jetty-runner-9.2.1.v20140609.jar
7f636417b000-7f636417c000 ---p 00000000 00:00 0 
7f636417c000-7f636427c000 rw-p 00000000 00:00 0                          [stack:4424]
7f636427c000-7f636427f000 ---p 00000000 00:00 0 
7f636427f000-7f636437d000 rw-p 00000000 00:00 0                          [stack:4423]
7f636437d000-7f6364380000 ---p 00000000 00:00 0 
7f6364380000-7f636447e000 rw-p 00000000 00:00 0                          [stack:4422]
7f636447e000-7f6364481000 ---p 00000000 00:00 0 
7f6364481000-7f636457f000 rw-p 00000000 00:00 0                          [stack:4421]
7f636457f000-7f6364582000 ---p 00000000 00:00 0 
7f6364582000-7f6364680000 rw-p 00000000 00:00 0                          [stack:4420]
7f6364680000-7f6364683000 ---p 00000000 00:00 0 
7f6364683000-7f6364781000 rw-p 00000000 00:00 0                          [stack:4419]
7f6364781000-7f636490f000 r--p 00000000 08:03 549977                     /usr/lib/locale/locale-archive
7f636490f000-7f6364912000 ---p 00000000 00:00 0 
7f6364912000-7f6364a10000 rw-p 00000000 00:00 0                          [stack:4412]
7f6364a10000-7f6364a13000 ---p 00000000 00:00 0 
7f6364a13000-7f6364b11000 rw-p 00000000 00:00 0                          [stack:4411]
7f6364b11000-7f6364b12000 ---p 00000000 00:00 0 
7f6364b12000-7f6368000000 rw-p 00000000 00:00 0                          [stack:4410]
7f6368000000-7f6368021000 rw-p 00000000 00:00 0 
7f6368021000-7f636c000000 ---p 00000000 00:00 0 
7f636c000000-7f636c021000 rw-p 00000000 00:00 0 
7f636c021000-7f6370000000 ---p 00000000 00:00 0 
7f6370000000-7f6370021000 rw-p 00000000 00:00 0 
7f6370021000-7f6374000000 ---p 00000000 00:00 0 
7f6374000000-7f6374001000 r--s 00007000 08:03 807177                     /home/aoi/Code/GroupProject-4102-ScalaAPI/target/webapp/WEB-INF/lib/slf4j-api-1.7.12.jar
7f6374001000-7f63741d3000 rw-p 00000000 00:00 0 
7f63741d3000-7f63743a0000 r--s 03be8000 08:03 1049518                    /usr/lib/jvm/java-8-openjdk/jre/lib/rt.jar
7f63743a0000-7f6374b20000 rw-p 00000000 00:00 0 
7f6374b20000-7f6374ba0000 ---p 00000000 00:00 0 
7f6374ba0000-7f6374dfe000 rw-p 00000000 00:00 0 
7f6374dfe000-7f6374dff000 ---p 00000000 00:00 0 
7f6374dff000-7f6374eff000 rw-p 00000000 00:00 0                          [stack:4409]
7f6374eff000-7f6374f00000 ---p 00000000 00:00 0 
7f6374f00000-7f6375000000 rw-p 00000000 00:00 0                          [stack:4408]
7f6375000000-7f6375390000 rwxp 00000000 00:00 0 
7f6375390000-7f6384000000 ---p 00000000 00:00 0 
7f6384000000-7f638457c000 rw-p 00000000 00:00 0 
7f638457c000-7f6388000000 ---p 00000000 00:00 0 
7f6388000000-7f6388001000 r--s 00005000 08:03 807174                     /home/aoi/Code/GroupProject-4102-ScalaAPI/target/webapp/WEB-INF/lib/scalatra-common_2.11-2.4.0.RC3.jar
7f6388001000-7f6388003000 r--s 00006000 08:03 808299                     /home/aoi/Code/GroupProject-4102-ScalaAPI/target/webapp/WEB-INF/lib/paranamer-2.4.1.jar
7f6388003000-7f6388006000 r--s 00033000 08:03 807159                     /home/aoi/Code/GroupProject-4102-ScalaAPI/target/webapp/WEB-INF/lib/juniversalchardet-1.0.3.jar
7f6388006000-7f638801f000 r--s 00124000 08:03 807176                     /home/aoi/Code/GroupProject-4102-ScalaAPI/target/webapp/WEB-INF/lib/scalatra_2.11-2.4.0.RC3.jar
7f638801f000-7f6388095000 rw-p 00000000 00:00 0 
7f6388095000-7f6388096000 ---p 00000000 00:00 0 
7f6388096000-7f6388196000 rw-p 00000000 00:00 0                          [stack:4407]
7f6388196000-7f6388197000 ---p 00000000 00:00 0 
7f6388197000-7f63882b1000 rw-p 00000000 00:00 0                          [stack:4406]
7f63882b1000-7f638842b000 ---p 00000000 00:00 0 
7f638842b000-7f6388445000 rw-p 00000000 00:00 0 
7f6388445000-7f63885bf000 ---p 00000000 00:00 0 
7f63885bf000-7f6388611000 rw-p 00000000 00:00 0 
7f6388611000-7f6388689000 ---p 00000000 00:00 0 
7f6388689000-7f6388699000 rw-p 00000000 00:00 0 
7f6388699000-7f6388a4a000 ---p 00000000 00:00 0 
7f6388a4a000-7f6388a52000 r-xp 00000000 08:03 1049852                    /usr/lib/jvm/java-8-openjdk/jre/lib/amd64/libzip.so
7f6388a52000-7f6388c51000 ---p 00008000 08:03 1049852                    /usr/lib/jvm/java-8-openjdk/jre/lib/amd64/libzip.so
7f6388c51000-7f6388c52000 rw-p 00007000 08:03 1049852                    /usr/lib/jvm/java-8-openjdk/jre/lib/amd64/libzip.so
7f6388c52000-7f6388c5d000 r-xp 00000000 08:03 530896                     /usr/lib/libnss_files-2.22.so
7f6388c5d000-7f6388e5c000 ---p 0000b000 08:03 530896                     /usr/lib/libnss_files-2.22.so
7f6388e5c000-7f6388e5d000 r--p 0000a000 08:03 530896                     /usr/lib/libnss_files-2.22.so
7f6388e5d000-7f6388e5e000 rw-p 0000b000 08:03 530896                     /usr/lib/libnss_files-2.22.so
7f6388e5e000-7f6388e64000 rw-p 00000000 00:00 0 
7f6388e64000-7f6388e90000 r-xp 00000000 08:03 1049850                    /usr/lib/jvm/java-8-openjdk/jre/lib/amd64/libjava.so
7f6388e90000-7f6389090000 ---p 0002c000 08:03 1049850                    /usr/lib/jvm/java-8-openjdk/jre/lib/amd64/libjava.so
7f6389090000-7f6389092000 rw-p 0002c000 08:03 1049850                    /usr/lib/jvm/java-8-openjdk/jre/lib/amd64/libjava.so
7f6389092000-7f638909f000 r-xp 00000000 08:03 1049841                    /usr/lib/jvm/java-8-openjdk/jre/lib/amd64/libverify.so
7f638909f000-7f638929e000 ---p 0000d000 08:03 1049841                    /usr/lib/jvm/java-8-openjdk/jre/lib/amd64/libverify.so
7f638929e000-7f63892a0000 rw-p 0000c000 08:03 1049841                    /usr/lib/jvm/java-8-openjdk/jre/lib/amd64/libverify.so
7f63892a0000-7f63892a7000 r-xp 00000000 08:03 531022                     /usr/lib/librt-2.22.so
7f63892a7000-7f63894a6000 ---p 00007000 08:03 531022                     /usr/lib/librt-2.22.so
7f63894a6000-7f63894a7000 r--p 00006000 08:03 531022                     /usr/lib/librt-2.22.so
7f63894a7000-7f63894a8000 rw-p 00007000 08:03 531022                     /usr/lib/librt-2.22.so
7f63894a8000-7f63895a5000 r-xp 00000000 08:03 531019                     /usr/lib/libm-2.22.so
7f63895a5000-7f63897a4000 ---p 000fd000 08:03 531019                     /usr/lib/libm-2.22.so
7f63897a4000-7f63897a5000 r--p 000fc000 08:03 531019                     /usr/lib/libm-2.22.so
7f63897a5000-7f63897a6000 rw-p 000fd000 08:03 531019                     /usr/lib/libm-2.22.so
7f63897a6000-7f638a3f9000 r-xp 00000000 08:03 1049880                    /usr/lib/jvm/java-8-openjdk/jre/lib/amd64/server/libjvm.so
7f638a3f9000-7f638a5f8000 ---p 00c53000 08:03 1049880                    /usr/lib/jvm/java-8-openjdk/jre/lib/amd64/server/libjvm.so
7f638a5f8000-7f638a6b4000 rw-p 00c52000 08:03 1049880                    /usr/lib/jvm/java-8-openjdk/jre/lib/amd64/server/libjvm.so
7f638a6b4000-7f638a6e2000 rw-p 00000000 00:00 0 
7f638a6e2000-7f638a87d000 r-xp 00000000 08:03 529047                     /usr/lib/libc-2.22.so
7f638a87d000-7f638aa7c000 ---p 0019b000 08:03 529047                     /usr/lib/libc-2.22.so
7f638aa7c000-7f638aa80000 r--p 0019a000 08:03 529047                     /usr/lib/libc-2.22.so
7f638aa80000-7f638aa82000 rw-p 0019e000 08:03 529047                     /usr/lib/libc-2.22.so
7f638aa82000-7f638aa86000 rw-p 00000000 00:00 0 
7f638aa86000-7f638aa89000 r-xp 00000000 08:03 531018                     /usr/lib/libdl-2.22.so
7f638aa89000-7f638ac88000 ---p 00003000 08:03 531018                     /usr/lib/libdl-2.22.so
7f638ac88000-7f638ac89000 r--p 00002000 08:03 531018                     /usr/lib/libdl-2.22.so
7f638ac89000-7f638ac8a000 rw-p 00003000 08:03 531018                     /usr/lib/libdl-2.22.so
7f638ac8a000-7f638ac97000 r-xp 00000000 08:03 1049877                    /usr/lib/jvm/java-8-openjdk/jre/lib/amd64/jli/libjli.so
7f638ac97000-7f638ae96000 ---p 0000d000 08:03 1049877                    /usr/lib/jvm/java-8-openjdk/jre/lib/amd64/jli/libjli.so
7f638ae96000-7f638ae97000 rw-p 0000c000 08:03 1049877                    /usr/lib/jvm/java-8-openjdk/jre/lib/amd64/jli/libjli.so
7f638ae97000-7f638aeac000 r-xp 00000000 08:03 529617                     /usr/lib/libz.so.1.2.8
7f638aeac000-7f638b0ab000 ---p 00015000 08:03 529617                     /usr/lib/libz.so.1.2.8
7f638b0ab000-7f638b0ac000 r--p 00014000 08:03 529617                     /usr/lib/libz.so.1.2.8
7f638b0ac000-7f638b0ad000 rw-p 00015000 08:03 529617                     /usr/lib/libz.so.1.2.8
7f638b0ad000-7f638b0c5000 r-xp 00000000 08:03 529028                     /usr/lib/libpthread-2.22.so
7f638b0c5000-7f638b2c4000 ---p 00018000 08:03 529028                     /usr/lib/libpthread-2.22.so
7f638b2c4000-7f638b2c5000 r--p 00017000 08:03 529028                     /usr/lib/libpthread-2.22.so
7f638b2c5000-7f638b2c6000 rw-p 00018000 08:03 529028                     /usr/lib/libpthread-2.22.so
7f638b2c6000-7f638b2ca000 rw-p 00000000 00:00 0 
7f638b2ca000-7f638b2ec000 r-xp 00000000 08:03 529046                     /usr/lib/ld-2.22.so
7f638b2ec000-7f638b2ee000 r--s 00007000 08:03 807163                     /home/aoi/Code/GroupProject-4102-ScalaAPI/target/webapp/WEB-INF/lib/paranamer-2.8.jar
7f638b2ee000-7f638b2f2000 r--s 00034000 08:03 807165                     /home/aoi/Code/GroupProject-4102-ScalaAPI/target/webapp/WEB-INF/lib/rl_2.11-0.4.10.jar
7f638b2f2000-7f638b2fd000 r--s 0008c000 08:03 807155                     /home/aoi/Code/GroupProject-4102-ScalaAPI/target/webapp/WEB-INF/lib/json4s-core_2.11-3.3.0.jar
7f638b2fd000-7f638b302000 r--s 00096000 08:03 1049479                    /usr/lib/jvm/java-8-openjdk/jre/lib/jsse.jar
7f638b302000-7f638b305000 r--s 00018000 08:03 439026                     /home/aoi/.ivy2/cache/org.eclipse.jetty/jetty-io/jars/jetty-io-9.2.10.v20150310.jar
7f638b305000-7f638b308000 r--s 00015000 08:03 438986                     /home/aoi/.ivy2/cache/javax.servlet/javax.servlet-api/jars/javax.servlet-api-3.1.0.jar
7f638b308000-7f638b3ac000 rw-p 00000000 00:00 0 
7f638b3ac000-7f638b3af000 ---p 00000000 00:00 0 
7f638b3af000-7f638b4b1000 rw-p 00000000 00:00 0                          [stack:4403]
7f638b4b1000-7f638b4b3000 r--s 00018000 08:03 439025                     /home/aoi/.ivy2/cache/org.eclipse.jetty/jetty-http/jars/jetty-http-9.2.10.v20150310.jar
7f638b4b3000-7f638b4b9000 r--s 00061000 08:03 439024                     /home/aoi/.ivy2/cache/org.eclipse.jetty/jetty-server/jars/jetty-server-9.2.10.v20150310.jar
7f638b4b9000-7f638b4bc000 r--s 00015000 08:03 439023                     /home/aoi/.ivy2/cache/org.eclipse.jetty/jetty-security/jars/jetty-security-9.2.10.v20150310.jar
7f638b4bc000-7f638b4bf000 r--s 0001a000 08:03 439021                     /home/aoi/.ivy2/cache/org.eclipse.jetty/jetty-servlet/jars/jetty-servlet-9.2.10.v20150310.jar
7f638b4bf000-7f638b4c5000 r--s 00051000 08:03 439022                     /home/aoi/.ivy2/cache/org.eclipse.jetty/jetty-util/jars/jetty-util-9.2.10.v20150310.jar
7f638b4c5000-7f638b4c6000 r--s 0000a000 08:03 439020                     /home/aoi/.ivy2/cache/org.eclipse.jetty/jetty-xml/jars/jetty-xml-9.2.10.v20150310.jar
7f638b4c6000-7f638b4c8000 r--s 00019000 08:03 439019                     /home/aoi/.ivy2/cache/org.eclipse.jetty/jetty-webapp/jars/jetty-webapp-9.2.10.v20150310.jar
7f638b4c8000-7f638b4e0000 rw-p 00000000 00:00 0 
7f638b4e0000-7f638b4e8000 rw-s 00000000 00:20 101                        /tmp/hsperfdata_aoi/4401
7f638b4e8000-7f638b4e9000 rw-p 00000000 00:00 0 
7f638b4e9000-7f638b4ea000 r--p 00000000 00:00 0 
7f638b4ea000-7f638b4eb000 rw-p 00000000 00:00 0 
7f638b4eb000-7f638b4ec000 r--p 00021000 08:03 529046                     /usr/lib/ld-2.22.so
7f638b4ec000-7f638b4ed000 rw-p 00022000 08:03 529046                     /usr/lib/ld-2.22.so
7f638b4ed000-7f638b4ee000 rw-p 00000000 00:00 0 
7ffd2fe84000-7ffd2fea5000 rw-p 00000000 00:00 0                          [stack]
7ffd2feb1000-7ffd2feb3000 r--p 00000000 00:00 0                          [vvar]
7ffd2feb3000-7ffd2feb5000 r-xp 00000000 00:00 0                          [vdso]
ffffffffff600000-ffffffffff601000 r-xp 00000000 00:00 0                  [vsyscall]

VM Arguments:
java_command: org.eclipse.jetty.runner.Runner /home/aoi/Code/GroupProject-4102-ScalaAPI/target/webapp
java_class_path (initial): /home/aoi/.ivy2/cache/org.eclipse.jetty/jetty-runner/jars/jetty-runner-9.2.1.v20140609.jar:/home/aoi/.ivy2/cache/org.eclipse.jetty/jetty-webapp/jars/jetty-webapp-9.2.10.v20150310.jar:/home/aoi/.ivy2/cache/org.eclipse.jetty/jetty-xml/jars/jetty-xml-9.2.10.v20150310.jar:/home/aoi/.ivy2/cache/org.eclipse.jetty/jetty-util/jars/jetty-util-9.2.10.v20150310.jar:/home/aoi/.ivy2/cache/org.eclipse.jetty/jetty-servlet/jars/jetty-servlet-9.2.10.v20150310.jar:/home/aoi/.ivy2/cache/org.eclipse.jetty/jetty-security/jars/jetty-security-9.2.10.v20150310.jar:/home/aoi/.ivy2/cache/org.eclipse.jetty/jetty-server/jars/jetty-server-9.2.10.v20150310.jar:/home/aoi/.ivy2/cache/javax.servlet/javax.servlet-api/jars/javax.servlet-api-3.1.0.jar:/home/aoi/.ivy2/cache/org.eclipse.jetty/jetty-http/jars/jetty-http-9.2.10.v20150310.jar:/home/aoi/.ivy2/cache/org.eclipse.jetty/jetty-io/jars/jetty-io-9.2.10.v20150310.jar
Launcher Type: SUN_STANDARD

Environment Variables:
PATH=/usr/local/sbin:/usr/local/bin:/usr/bin:/opt/android-sdk/platform-tools:/usr/lib/jvm/default/bin:/usr/bin/site_perl:/usr/bin/vendor_perl:/usr/bin/core_perl
SHELL=/bin/bash
DISPLAY=:0.0

Signal Handlers:
SIGSEGV: [libjvm.so+0xa581a0], sa_mask[0]=11111111011111111101111111111110, sa_flags=SA_RESTART|SA_SIGINFO
SIGBUS: [libjvm.so+0xa581a0], sa_mask[0]=11111111011111111101111111111110, sa_flags=SA_RESTART|SA_SIGINFO
SIGFPE: [libjvm.so+0x8a4420], sa_mask[0]=11111111011111111101111111111110, sa_flags=SA_RESTART|SA_SIGINFO
SIGPIPE: [libjvm.so+0x8a4420], sa_mask[0]=11111111011111111101111111111110, sa_flags=SA_RESTART|SA_SIGINFO
SIGXFSZ: [libjvm.so+0x8a4420], sa_mask[0]=11111111011111111101111111111110, sa_flags=SA_RESTART|SA_SIGINFO
SIGILL: [libjvm.so+0x8a4420], sa_mask[0]=11111111011111111101111111111110, sa_flags=SA_RESTART|SA_SIGINFO
SIGUSR1: SIG_DFL, sa_mask[0]=00000000000000000000000000000000, sa_flags=none
SIGUSR2: [libjvm.so+0x8a42d0], sa_mask[0]=00100000000000000000000000000000, sa_flags=SA_RESTART|SA_SIGINFO
SIGHUP: [libjvm.so+0x8a47a0], sa_mask[0]=11111111011111111101111111111110, sa_flags=SA_RESTART|SA_SIGINFO
SIGINT: [libjvm.so+0x8a47a0], sa_mask[0]=11111111011111111101111111111110, sa_flags=SA_RESTART|SA_SIGINFO
SIGTERM: [libjvm.so+0x8a47a0], sa_mask[0]=11111111011111111101111111111110, sa_flags=SA_RESTART|SA_SIGINFO
SIGQUIT: [libjvm.so+0x8a47a0], sa_mask[0]=11111111011111111101111111111110, sa_flags=SA_RESTART|SA_SIGINFO


---------------  S Y S T E M  ---------------

OS:DISTRIB_ID=ManjaroLinux
DISTRIB_RELEASE=15.09
DISTRIB_CODENAME=Bellatrix
DISTRIB_DESCRIPTION="Manjaro Linux"

uname:Linux 3.18.24-1-MANJARO #1 SMP PREEMPT Tue Nov 3 21:34:29 UTC 2015 x86_64
libc:glibc 2.22 NPTL 2.22 
rlimit: STACK 8192k, CORE 0k, NPROC 19362, NOFILE 4096, AS infinity
load average:1.44 0.91 0.96

/proc/meminfo:
MemTotal:        4964160 kB
MemFree:         1369704 kB
MemAvailable:    1803464 kB
Buffers:           44972 kB
Cached:           778708 kB
SwapCached:            0 kB
Active:          3059092 kB
Inactive:         361124 kB
Active(anon):    2675284 kB
Inactive(anon):   159112 kB
Active(file):     383808 kB
Inactive(file):   202012 kB
Unevictable:          32 kB
Mlocked:              32 kB
SwapTotal:             0 kB
SwapFree:              0 kB
Dirty:               244 kB
Writeback:         30720 kB
AnonPages:       2596484 kB
Mapped:           375576 kB
Shmem:            238216 kB
Slab:              58984 kB
SReclaimable:      33768 kB
SUnreclaim:        25216 kB
KernelStack:        6800 kB
PageTables:        24260 kB
NFS_Unstable:          0 kB
Bounce:                0 kB
WritebackTmp:          0 kB
CommitLimit:     2482080 kB
Committed_AS:    6079252 kB
VmallocTotal:   34359738367 kB
VmallocUsed:      375008 kB
VmallocChunk:   34359356892 kB
HardwareCorrupted:     0 kB
AnonHugePages:    913408 kB
HugePages_Total:       0
HugePages_Free:        0
HugePages_Rsvd:        0
HugePages_Surp:        0
Hugepagesize:       2048 kB
DirectMap4k:       79488 kB
DirectMap2M:     5044224 kB


CPU:total 4 (2 cores per cpu, 2 threads per core) family 6 model 42 stepping 7, cmov, cx8, fxsr, mmx, sse, sse2, sse3, ssse3, sse4.1, sse4.2, popcnt, avx, aes, clmul, ht, tsc, tscinvbit

/proc/cpuinfo:
processor	: 0
vendor_id	: GenuineIntel
cpu family	: 6
model		: 42
model name	: Intel(R) Core(TM) i5-2520M CPU @ 2.50GHz
stepping	: 7
microcode	: 0x29
cpu MHz		: 3000.000
cache size	: 3072 KB
physical id	: 0
siblings	: 4
core id		: 0
cpu cores	: 2
apicid		: 0
initial apicid	: 0
fpu		: yes
fpu_exception	: yes
cpuid level	: 13
wp		: yes
flags		: fpu vme de pse tsc msr pae mce cx8 apic sep mtrr pge mca cmov pat pse36 clflush dts acpi mmx fxsr sse sse2 ss ht tm pbe syscall nx rdtscp lm constant_tsc arch_perfmon pebs bts nopl xtopology nonstop_tsc aperfmperf eagerfpu pni pclmulqdq dtes64 monitor ds_cpl vmx smx est tm2 ssse3 cx16 xtpr pdcm pcid sse4_1 sse4_2 x2apic popcnt tsc_deadline_timer aes xsave avx lahf_lm ida arat epb pln pts dtherm tpr_shadow vnmi flexpriority ept vpid xsaveopt
bugs		:
bogomips	: 4985.98
clflush size	: 64
cache_alignment	: 64
address sizes	: 36 bits physical, 48 bits virtual
power management:

processor	: 1
vendor_id	: GenuineIntel
cpu family	: 6
model		: 42
model name	: Intel(R) Core(TM) i5-2520M CPU @ 2.50GHz
stepping	: 7
microcode	: 0x29
cpu MHz		: 3000.000
cache size	: 3072 KB
physical id	: 0
siblings	: 4
core id		: 0
cpu cores	: 2
apicid		: 1
initial apicid	: 1
fpu		: yes
fpu_exception	: yes
cpuid level	: 13
wp		: yes
flags		: fpu vme de pse tsc msr pae mce cx8 apic sep mtrr pge mca cmov pat pse36 clflush dts acpi mmx fxsr sse sse2 ss ht tm pbe syscall nx rdtscp lm constant_tsc arch_perfmon pebs bts nopl xtopology nonstop_tsc aperfmperf eagerfpu pni pclmulqdq dtes64 monitor ds_cpl vmx smx est tm2 ssse3 cx16 xtpr pdcm pcid sse4_1 sse4_2 x2apic popcnt tsc_deadline_timer aes xsave avx lahf_lm ida arat epb pln pts dtherm tpr_shadow vnmi flexpriority ept vpid xsaveopt
bugs		:
bogomips	: 4985.98
clflush size	: 64
cache_alignment	: 64
address sizes	: 36 bits physical, 48 bits virtual
power management:

processor	: 2
vendor_id	: GenuineIntel
cpu family	: 6
model		: 42
model name	: Intel(R) Core(TM) i5-2520M CPU @ 2.50GHz
stepping	: 7
microcode	: 0x29
cpu MHz		: 3000.000
cache size	: 3072 KB
physical id	: 0
siblings	: 4
core id		: 1
cpu cores	: 2
apicid		: 2
initial apicid	: 2
fpu		: yes
fpu_exception	: yes
cpuid level	: 13
wp		: yes
flags		: fpu vme de pse tsc msr pae mce cx8 apic sep mtrr pge mca cmov pat pse36 clflush dts acpi mmx fxsr sse sse2 ss ht tm pbe syscall nx rdtscp lm constant_tsc arch_perfmon pebs bts nopl xtopology nonstop_tsc aperfmperf eagerfpu pni pclmulqdq dtes64 monitor ds_cpl vmx smx est tm2 ssse3 cx16 xtpr pdcm pcid sse4_1 sse4_2 x2apic popcnt tsc_deadline_timer aes xsave avx lahf_lm ida arat epb pln pts dtherm tpr_shadow vnmi flexpriority ept vpid xsaveopt
bugs		:
bogomips	: 4985.98
clflush size	: 64
cache_alignment	: 64
address sizes	: 36 bits physical, 48 bits virtual
power management:

processor	: 3
vendor_id	: GenuineIntel
cpu family	: 6
model		: 42
model name	: Intel(R) Core(TM) i5-2520M CPU @ 2.50GHz
stepping	: 7
microcode	: 0x29
cpu MHz		: 3000.000
cache size	: 3072 KB
physical id	: 0
siblings	: 4
core id		: 1
cpu cores	: 2
apicid		: 3
initial apicid	: 3
fpu		: yes
fpu_exception	: yes
cpuid level	: 13
wp		: yes
flags		: fpu vme de pse tsc msr pae mce cx8 apic sep mtrr pge mca cmov pat pse36 clflush dts acpi mmx fxsr sse sse2 ss ht tm pbe syscall nx rdtscp lm constant_tsc arch_perfmon pebs bts nopl xtopology nonstop_tsc aperfmperf eagerfpu pni pclmulqdq dtes64 monitor ds_cpl vmx smx est tm2 ssse3 cx16 xtpr pdcm pcid sse4_1 sse4_2 x2apic popcnt tsc_deadline_timer aes xsave avx lahf_lm ida arat epb pln pts dtherm tpr_shadow vnmi flexpriority ept vpid xsaveopt
bugs		:
bogomips	: 4985.98
clflush size	: 64
cache_alignment	: 64
address sizes	: 36 bits physical, 48 bits virtual
power management:



Memory: 4k page, physical 4964160k(1369704k free), swap 0k(0k free)

vm_info: OpenJDK 64-Bit Server VM (25.65-b01) for linux-amd64 JRE (1.8.0_65-b17), built on Oct 21 2015 14:15:11 by "builduser" with gcc 5.2.0

time: Wed Nov 25 21:57:54 2015
elapsed time: 1 seconds (0d 0h 0m 1s)

