#
# A fatal error has been detected by the Java Runtime Environment:
#
#  SIGBUS (0x7) at pc=0x00007f58f33b8cbd, pid=16437, tid=140019392374528
#
# JRE version: OpenJDK Runtime Environment (8.0_65-b17) (build 1.8.0_65-b17)
# Java VM: OpenJDK 64-Bit Server VM (25.65-b01 mixed mode linux-amd64 compressed oops)
# Problematic frame:
# C  [libzip.so+0x4cbd]
#
# Failed to write core dump. Core dumps have been disabled. To enable core dumping, try "ulimit -c unlimited" before starting Java again
#
# If you would like to submit a bug report, please visit:
#   http://bugreport.java.com/bugreport/crash.jsp
# The crash happened outside the Java Virtual Machine in native code.
# See problematic frame for where to report the bug.
#

---------------  T H R E A D  ---------------

Current thread (0x00007f58ec261800):  JavaThread "qtp2129789493-17" [_thread_in_native, id=16466, stack(0x00007f58ce14e000,0x00007f58ce24f000)]

siginfo: si_signo: 7 (SIGBUS), si_code: 2 (BUS_ADRERR), si_addr: 0x00007f58cdbc8733

Registers:
RAX=0x00007f588c3d3640, RBX=0x00007f58ec374d70, RCX=0x00007f58cdbc8713, RDX=0x00007f588c3d3640
RSP=0x00007f58ce24ceb0, RBP=0x00007f58ce24cf20, RSI=0x0000000000000003, RDI=0x00007f588c000038
R8 =0x0000000000000000, R9 =0x0000000000000050, R10=0x00007f58dd17b918, R11=0x00000000ece24a98
R12=0x00007f58ec376058, R13=0x00007f58ce24cfe8, R14=0x0000000000000000, R15=0x00007f588c3d3640
RIP=0x00007f58f33b8cbd, EFLAGS=0x0000000000010202, CSGSFS=0x0000000000000033, ERR=0x0000000000000004
  TRAPNO=0x000000000000000e

Top of Stack: (sp=0x00007f58ce24ceb0)
0x00007f58ce24ceb0:   0000000000000025 00007f58dcc60248
0x00007f58ce24cec0:   00007f58ec54a4c0 9187588600000001
0x00007f58ce24ced0:   00007f58ce24d600 00007f58f4887e34
0x00007f58ce24cee0:   00000000f5c94320 00007f58f4979290
0x00007f58ce24cef0:   0000000000000059 00007f58ec376050
0x00007f58ce24cf00:   00000000d8590249 00007f58ce24cfe8
0x00007f58ce24cf10:   0000000000000000 00007f58ec374d70
0x00007f58ce24cf20:   00007f58ce24cf70 00007f58f33b9a04
0x00007f58ce24cf30:   00007f58ce24cf90 0000005901092800
0x00007f58ce24cf40:   00007f58ce24d5a0 0000000000000059
0x00007f58ce24cf50:   00007f58ec2619e0 00000000b4819c78
0x00007f58ce24cf60:   00007f58ce24d3e8 00007f58ec374d70
0x00007f58ce24cf70:   00007f58ce24d3d0 00007f58f33b79fc
0x00007f58ce24cf80:   00007f58ce24cf90 00000001dd47b5d6
0x00007f58ce24cf90:   65722f616c616373 65722f7463656c66
0x00007f58ce24cfa0:   736168702f796669 61687365522f7365
0x00007f58ce24cfb0:   6e6f6e6124246570 6e6f6e6124243124
0x00007f58ce24cfc0:   6d697274246e7566 69746568746e7953
0x00007f58ce24cfd0:   616c436573614363 7265626d654d7373
0x00007f58ce24cfe0:   73616c632e312473 00007f58ec260073
0x00007f58ce24cff0:   0000000100003108 00007f58ec261800
0x00007f58ce24d000:   00007f58ce24d090 00007f58dd0004e7
0x00007f58ce24d010:   00007f58ce24d120 00007f58dd0004e7
0x00007f58ce24d020:   00000000b44662f0 00000000b4469760
0x00007f58ce24d030:   00007f5800001fa0 00007f58dc5a63d8
0x00007f58ce24d040:   00007f58ce24d290 00007f58ce24d130
0x00007f58ce24d050:   00007f58ec261800 00007f58ec261800
0x00007f58ce24d060:   00007f58ce24d130 00007f58ce24d358
0x00007f58ce24d070:   00007f580000000c 00007f58dc5a63d8
0x00007f58ce24d080:   00007f58ec261800 00007f58ec261800
0x00007f58ce24d090:   0000000000000001 00007f58ce24d350
0x00007f58ce24d0a0:   00007f58ce24d1b0 00007f58f476eb30 

Instructions: (pc=0x00007f58f33b8cbd)
0x00007f58f33b8c9d:   40 30 00 00 00 00 48 c7 40 28 00 00 00 00 0f 84
0x00007f58f33b8cad:   bf 01 00 00 49 8b 0c 24 48 2b 4b 28 48 03 4b 18
0x00007f58f33b8cbd:   0f b7 41 20 44 0f b7 69 1c 49 89 ce 44 0f b7 61
0x00007f58f33b8ccd:   1e 89 45 c0 41 8b 46 0c 48 c7 45 c8 00 00 00 00 

Register to memory mapping:

RAX=0x00007f588c3d3640 is an unknown value
RBX=0x00007f58ec374d70 is an unknown value
RCX=0x00007f58cdbc8713 is an unknown value
RDX=0x00007f588c3d3640 is an unknown value
RSP=0x00007f58ce24ceb0 is pointing into the stack for thread: 0x00007f58ec261800
RBP=0x00007f58ce24cf20 is pointing into the stack for thread: 0x00007f58ec261800
RSI=0x0000000000000003 is an unknown value
RDI=0x00007f588c000038 is an unknown value
R8 =0x0000000000000000 is an unknown value
R9 =0x0000000000000050 is an unknown value
R10=0x00007f58dd17b918 is at entry_point+88 in (nmethod*)0x00007f58dd17b750
R11=0x00000000ece24a98 is an oop
