#
# A fatal error has been detected by the Java Runtime Environment:
#
#  SIGBUS (0x7) at pc=0x00007f8880e2bcbd, pid=12400, tid=140222897583872
#
# JRE version: OpenJDK Runtime Environment (8.0_65-b17) (build 1.8.0_65-b17)
# Java VM: OpenJDK 64-Bit Server VM (25.65-b01 mixed mode linux-amd64 compressed oops)
# Problematic frame:
# C  [libzip.so+0x4cbd]
#
# Failed to write core dump. Core dumps have been disabled. To enable core dumping, try "ulimit -c unlimited" before starting Java again
#
# If you would like to submit a bug report, please visit:
#   http://bugreport.java.com/bugreport/crash.jsp
# The crash happened outside the Java Virtual Machine in native code.
# See problematic frame for where to report the bug.
#

---------------  T H R E A D  ---------------

Current thread (0x00007f887c22f000):  JavaThread "qtp2129789493-14" [_thread_in_native, id=12439, stack(0x00007f882feff000,0x00007f8830000000)]

siginfo: si_signo: 7 (SIGBUS), si_code: 2 (BUS_ADRERR), si_addr: 0x00007f882f9a4fac

Registers:
RAX=0x00007f881c018090, RBX=0x00007f887c2ab2c0, RCX=0x00007f882f9a4f8c, RDX=0x00007f881c018090
RSP=0x00007f882fffde20, RBP=0x00007f882fffde90, RSI=0x0000000000000003, RDI=0x00007f881c000038
R8 =0x0000000010cc7e99, R9 =0x0000000000000050, R10=0x00007f886d17a358, R11=0x00000000e6c021d0
R12=0x00007f887c2b5a68, R13=0x00007f882fffdf2a, R14=0x00007f881eafb380, R15=0x00007f881c018090
RIP=0x00007f8880e2bcbd, EFLAGS=0x0000000000010202, CSGSFS=0x0000000000000033, ERR=0x0000000000000004
  TRAPNO=0x000000000000000e

Top of Stack: (sp=0x00007f882fffde20)
0x00007f882fffde20:   00000000b4414578 00000000b44259b0
0x00007f882fffde30:   00007f8800001fa0 00007f886c8043d8
0x00007f882fffde40:   00007f882fffe090 00007f882fffdf30
0x00007f882fffde50:   000000007c22f000 00007f88823ec290
0x00007f882fffde60:   000000000000002b 00007f887c2b5a60
0x00007f882fffde70:   0000000010cc7e99 00007f882fffdf2a
0x00007f882fffde80:   00007f881eafb380 00007f887c2ab2c0
0x00007f882fffde90:   00007f882fffdee0 00007f8880e2ca04
0x00007f882fffdea0:   00007f882fffdf00 0000002b01810400
0x00007f882fffdeb0:   00007f882fffdf30 000000000000002b
0x00007f882fffdec0:   00007f887c22f1e0 00000000b47ebde8
0x00007f882fffded0:   00007f882fffe358 00007f887c2ab2c0
0x00007f882fffdee0:   00007f882fffe340 00007f8880e2a9fc
0x00007f882fffdef0:   00007f882fffdf00 000000017c22f000
0x00007f882fffdf00:   482f7a616c616373 6c706d6924706165
0x00007f882fffdf10:   75666e6f6e612424 556e6f696e75246e
0x00007f882fffdf20:   6c632e312471696e 00007f8800737361
0x00007f882fffdf30:   0000000000000002 00007f882fffe070
0x00007f882fffdf40:   00007f882fffe050 00007f88821e1b30
0x00007f882fffdf50:   00007f882fffe3f0 00007f886d1b2b8c
0x00007f882fffdf60:   00007f882fffdf90 00007f880000000a
0x00007f882fffdf70:   00007f880000000e 00007f886d0453e0
0x00007f882fffdf80:   0000000000000000 00007f882fffe070
0x00007f882fffdf90:   00007f887c22f000 00007f887c220e90
0x00007f882fffdfa0:   00007f887c22f850 00007f887c22f870
0x00007f882fffdfb0:   00007f887c22f938 00000000000000d8
0x00007f882fffdfc0:   00007f882fffeb60 0000000000000000
0x00007f882fffdfd0:   00007f887c22f000 00007f881c000a30
0x00007f882fffdfe0:   00007f886c82a568 0000000000000000
0x00007f882fffdff0:   00007f882fffe190 0000000000000000
0x00007f882fffe000:   00007f882fffe360 00007f882fffe070
0x00007f882fffe010:   00007f886c8043d8 fcab16c59b810400 

Instructions: (pc=0x00007f8880e2bcbd)
0x00007f8880e2bc9d:   40 30 00 00 00 00 48 c7 40 28 00 00 00 00 0f 84
0x00007f8880e2bcad:   bf 01 00 00 49 8b 0c 24 48 2b 4b 28 48 03 4b 18
0x00007f8880e2bcbd:   0f b7 41 20 44 0f b7 69 1c 49 89 ce 44 0f b7 61
0x00007f8880e2bccd:   1e 89 45 c0 41 8b 46 0c 48 c7 45 c8 00 00 00 00 

Register to memory mapping:

RAX=0x00007f881c018090 is an unknown value
RBX=0x00007f887c2ab2c0 is an unknown value
RCX=0x00007f882f9a4f8c is an unknown value
RDX=0x00007f881c018090 is an unknown value
RSP=0x00007f882fffde20 is pointing into the stack for thread: 0x00007f887c22f000
RBP=0x00007f882fffde90 is pointing into the stack for thread: 0x00007f887c22f000
RSI=0x0000000000000003 is an unknown value
RDI=0x00007f881c000038 is an unknown value
R8 =0x0000000010cc7e99 is an unknown value
R9 =0x0000000000000050 is an unknown value
R10=0x00007f886d17a358 is at entry_point+88 in (nmethod*)0x00007f886d17a190
R11=0x00000000e6c021d0 is an oop
