#
# A fatal error has been detected by the Java Runtime Environment:
#
#  SIGBUS (0x7) at pc=0x00007fc778919cbd, pid=2411, tid=140493409957632
#
# JRE version: OpenJDK Runtime Environment (8.0_65-b17) (build 1.8.0_65-b17)
# Java VM: OpenJDK 64-Bit Server VM (25.65-b01 mixed mode linux-amd64 compressed oops)
# Problematic frame:
# C  [libzip.so+0x4cbd]
#
# Failed to write core dump. Core dumps have been disabled. To enable core dumping, try "ulimit -c unlimited" before starting Java again
#
# If you would like to submit a bug report, please visit:
#   http://bugreport.java.com/bugreport/crash.jsp
# The crash happened outside the Java Virtual Machine in native code.
# See problematic frame for where to report the bug.
#

---------------  T H R E A D  ---------------

Current thread (0x00007fc774253800):  JavaThread "qtp2129789493-12" [_thread_in_native, id=2436, stack(0x00007fc72bbb3000,0x00007fc72bcb4000)]

siginfo: si_signo: 7 (SIGBUS), si_code: 2 (BUS_ADRERR), si_addr: 0x00007fc7540018a2

Registers:
RAX=0x00007fc71c97cd80, RBX=0x00007fc7742f82e0, RCX=0x00007fc754001882, RDX=0x00007fc71c97cd80
RSP=0x00007fc72bcb1c10, RBP=0x00007fc72bcb1c80, RSI=0x0000000000000003, RDI=0x00007fc71c000038
R8 =0x00000000fc0e10f1, R9 =0x0000000000000050, R10=0x00007fc765179358, R11=0x0000000000000025
R12=0x00007fc7742f84e8, R13=0x00007fc72bcb1d14, R14=0x00007fc71c1b0a60, R15=0x00007fc71c97cd80
RIP=0x00007fc778919cbd, EFLAGS=0x0000000000010206, CSGSFS=0x0000000000000033, ERR=0x0000000000000004
  TRAPNO=0x000000000000000e

Top of Stack: (sp=0x00007fc72bcb1c10)
0x00007fc72bcb1c10:   00000000b44129f8 00007fc72bcb2430
0x00007fc72bcb1c20:   00007fc72bcb1e30 00007fc7651abcac
0x00007fc72bcb1c30:   00007fc7650ff8d0 0000000000000000
0x00007fc72bcb1c40:   000000002bcb2420 00007fc779eda290
0x00007fc72bcb1c50:   0000000000000025 00007fc7742f84e0
0x00007fc72bcb1c60:   00000000fc0e10f1 00007fc72bcb1d14
0x00007fc72bcb1c70:   00007fc71c1b0a60 00007fc7742f82e0
0x00007fc72bcb1c80:   00007fc72bcb1cd0 00007fc77891aa04
0x00007fc72bcb1c90:   00007fc72bcb1cf0 0000002501462400
0x00007fc72bcb1ca0:   b7ebacfb381bccee 0000000000000025
0x00007fc72bcb1cb0:   00007fc7742539e0 00000000f160a630
0x00007fc72bcb1cc0:   00007fc72bcb2148 00007fc7742f82e0
0x00007fc72bcb1cd0:   00007fc72bcb2130 00007fc7789189fc
0x00007fc72bcb1ce0:   00007fc72bcb1cf0 0000000100000000
0x00007fc72bcb1cf0:   657364656d2f7565 7475656d696d2f61
0x00007fc72bcb1d00:   4d747865542f6c69 2e65707954656d69
0x00007fc72bcb1d10:   0000007373616c63 00007fc72bcb1e00
0x00007fc72bcb1d20:   00007fc72bcb1da0 00007fc7650004e7
0x00007fc72bcb1d30:   00007fc7650004e7 00000000edc86298
0x00007fc72bcb1d40:   00007fc774253e18 00007fc7642c9568
0x00007fc72bcb1d50:   00007fc72bcb1e30 00007fc7651a78ec
0x00007fc72bcb1d60:   00007fc774253800 00007fc774253800
0x00007fc72bcb1d70:   00007fc72bcb1e40 00007fc72bcb1ee8
0x00007fc72bcb1d80:   00007fc70000000a 00007fc7642c9568
0x00007fc72bcb1d90:   00007fc774253800 00007fc774253800
0x00007fc72bcb1da0:   00007fc72bcb1e30 7a63cdafba462400
0x00007fc72bcb1db0:   00007fc72bcb1ec0 00007fc774253e18
0x00007fc72bcb1dc0:   00007fc774253800 00007fc774253800
0x00007fc72bcb1dd0:   00007fc72bcb20a0 000000000000005e
0x00007fc72bcb1de0:   0000000000000066 00007fc72bcb1e20
0x00007fc72bcb1df0:   00007fc72bcb20a0 00007fc72bcb1e20
0x00007fc72bcb1e00:   00007fc72bcb20a0 000000000000005e 

Instructions: (pc=0x00007fc778919cbd)
0x00007fc778919c9d:   40 30 00 00 00 00 48 c7 40 28 00 00 00 00 0f 84
0x00007fc778919cad:   bf 01 00 00 49 8b 0c 24 48 2b 4b 28 48 03 4b 18
0x00007fc778919cbd:   0f b7 41 20 44 0f b7 69 1c 49 89 ce 44 0f b7 61
0x00007fc778919ccd:   1e 89 45 c0 41 8b 46 0c 48 c7 45 c8 00 00 00 00 

Register to memory mapping:

RAX=0x00007fc71c97cd80 is an unknown value
RBX=0x00007fc7742f82e0 is an unknown value
RCX=0x00007fc754001882 is an unknown value
RDX=0x00007fc71c97cd80 is an unknown value
RSP=0x00007fc72bcb1c10 is pointing into the stack for thread: 0x00007fc774253800
RBP=0x00007fc72bcb1c80 is pointing into the stack for thread: 0x00007fc774253800
RSI=0x0000000000000003 is an unknown value
RDI=0x00007fc71c000038 is an unknown value
R8 =0x00000000fc0e10f1 is an unallocated location in the heap
R9 =0x0000000000000050 is an unknown value
R10=0x00007fc765179358 is at entry_point+88 in (nmethod*)0x00007fc765179190
R11=0x0000000000000025 is an unknown value
R12=0x00007fc7742f84e8 is an unknown value
R13=0x00007fc72bcb1d14 is pointing into the stack for thread: 0x00007fc774253800
R14=0x00007fc71c1b0a60 is an unknown value
R15=0x00007fc71c97cd80 is an unknown value


Stack: [0x00007fc72bbb3000,0x00007fc72bcb4000],  sp=0x00007fc72bcb1c10,  free space=1019k
Native frames: (J=compiled Java code, j=interpreted, Vv=VM code, C=native code)
C  [libzip.so+0x4cbd]
C  [libzip.so+0x5a04]
C  [libzip.so+0x39fc]  Java_java_util_zip_ZipFile_getEntry+0xec
J 197  java.util.zip.ZipFile.getEntry(J[BZ)J (0 bytes) @ 0x00007fc7651793ce [0x00007fc765179300+0xce]
J 228 C1 java.util.zip.ZipFile.getEntry(Ljava/lang/String;)Ljava/util/zip/ZipEntry; (86 bytes) @ 0x00007fc76518e74c [0x00007fc76518e4e0+0x26c]
J 509 C1 sun.net.www.protocol.jar.URLJarFile.getEntry(Ljava/lang/String;)Ljava/util/zip/ZipEntry; (69 bytes) @ 0x00007fc765275674 [0x00007fc7652755a0+0xd4]
J 492 C1 sun.net.www.protocol.jar.JarURLConnection.connect()V (147 bytes) @ 0x00007fc765262cec [0x00007fc7652627c0+0x52c]
J 635 C1 sun.net.www.protocol.jar.JarURLConnection.getJarFile()Ljava/util/jar/JarFile; (9 bytes) @ 0x00007fc7652ebb84 [0x00007fc7652ebb00+0x84]
J 507 C1 org.eclipse.jetty.util.resource.JarFileResource.newConnection()V (108 bytes) @ 0x00007fc765274564 [0x00007fc765273d40+0x824]
J 505 C1 org.eclipse.jetty.util.resource.JarResource.checkConnection()Z (51 bytes) @ 0x00007fc765272cdc [0x00007fc765272aa0+0x23c]
J 652 C1 org.eclipse.jetty.util.resource.JarFileResource.checkConnection()Z (78 bytes) @ 0x00007fc765307d4c [0x00007fc765307c00+0x14c]
J 757 C1 org.eclipse.jetty.util.resource.JarResource.getInputStream()Ljava/io/InputStream; (62 bytes) @ 0x00007fc76536ca14 [0x00007fc76536c900+0x114]
J 701 C1 org.eclipse.jetty.annotations.AnnotationParser.parseJarEntry(Ljava/util/Set;Lorg/eclipse/jetty/util/resource/Resource;Ljava/util/jar/JarEntry;Lorg/eclipse/jetty/annotations/ClassNameResolver;)V (181 bytes) @ 0x00007fc7653280fc [0x00007fc765326920+0x17dc]
j  org.eclipse.jetty.annotations.AnnotationParser.parseJar(Ljava/util/Set;Lorg/eclipse/jetty/util/resource/Resource;Lorg/eclipse/jetty/annotations/ClassNameResolver;)V+96
j  org.eclipse.jetty.annotations.AnnotationParser.parse(Ljava/util/Set;Lorg/eclipse/jetty/util/resource/Resource;Lorg/eclipse/jetty/annotations/ClassNameResolver;)V+47
j  org.eclipse.jetty.annotations.AnnotationConfiguration$ParserTask.call()Ljava/lang/Void;+37
j  org.eclipse.jetty.annotations.AnnotationConfiguration$1.run()V+4
j  org.eclipse.jetty.util.thread.QueuedThreadPool.runJob(Ljava/lang/Runnable;)V+1
j  org.eclipse.jetty.util.thread.QueuedThreadPool$3.run()V+73
j  java.lang.Thread.run()V+11
v  ~StubRoutines::call_stub
V  [libjvm.so+0x65e81b]
V  [libjvm.so+0x65bde4]
V  [libjvm.so+0x65c3c7]
V  [libjvm.so+0x69acd4]
V  [libjvm.so+0x9fc377]
V  [libjvm.so+0x9fc775]
V  [libjvm.so+0x8a6292]
C  [libpthread.so.0+0x74a4]  start_thread+0xc4

Java frames: (J=compiled Java code, j=interpreted, Vv=VM code)
J 197  java.util.zip.ZipFile.getEntry(J[BZ)J (0 bytes) @ 0x00007fc765179358 [0x00007fc765179300+0x58]
J 228 C1 java.util.zip.ZipFile.getEntry(Ljava/lang/String;)Ljava/util/zip/ZipEntry; (86 bytes) @ 0x00007fc76518e74c [0x00007fc76518e4e0+0x26c]
J 509 C1 sun.net.www.protocol.jar.URLJarFile.getEntry(Ljava/lang/String;)Ljava/util/zip/ZipEntry; (69 bytes) @ 0x00007fc765275674 [0x00007fc7652755a0+0xd4]
J 492 C1 sun.net.www.protocol.jar.JarURLConnection.connect()V (147 bytes) @ 0x00007fc765262cec [0x00007fc7652627c0+0x52c]
J 635 C1 sun.net.www.protocol.jar.JarURLConnection.getJarFile()Ljava/util/jar/JarFile; (9 bytes) @ 0x00007fc7652ebb84 [0x00007fc7652ebb00+0x84]
J 507 C1 org.eclipse.jetty.util.resource.JarFileResource.newConnection()V (108 bytes) @ 0x00007fc765274564 [0x00007fc765273d40+0x824]
J 505 C1 org.eclipse.jetty.util.resource.JarResource.checkConnection()Z (51 bytes) @ 0x00007fc765272cdc [0x00007fc765272aa0+0x23c]
J 652 C1 org.eclipse.jetty.util.resource.JarFileResource.checkConnection()Z (78 bytes) @ 0x00007fc765307d4c [0x00007fc765307c00+0x14c]
J 757 C1 org.eclipse.jetty.util.resource.JarResource.getInputStream()Ljava/io/InputStream; (62 bytes) @ 0x00007fc76536ca14 [0x00007fc76536c900+0x114]
J 701 C1 org.eclipse.jetty.annotations.AnnotationParser.parseJarEntry(Ljava/util/Set;Lorg/eclipse/jetty/util/resource/Resource;Ljava/util/jar/JarEntry;Lorg/eclipse/jetty/annotations/ClassNameResolver;)V (181 bytes) @ 0x00007fc7653280fc [0x00007fc765326920+0x17dc]
j  org.eclipse.jetty.annotations.AnnotationParser.parseJar(Ljava/util/Set;Lorg/eclipse/jetty/util/resource/Resource;Lorg/eclipse/jetty/annotations/ClassNameResolver;)V+96
j  org.eclipse.jetty.annotations.AnnotationParser.parse(Ljava/util/Set;Lorg/eclipse/jetty/util/resource/Resource;Lorg/eclipse/jetty/annotations/ClassNameResolver;)V+47
j  org.eclipse.jetty.annotations.AnnotationConfiguration$ParserTask.call()Ljava/lang/Void;+37
j  org.eclipse.jetty.annotations.AnnotationConfiguration$1.run()V+4
j  org.eclipse.jetty.util.thread.QueuedThreadPool.runJob(Ljava/lang/Runnable;)V+1
j  org.eclipse.jetty.util.thread.QueuedThreadPool$3.run()V+73
j  java.lang.Thread.run()V+11
v  ~StubRoutines::call_stub

---------------  P R O C E S S  ---------------

Java Threads: ( => current thread )
  0x00007fc77425d800 JavaThread "qtp2129789493-18" [_thread_blocked, id=2442, stack(0x00007fc72b5ad000,0x00007fc72b6ae000)]
  0x00007fc77425c000 JavaThread "qtp2129789493-17" [_thread_blocked, id=2441, stack(0x00007fc72b6ae000,0x00007fc72b7af000)]
  0x00007fc77425a000 JavaThread "qtp2129789493-16" [_thread_blocked, id=2440, stack(0x00007fc72b7af000,0x00007fc72b8b0000)]
  0x00007fc774258800 JavaThread "qtp2129789493-15" [_thread_in_native, id=2439, stack(0x00007fc72b8b0000,0x00007fc72b9b1000)]
  0x00007fc774257000 JavaThread "qtp2129789493-14" [_thread_in_native, id=2438, stack(0x00007fc72b9b1000,0x00007fc72bab2000)]
  0x00007fc774255000 JavaThread "qtp2129789493-13" [_thread_in_native, id=2437, stack(0x00007fc72bab2000,0x00007fc72bbb3000)]
=>0x00007fc774253800 JavaThread "qtp2129789493-12" [_thread_in_native, id=2436, stack(0x00007fc72bbb3000,0x00007fc72bcb4000)]
  0x00007fc774249000 JavaThread "qtp2129789493-11" [_thread_blocked, id=2435, stack(0x00007fc72bcb4000,0x00007fc72bdb5000)]
  0x00007fc7740d0800 JavaThread "Service Thread" daemon [_thread_blocked, id=2433, stack(0x00007fc754139000,0x00007fc75423a000)]
  0x00007fc7740bb800 JavaThread "C1 CompilerThread2" daemon [_thread_blocked, id=2432, stack(0x00007fc75423a000,0x00007fc75433b000)]
  0x00007fc7740b9800 JavaThread "C2 CompilerThread1" daemon [_thread_in_native, id=2431, stack(0x00007fc75433b000,0x00007fc75443c000)]
  0x00007fc7740b6800 JavaThread "C2 CompilerThread0" daemon [_thread_in_native, id=2430, stack(0x00007fc75443c000,0x00007fc75453d000)]
  0x00007fc7740b5800 JavaThread "Signal Dispatcher" daemon [_thread_blocked, id=2429, stack(0x00007fc75453d000,0x00007fc75463e000)]
  0x00007fc77407d000 JavaThread "Finalizer" daemon [_thread_blocked, id=2423, stack(0x00007fc7547cc000,0x00007fc7548cd000)]
  0x00007fc77407b000 JavaThread "Reference Handler" daemon [_thread_blocked, id=2422, stack(0x00007fc7548cd000,0x00007fc7549ce000)]
  0x00007fc774008800 JavaThread "main" [_thread_blocked, id=2413, stack(0x00007fc77b277000,0x00007fc77b378000)]

Other Threads:
  0x00007fc774076000 VMThread [stack: 0x00007fc7549ce000,0x00007fc754acf000] [id=2421]
  0x00007fc7740d3000 WatcherThread [stack: 0x00007fc754038000,0x00007fc754139000] [id=2434]

VM state:not at safepoint (normal execution)

VM Mutex/Monitor currently owned by a thread: None

Heap:
 PSYoungGen      total 157696K, used 126114K [0x00000000e6c00000, 0x00000000f2800000, 0x0000000100000000)
  eden space 147456K, 78% used [0x00000000e6c00000,0x00000000edd2b6b0,0x00000000efc00000)
  from space 10240K, 99% used [0x00000000f0e00000,0x00000000f17fd210,0x00000000f1800000)
  to   space 18432K, 0% used [0x00000000efc00000,0x00000000efc00000,0x00000000f0e00000)
 ParOldGen       total 52224K, used 27518K [0x00000000b4400000, 0x00000000b7700000, 0x00000000e6c00000)
  object space 52224K, 52% used [0x00000000b4400000,0x00000000b5edf920,0x00000000b7700000)
 Metaspace       used 8243K, capacity 8324K, committed 8576K, reserved 1056768K
  class space    used 872K, capacity 880K, committed 896K, reserved 1048576K

Card table byte_map: [0x00007fc7782f6000,0x00007fc778555000] byte_map_base: 0x00007fc777d54000

Marking Bits: (ParMarkBitMap*) 0x00007fc77a5927e0
 Begin Bits: [0x00007fc755a20000, 0x00007fc756d10000)
 End Bits:   [0x00007fc756d10000, 0x00007fc758000000)

Polling page: 0x00007fc77b3b4000

CodeCache: size=245760Kb used=3935Kb max_used=3962Kb free=241824Kb
 bounds [0x00007fc765000000, 0x00007fc7653f0000, 0x00007fc774000000]
 total_blobs=1148 nmethods=840 adapters=223
 compilation: enabled

Compilation events (10 events):
Event: 4.190 Thread 0x00007fc7740bb800  854       2       org.eclipse.jetty.util.log.StdErrLog::isDebugEnabled (14 bytes)
Event: 4.191 Thread 0x00007fc7740bb800 nmethod 854 0x00007fc7653989d0 code [0x00007fc765398b20, 0x00007fc765398c90]
Event: 4.219 Thread 0x00007fc7740bb800  855 %     3       org.objectweb.asm.ClassReader::a @ 20 (194 bytes)
Event: 4.232 Thread 0x00007fc7740bb800 nmethod 855% 0x00007fc7653cf450 code [0x00007fc7653cf600, 0x00007fc7653cfb28]
Event: 4.232 Thread 0x00007fc7740bb800  856       3       org.objectweb.asm.ClassReader::a (194 bytes)
Event: 4.238 Thread 0x00007fc7740bb800 nmethod 856 0x00007fc7653cfe50 code [0x00007fc7653cffe0, 0x00007fc7653d0488]
Event: 4.489 Thread 0x00007fc7740b6800 nmethod 839 0x00007fc7653d7f90 code [0x00007fc7653d83c0, 0x00007fc7653dced0]
Event: 4.489 Thread 0x00007fc7740b6800  857       4       org.objectweb.asm.ClassReader::a (194 bytes)
Event: 4.525 Thread 0x00007fc7740b6800 nmethod 857 0x00007fc7653d42d0 code [0x00007fc7653d4460, 0x00007fc7653d49b8]
Event: 4.525 Thread 0x00007fc7740b6800  858   !   4       sun.net.www.protocol.jar.JarURLConnection::connect (147 bytes)

GC Heap History (10 events):
Event: 0.842 GC heap before
{Heap before GC invocations=4 (full 0):
 PSYoungGen      total 22528K, used 20976K [0x00000000e6c00000, 0x00000000e9800000, 0x0000000100000000)
  eden space 19456K, 100% used [0x00000000e6c00000,0x00000000e7f00000,0x00000000e7f00000)
  from space 3072K, 49% used [0x00000000e7f00000,0x00000000e807c040,0x00000000e8200000)
  to   space 3072K, 0% used [0x00000000e9500000,0x00000000e9500000,0x00000000e9800000)
 ParOldGen       total 52224K, used 88K [0x00000000b4400000, 0x00000000b7700000, 0x00000000e6c00000)
  object space 52224K, 0% used [0x00000000b4400000,0x00000000b4416010,0x00000000b7700000)
 Metaspace       used 7143K, capacity 7236K, committed 7552K, reserved 1056768K
  class space    used 777K, capacity 816K, committed 896K, reserved 1048576K
Event: 0.847 GC heap after
Heap after GC invocations=4 (full 0):
 PSYoungGen      total 41984K, used 1600K [0x00000000e6c00000, 0x00000000e9800000, 0x0000000100000000)
  eden space 38912K, 0% used [0x00000000e6c00000,0x00000000e6c00000,0x00000000e9200000)
  from space 3072K, 52% used [0x00000000e9500000,0x00000000e9690030,0x00000000e9800000)
  to   space 3072K, 0% used [0x00000000e9200000,0x00000000e9200000,0x00000000e9500000)
 ParOldGen       total 52224K, used 96K [0x00000000b4400000, 0x00000000b7700000, 0x00000000e6c00000)
  object space 52224K, 0% used [0x00000000b4400000,0x00000000b4418010,0x00000000b7700000)
 Metaspace       used 7143K, capacity 7236K, committed 7552K, reserved 1056768K
  class space    used 777K, capacity 816K, committed 896K, reserved 1048576K
}
Event: 0.982 GC heap before
{Heap before GC invocations=5 (full 0):
 PSYoungGen      total 41984K, used 40512K [0x00000000e6c00000, 0x00000000e9800000, 0x0000000100000000)
  eden space 38912K, 100% used [0x00000000e6c00000,0x00000000e9200000,0x00000000e9200000)
  from space 3072K, 52% used [0x00000000e9500000,0x00000000e9690030,0x00000000e9800000)
  to   space 3072K, 0% used [0x00000000e9200000,0x00000000e9200000,0x00000000e9500000)
 ParOldGen       total 52224K, used 96K [0x00000000b4400000, 0x00000000b7700000, 0x00000000e6c00000)
  object space 52224K, 0% used [0x00000000b4400000,0x00000000b4418010,0x00000000b7700000)
 Metaspace       used 7185K, capacity 7300K, committed 7552K, reserved 1056768K
  class space    used 777K, capacity 816K, committed 896K, reserved 1048576K
Event: 0.986 GC heap after
Heap after GC invocations=5 (full 0):
 PSYoungGen      total 41984K, used 1696K [0x00000000e6c00000, 0x00000000ebe00000, 0x0000000100000000)
  eden space 38912K, 0% used [0x00000000e6c00000,0x00000000e6c00000,0x00000000e9200000)
  from space 3072K, 55% used [0x00000000e9200000,0x00000000e93a8030,0x00000000e9500000)
  to   space 3072K, 0% used [0x00000000ebb00000,0x00000000ebb00000,0x00000000ebe00000)
 ParOldGen       total 52224K, used 104K [0x00000000b4400000, 0x00000000b7700000, 0x00000000e6c00000)
  object space 52224K, 0% used [0x00000000b4400000,0x00000000b441a010,0x00000000b7700000)
 Metaspace       used 7185K, capacity 7300K, committed 7552K, reserved 1056768K
  class space    used 777K, capacity 816K, committed 896K, reserved 1048576K
}
Event: 1.122 GC heap before
{Heap before GC invocations=6 (full 0):
 PSYoungGen      total 41984K, used 40608K [0x00000000e6c00000, 0x00000000ebe00000, 0x0000000100000000)
  eden space 38912K, 100% used [0x00000000e6c00000,0x00000000e9200000,0x00000000e9200000)
  from space 3072K, 55% used [0x00000000e9200000,0x00000000e93a8030,0x00000000e9500000)
  to   space 3072K, 0% used [0x00000000ebb00000,0x00000000ebb00000,0x00000000ebe00000)
 ParOldGen       total 52224K, used 104K [0x00000000b4400000, 0x00000000b7700000, 0x00000000e6c00000)
  object space 52224K, 0% used [0x00000000b4400000,0x00000000b441a010,0x00000000b7700000)
 Metaspace       used 7198K, capacity 7300K, committed 7552K, reserved 1056768K
  class space    used 777K, capacity 816K, committed 896K, reserved 1048576K
Event: 1.127 GC heap after
Heap after GC invocations=6 (full 0):
 PSYoungGen      total 80896K, used 1632K [0x00000000e6c00000, 0x00000000ebe00000, 0x0000000100000000)
  eden space 77824K, 0% used [0x00000000e6c00000,0x00000000e6c00000,0x00000000eb800000)
  from space 3072K, 53% used [0x00000000ebb00000,0x00000000ebc98010,0x00000000ebe00000)
  to   space 3072K, 0% used [0x00000000eb800000,0x00000000eb800000,0x00000000ebb00000)
 ParOldGen       total 52224K, used 112K [0x00000000b4400000, 0x00000000b7700000, 0x00000000e6c00000)
  object space 52224K, 0% used [0x00000000b4400000,0x00000000b441c010,0x00000000b7700000)
 Metaspace       used 7198K, capacity 7300K, committed 7552K, reserved 1056768K
  class space    used 777K, capacity 816K, committed 896K, reserved 1048576K
}
Event: 2.167 GC heap before
{Heap before GC invocations=7 (full 0):
 PSYoungGen      total 80896K, used 79456K [0x00000000e6c00000, 0x00000000ebe00000, 0x0000000100000000)
  eden space 77824K, 100% used [0x00000000e6c00000,0x00000000eb800000,0x00000000eb800000)
  from space 3072K, 53% used [0x00000000ebb00000,0x00000000ebc98010,0x00000000ebe00000)
  to   space 3072K, 0% used [0x00000000eb800000,0x00000000eb800000,0x00000000ebb00000)
 ParOldGen       total 52224K, used 116K [0x00000000b4400000, 0x00000000b7700000, 0x00000000e6c00000)
  object space 52224K, 0% used [0x00000000b4400000,0x00000000b441d260,0x00000000b7700000)
 Metaspace       used 8228K, capacity 8324K, committed 8576K, reserved 1056768K
  class space    used 871K, capacity 880K, committed 896K, reserved 1048576K
Event: 2.210 GC heap after
Heap after GC invocations=7 (full 0):
 PSYoungGen      total 80896K, used 3044K [0x00000000e6c00000, 0x00000000f1800000, 0x0000000100000000)
  eden space 77824K, 0% used [0x00000000e6c00000,0x00000000e6c00000,0x00000000eb800000)
  from space 3072K, 99% used [0x00000000eb800000,0x00000000ebaf9298,0x00000000ebb00000)
  to   space 10240K, 0% used [0x00000000f0e00000,0x00000000f0e00000,0x00000000f1800000)
 ParOldGen       total 52224K, used 13794K [0x00000000b4400000, 0x00000000b7700000, 0x00000000e6c00000)
  object space 52224K, 26% used [0x00000000b4400000,0x00000000b5178888,0x00000000b7700000)
 Metaspace       used 8228K, capacity 8324K, committed 8576K, reserved 1056768K
  class space    used 871K, capacity 880K, committed 896K, reserved 1048576K
}
Event: 3.247 GC heap before
{Heap before GC invocations=8 (full 0):
 PSYoungGen      total 80896K, used 80868K [0x00000000e6c00000, 0x00000000f1800000, 0x0000000100000000)
  eden space 77824K, 100% used [0x00000000e6c00000,0x00000000eb800000,0x00000000eb800000)
  from space 3072K, 99% used [0x00000000eb800000,0x00000000ebaf9298,0x00000000ebb00000)
  to   space 10240K, 0% used [0x00000000f0e00000,0x00000000f0e00000,0x00000000f1800000)
 ParOldGen       total 52224K, used 13799K [0x00000000b4400000, 0x00000000b7700000, 0x00000000e6c00000)
  object space 52224K, 26% used [0x00000000b4400000,0x00000000b5179c10,0x00000000b7700000)
 Metaspace       used 8234K, capacity 8324K, committed 8576K, reserved 1056768K
  class space    used 872K, capacity 880K, committed 896K, reserved 1048576K
Event: 3.300 GC heap after
Heap after GC invocations=8 (full 0):
 PSYoungGen      total 157696K, used 10228K [0x00000000e6c00000, 0x00000000f2800000, 0x0000000100000000)
  eden space 147456K, 0% used [0x00000000e6c00000,0x00000000e6c00000,0x00000000efc00000)
  from space 10240K, 99% used [0x00000000f0e00000,0x00000000f17fd210,0x00000000f1800000)
  to   space 18432K, 0% used [0x00000000efc00000,0x00000000efc00000,0x00000000f0e00000)
 ParOldGen       total 52224K, used 27518K [0x00000000b4400000, 0x00000000b7700000, 0x00000000e6c00000)
  object space 52224K, 52% used [0x00000000b4400000,0x00000000b5edf920,0x00000000b7700000)
 Metaspace       used 8234K, capacity 8324K, committed 8576K, reserved 1056768K
  class space    used 872K, capacity 880K, committed 896K, reserved 1048576K
}

Deoptimization events (10 events):
Event: 0.836 Thread 0x00007fc774008800 Uncommon trap: reason=unstable_if action=reinterpret pc=0x00007fc7651ff998 method=java.util.zip.ZipCoder.decoder()Ljava/nio/charset/CharsetDecoder; @ 4
Event: 0.854 Thread 0x00007fc774008800 Uncommon trap: reason=unstable_if action=reinterpret pc=0x00007fc7652084d8 method=java.util.zip.ZipCoder.decoder()Ljava/nio/charset/CharsetDecoder; @ 4
Event: 0.861 Thread 0x00007fc774008800 Uncommon trap: reason=unstable_if action=reinterpret pc=0x00007fc7651f40e4 method=java.util.zip.ZipCoder.decoder()Ljava/nio/charset/CharsetDecoder; @ 4
Event: 0.928 Thread 0x00007fc774008800 Uncommon trap: reason=unstable_if action=reinterpret pc=0x00007fc7651cb9d0 method=sun.nio.cs.UTF_8$Decoder.decode([BII[C)I @ 30
Event: 1.869 Thread 0x00007fc774253800 Uncommon trap: reason=unstable_if action=reinterpret pc=0x00007fc7653394c0 method=java.util.zip.ZipInputStream.read([BII)I @ 38
Event: 1.870 Thread 0x00007fc774253800 Uncommon trap: reason=unstable_if action=reinterpret pc=0x00007fc765334cf4 method=java.util.jar.JarInputStream.read([BII)I @ 26
Event: 2.954 Thread 0x00007fc77425c000 Uncommon trap: reason=unstable_if action=reinterpret pc=0x00007fc7653a2adc method=org.objectweb.asm.ClassReader.b(Lorg/objectweb/asm/ClassVisitor;Lorg/objectweb/asm/Context;I)I @ 742
Event: 3.742 Thread 0x00007fc77425d800 Uncommon trap: reason=unstable_if action=reinterpret pc=0x00007fc7653c317c method=org.objectweb.asm.ClassReader.a(Lorg/objectweb/asm/ClassVisitor;Lorg/objectweb/asm/Context;I)I @ 363
Event: 4.153 Thread 0x00007fc774258800 Uncommon trap: reason=unstable_if action=reinterpret pc=0x00007fc76530f990 method=org.objectweb.asm.ClassReader.a(II[C)Ljava/lang/String; @ 77
Event: 4.218 Thread 0x00007fc774258800 Uncommon trap: reason=unstable_if action=reinterpret pc=0x00007fc765304e28 method=org.objectweb.asm.ClassReader.a(II[C)Ljava/lang/String; @ 77

Internal exceptions (10 events):
Event: 0.042 Thread 0x00007fc774008800 Exception <a 'java/lang/NoSuchMethodError': Method sun.misc.Unsafe.prefetchRead(Ljava/lang/Object;J)V name or signature does not match> (0x00000000e6c12e80) thrown at [/build/java8-openjdk/src/jdk8u-jdk8u65-b17/hotspot/src/share/vm/prims/jni.cpp, line 398
Event: 0.162 Thread 0x00007fc774008800 Exception <a 'java/security/PrivilegedActionException'> (0x00000000e6d76a70) thrown at [/build/java8-openjdk/src/jdk8u-jdk8u65-b17/hotspot/src/share/vm/prims/jvm.cpp, line 1386]
Event: 0.162 Thread 0x00007fc774008800 Exception <a 'java/security/PrivilegedActionException'> (0x00000000e6d76c80) thrown at [/build/java8-openjdk/src/jdk8u-jdk8u65-b17/hotspot/src/share/vm/prims/jvm.cpp, line 1386]
Event: 0.162 Thread 0x00007fc774008800 Exception <a 'java/security/PrivilegedActionException'> (0x00000000e6d78b00) thrown at [/build/java8-openjdk/src/jdk8u-jdk8u65-b17/hotspot/src/share/vm/prims/jvm.cpp, line 1386]
Event: 0.162 Thread 0x00007fc774008800 Exception <a 'java/security/PrivilegedActionException'> (0x00000000e6d78d10) thrown at [/build/java8-openjdk/src/jdk8u-jdk8u65-b17/hotspot/src/share/vm/prims/jvm.cpp, line 1386]
Event: 0.163 Thread 0x00007fc774008800 Exception <a 'java/security/PrivilegedActionException'> (0x00000000e6d79768) thrown at [/build/java8-openjdk/src/jdk8u-jdk8u65-b17/hotspot/src/share/vm/prims/jvm.cpp, line 1386]
Event: 0.163 Thread 0x00007fc774008800 Exception <a 'java/security/PrivilegedActionException'> (0x00000000e6d79978) thrown at [/build/java8-openjdk/src/jdk8u-jdk8u65-b17/hotspot/src/share/vm/prims/jvm.cpp, line 1386]
Event: 0.251 Thread 0x00007fc774008800 Exception <a 'java/lang/NoClassDefFoundError': org/slf4j/Logger> (0x00000000e6d9f650) thrown at [/build/java8-openjdk/src/jdk8u-jdk8u65-b17/hotspot/src/share/vm/classfile/systemDictionary.cpp, line 199]
Event: 1.182 Thread 0x00007fc774008800 Exception <a 'java/io/FileNotFoundException'> (0x00000000e7dfd860) thrown at [/build/java8-openjdk/src/jdk8u-jdk8u65-b17/hotspot/src/share/vm/prims/jni.cpp, line 709]
Event: 1.869 Thread 0x00007fc774253800 Implicit null exception at 0x00007fc76533815e to 0x00007fc7653394a5

Events (10 events):
Event: 3.742 Thread 0x00007fc77425d800 DEOPT PACKING pc=0x00007fc7653c317c sp=0x00007fc72b6ac270
Event: 3.743 Thread 0x00007fc77425d800 DEOPT UNPACKING pc=0x00007fc765004f69 sp=0x00007fc72b6ac2b8 mode 2
Event: 4.088 Executing VM operation: EnableBiasedLocking
Event: 4.088 Executing VM operation: EnableBiasedLocking done
Event: 4.153 Thread 0x00007fc774258800 Uncommon trap: trap_request=0xffffff65 fr.pc=0x00007fc76530f990
Event: 4.153 Thread 0x00007fc774258800 DEOPT PACKING pc=0x00007fc76530f990 sp=0x00007fc72b9af150
Event: 4.153 Thread 0x00007fc774258800 DEOPT UNPACKING pc=0x00007fc765004f69 sp=0x00007fc72b9af068 mode 2
Event: 4.218 Thread 0x00007fc774258800 Uncommon trap: trap_request=0xffffff65 fr.pc=0x00007fc765304e28
Event: 4.218 Thread 0x00007fc774258800 DEOPT PACKING pc=0x00007fc765304e28 sp=0x00007fc72b9af0d0
Event: 4.218 Thread 0x00007fc774258800 DEOPT UNPACKING pc=0x00007fc765004f69 sp=0x00007fc72b9af060 mode 2


Dynamic libraries:
00400000-00401000 r-xp 00000000 08:03 1049889                            /usr/lib/jvm/java-8-openjdk/jre/bin/java
00600000-00601000 rw-p 00000000 08:03 1049889                            /usr/lib/jvm/java-8-openjdk/jre/bin/java
01578000-01599000 rw-p 00000000 00:00 0                                  [heap]
b4400000-b7700000 rw-p 00000000 00:00 0 
b7700000-e6c00000 ---p 00000000 00:00 0 
e6c00000-f2800000 rw-p 00000000 00:00 0 
f2800000-100000000 ---p 00000000 00:00 0 
100000000-1000e0000 rw-p 00000000 00:00 0 
1000e0000-140000000 ---p 00000000 00:00 0 
7fc704000000-7fc70692c000 rw-p 00000000 00:00 0 
7fc70692c000-7fc708000000 ---p 00000000 00:00 0 
7fc708000000-7fc709fe0000 rw-p 00000000 00:00 0 
7fc709fe0000-7fc70c000000 ---p 00000000 00:00 0 
7fc70c000000-7fc70d071000 rw-p 00000000 00:00 0 
7fc70d071000-7fc710000000 ---p 00000000 00:00 0 
7fc710000000-7fc713653000 rw-p 00000000 00:00 0 
7fc713653000-7fc714000000 ---p 00000000 00:00 0 
7fc714000000-7fc717ff9000 rw-p 00000000 00:00 0 
7fc717ff9000-7fc718000000 ---p 00000000 00:00 0 
7fc718000000-7fc71bca1000 rw-p 00000000 00:00 0 
7fc71bca1000-7fc71c000000 ---p 00000000 00:00 0 
7fc71c000000-7fc71df70000 rw-p 00000000 00:00 0 
7fc71df70000-7fc720000000 ---p 00000000 00:00 0 
7fc720000000-7fc7238c5000 rw-p 00000000 00:00 0 
7fc7238c5000-7fc724000000 ---p 00000000 00:00 0 
7fc724000000-7fc724fd5000 rw-p 00000000 00:00 0 
7fc724fd5000-7fc728000000 ---p 00000000 00:00 0 
7fc72aeda000-7fc72b119000 rw-p 00000000 00:00 0 
7fc72b119000-7fc72b209000 r--s 00c16000 08:03 807166                     /home/aoi/Code/GroupProject-4102-ScalaAPI/target/webapp/WEB-INF/lib/scala-compiler-2.11.0.jar
7fc72b209000-7fc72b2fc000 r--s 00c0b000 08:03 808300                     /home/aoi/Code/GroupProject-4102-ScalaAPI/target/webapp/WEB-INF/lib/scala-compiler-2.11.4.jar
7fc72b2fc000-7fc72b32d000 r--s 001c8000 08:03 808294                     /home/aoi/Code/GroupProject-4102-ScalaAPI/target/webapp/WEB-INF/lib/argonaut_2.11-6.0.4.jar
7fc72b32d000-7fc72b33a000 r--s 00071000 08:03 807150                     /home/aoi/Code/GroupProject-4102-ScalaAPI/target/webapp/WEB-INF/lib/jackson-module-scala_2.11-2.6.3.jar
7fc72b33a000-7fc72b344000 r--s 0009a000 08:03 807171                     /home/aoi/Code/GroupProject-4102-ScalaAPI/target/webapp/WEB-INF/lib/scala-xml_2.11-1.0.5.jar
7fc72b344000-7fc72b38f000 r--s 003ed000 08:03 807169                     /home/aoi/Code/GroupProject-4102-ScalaAPI/target/webapp/WEB-INF/lib/scala-reflect-2.11.0.jar
7fc72b38f000-7fc72b3e7000 r--s 00523000 08:03 807167                     /home/aoi/Code/GroupProject-4102-ScalaAPI/target/webapp/WEB-INF/lib/scala-library-2.11.7.jar
7fc72b3e7000-7fc72b3f4000 r--s 00088000 08:03 807158                     /home/aoi/Code/GroupProject-4102-ScalaAPI/target/webapp/WEB-INF/lib/json4s-scalap_2.11-3.3.0.jar
7fc72b3f5000-7fc72b3f8000 rw-p 00000000 00:00 0 
7fc72b3f8000-7fc72b3fc000 r--s 0003c000 08:03 807145                     /home/aoi/Code/GroupProject-4102-ScalaAPI/target/webapp/WEB-INF/lib/jackson-core-2.6.3.jar
7fc72b3fc000-7fc72b402000 r--s 0003d000 08:03 807160                     /home/aoi/Code/GroupProject-4102-ScalaAPI/target/webapp/WEB-INF/lib/logback-classic-1.1.2.jar
7fc72b402000-7fc72b40a000 r--s 00043000 08:03 807173                     /home/aoi/Code/GroupProject-4102-ScalaAPI/target/webapp/WEB-INF/lib/scalate-util_2.11-1.7.1.jar
7fc72b40a000-7fc72b40c000 r--s 00009000 08:03 807156                     /home/aoi/Code/GroupProject-4102-ScalaAPI/target/webapp/WEB-INF/lib/json4s-jackson_2.11-3.3.0.jar
7fc72b40c000-7fc72b40e000 r--s 00009000 08:03 807149                     /home/aoi/Code/GroupProject-4102-ScalaAPI/target/webapp/WEB-INF/lib/jackson-module-paranamer-2.6.3.jar
7fc72b40e000-7fc72b411000 r--s 0000d000 08:03 807142                     /home/aoi/Code/GroupProject-4102-ScalaAPI/target/webapp/WEB-INF/lib/cardapi_2.11-0.1.0-SNAPSHOT.jar
7fc72b411000-7fc72b414000 r--s 00010000 08:03 807157                     /home/aoi/Code/GroupProject-4102-ScalaAPI/target/webapp/WEB-INF/lib/json4s-native_2.11-3.3.0.jar
7fc72b414000-7fc72b417000 r--s 00013000 08:03 807154                     /home/aoi/Code/GroupProject-4102-ScalaAPI/target/webapp/WEB-INF/lib/json4s-ast_2.11-3.3.0.jar
7fc72b417000-7fc72b419000 r--s 0000c000 08:03 807175                     /home/aoi/Code/GroupProject-4102-ScalaAPI/target/webapp/WEB-INF/lib/scalatra-scalate_2.11-2.4.0.RC3.jar
7fc72b419000-7fc72b445000 r--s 001b5000 08:03 807172                     /home/aoi/Code/GroupProject-4102-ScalaAPI/target/webapp/WEB-INF/lib/scalate-core_2.11-1.7.1.jar
7fc72b445000-7fc72b449000 r--s 00042000 08:03 806898                     /home/aoi/Code/GroupProject-4102-ScalaAPI/target/webapp/WEB-INF/lib/spray-json_2.11-1.3.2.jar
7fc72b449000-7fc72b454000 r--s 0005d000 08:03 807168                     /home/aoi/Code/GroupProject-4102-ScalaAPI/target/webapp/WEB-INF/lib/scala-parser-combinators_2.11-1.0.4.jar
7fc72b454000-7fc72b50b000 r--s 007d5000 08:03 808304                     /home/aoi/Code/GroupProject-4102-ScalaAPI/target/webapp/WEB-INF/lib/scalaz-core_2.11-7.0.6.jar
7fc72b50b000-7fc72b515000 r--s 0006e000 08:03 808297                     /home/aoi/Code/GroupProject-4102-ScalaAPI/target/webapp/WEB-INF/lib/lift-json_2.11-3.0-M6.jar
7fc72b515000-7fc72b561000 r--s 00412000 08:03 807170                     /home/aoi/Code/GroupProject-4102-ScalaAPI/target/webapp/WEB-INF/lib/scala-reflect-2.11.7.jar
7fc72b561000-7fc72b5ad000 r--s 003e4000 08:03 808302                     /home/aoi/Code/GroupProject-4102-ScalaAPI/target/webapp/WEB-INF/lib/scala-reflect-2.11.4.jar
7fc72b5ad000-7fc72b5b0000 ---p 00000000 00:00 0 
7fc72b5b0000-7fc72b6ae000 rw-p 00000000 00:00 0                          [stack:2442]
7fc72b6ae000-7fc72b6b1000 ---p 00000000 00:00 0 
7fc72b6b1000-7fc72b7af000 rw-p 00000000 00:00 0                          [stack:2441]
7fc72b7af000-7fc72b7b2000 ---p 00000000 00:00 0 
7fc72b7b2000-7fc72b8b0000 rw-p 00000000 00:00 0                          [stack:2440]
7fc72b8b0000-7fc72b8b3000 ---p 00000000 00:00 0 
7fc72b8b3000-7fc72b9b1000 rw-p 00000000 00:00 0                          [stack:2439]
7fc72b9b1000-7fc72b9b4000 ---p 00000000 00:00 0 
7fc72b9b4000-7fc72bab2000 rw-p 00000000 00:00 0                          [stack:2438]
7fc72bab2000-7fc72bab5000 ---p 00000000 00:00 0 
7fc72bab5000-7fc72bbb3000 rw-p 00000000 00:00 0                          [stack:2437]
7fc72bbb3000-7fc72bbb6000 ---p 00000000 00:00 0 
7fc72bbb6000-7fc72bcb4000 rw-p 00000000 00:00 0                          [stack:2436]
7fc72bcb4000-7fc72bcb7000 ---p 00000000 00:00 0 
7fc72bcb7000-7fc72bdb5000 rw-p 00000000 00:00 0                          [stack:2435]
7fc72bdb5000-7fc72bdbd000 r-xp 00000000 08:03 1049861                    /usr/lib/jvm/java-8-openjdk/jre/lib/amd64/libmanagement.so
7fc72bdbd000-7fc72bfbd000 ---p 00008000 08:03 1049861                    /usr/lib/jvm/java-8-openjdk/jre/lib/amd64/libmanagement.so
7fc72bfbd000-7fc72bfbe000 rw-p 00008000 08:03 1049861                    /usr/lib/jvm/java-8-openjdk/jre/lib/amd64/libmanagement.so
7fc72bfbe000-7fc72c000000 r--s 004bc000 08:03 439018                     /home/aoi/.ivy2/cache/org.eclipse.jetty/jetty-runner/jars/jetty-runner-9.2.1.v20140609.jar
7fc72c000000-7fc72c021000 rw-p 00000000 00:00 0 
7fc72c021000-7fc730000000 ---p 00000000 00:00 0 
7fc730000000-7fc730021000 rw-p 00000000 00:00 0 
7fc730021000-7fc734000000 ---p 00000000 00:00 0 
7fc734000000-7fc735255000 rw-p 00000000 00:00 0 
7fc735255000-7fc738000000 ---p 00000000 00:00 0 
7fc738000000-7fc73842e000 rw-p 00000000 00:00 0 
7fc73842e000-7fc73c000000 ---p 00000000 00:00 0 
7fc73c000000-7fc73c021000 rw-p 00000000 00:00 0 
7fc73c021000-7fc740000000 ---p 00000000 00:00 0 
7fc740000000-7fc7413b4000 rw-p 00000000 00:00 0 
7fc7413b4000-7fc744000000 ---p 00000000 00:00 0 
7fc744000000-7fc744021000 rw-p 00000000 00:00 0 
7fc744021000-7fc748000000 ---p 00000000 00:00 0 
7fc748000000-7fc748021000 rw-p 00000000 00:00 0 
7fc748021000-7fc74c000000 ---p 00000000 00:00 0 
7fc74c000000-7fc74c021000 rw-p 00000000 00:00 0 
7fc74c021000-7fc750000000 ---p 00000000 00:00 0 
7fc750000000-7fc750021000 rw-p 00000000 00:00 0 
7fc750021000-7fc754000000 ---p 00000000 00:00 0 
7fc754000000-7fc754001000 r--s 00001000 08:03 807143                     /home/aoi/Code/GroupProject-4102-ScalaAPI/target/webapp/WEB-INF/lib/grizzled-slf4j_2.11-1.0.2.jar
7fc754001000-7fc754003000 r--s 0001c000 08:03 807162                     /home/aoi/Code/GroupProject-4102-ScalaAPI/target/webapp/WEB-INF/lib/mime-util-2.1.3.jar
7fc754003000-7fc754006000 r--s 00009000 08:03 807144                     /home/aoi/Code/GroupProject-4102-ScalaAPI/target/webapp/WEB-INF/lib/jackson-annotations-2.6.3.jar
7fc754006000-7fc754017000 r--s 0010d000 08:03 807147                     /home/aoi/Code/GroupProject-4102-ScalaAPI/target/webapp/WEB-INF/lib/jackson-databind-2.6.3.jar
7fc754017000-7fc754019000 r--s 00006000 08:03 808299                     /home/aoi/Code/GroupProject-4102-ScalaAPI/target/webapp/WEB-INF/lib/paranamer-2.4.1.jar
7fc754019000-7fc75402a000 r--s 000a8000 08:03 808303                     /home/aoi/Code/GroupProject-4102-ScalaAPI/target/webapp/WEB-INF/lib/scalap-2.11.4.jar
7fc75402a000-7fc75402e000 r--s 00018000 08:03 807151                     /home/aoi/Code/GroupProject-4102-ScalaAPI/target/webapp/WEB-INF/lib/joda-convert-1.8.1.jar
7fc75402e000-7fc754038000 r--s 0005f000 08:03 807161                     /home/aoi/Code/GroupProject-4102-ScalaAPI/target/webapp/WEB-INF/lib/logback-core-1.1.2.jar
7fc754038000-7fc754039000 ---p 00000000 00:00 0 
7fc754039000-7fc754139000 rw-p 00000000 00:00 0                          [stack:2434]
7fc754139000-7fc75413c000 ---p 00000000 00:00 0 
7fc75413c000-7fc75423a000 rw-p 00000000 00:00 0                          [stack:2433]
7fc75423a000-7fc75423d000 ---p 00000000 00:00 0 
7fc75423d000-7fc75433b000 rw-p 00000000 00:00 0                          [stack:2432]
7fc75433b000-7fc75433e000 ---p 00000000 00:00 0 
7fc75433e000-7fc75443c000 rw-p 00000000 00:00 0                          [stack:2431]
7fc75443c000-7fc75443f000 ---p 00000000 00:00 0 
7fc75443f000-7fc75453d000 rw-p 00000000 00:00 0                          [stack:2430]
7fc75453d000-7fc754540000 ---p 00000000 00:00 0 
7fc754540000-7fc75463e000 rw-p 00000000 00:00 0                          [stack:2429]
7fc75463e000-7fc7547cc000 r--p 00000000 08:03 549977                     /usr/lib/locale/locale-archive
7fc7547cc000-7fc7547cf000 ---p 00000000 00:00 0 
7fc7547cf000-7fc7548cd000 rw-p 00000000 00:00 0                          [stack:2423]
7fc7548cd000-7fc7548d0000 ---p 00000000 00:00 0 
7fc7548d0000-7fc7549ce000 rw-p 00000000 00:00 0                          [stack:2422]
7fc7549ce000-7fc7549cf000 ---p 00000000 00:00 0 
7fc7549cf000-7fc758000000 rw-p 00000000 00:00 0                          [stack:2421]
7fc758000000-7fc758021000 rw-p 00000000 00:00 0 
7fc758021000-7fc75c000000 ---p 00000000 00:00 0 
7fc75c000000-7fc75c021000 rw-p 00000000 00:00 0 
7fc75c021000-7fc760000000 ---p 00000000 00:00 0 
7fc760000000-7fc760021000 rw-p 00000000 00:00 0 
7fc760021000-7fc764000000 ---p 00000000 00:00 0 
7fc764000000-7fc764001000 r--s 00007000 08:03 807177                     /home/aoi/Code/GroupProject-4102-ScalaAPI/target/webapp/WEB-INF/lib/slf4j-api-1.7.12.jar
7fc764001000-7fc76401a000 r--s 00124000 08:03 807176                     /home/aoi/Code/GroupProject-4102-ScalaAPI/target/webapp/WEB-INF/lib/scalatra_2.11-2.4.0.RC3.jar
7fc76401a000-7fc76405c000 rw-p 00000000 00:00 0 
7fc76405c000-7fc764229000 r--s 03be8000 08:03 1049518                    /usr/lib/jvm/java-8-openjdk/jre/lib/rt.jar
7fc764229000-7fc764a1f000 rw-p 00000000 00:00 0 
7fc764a1f000-7fc764a9f000 ---p 00000000 00:00 0 
7fc764a9f000-7fc764cfd000 rw-p 00000000 00:00 0 
7fc764cfd000-7fc764cfe000 ---p 00000000 00:00 0 
7fc764cfe000-7fc764dfe000 rw-p 00000000 00:00 0                          [stack:2420]
7fc764dfe000-7fc764dff000 ---p 00000000 00:00 0 
7fc764dff000-7fc764eff000 rw-p 00000000 00:00 0                          [stack:2419]
7fc764eff000-7fc764f00000 ---p 00000000 00:00 0 
7fc764f00000-7fc765000000 rw-p 00000000 00:00 0                          [stack:2418]
7fc765000000-7fc7653f0000 rwxp 00000000 00:00 0 
7fc7653f0000-7fc774000000 ---p 00000000 00:00 0 
7fc774000000-7fc774535000 rw-p 00000000 00:00 0 
7fc774535000-7fc778000000 ---p 00000000 00:00 0 
7fc778000000-7fc778001000 r--s 00005000 08:03 807174                     /home/aoi/Code/GroupProject-4102-ScalaAPI/target/webapp/WEB-INF/lib/scalatra-common_2.11-2.4.0.RC3.jar
7fc778001000-7fc778004000 r--s 00033000 08:03 807159                     /home/aoi/Code/GroupProject-4102-ScalaAPI/target/webapp/WEB-INF/lib/juniversalchardet-1.0.3.jar
7fc778004000-7fc778014000 r--s 00088000 08:03 807153                     /home/aoi/Code/GroupProject-4102-ScalaAPI/target/webapp/WEB-INF/lib/joda-time-2.8.2.jar
7fc778014000-7fc778061000 rw-p 00000000 00:00 0 
7fc778061000-7fc778062000 ---p 00000000 00:00 0 
7fc778062000-7fc77817c000 rw-p 00000000 00:00 0                          [stack:2417]
7fc77817c000-7fc7782f6000 ---p 00000000 00:00 0 
7fc7782f6000-7fc778310000 rw-p 00000000 00:00 0 
7fc778310000-7fc77848a000 ---p 00000000 00:00 0 
7fc77848a000-7fc7784e8000 rw-p 00000000 00:00 0 
7fc7784e8000-7fc778554000 ---p 00000000 00:00 0 
7fc778554000-7fc778565000 rw-p 00000000 00:00 0 
7fc778565000-7fc778915000 ---p 00000000 00:00 0 
7fc778915000-7fc77891d000 r-xp 00000000 08:03 1049852                    /usr/lib/jvm/java-8-openjdk/jre/lib/amd64/libzip.so
7fc77891d000-7fc778b1c000 ---p 00008000 08:03 1049852                    /usr/lib/jvm/java-8-openjdk/jre/lib/amd64/libzip.so
7fc778b1c000-7fc778b1d000 rw-p 00007000 08:03 1049852                    /usr/lib/jvm/java-8-openjdk/jre/lib/amd64/libzip.so
7fc778b1d000-7fc778b28000 r-xp 00000000 08:03 530896                     /usr/lib/libnss_files-2.22.so
7fc778b28000-7fc778d27000 ---p 0000b000 08:03 530896                     /usr/lib/libnss_files-2.22.so
7fc778d27000-7fc778d28000 r--p 0000a000 08:03 530896                     /usr/lib/libnss_files-2.22.so
7fc778d28000-7fc778d29000 rw-p 0000b000 08:03 530896                     /usr/lib/libnss_files-2.22.so
7fc778d29000-7fc778d2f000 rw-p 00000000 00:00 0 
7fc778d2f000-7fc778d5b000 r-xp 00000000 08:03 1049850                    /usr/lib/jvm/java-8-openjdk/jre/lib/amd64/libjava.so
7fc778d5b000-7fc778f5b000 ---p 0002c000 08:03 1049850                    /usr/lib/jvm/java-8-openjdk/jre/lib/amd64/libjava.so
7fc778f5b000-7fc778f5d000 rw-p 0002c000 08:03 1049850                    /usr/lib/jvm/java-8-openjdk/jre/lib/amd64/libjava.so
7fc778f5d000-7fc778f6a000 r-xp 00000000 08:03 1049841                    /usr/lib/jvm/java-8-openjdk/jre/lib/amd64/libverify.so
7fc778f6a000-7fc779169000 ---p 0000d000 08:03 1049841                    /usr/lib/jvm/java-8-openjdk/jre/lib/amd64/libverify.so
7fc779169000-7fc77916b000 rw-p 0000c000 08:03 1049841                    /usr/lib/jvm/java-8-openjdk/jre/lib/amd64/libverify.so
7fc77916b000-7fc779172000 r-xp 00000000 08:03 531022                     /usr/lib/librt-2.22.so
7fc779172000-7fc779371000 ---p 00007000 08:03 531022                     /usr/lib/librt-2.22.so
7fc779371000-7fc779372000 r--p 00006000 08:03 531022                     /usr/lib/librt-2.22.so
7fc779372000-7fc779373000 rw-p 00007000 08:03 531022                     /usr/lib/librt-2.22.so
7fc779373000-7fc779470000 r-xp 00000000 08:03 531019                     /usr/lib/libm-2.22.so
7fc779470000-7fc77966f000 ---p 000fd000 08:03 531019                     /usr/lib/libm-2.22.so
7fc77966f000-7fc779670000 r--p 000fc000 08:03 531019                     /usr/lib/libm-2.22.so
7fc779670000-7fc779671000 rw-p 000fd000 08:03 531019                     /usr/lib/libm-2.22.so
7fc779671000-7fc77a2c4000 r-xp 00000000 08:03 1049880                    /usr/lib/jvm/java-8-openjdk/jre/lib/amd64/server/libjvm.so
7fc77a2c4000-7fc77a4c3000 ---p 00c53000 08:03 1049880                    /usr/lib/jvm/java-8-openjdk/jre/lib/amd64/server/libjvm.so
7fc77a4c3000-7fc77a57f000 rw-p 00c52000 08:03 1049880                    /usr/lib/jvm/java-8-openjdk/jre/lib/amd64/server/libjvm.so
7fc77a57f000-7fc77a5ad000 rw-p 00000000 00:00 0 
7fc77a5ad000-7fc77a748000 r-xp 00000000 08:03 529047                     /usr/lib/libc-2.22.so
7fc77a748000-7fc77a947000 ---p 0019b000 08:03 529047                     /usr/lib/libc-2.22.so
7fc77a947000-7fc77a94b000 r--p 0019a000 08:03 529047                     /usr/lib/libc-2.22.so
7fc77a94b000-7fc77a94d000 rw-p 0019e000 08:03 529047                     /usr/lib/libc-2.22.so
7fc77a94d000-7fc77a951000 rw-p 00000000 00:00 0 
7fc77a951000-7fc77a954000 r-xp 00000000 08:03 531018                     /usr/lib/libdl-2.22.so
7fc77a954000-7fc77ab53000 ---p 00003000 08:03 531018                     /usr/lib/libdl-2.22.so
7fc77ab53000-7fc77ab54000 r--p 00002000 08:03 531018                     /usr/lib/libdl-2.22.so
7fc77ab54000-7fc77ab55000 rw-p 00003000 08:03 531018                     /usr/lib/libdl-2.22.so
7fc77ab55000-7fc77ab62000 r-xp 00000000 08:03 1049877                    /usr/lib/jvm/java-8-openjdk/jre/lib/amd64/jli/libjli.so
7fc77ab62000-7fc77ad61000 ---p 0000d000 08:03 1049877                    /usr/lib/jvm/java-8-openjdk/jre/lib/amd64/jli/libjli.so
7fc77ad61000-7fc77ad62000 rw-p 0000c000 08:03 1049877                    /usr/lib/jvm/java-8-openjdk/jre/lib/amd64/jli/libjli.so
7fc77ad62000-7fc77ad77000 r-xp 00000000 08:03 529617                     /usr/lib/libz.so.1.2.8
7fc77ad77000-7fc77af76000 ---p 00015000 08:03 529617                     /usr/lib/libz.so.1.2.8
7fc77af76000-7fc77af77000 r--p 00014000 08:03 529617                     /usr/lib/libz.so.1.2.8
7fc77af77000-7fc77af78000 rw-p 00015000 08:03 529617                     /usr/lib/libz.so.1.2.8
7fc77af78000-7fc77af90000 r-xp 00000000 08:03 529028                     /usr/lib/libpthread-2.22.so
7fc77af90000-7fc77b18f000 ---p 00018000 08:03 529028                     /usr/lib/libpthread-2.22.so
7fc77b18f000-7fc77b190000 r--p 00017000 08:03 529028                     /usr/lib/libpthread-2.22.so
7fc77b190000-7fc77b191000 rw-p 00018000 08:03 529028                     /usr/lib/libpthread-2.22.so
7fc77b191000-7fc77b195000 rw-p 00000000 00:00 0 
7fc77b195000-7fc77b1b7000 r-xp 00000000 08:03 529046                     /usr/lib/ld-2.22.so
7fc77b1b7000-7fc77b1b9000 r--s 00007000 08:03 807163                     /home/aoi/Code/GroupProject-4102-ScalaAPI/target/webapp/WEB-INF/lib/paranamer-2.8.jar
7fc77b1b9000-7fc77b1bd000 r--s 00034000 08:03 807165                     /home/aoi/Code/GroupProject-4102-ScalaAPI/target/webapp/WEB-INF/lib/rl_2.11-0.4.10.jar
7fc77b1bd000-7fc77b1c8000 r--s 0008c000 08:03 807155                     /home/aoi/Code/GroupProject-4102-ScalaAPI/target/webapp/WEB-INF/lib/json4s-core_2.11-3.3.0.jar
7fc77b1c8000-7fc77b1cd000 r--s 00096000 08:03 1049479                    /usr/lib/jvm/java-8-openjdk/jre/lib/jsse.jar
7fc77b1cd000-7fc77b1d0000 r--s 00018000 08:03 439026                     /home/aoi/.ivy2/cache/org.eclipse.jetty/jetty-io/jars/jetty-io-9.2.10.v20150310.jar
7fc77b1d0000-7fc77b1d3000 r--s 00015000 08:03 438986                     /home/aoi/.ivy2/cache/javax.servlet/javax.servlet-api/jars/javax.servlet-api-3.1.0.jar
7fc77b1d3000-7fc77b277000 rw-p 00000000 00:00 0 
7fc77b277000-7fc77b27a000 ---p 00000000 00:00 0 
7fc77b27a000-7fc77b37c000 rw-p 00000000 00:00 0                          [stack:2413]
7fc77b37c000-7fc77b37e000 r--s 00018000 08:03 439025                     /home/aoi/.ivy2/cache/org.eclipse.jetty/jetty-http/jars/jetty-http-9.2.10.v20150310.jar
7fc77b37e000-7fc77b384000 r--s 00061000 08:03 439024                     /home/aoi/.ivy2/cache/org.eclipse.jetty/jetty-server/jars/jetty-server-9.2.10.v20150310.jar
7fc77b384000-7fc77b387000 r--s 00015000 08:03 439023                     /home/aoi/.ivy2/cache/org.eclipse.jetty/jetty-security/jars/jetty-security-9.2.10.v20150310.jar
7fc77b387000-7fc77b38a000 r--s 0001a000 08:03 439021                     /home/aoi/.ivy2/cache/org.eclipse.jetty/jetty-servlet/jars/jetty-servlet-9.2.10.v20150310.jar
7fc77b38a000-7fc77b390000 r--s 00051000 08:03 439022                     /home/aoi/.ivy2/cache/org.eclipse.jetty/jetty-util/jars/jetty-util-9.2.10.v20150310.jar
7fc77b390000-7fc77b391000 r--s 0000a000 08:03 439020                     /home/aoi/.ivy2/cache/org.eclipse.jetty/jetty-xml/jars/jetty-xml-9.2.10.v20150310.jar
7fc77b391000-7fc77b393000 r--s 00019000 08:03 439019                     /home/aoi/.ivy2/cache/org.eclipse.jetty/jetty-webapp/jars/jetty-webapp-9.2.10.v20150310.jar
7fc77b393000-7fc77b3ab000 rw-p 00000000 00:00 0 
7fc77b3ab000-7fc77b3b3000 rw-s 00000000 00:20 26                         /tmp/hsperfdata_aoi/2411
7fc77b3b3000-7fc77b3b4000 rw-p 00000000 00:00 0 
7fc77b3b4000-7fc77b3b5000 r--p 00000000 00:00 0 
7fc77b3b5000-7fc77b3b6000 rw-p 00000000 00:00 0 
7fc77b3b6000-7fc77b3b7000 r--p 00021000 08:03 529046                     /usr/lib/ld-2.22.so
7fc77b3b7000-7fc77b3b8000 rw-p 00022000 08:03 529046                     /usr/lib/ld-2.22.so
7fc77b3b8000-7fc77b3b9000 rw-p 00000000 00:00 0 
7ffc5565a000-7ffc5567b000 rw-p 00000000 00:00 0                          [stack]
7ffc556ea000-7ffc556ec000 r--p 00000000 00:00 0                          [vvar]
7ffc556ec000-7ffc556ee000 r-xp 00000000 00:00 0                          [vdso]
ffffffffff600000-ffffffffff601000 r-xp 00000000 00:00 0                  [vsyscall]

VM Arguments:
java_command: org.eclipse.jetty.runner.Runner /home/aoi/Code/GroupProject-4102-ScalaAPI/target/webapp
java_class_path (initial): /home/aoi/.ivy2/cache/org.eclipse.jetty/jetty-runner/jars/jetty-runner-9.2.1.v20140609.jar:/home/aoi/.ivy2/cache/org.eclipse.jetty/jetty-webapp/jars/jetty-webapp-9.2.10.v20150310.jar:/home/aoi/.ivy2/cache/org.eclipse.jetty/jetty-xml/jars/jetty-xml-9.2.10.v20150310.jar:/home/aoi/.ivy2/cache/org.eclipse.jetty/jetty-util/jars/jetty-util-9.2.10.v20150310.jar:/home/aoi/.ivy2/cache/org.eclipse.jetty/jetty-servlet/jars/jetty-servlet-9.2.10.v20150310.jar:/home/aoi/.ivy2/cache/org.eclipse.jetty/jetty-security/jars/jetty-security-9.2.10.v20150310.jar:/home/aoi/.ivy2/cache/org.eclipse.jetty/jetty-server/jars/jetty-server-9.2.10.v20150310.jar:/home/aoi/.ivy2/cache/javax.servlet/javax.servlet-api/jars/javax.servlet-api-3.1.0.jar:/home/aoi/.ivy2/cache/org.eclipse.jetty/jetty-http/jars/jetty-http-9.2.10.v20150310.jar:/home/aoi/.ivy2/cache/org.eclipse.jetty/jetty-io/jars/jetty-io-9.2.10.v20150310.jar
Launcher Type: SUN_STANDARD

Environment Variables:
PATH=/usr/local/sbin:/usr/local/bin:/usr/bin:/opt/android-sdk/platform-tools:/usr/lib/jvm/default/bin:/usr/bin/site_perl:/usr/bin/vendor_perl:/usr/bin/core_perl
SHELL=/bin/bash
DISPLAY=:0.0

Signal Handlers:
SIGSEGV: [libjvm.so+0xa581a0], sa_mask[0]=11111111011111111101111111111110, sa_flags=SA_RESTART|SA_SIGINFO
SIGBUS: [libjvm.so+0xa581a0], sa_mask[0]=11111111011111111101111111111110, sa_flags=SA_RESTART|SA_SIGINFO
SIGFPE: [libjvm.so+0x8a4420], sa_mask[0]=11111111011111111101111111111110, sa_flags=SA_RESTART|SA_SIGINFO
SIGPIPE: [libjvm.so+0x8a4420], sa_mask[0]=11111111011111111101111111111110, sa_flags=SA_RESTART|SA_SIGINFO
SIGXFSZ: [libjvm.so+0x8a4420], sa_mask[0]=11111111011111111101111111111110, sa_flags=SA_RESTART|SA_SIGINFO
SIGILL: [libjvm.so+0x8a4420], sa_mask[0]=11111111011111111101111111111110, sa_flags=SA_RESTART|SA_SIGINFO
SIGUSR1: SIG_DFL, sa_mask[0]=00000000000000000000000000000000, sa_flags=none
SIGUSR2: [libjvm.so+0x8a42d0], sa_mask[0]=00100000000000000000000000000000, sa_flags=SA_RESTART|SA_SIGINFO
SIGHUP: [libjvm.so+0x8a47a0], sa_mask[0]=11111111011111111101111111111110, sa_flags=SA_RESTART|SA_SIGINFO
SIGINT: [libjvm.so+0x8a47a0], sa_mask[0]=11111111011111111101111111111110, sa_flags=SA_RESTART|SA_SIGINFO
SIGTERM: [libjvm.so+0x8a47a0], sa_mask[0]=11111111011111111101111111111110, sa_flags=SA_RESTART|SA_SIGINFO
SIGQUIT: [libjvm.so+0x8a47a0], sa_mask[0]=11111111011111111101111111111110, sa_flags=SA_RESTART|SA_SIGINFO


---------------  S Y S T E M  ---------------

OS:DISTRIB_ID=ManjaroLinux
DISTRIB_RELEASE=15.09
DISTRIB_CODENAME=Bellatrix
DISTRIB_DESCRIPTION="Manjaro Linux"

uname:Linux 3.18.24-1-MANJARO #1 SMP PREEMPT Tue Nov 3 21:34:29 UTC 2015 x86_64
libc:glibc 2.22 NPTL 2.22 
rlimit: STACK 8192k, CORE 0k, NPROC 19362, NOFILE 4096, AS infinity
load average:1.85 0.75 0.35

/proc/meminfo:
MemTotal:        4964160 kB
MemFree:         1326860 kB
MemAvailable:    2064160 kB
Buffers:           75940 kB
Cached:           984068 kB
SwapCached:            0 kB
Active:          2764316 kB
Inactive:         683792 kB
Active(anon):    2397076 kB
Inactive(anon):   171848 kB
Active(file):     367240 kB
Inactive(file):   511944 kB
Unevictable:          32 kB
Mlocked:              32 kB
SwapTotal:             0 kB
SwapFree:              0 kB
Dirty:               904 kB
Writeback:          6820 kB
AnonPages:       2388788 kB
Mapped:           376172 kB
Shmem:            180408 kB
Slab:              76368 kB
SReclaimable:      54116 kB
SUnreclaim:        22252 kB
KernelStack:        5680 kB
PageTables:        21676 kB
NFS_Unstable:          0 kB
Bounce:                0 kB
WritebackTmp:          0 kB
CommitLimit:     2482080 kB
Committed_AS:    5139928 kB
VmallocTotal:   34359738367 kB
VmallocUsed:      374944 kB
VmallocChunk:   34359356380 kB
HardwareCorrupted:     0 kB
AnonHugePages:    983040 kB
HugePages_Total:       0
HugePages_Free:        0
HugePages_Rsvd:        0
HugePages_Surp:        0
Hugepagesize:       2048 kB
DirectMap4k:       75392 kB
DirectMap2M:     5048320 kB


CPU:total 4 (2 cores per cpu, 2 threads per core) family 6 model 42 stepping 7, cmov, cx8, fxsr, mmx, sse, sse2, sse3, ssse3, sse4.1, sse4.2, popcnt, avx, aes, clmul, ht, tsc, tscinvbit

/proc/cpuinfo:
processor	: 0
vendor_id	: GenuineIntel
cpu family	: 6
model		: 42
model name	: Intel(R) Core(TM) i5-2520M CPU @ 2.50GHz
stepping	: 7
microcode	: 0x29
cpu MHz		: 2989.843
cache size	: 3072 KB
physical id	: 0
siblings	: 4
core id		: 0
cpu cores	: 2
apicid		: 0
initial apicid	: 0
fpu		: yes
fpu_exception	: yes
cpuid level	: 13
wp		: yes
flags		: fpu vme de pse tsc msr pae mce cx8 apic sep mtrr pge mca cmov pat pse36 clflush dts acpi mmx fxsr sse sse2 ss ht tm pbe syscall nx rdtscp lm constant_tsc arch_perfmon pebs bts nopl xtopology nonstop_tsc aperfmperf eagerfpu pni pclmulqdq dtes64 monitor ds_cpl vmx smx est tm2 ssse3 cx16 xtpr pdcm pcid sse4_1 sse4_2 x2apic popcnt tsc_deadline_timer aes xsave avx lahf_lm ida arat epb pln pts dtherm tpr_shadow vnmi flexpriority ept vpid xsaveopt
bugs		:
bogomips	: 4985.03
clflush size	: 64
cache_alignment	: 64
address sizes	: 36 bits physical, 48 bits virtual
power management:

processor	: 1
vendor_id	: GenuineIntel
cpu family	: 6
model		: 42
model name	: Intel(R) Core(TM) i5-2520M CPU @ 2.50GHz
stepping	: 7
microcode	: 0x29
cpu MHz		: 2960.351
cache size	: 3072 KB
physical id	: 0
siblings	: 4
core id		: 0
cpu cores	: 2
apicid		: 1
initial apicid	: 1
fpu		: yes
fpu_exception	: yes
cpuid level	: 13
wp		: yes
flags		: fpu vme de pse tsc msr pae mce cx8 apic sep mtrr pge mca cmov pat pse36 clflush dts acpi mmx fxsr sse sse2 ss ht tm pbe syscall nx rdtscp lm constant_tsc arch_perfmon pebs bts nopl xtopology nonstop_tsc aperfmperf eagerfpu pni pclmulqdq dtes64 monitor ds_cpl vmx smx est tm2 ssse3 cx16 xtpr pdcm pcid sse4_1 sse4_2 x2apic popcnt tsc_deadline_timer aes xsave avx lahf_lm ida arat epb pln pts dtherm tpr_shadow vnmi flexpriority ept vpid xsaveopt
bugs		:
bogomips	: 4985.03
clflush size	: 64
cache_alignment	: 64
address sizes	: 36 bits physical, 48 bits virtual
power management:

processor	: 2
vendor_id	: GenuineIntel
cpu family	: 6
model		: 42
model name	: Intel(R) Core(TM) i5-2520M CPU @ 2.50GHz
stepping	: 7
microcode	: 0x29
cpu MHz		: 2950.195
cache size	: 3072 KB
physical id	: 0
siblings	: 4
core id		: 1
cpu cores	: 2
apicid		: 2
initial apicid	: 2
fpu		: yes
fpu_exception	: yes
cpuid level	: 13
wp		: yes
flags		: fpu vme de pse tsc msr pae mce cx8 apic sep mtrr pge mca cmov pat pse36 clflush dts acpi mmx fxsr sse sse2 ss ht tm pbe syscall nx rdtscp lm constant_tsc arch_perfmon pebs bts nopl xtopology nonstop_tsc aperfmperf eagerfpu pni pclmulqdq dtes64 monitor ds_cpl vmx smx est tm2 ssse3 cx16 xtpr pdcm pcid sse4_1 sse4_2 x2apic popcnt tsc_deadline_timer aes xsave avx lahf_lm ida arat epb pln pts dtherm tpr_shadow vnmi flexpriority ept vpid xsaveopt
bugs		:
bogomips	: 4985.03
clflush size	: 64
cache_alignment	: 64
address sizes	: 36 bits physical, 48 bits virtual
power management:

processor	: 3
vendor_id	: GenuineIntel
cpu family	: 6
model		: 42
model name	: Intel(R) Core(TM) i5-2520M CPU @ 2.50GHz
stepping	: 7
microcode	: 0x29
cpu MHz		: 2999.902
cache size	: 3072 KB
physical id	: 0
siblings	: 4
core id		: 1
cpu cores	: 2
apicid		: 3
initial apicid	: 3
fpu		: yes
fpu_exception	: yes
cpuid level	: 13
wp		: yes
flags		: fpu vme de pse tsc msr pae mce cx8 apic sep mtrr pge mca cmov pat pse36 clflush dts acpi mmx fxsr sse sse2 ss ht tm pbe syscall nx rdtscp lm constant_tsc arch_perfmon pebs bts nopl xtopology nonstop_tsc aperfmperf eagerfpu pni pclmulqdq dtes64 monitor ds_cpl vmx smx est tm2 ssse3 cx16 xtpr pdcm pcid sse4_1 sse4_2 x2apic popcnt tsc_deadline_timer aes xsave avx lahf_lm ida arat epb pln pts dtherm tpr_shadow vnmi flexpriority ept vpid xsaveopt
bugs		:
bogomips	: 4985.03
clflush size	: 64
cache_alignment	: 64
address sizes	: 36 bits physical, 48 bits virtual
power management:



Memory: 4k page, physical 4964160k(1326644k free), swap 0k(0k free)

vm_info: OpenJDK 64-Bit Server VM (25.65-b01) for linux-amd64 JRE (1.8.0_65-b17), built on Oct 21 2015 14:15:11 by "builduser" with gcc 5.2.0

time: Thu Nov 26 22:22:18 2015
elapsed time: 4 seconds (0d 0h 0m 4s)

